<?xml version="1.0" encoding="UTF-8"?>
<!-- Generated by org.testng.reporters.JUnitXMLReporter -->
<testsuite hostname="LAPTOP-Q18VUQ5U" ignored="11" name="Campaign" tests="3" failures="0" timestamp="11 Dec 2019 15:46:37 GMT" time="117.944" errors="0">
  <testcase name="createCampaignWithFutureStartDateAndFutureEndDate" time="29.935" classname="tests.CampaignTests"/>
  <testcase name="updateCampaignWithFutureStartDateAndFutureEndDate" time="20.836" classname="tests.CampaignTests"/>
  <testcase name="campaign_deletion_With_futureStartDateAndFutureEndDate" time="14.783" classname="tests.CampaignTests"/>
  <testcase name="campaign_Creation_With_externalID" time="0.0" classname="tests.CampaignTests">
    <ignored/>
  </testcase> <!-- campaign_Creation_With_externalID -->
  <testcase name="campaign_updation_Without_externalID" time="0.0" classname="tests.CampaignTests">
    <ignored/>
  </testcase> <!-- campaign_updation_Without_externalID -->
  <testcase name="campaignBuilderPage_UI_Verification" time="0.0" classname="tests.CampaignTests">
    <ignored/>
  </testcase> <!-- campaignBuilderPage_UI_Verification -->
  <testcase name="campaign_deletion_With_futureStartDate" time="0.0" classname="tests.CampaignTests">
    <ignored/>
  </testcase> <!-- campaign_deletion_With_futureStartDate -->
  <testcase name="updateCampaignWithFutureStartDateAndNeverEndDate" time="0.0" classname="tests.CampaignTests">
    <ignored/>
  </testcase> <!-- updateCampaignWithFutureStartDateAndNeverEndDate -->
  <testcase name="createCampaignWithFutureStartDateAndNeverEndDate" time="0.0" classname="tests.CampaignTests">
    <ignored/>
  </testcase> <!-- createCampaignWithFutureStartDateAndNeverEndDate -->
  <testcase name="campaign_Creation_Without_externalID" time="0.0" classname="tests.CampaignTests">
    <ignored/>
  </testcase> <!-- campaign_Creation_Without_externalID -->
  <testcase name="CampaignAndTrackingNumberPage_UI_Verification" time="0.0" classname="tests.CampaignTests">
    <ignored/>
  </testcase> <!-- CampaignAndTrackingNumberPage_UI_Verification -->
  <testcase name="campaign_deletion_With_externalID" time="0.0" classname="tests.CampaignTests">
    <ignored/>
  </testcase> <!-- campaign_deletion_With_externalID -->
  <testcase name="campaign_deletion_Without_externalID" time="0.0" classname="tests.CampaignTests">
    <ignored/>
  </testcase> <!-- campaign_deletion_Without_externalID -->
  <testcase name="campaign_updation_With_externalID" time="0.0" classname="tests.CampaignTests">
    <ignored/>
  </testcase> <!-- campaign_updation_With_externalID -->
</testsuite> <!-- Campaign -->
