<?xml version="1.0" encoding="UTF-8"?>
<!-- Generated by org.testng.reporters.JUnitXMLReporter -->
<testsuite hostname="LAPTOP-Q18VUQ5U" ignored="0" name="Campaign" tests="5" failures="0" timestamp="11 Nov 2019 16:31:11 GMT" time="78.306" errors="0">
  <testcase name="CampaignAndTrackingNumberPage_UI_Verification" time="11.104" classname="tests.CampaignTests"/>
  <testcase name="campaignBuilderPage_UI_Verification" time="6.62" classname="tests.CampaignTests"/>
  <testcase name="campaign_Creation_Without_externalID" time="11.226" classname="tests.CampaignTests"/>
  <testcase name="campaign_updation_Without_externalID" time="13.932" classname="tests.CampaignTests"/>
  <testcase name="campaign_deletion_Without_externalID" time="2.335" classname="tests.CampaignTests"/>
</testsuite> <!-- Campaign -->
