<?xml version="1.0" encoding="UTF-8"?>
<testng-results skipped="0" failed="0" ignored="0" total="15" passed="15">
  <reporter-output>
  </reporter-output>
  <suite name="Automation Suite" duration-ms="253210" started-at="2019-12-19T13:58:38Z" finished-at="2019-12-19T14:02:51Z">
    <groups>
    </groups>
    <test name="Campaign" duration-ms="253210" started-at="2019-12-19T13:58:38Z" finished-at="2019-12-19T14:02:51Z">
      <class name="tests.CampaignTests">
        <test-method status="PASS" signature="setUp(java.lang.String, java.lang.String)[pri:0, instance:tests.CampaignTests@7bb58ca3]" name="setUp" is-config="true" duration-ms="55452" started-at="2019-12-19T13:58:38Z" finished-at="2019-12-19T13:59:33Z">
          <params>
            <param index="0">
              <value>
                <![CDATA[chrome]]>
              </value>
            </param>
            <param index="1">
              <value>
                <![CDATA[https://stag-7-cmo-1.convirza.com]]>
              </value>
            </param>
          </params>
          <reporter-output>
          </reporter-output>
        </test-method> <!-- setUp -->
        <test-method status="PASS" signature="CampaignAndTrackingNumberPage_UI_Verification()[pri:1, instance:tests.CampaignTests@7bb58ca3]" name="CampaignAndTrackingNumberPage_UI_Verification" duration-ms="10819" started-at="2019-12-19T13:59:33Z" finished-at="2019-12-19T13:59:44Z">
          <reporter-output>
          </reporter-output>
        </test-method> <!-- CampaignAndTrackingNumberPage_UI_Verification -->
        <test-method status="PASS" signature="tearDown(org.testng.ITestResult)[pri:0, instance:tests.CampaignTests@7bb58ca3]" name="tearDown" is-config="true" duration-ms="669" started-at="2019-12-19T13:59:44Z" finished-at="2019-12-19T13:59:45Z">
          <params>
            <param index="0">
              <value>
                <![CDATA[[TestResult name=CampaignAndTrackingNumberPage_UI_Verification status=SUCCESS method=CampaignTests.CampaignAndTrackingNumberPage_UI_Verification()[pri:1, instance:tests.CampaignTests@7bb58ca3] output={null}]]]>
              </value>
            </param>
          </params>
          <reporter-output>
          </reporter-output>
        </test-method> <!-- tearDown -->
        <test-method status="PASS" signature="campaignBuilderPage_UI_Verification()[pri:2, instance:tests.CampaignTests@7bb58ca3]" name="campaignBuilderPage_UI_Verification" duration-ms="5043" started-at="2019-12-19T13:59:45Z" finished-at="2019-12-19T13:59:50Z">
          <reporter-output>
          </reporter-output>
        </test-method> <!-- campaignBuilderPage_UI_Verification -->
        <test-method status="PASS" signature="tearDown(org.testng.ITestResult)[pri:0, instance:tests.CampaignTests@7bb58ca3]" name="tearDown" is-config="true" duration-ms="175" started-at="2019-12-19T13:59:50Z" finished-at="2019-12-19T13:59:50Z">
          <params>
            <param index="0">
              <value>
                <![CDATA[[TestResult name=campaignBuilderPage_UI_Verification status=SUCCESS method=CampaignTests.campaignBuilderPage_UI_Verification()[pri:2, instance:tests.CampaignTests@7bb58ca3] output={null}]]]>
              </value>
            </param>
          </params>
          <reporter-output>
          </reporter-output>
        </test-method> <!-- tearDown -->
        <test-method status="PASS" signature="campaign_Creation_Without_externalID()[pri:3, instance:tests.CampaignTests@7bb58ca3]" name="campaign_Creation_Without_externalID" duration-ms="15290" started-at="2019-12-19T13:59:50Z" finished-at="2019-12-19T14:00:05Z">
          <reporter-output>
          </reporter-output>
        </test-method> <!-- campaign_Creation_Without_externalID -->
        <test-method status="PASS" signature="tearDown(org.testng.ITestResult)[pri:0, instance:tests.CampaignTests@7bb58ca3]" name="tearDown" is-config="true" duration-ms="413" started-at="2019-12-19T14:00:05Z" finished-at="2019-12-19T14:00:06Z">
          <params>
            <param index="0">
              <value>
                <![CDATA[[TestResult name=campaign_Creation_Without_externalID status=SUCCESS method=CampaignTests.campaign_Creation_Without_externalID()[pri:3, instance:tests.CampaignTests@7bb58ca3] output={null}]]]>
              </value>
            </param>
          </params>
          <reporter-output>
          </reporter-output>
        </test-method> <!-- tearDown -->
        <test-method status="PASS" signature="campaign_updation_Without_externalID()[pri:4, instance:tests.CampaignTests@7bb58ca3]" name="campaign_updation_Without_externalID" duration-ms="14443" started-at="2019-12-19T14:00:06Z" finished-at="2019-12-19T14:00:20Z">
          <reporter-output>
          </reporter-output>
        </test-method> <!-- campaign_updation_Without_externalID -->
        <test-method status="PASS" signature="tearDown(org.testng.ITestResult)[pri:0, instance:tests.CampaignTests@7bb58ca3]" name="tearDown" is-config="true" duration-ms="83" started-at="2019-12-19T14:00:20Z" finished-at="2019-12-19T14:00:20Z">
          <params>
            <param index="0">
              <value>
                <![CDATA[[TestResult name=campaign_updation_Without_externalID status=SUCCESS method=CampaignTests.campaign_updation_Without_externalID()[pri:4, instance:tests.CampaignTests@7bb58ca3] output={null}]]]>
              </value>
            </param>
          </params>
          <reporter-output>
          </reporter-output>
        </test-method> <!-- tearDown -->
        <test-method status="PASS" signature="campaign_deletion_Without_externalID()[pri:5, instance:tests.CampaignTests@7bb58ca3]" name="campaign_deletion_Without_externalID" duration-ms="3825" started-at="2019-12-19T14:00:20Z" finished-at="2019-12-19T14:00:24Z">
          <reporter-output>
          </reporter-output>
        </test-method> <!-- campaign_deletion_Without_externalID -->
        <test-method status="PASS" signature="tearDown(org.testng.ITestResult)[pri:0, instance:tests.CampaignTests@7bb58ca3]" name="tearDown" is-config="true" duration-ms="220" started-at="2019-12-19T14:00:24Z" finished-at="2019-12-19T14:00:24Z">
          <params>
            <param index="0">
              <value>
                <![CDATA[[TestResult name=campaign_deletion_Without_externalID status=SUCCESS method=CampaignTests.campaign_deletion_Without_externalID()[pri:5, instance:tests.CampaignTests@7bb58ca3] output={null}]]]>
              </value>
            </param>
          </params>
          <reporter-output>
          </reporter-output>
        </test-method> <!-- tearDown -->
        <test-method status="PASS" signature="campaign_Creation_With_externalID()[pri:6, instance:tests.CampaignTests@7bb58ca3]" name="campaign_Creation_With_externalID" duration-ms="14950" started-at="2019-12-19T14:00:24Z" finished-at="2019-12-19T14:00:39Z">
          <reporter-output>
          </reporter-output>
        </test-method> <!-- campaign_Creation_With_externalID -->
        <test-method status="PASS" signature="tearDown(org.testng.ITestResult)[pri:0, instance:tests.CampaignTests@7bb58ca3]" name="tearDown" is-config="true" duration-ms="153" started-at="2019-12-19T14:00:39Z" finished-at="2019-12-19T14:00:39Z">
          <params>
            <param index="0">
              <value>
                <![CDATA[[TestResult name=campaign_Creation_With_externalID status=SUCCESS method=CampaignTests.campaign_Creation_With_externalID()[pri:6, instance:tests.CampaignTests@7bb58ca3] output={null}]]]>
              </value>
            </param>
          </params>
          <reporter-output>
          </reporter-output>
        </test-method> <!-- tearDown -->
        <test-method status="PASS" signature="campaign_updation_With_externalID()[pri:7, instance:tests.CampaignTests@7bb58ca3]" name="campaign_updation_With_externalID" duration-ms="15602" started-at="2019-12-19T14:00:39Z" finished-at="2019-12-19T14:00:55Z">
          <reporter-output>
          </reporter-output>
        </test-method> <!-- campaign_updation_With_externalID -->
        <test-method status="PASS" signature="tearDown(org.testng.ITestResult)[pri:0, instance:tests.CampaignTests@7bb58ca3]" name="tearDown" is-config="true" duration-ms="134" started-at="2019-12-19T14:00:55Z" finished-at="2019-12-19T14:00:55Z">
          <params>
            <param index="0">
              <value>
                <![CDATA[[TestResult name=campaign_updation_With_externalID status=SUCCESS method=CampaignTests.campaign_updation_With_externalID()[pri:7, instance:tests.CampaignTests@7bb58ca3] output={null}]]]>
              </value>
            </param>
          </params>
          <reporter-output>
          </reporter-output>
        </test-method> <!-- tearDown -->
        <test-method status="PASS" signature="campaign_deletion_With_externalID()[pri:8, instance:tests.CampaignTests@7bb58ca3]" name="campaign_deletion_With_externalID" duration-ms="12776" started-at="2019-12-19T14:00:55Z" finished-at="2019-12-19T14:01:08Z">
          <reporter-output>
          </reporter-output>
        </test-method> <!-- campaign_deletion_With_externalID -->
        <test-method status="PASS" signature="tearDown(org.testng.ITestResult)[pri:0, instance:tests.CampaignTests@7bb58ca3]" name="tearDown" is-config="true" duration-ms="68" started-at="2019-12-19T14:01:08Z" finished-at="2019-12-19T14:01:08Z">
          <params>
            <param index="0">
              <value>
                <![CDATA[[TestResult name=campaign_deletion_With_externalID status=SUCCESS method=CampaignTests.campaign_deletion_With_externalID()[pri:8, instance:tests.CampaignTests@7bb58ca3] output={null}]]]>
              </value>
            </param>
          </params>
          <reporter-output>
          </reporter-output>
        </test-method> <!-- tearDown -->
        <test-method status="PASS" signature="createCampaignWithFutureStartDateAndNeverEndDate()[pri:9, instance:tests.CampaignTests@7bb58ca3]" name="createCampaignWithFutureStartDateAndNeverEndDate" duration-ms="15149" started-at="2019-12-19T14:01:08Z" finished-at="2019-12-19T14:01:23Z">
          <reporter-output>
          </reporter-output>
        </test-method> <!-- createCampaignWithFutureStartDateAndNeverEndDate -->
        <test-method status="PASS" signature="tearDown(org.testng.ITestResult)[pri:0, instance:tests.CampaignTests@7bb58ca3]" name="tearDown" is-config="true" duration-ms="72" started-at="2019-12-19T14:01:23Z" finished-at="2019-12-19T14:01:23Z">
          <params>
            <param index="0">
              <value>
                <![CDATA[[TestResult name=createCampaignWithFutureStartDateAndNeverEndDate status=SUCCESS method=CampaignTests.createCampaignWithFutureStartDateAndNeverEndDate()[pri:9, instance:tests.CampaignTests@7bb58ca3] output={null}]]]>
              </value>
            </param>
          </params>
          <reporter-output>
          </reporter-output>
        </test-method> <!-- tearDown -->
        <test-method status="PASS" signature="updateCampaignWithFutureStartDateAndNeverEndDate()[pri:10, instance:tests.CampaignTests@7bb58ca3]" name="updateCampaignWithFutureStartDateAndNeverEndDate" duration-ms="16249" started-at="2019-12-19T14:01:23Z" finished-at="2019-12-19T14:01:39Z">
          <reporter-output>
          </reporter-output>
        </test-method> <!-- updateCampaignWithFutureStartDateAndNeverEndDate -->
        <test-method status="PASS" signature="tearDown(org.testng.ITestResult)[pri:0, instance:tests.CampaignTests@7bb58ca3]" name="tearDown" is-config="true" duration-ms="76" started-at="2019-12-19T14:01:39Z" finished-at="2019-12-19T14:01:39Z">
          <params>
            <param index="0">
              <value>
                <![CDATA[[TestResult name=updateCampaignWithFutureStartDateAndNeverEndDate status=SUCCESS method=CampaignTests.updateCampaignWithFutureStartDateAndNeverEndDate()[pri:10, instance:tests.CampaignTests@7bb58ca3] output={null}]]]>
              </value>
            </param>
          </params>
          <reporter-output>
          </reporter-output>
        </test-method> <!-- tearDown -->
        <test-method status="PASS" signature="campaign_deletion_With_futureStartDate()[pri:11, instance:tests.CampaignTests@7bb58ca3]" name="campaign_deletion_With_futureStartDate" duration-ms="12772" started-at="2019-12-19T14:01:39Z" finished-at="2019-12-19T14:01:52Z">
          <reporter-output>
          </reporter-output>
        </test-method> <!-- campaign_deletion_With_futureStartDate -->
        <test-method status="PASS" signature="tearDown(org.testng.ITestResult)[pri:0, instance:tests.CampaignTests@7bb58ca3]" name="tearDown" is-config="true" duration-ms="104" started-at="2019-12-19T14:01:52Z" finished-at="2019-12-19T14:01:52Z">
          <params>
            <param index="0">
              <value>
                <![CDATA[[TestResult name=campaign_deletion_With_futureStartDate status=SUCCESS method=CampaignTests.campaign_deletion_With_futureStartDate()[pri:11, instance:tests.CampaignTests@7bb58ca3] output={null}]]]>
              </value>
            </param>
          </params>
          <reporter-output>
          </reporter-output>
        </test-method> <!-- tearDown -->
        <test-method status="PASS" signature="createCampaignWithFutureStartDateAndFutureEndDate()[pri:12, instance:tests.CampaignTests@7bb58ca3]" name="createCampaignWithFutureStartDateAndFutureEndDate" duration-ms="16016" started-at="2019-12-19T14:01:52Z" finished-at="2019-12-19T14:02:08Z">
          <reporter-output>
          </reporter-output>
        </test-method> <!-- createCampaignWithFutureStartDateAndFutureEndDate -->
        <test-method status="PASS" signature="tearDown(org.testng.ITestResult)[pri:0, instance:tests.CampaignTests@7bb58ca3]" name="tearDown" is-config="true" duration-ms="89" started-at="2019-12-19T14:02:08Z" finished-at="2019-12-19T14:02:08Z">
          <params>
            <param index="0">
              <value>
                <![CDATA[[TestResult name=createCampaignWithFutureStartDateAndFutureEndDate status=SUCCESS method=CampaignTests.createCampaignWithFutureStartDateAndFutureEndDate()[pri:12, instance:tests.CampaignTests@7bb58ca3] output={null}]]]>
              </value>
            </param>
          </params>
          <reporter-output>
          </reporter-output>
        </test-method> <!-- tearDown -->
        <test-method status="PASS" signature="updateCampaignWithFutureStartDateAndFutureEndDate()[pri:13, instance:tests.CampaignTests@7bb58ca3]" name="updateCampaignWithFutureStartDateAndFutureEndDate" duration-ms="16549" started-at="2019-12-19T14:02:08Z" finished-at="2019-12-19T14:02:25Z">
          <reporter-output>
          </reporter-output>
        </test-method> <!-- updateCampaignWithFutureStartDateAndFutureEndDate -->
        <test-method status="PASS" signature="tearDown(org.testng.ITestResult)[pri:0, instance:tests.CampaignTests@7bb58ca3]" name="tearDown" is-config="true" duration-ms="56" started-at="2019-12-19T14:02:25Z" finished-at="2019-12-19T14:02:25Z">
          <params>
            <param index="0">
              <value>
                <![CDATA[[TestResult name=updateCampaignWithFutureStartDateAndFutureEndDate status=SUCCESS method=CampaignTests.updateCampaignWithFutureStartDateAndFutureEndDate()[pri:13, instance:tests.CampaignTests@7bb58ca3] output={null}]]]>
              </value>
            </param>
          </params>
          <reporter-output>
          </reporter-output>
        </test-method> <!-- tearDown -->
        <test-method status="PASS" signature="campaign_deletion_With_futureStartDateAndFutureEndDate()[pri:14, instance:tests.CampaignTests@7bb58ca3]" name="campaign_deletion_With_futureStartDateAndFutureEndDate" duration-ms="12787" started-at="2019-12-19T14:02:25Z" finished-at="2019-12-19T14:02:38Z">
          <reporter-output>
          </reporter-output>
        </test-method> <!-- campaign_deletion_With_futureStartDateAndFutureEndDate -->
        <test-method status="PASS" signature="tearDown(org.testng.ITestResult)[pri:0, instance:tests.CampaignTests@7bb58ca3]" name="tearDown" is-config="true" duration-ms="129" started-at="2019-12-19T14:02:38Z" finished-at="2019-12-19T14:02:38Z">
          <params>
            <param index="0">
              <value>
                <![CDATA[[TestResult name=campaign_deletion_With_futureStartDateAndFutureEndDate status=SUCCESS method=CampaignTests.campaign_deletion_With_futureStartDateAndFutureEndDate()[pri:14, instance:tests.CampaignTests@7bb58ca3] output={null}]]]>
              </value>
            </param>
          </params>
          <reporter-output>
          </reporter-output>
        </test-method> <!-- tearDown -->
        <test-method status="PASS" signature="createCampaignWithPastTime()[pri:15, instance:tests.CampaignTests@7bb58ca3]" name="createCampaignWithPastTime" duration-ms="8831" started-at="2019-12-19T14:02:38Z" finished-at="2019-12-19T14:02:47Z">
          <reporter-output>
          </reporter-output>
        </test-method> <!-- createCampaignWithPastTime -->
        <test-method status="PASS" signature="tearDown(org.testng.ITestResult)[pri:0, instance:tests.CampaignTests@7bb58ca3]" name="tearDown" is-config="true" duration-ms="78" started-at="2019-12-19T14:02:47Z" finished-at="2019-12-19T14:02:47Z">
          <params>
            <param index="0">
              <value>
                <![CDATA[[TestResult name=createCampaignWithPastTime status=SUCCESS method=CampaignTests.createCampaignWithPastTime()[pri:15, instance:tests.CampaignTests@7bb58ca3] output={null}]]]>
              </value>
            </param>
          </params>
          <reporter-output>
          </reporter-output>
        </test-method> <!-- tearDown -->
        <test-method status="PASS" signature="tearDown()[pri:0, instance:tests.CampaignTests@7bb58ca3]" name="tearDown" is-config="true" duration-ms="4076" started-at="2019-12-19T14:02:47Z" finished-at="2019-12-19T14:02:51Z">
          <reporter-output>
          </reporter-output>
        </test-method> <!-- tearDown -->
        <test-method status="PASS" signature="close_connection()[pri:0, instance:tests.CampaignTests@7bb58ca3]" name="close_connection" is-config="true" duration-ms="7286" started-at="2019-12-19T14:02:51Z" finished-at="2019-12-19T14:02:58Z">
          <reporter-output>
          </reporter-output>
        </test-method> <!-- close_connection -->
      </class> <!-- tests.CampaignTests -->
    </test> <!-- Campaign -->
  </suite> <!-- Automation Suite -->
</testng-results>
