<?xml version="1.0" encoding="UTF-8"?>
<testng-results skipped="0" failed="0" ignored="0" total="3" passed="3">
  <reporter-output>
  </reporter-output>
  <suite name="Automation Suite" duration-ms="70544" started-at="2019-11-08T12:39:27Z" finished-at="2019-11-08T12:40:37Z">
    <groups>
    </groups>
    <test name="Campaign" duration-ms="70544" started-at="2019-11-08T12:39:27Z" finished-at="2019-11-08T12:40:37Z">
      <class name="tests.CampaignTests">
        <test-method status="PASS" signature="setUp(java.lang.String, java.lang.String)[pri:0, instance:tests.CampaignTests@c540f5a]" name="setUp" is-config="true" duration-ms="25962" started-at="2019-11-08T12:39:27Z" finished-at="2019-11-08T12:39:53Z">
          <params>
            <param index="0">
              <value>
                <![CDATA[chrome]]>
              </value>
            </param>
            <param index="1">
              <value>
                <![CDATA[https://stag-7-cmo-1.convirza.com]]>
              </value>
            </param>
          </params>
          <reporter-output>
          </reporter-output>
        </test-method> <!-- setUp -->
        <test-method status="PASS" signature="CampaignAndTrackingNumberPage_UI_Verification()[pri:1, instance:tests.CampaignTests@c540f5a]" name="CampaignAndTrackingNumberPage_UI_Verification" duration-ms="12552" started-at="2019-11-08T12:39:53Z" finished-at="2019-11-08T12:40:05Z">
          <reporter-output>
          </reporter-output>
        </test-method> <!-- CampaignAndTrackingNumberPage_UI_Verification -->
        <test-method status="PASS" signature="tearDown(org.testng.ITestResult)[pri:0, instance:tests.CampaignTests@c540f5a]" name="tearDown" is-config="true" duration-ms="500" started-at="2019-11-08T12:40:05Z" finished-at="2019-11-08T12:40:06Z">
          <params>
            <param index="0">
              <value>
                <![CDATA[[TestResult name=CampaignAndTrackingNumberPage_UI_Verification status=SUCCESS method=CampaignTests.CampaignAndTrackingNumberPage_UI_Verification()[pri:1, instance:tests.CampaignTests@c540f5a] output={null}]]]>
              </value>
            </param>
          </params>
          <reporter-output>
          </reporter-output>
        </test-method> <!-- tearDown -->
        <test-method status="PASS" signature="campaignBuilderPage_UI_Verification()[pri:2, instance:tests.CampaignTests@c540f5a]" name="campaignBuilderPage_UI_Verification" duration-ms="6623" started-at="2019-11-08T12:40:06Z" finished-at="2019-11-08T12:40:12Z">
          <reporter-output>
          </reporter-output>
        </test-method> <!-- campaignBuilderPage_UI_Verification -->
        <test-method status="PASS" signature="tearDown(org.testng.ITestResult)[pri:0, instance:tests.CampaignTests@c540f5a]" name="tearDown" is-config="true" duration-ms="144" started-at="2019-11-08T12:40:12Z" finished-at="2019-11-08T12:40:12Z">
          <params>
            <param index="0">
              <value>
                <![CDATA[[TestResult name=campaignBuilderPage_UI_Verification status=SUCCESS method=CampaignTests.campaignBuilderPage_UI_Verification()[pri:2, instance:tests.CampaignTests@c540f5a] output={null}]]]>
              </value>
            </param>
          </params>
          <reporter-output>
          </reporter-output>
        </test-method> <!-- tearDown -->
        <test-method status="PASS" signature="campaign_Creation_Without_externalID()[pri:3, instance:tests.CampaignTests@c540f5a]" name="campaign_Creation_Without_externalID" duration-ms="20553" started-at="2019-11-08T12:40:12Z" finished-at="2019-11-08T12:40:33Z">
          <reporter-output>
          </reporter-output>
        </test-method> <!-- campaign_Creation_Without_externalID -->
        <test-method status="PASS" signature="tearDown(org.testng.ITestResult)[pri:0, instance:tests.CampaignTests@c540f5a]" name="tearDown" is-config="true" duration-ms="82" started-at="2019-11-08T12:40:33Z" finished-at="2019-11-08T12:40:33Z">
          <params>
            <param index="0">
              <value>
                <![CDATA[[TestResult name=campaign_Creation_Without_externalID status=SUCCESS method=CampaignTests.campaign_Creation_Without_externalID()[pri:3, instance:tests.CampaignTests@c540f5a] output={null}]]]>
              </value>
            </param>
          </params>
          <reporter-output>
          </reporter-output>
        </test-method> <!-- tearDown -->
        <test-method status="PASS" signature="tearDown()[pri:0, instance:tests.CampaignTests@c540f5a]" name="tearDown" is-config="true" duration-ms="4068" started-at="2019-11-08T12:40:33Z" finished-at="2019-11-08T12:40:37Z">
          <reporter-output>
          </reporter-output>
        </test-method> <!-- tearDown -->
        <test-method status="PASS" signature="close_connection()[pri:0, instance:tests.CampaignTests@c540f5a]" name="close_connection" is-config="true" duration-ms="7097" started-at="2019-11-08T12:40:37Z" finished-at="2019-11-08T12:40:44Z">
          <reporter-output>
          </reporter-output>
        </test-method> <!-- close_connection -->
      </class> <!-- tests.CampaignTests -->
    </test> <!-- Campaign -->
  </suite> <!-- Automation Suite -->
</testng-results>
