<?xml version="1.0" encoding="UTF-8"?>
<testng-results skipped="230" failed="0" total="230" passed="0">
  <reporter-output>
  </reporter-output>
  <suite name="Automation Suite-1" duration-ms="319822" started-at="2020-05-08T09:17:00Z" finished-at="2020-05-08T09:22:20Z">
    <groups>
      <group name="basic_filters">
        <method signature="TrackingNumberSettingsTest.basicFilterFeatureForAdSource()[pri:13, instance:tests.TrackingNumberSettingsTest@ba8d91c]" name="basicFilterFeatureForAdSource" class="tests.TrackingNumberSettingsTest"/>
        <method signature="TrackingNumberSettingsTest.basicFilterFeatureForCampaignName()[pri:14, instance:tests.TrackingNumberSettingsTest@ba8d91c]" name="basicFilterFeatureForCampaignName" class="tests.TrackingNumberSettingsTest"/>
        <method signature="TrackingNumberSettingsTest.basicFilterFeatureForGroupName()[pri:12, instance:tests.TrackingNumberSettingsTest@ba8d91c]" name="basicFilterFeatureForGroupName" class="tests.TrackingNumberSettingsTest"/>
        <method signature="TrackingNumberSettingsTest.basicFilterFeatureForTrackingNumber()[pri:10, instance:tests.TrackingNumberSettingsTest@ba8d91c]" name="basicFilterFeatureForTrackingNumber" class="tests.TrackingNumberSettingsTest"/>
        <method signature="TrackingNumberSettingsTest.basicFilterFeatureForType()[pri:11, instance:tests.TrackingNumberSettingsTest@ba8d91c]" name="basicFilterFeatureForType" class="tests.TrackingNumberSettingsTest"/>
      </group> <!-- basic_filters -->
    </groups>
    <test name="chrome test-1" duration-ms="319822" started-at="2020-05-08T09:17:00Z" finished-at="2020-05-08T09:22:20Z">
      <class name="tests.LoginTest">
        <test-method status="PASS" signature="testSetUp()[pri:0, instance:tests.LoginTest@dd3b207]" name="testSetUp" is-config="true" duration-ms="23" started-at="2020-05-08T14:47:00Z" finished-at="2020-05-08T14:47:00Z">
          <reporter-output>
          </reporter-output>
        </test-method> <!-- testSetUp -->
        <test-method status="FAIL" signature="setUp(java.lang.String, java.lang.String)[pri:0, instance:tests.LoginTest@dd3b207]" name="setUp" is-config="true" duration-ms="0" started-at="2020-05-08T14:47:00Z" finished-at="2020-05-08T14:47:00Z">
          <params>
            <param index="0">
              <value>
                <![CDATA[chrome]]>
              </value>
            </param>
            <param index="1">
              <value>
                <![CDATA[https://stag-5-cmo-1.convirza.com]]>
              </value>
            </param>
          </params>
          <exception class="org.openqa.selenium.TimeoutException">
            <message>
              <![CDATA[timeout
  (Session info: chrome=81.0.4044.129)
  (Driver info: chromedriver=2.36.540470 (e522d04694c7ebea4ba8821272dbef4f9b818c91),platform=Windows NT 10.0.18362 x86_64) (WARNING: The server did not provide any stacktrace information)
Command duration or timeout: 0 milliseconds
Build info: version: '3.11.0', revision: 'e59cfb3', time: '2018-03-11T20:26:55.152Z'
System info: host: 'LAPTOP-Q18VUQ5U', ip: '5.5.18.77', os.name: 'Windows 10', os.arch: 'amd64', os.version: '10.0', java.version: '1.8.0_152'
Driver info: org.openqa.selenium.chrome.ChromeDriver
Capabilities {acceptInsecureCerts: false, acceptSslCerts: false, applicationCacheEnabled: false, browserConnectionEnabled: false, browserName: chrome, chrome: {chromedriverVersion: 2.36.540470 (e522d04694c7eb..., userDataDir: C:\Users\PREETI~1\AppData\L...}, cssSelectorsEnabled: true, databaseEnabled: false, handlesAlerts: true, hasTouchScreen: false, javascriptEnabled: true, locationContextEnabled: true, mobileEmulationEnabled: false, nativeEvents: true, networkConnectionEnabled: false, pageLoadStrategy: normal, platform: XP, platformName: XP, rotatable: false, setWindowRect: true, takesHeapSnapshot: true, takesScreenshot: true, unexpectedAlertBehaviour: , unhandledPromptBehavior: , version: 81.0.4044.129, webStorageEnabled: true}
Session ID: 53fc4b4b05bc83422903d52f2b02cd56]]>
            </message>
            <full-stacktrace>
              <![CDATA[org.openqa.selenium.TimeoutException: timeout
  (Session info: chrome=81.0.4044.129)
  (Driver info: chromedriver=2.36.540470 (e522d04694c7ebea4ba8821272dbef4f9b818c91),platform=Windows NT 10.0.18362 x86_64) (WARNING: The server did not provide any stacktrace information)
Command duration or timeout: 0 milliseconds
Build info: version: '3.11.0', revision: 'e59cfb3', time: '2018-03-11T20:26:55.152Z'
System info: host: 'LAPTOP-Q18VUQ5U', ip: '5.5.18.77', os.name: 'Windows 10', os.arch: 'amd64', os.version: '10.0', java.version: '1.8.0_152'
Driver info: org.openqa.selenium.chrome.ChromeDriver
Capabilities {acceptInsecureCerts: false, acceptSslCerts: false, applicationCacheEnabled: false, browserConnectionEnabled: false, browserName: chrome, chrome: {chromedriverVersion: 2.36.540470 (e522d04694c7eb..., userDataDir: C:\Users\PREETI~1\AppData\L...}, cssSelectorsEnabled: true, databaseEnabled: false, handlesAlerts: true, hasTouchScreen: false, javascriptEnabled: true, locationContextEnabled: true, mobileEmulationEnabled: false, nativeEvents: true, networkConnectionEnabled: false, pageLoadStrategy: normal, platform: XP, platformName: XP, rotatable: false, setWindowRect: true, takesHeapSnapshot: true, takesScreenshot: true, unexpectedAlertBehaviour: , unhandledPromptBehavior: , version: 81.0.4044.129, webStorageEnabled: true}
Session ID: 53fc4b4b05bc83422903d52f2b02cd56
	at sun.reflect.NativeConstructorAccessorImpl.newInstance0(Native Method)
	at sun.reflect.NativeConstructorAccessorImpl.newInstance(NativeConstructorAccessorImpl.java:62)
	at sun.reflect.DelegatingConstructorAccessorImpl.newInstance(DelegatingConstructorAccessorImpl.java:45)
	at java.lang.reflect.Constructor.newInstance(Constructor.java:423)
	at org.openqa.selenium.remote.ErrorHandler.createThrowable(ErrorHandler.java:214)
	at org.openqa.selenium.remote.ErrorHandler.throwIfResponseFailed(ErrorHandler.java:166)
	at org.openqa.selenium.remote.http.JsonHttpResponseCodec.reconstructValue(JsonHttpResponseCodec.java:40)
	at org.openqa.selenium.remote.http.AbstractHttpResponseCodec.decode(AbstractHttpResponseCodec.java:80)
	at org.openqa.selenium.remote.http.AbstractHttpResponseCodec.decode(AbstractHttpResponseCodec.java:44)
	at org.openqa.selenium.remote.HttpCommandExecutor.execute(HttpCommandExecutor.java:158)
	at org.openqa.selenium.remote.service.DriverCommandExecutor.execute(DriverCommandExecutor.java:83)
	at org.openqa.selenium.remote.RemoteWebDriver.execute(RemoteWebDriver.java:545)
	at org.openqa.selenium.remote.RemoteWebDriver.get(RemoteWebDriver.java:273)
	at tests.TestBase.setUp(TestBase.java:129)
	at sun.reflect.NativeMethodAccessorImpl.invoke0(Native Method)
	at sun.reflect.NativeMethodAccessorImpl.invoke(NativeMethodAccessorImpl.java:62)
	at sun.reflect.DelegatingMethodAccessorImpl.invoke(DelegatingMethodAccessorImpl.java:43)
	at java.lang.reflect.Method.invoke(Method.java:498)
	at org.testng.internal.MethodInvocationHelper.invokeMethod(MethodInvocationHelper.java:86)
	at org.testng.internal.Invoker.invokeConfigurationMethod(Invoker.java:514)
	at org.testng.internal.Invoker.invokeConfigurations(Invoker.java:215)
	at org.testng.internal.Invoker.invokeConfigurations(Invoker.java:142)
	at org.testng.TestRunner.beforeRun(TestRunner.java:656)
	at org.testng.TestRunner.run(TestRunner.java:624)
	at org.testng.SuiteRunner.runTest(SuiteRunner.java:366)
	at org.testng.SuiteRunner.access$000(SuiteRunner.java:39)
	at org.testng.SuiteRunner$SuiteWorker.run(SuiteRunner.java:400)
	at org.testng.internal.thread.ThreadUtil$2.call(ThreadUtil.java:64)
	at java.util.concurrent.FutureTask.run(FutureTask.java:266)
	at java.util.concurrent.ThreadPoolExecutor.runWorker(ThreadPoolExecutor.java:1149)
	at java.util.concurrent.ThreadPoolExecutor$Worker.run(ThreadPoolExecutor.java:624)
	at java.lang.Thread.run(Thread.java:748)
]]>
            </full-stacktrace>
          </exception> <!-- org.openqa.selenium.TimeoutException -->
          <reporter-output>
          </reporter-output>
        </test-method> <!-- setUp -->
        <test-method status="SKIP" signature="login_page_UI_Verification()[pri:1, instance:tests.LoginTest@dd3b207]" name="login_page_UI_Verification" duration-ms="3" started-at="2020-05-08T14:52:08Z" finished-at="2020-05-08T14:52:08Z">
          <reporter-output>
          </reporter-output>
        </test-method> <!-- login_page_UI_Verification -->
        <test-method status="SKIP" signature="tearDown(org.testng.ITestResult)[pri:0, instance:tests.LoginTest@dd3b207]" name="tearDown" is-config="true" duration-ms="0" started-at="2020-05-08T14:52:09Z" finished-at="2020-05-08T14:52:09Z">
          <reporter-output>
          </reporter-output>
        </test-method> <!-- tearDown -->
        <test-method status="SKIP" signature="login_with_invalidate_cred()[pri:2, instance:tests.LoginTest@dd3b207]" name="login_with_invalidate_cred" duration-ms="2" started-at="2020-05-08T14:52:09Z" finished-at="2020-05-08T14:52:09Z">
          <reporter-output>
          </reporter-output>
        </test-method> <!-- login_with_invalidate_cred -->
        <test-method status="SKIP" signature="tearDown(org.testng.ITestResult)[pri:0, instance:tests.LoginTest@dd3b207]" name="tearDown" is-config="true" duration-ms="0" started-at="2020-05-08T14:52:09Z" finished-at="2020-05-08T14:52:09Z">
          <reporter-output>
          </reporter-output>
        </test-method> <!-- tearDown -->
        <test-method status="SKIP" signature="login_with_blank_username()[pri:3, instance:tests.LoginTest@dd3b207]" name="login_with_blank_username" duration-ms="7" started-at="2020-05-08T14:52:09Z" finished-at="2020-05-08T14:52:09Z">
          <reporter-output>
          </reporter-output>
        </test-method> <!-- login_with_blank_username -->
        <test-method status="SKIP" signature="tearDown(org.testng.ITestResult)[pri:0, instance:tests.LoginTest@dd3b207]" name="tearDown" is-config="true" duration-ms="0" started-at="2020-05-08T14:52:09Z" finished-at="2020-05-08T14:52:09Z">
          <reporter-output>
          </reporter-output>
        </test-method> <!-- tearDown -->
        <test-method status="SKIP" signature="login_with_blank_password()[pri:4, instance:tests.LoginTest@dd3b207]" name="login_with_blank_password" duration-ms="2" started-at="2020-05-08T14:52:09Z" finished-at="2020-05-08T14:52:09Z">
          <reporter-output>
          </reporter-output>
        </test-method> <!-- login_with_blank_password -->
        <test-method status="SKIP" signature="tearDown(org.testng.ITestResult)[pri:0, instance:tests.LoginTest@dd3b207]" name="tearDown" is-config="true" duration-ms="0" started-at="2020-05-08T14:52:09Z" finished-at="2020-05-08T14:52:09Z">
          <reporter-output>
          </reporter-output>
        </test-method> <!-- tearDown -->
        <test-method status="SKIP" signature="login_with_inactive_user()[pri:5, instance:tests.LoginTest@dd3b207]" name="login_with_inactive_user" duration-ms="1" started-at="2020-05-08T14:52:09Z" finished-at="2020-05-08T14:52:09Z">
          <reporter-output>
          </reporter-output>
        </test-method> <!-- login_with_inactive_user -->
        <test-method status="SKIP" signature="tearDown(org.testng.ITestResult)[pri:0, instance:tests.LoginTest@dd3b207]" name="tearDown" is-config="true" duration-ms="0" started-at="2020-05-08T14:52:09Z" finished-at="2020-05-08T14:52:09Z">
          <reporter-output>
          </reporter-output>
        </test-method> <!-- tearDown -->
        <test-method status="SKIP" signature="login_with_deleted_user()[pri:6, instance:tests.LoginTest@dd3b207]" name="login_with_deleted_user" duration-ms="5" started-at="2020-05-08T14:52:09Z" finished-at="2020-05-08T14:52:09Z">
          <reporter-output>
          </reporter-output>
        </test-method> <!-- login_with_deleted_user -->
        <test-method status="SKIP" signature="tearDown(org.testng.ITestResult)[pri:0, instance:tests.LoginTest@dd3b207]" name="tearDown" is-config="true" duration-ms="0" started-at="2020-05-08T14:52:09Z" finished-at="2020-05-08T14:52:09Z">
          <reporter-output>
          </reporter-output>
        </test-method> <!-- tearDown -->
        <test-method status="SKIP" signature="login_with_blank_username_and_password()[pri:7, instance:tests.LoginTest@dd3b207]" name="login_with_blank_username_and_password" duration-ms="2" started-at="2020-05-08T14:52:09Z" finished-at="2020-05-08T14:52:09Z">
          <reporter-output>
          </reporter-output>
        </test-method> <!-- login_with_blank_username_and_password -->
        <test-method status="SKIP" signature="tearDown(org.testng.ITestResult)[pri:0, instance:tests.LoginTest@dd3b207]" name="tearDown" is-config="true" duration-ms="0" started-at="2020-05-08T14:52:09Z" finished-at="2020-05-08T14:52:09Z">
          <reporter-output>
          </reporter-output>
        </test-method> <!-- tearDown -->
        <test-method status="SKIP" signature="UIVerification_forgot_passowrd_page()[pri:8, instance:tests.LoginTest@dd3b207]" name="UIVerification_forgot_passowrd_page" duration-ms="1" started-at="2020-05-08T14:52:09Z" finished-at="2020-05-08T14:52:09Z">
          <reporter-output>
          </reporter-output>
        </test-method> <!-- UIVerification_forgot_passowrd_page -->
        <test-method status="SKIP" signature="tearDown(org.testng.ITestResult)[pri:0, instance:tests.LoginTest@dd3b207]" name="tearDown" is-config="true" duration-ms="0" started-at="2020-05-08T14:52:09Z" finished-at="2020-05-08T14:52:09Z">
          <reporter-output>
          </reporter-output>
        </test-method> <!-- tearDown -->
        <test-method status="SKIP" signature="next_button_with_no_email_ID()[pri:9, instance:tests.LoginTest@dd3b207]" name="next_button_with_no_email_ID" duration-ms="1" started-at="2020-05-08T14:52:09Z" finished-at="2020-05-08T14:52:09Z">
          <reporter-output>
          </reporter-output>
        </test-method> <!-- next_button_with_no_email_ID -->
        <test-method status="SKIP" signature="tearDown(org.testng.ITestResult)[pri:0, instance:tests.LoginTest@dd3b207]" name="tearDown" is-config="true" duration-ms="0" started-at="2020-05-08T14:52:09Z" finished-at="2020-05-08T14:52:09Z">
          <reporter-output>
          </reporter-output>
        </test-method> <!-- tearDown -->
        <test-method status="SKIP" signature="reset_password()[pri:10, instance:tests.LoginTest@dd3b207]" name="reset_password" duration-ms="3" started-at="2020-05-08T14:52:09Z" finished-at="2020-05-08T14:52:09Z">
          <reporter-output>
          </reporter-output>
        </test-method> <!-- reset_password -->
        <test-method status="SKIP" signature="tearDown(org.testng.ITestResult)[pri:0, instance:tests.LoginTest@dd3b207]" name="tearDown" is-config="true" duration-ms="0" started-at="2020-05-08T14:52:09Z" finished-at="2020-05-08T14:52:09Z">
          <reporter-output>
          </reporter-output>
        </test-method> <!-- tearDown -->
        <test-method status="SKIP" signature="rememeber_me_functinonality()[pri:11, instance:tests.LoginTest@dd3b207]" name="rememeber_me_functinonality" duration-ms="1" started-at="2020-05-08T14:52:09Z" finished-at="2020-05-08T14:52:09Z">
          <reporter-output>
          </reporter-output>
        </test-method> <!-- rememeber_me_functinonality -->
        <test-method status="SKIP" signature="tearDown(org.testng.ITestResult)[pri:0, instance:tests.LoginTest@dd3b207]" name="tearDown" is-config="true" duration-ms="0" started-at="2020-05-08T14:52:09Z" finished-at="2020-05-08T14:52:09Z">
          <reporter-output>
          </reporter-output>
        </test-method> <!-- tearDown -->
        <test-method status="SKIP" signature="validLogin()[pri:12, instance:tests.LoginTest@dd3b207]" name="validLogin" duration-ms="5" started-at="2020-05-08T14:52:09Z" finished-at="2020-05-08T14:52:09Z">
          <reporter-output>
          </reporter-output>
        </test-method> <!-- validLogin -->
        <test-method status="SKIP" signature="tearDown(org.testng.ITestResult)[pri:0, instance:tests.LoginTest@dd3b207]" name="tearDown" is-config="true" duration-ms="0" started-at="2020-05-08T14:52:10Z" finished-at="2020-05-08T14:52:10Z">
          <reporter-output>
          </reporter-output>
        </test-method> <!-- tearDown -->
        <test-method status="SKIP" signature="tearDown()[pri:0, instance:tests.LoginTest@dd3b207]" name="tearDown" is-config="true" duration-ms="0" started-at="2020-05-08T14:52:10Z" finished-at="2020-05-08T14:52:10Z">
          <reporter-output>
          </reporter-output>
        </test-method> <!-- tearDown -->
        <test-method status="SKIP" signature="close_connection()[pri:0, instance:tests.LoginTest@dd3b207]" name="close_connection" is-config="true" duration-ms="0" started-at="2020-05-08T14:52:20Z" finished-at="2020-05-08T14:52:20Z">
          <reporter-output>
          </reporter-output>
        </test-method> <!-- close_connection -->
      </class> <!-- tests.LoginTest -->
      <class name="tests.CampaignTests">
        <test-method status="SKIP" signature="goToCampaignPage()[pri:0, instance:tests.CampaignTests@6b1274d2]" name="goToCampaignPage" is-config="true" duration-ms="0" started-at="2020-05-08T14:52:10Z" finished-at="2020-05-08T14:52:10Z">
          <reporter-output>
          </reporter-output>
        </test-method> <!-- goToCampaignPage -->
        <test-method status="SKIP" signature="campaignBuilderPage_UI_Verification()[pri:1, instance:tests.CampaignTests@6b1274d2]" name="campaignBuilderPage_UI_Verification" duration-ms="2" started-at="2020-05-08T14:52:10Z" finished-at="2020-05-08T14:52:10Z">
          <reporter-output>
          </reporter-output>
        </test-method> <!-- campaignBuilderPage_UI_Verification -->
        <test-method status="SKIP" signature="tearDown(org.testng.ITestResult)[pri:0, instance:tests.CampaignTests@6b1274d2]" name="tearDown" is-config="true" duration-ms="0" started-at="2020-05-08T14:52:10Z" finished-at="2020-05-08T14:52:10Z">
          <reporter-output>
          </reporter-output>
        </test-method> <!-- tearDown -->
        <test-method status="SKIP" signature="campaignDefaultOwnerValidation()[pri:2, instance:tests.CampaignTests@6b1274d2]" name="campaignDefaultOwnerValidation" duration-ms="2" started-at="2020-05-08T14:52:10Z" finished-at="2020-05-08T14:52:10Z">
          <reporter-output>
          </reporter-output>
        </test-method> <!-- campaignDefaultOwnerValidation -->
        <test-method status="SKIP" signature="tearDown(org.testng.ITestResult)[pri:0, instance:tests.CampaignTests@6b1274d2]" name="tearDown" is-config="true" duration-ms="0" started-at="2020-05-08T14:52:10Z" finished-at="2020-05-08T14:52:10Z">
          <reporter-output>
          </reporter-output>
        </test-method> <!-- tearDown -->
        <test-method status="SKIP" signature="campaign_Creation_Without_externalID()[pri:3, instance:tests.CampaignTests@6b1274d2]" name="campaign_Creation_Without_externalID" duration-ms="1" started-at="2020-05-08T14:52:10Z" finished-at="2020-05-08T14:52:10Z">
          <reporter-output>
          </reporter-output>
        </test-method> <!-- campaign_Creation_Without_externalID -->
        <test-method status="SKIP" signature="tearDown(org.testng.ITestResult)[pri:0, instance:tests.CampaignTests@6b1274d2]" name="tearDown" is-config="true" duration-ms="0" started-at="2020-05-08T14:52:10Z" finished-at="2020-05-08T14:52:10Z">
          <reporter-output>
          </reporter-output>
        </test-method> <!-- tearDown -->
        <test-method status="SKIP" signature="campaign_updation_Without_externalID()[pri:4, instance:tests.CampaignTests@6b1274d2]" name="campaign_updation_Without_externalID" duration-ms="1" started-at="2020-05-08T14:52:10Z" finished-at="2020-05-08T14:52:10Z">
          <reporter-output>
          </reporter-output>
        </test-method> <!-- campaign_updation_Without_externalID -->
        <test-method status="SKIP" signature="tearDown(org.testng.ITestResult)[pri:0, instance:tests.CampaignTests@6b1274d2]" name="tearDown" is-config="true" duration-ms="0" started-at="2020-05-08T14:52:10Z" finished-at="2020-05-08T14:52:10Z">
          <reporter-output>
          </reporter-output>
        </test-method> <!-- tearDown -->
        <test-method status="SKIP" signature="campaign_deletion_Without_externalID()[pri:5, instance:tests.CampaignTests@6b1274d2]" name="campaign_deletion_Without_externalID" duration-ms="1" started-at="2020-05-08T14:52:10Z" finished-at="2020-05-08T14:52:10Z">
          <reporter-output>
          </reporter-output>
        </test-method> <!-- campaign_deletion_Without_externalID -->
        <test-method status="SKIP" signature="tearDown(org.testng.ITestResult)[pri:0, instance:tests.CampaignTests@6b1274d2]" name="tearDown" is-config="true" duration-ms="0" started-at="2020-05-08T14:52:10Z" finished-at="2020-05-08T14:52:10Z">
          <reporter-output>
          </reporter-output>
        </test-method> <!-- tearDown -->
        <test-method status="SKIP" signature="campaign_Creation_With_externalID()[pri:6, instance:tests.CampaignTests@6b1274d2]" name="campaign_Creation_With_externalID" duration-ms="0" started-at="2020-05-08T14:52:10Z" finished-at="2020-05-08T14:52:10Z">
          <reporter-output>
          </reporter-output>
        </test-method> <!-- campaign_Creation_With_externalID -->
        <test-method status="SKIP" signature="tearDown(org.testng.ITestResult)[pri:0, instance:tests.CampaignTests@6b1274d2]" name="tearDown" is-config="true" duration-ms="0" started-at="2020-05-08T14:52:10Z" finished-at="2020-05-08T14:52:10Z">
          <reporter-output>
          </reporter-output>
        </test-method> <!-- tearDown -->
        <test-method status="SKIP" signature="campaign_updation_With_externalID()[pri:7, instance:tests.CampaignTests@6b1274d2]" name="campaign_updation_With_externalID" duration-ms="2" started-at="2020-05-08T14:52:10Z" finished-at="2020-05-08T14:52:10Z">
          <reporter-output>
          </reporter-output>
        </test-method> <!-- campaign_updation_With_externalID -->
        <test-method status="SKIP" signature="tearDown(org.testng.ITestResult)[pri:0, instance:tests.CampaignTests@6b1274d2]" name="tearDown" is-config="true" duration-ms="0" started-at="2020-05-08T14:52:10Z" finished-at="2020-05-08T14:52:10Z">
          <reporter-output>
          </reporter-output>
        </test-method> <!-- tearDown -->
        <test-method status="SKIP" signature="campaign_deletion_With_externalID()[pri:8, instance:tests.CampaignTests@6b1274d2]" name="campaign_deletion_With_externalID" duration-ms="2" started-at="2020-05-08T14:52:10Z" finished-at="2020-05-08T14:52:10Z">
          <reporter-output>
          </reporter-output>
        </test-method> <!-- campaign_deletion_With_externalID -->
        <test-method status="SKIP" signature="campaignCreationWithFutureStartDateAndNeverEndDate()[pri:9, instance:tests.CampaignTests@6b1274d2]" name="campaignCreationWithFutureStartDateAndNeverEndDate" duration-ms="5" started-at="2020-05-08T14:52:11Z" finished-at="2020-05-08T14:52:11Z">
          <reporter-output>
          </reporter-output>
        </test-method> <!-- campaignCreationWithFutureStartDateAndNeverEndDate -->
        <test-method status="SKIP" signature="tearDown(org.testng.ITestResult)[pri:0, instance:tests.CampaignTests@6b1274d2]" name="tearDown" is-config="true" duration-ms="0" started-at="2020-05-08T14:52:11Z" finished-at="2020-05-08T14:52:11Z">
          <reporter-output>
          </reporter-output>
        </test-method> <!-- tearDown -->
        <test-method status="SKIP" signature="tearDown(org.testng.ITestResult)[pri:0, instance:tests.CampaignTests@6b1274d2]" name="tearDown" is-config="true" duration-ms="0" started-at="2020-05-08T14:52:11Z" finished-at="2020-05-08T14:52:11Z">
          <reporter-output>
          </reporter-output>
        </test-method> <!-- tearDown -->
        <test-method status="SKIP" signature="campaignUpdationWithFutureStartDateAndNeverEndDate()[pri:10, instance:tests.CampaignTests@6b1274d2]" name="campaignUpdationWithFutureStartDateAndNeverEndDate" duration-ms="3" started-at="2020-05-08T14:52:11Z" finished-at="2020-05-08T14:52:11Z">
          <reporter-output>
          </reporter-output>
        </test-method> <!-- campaignUpdationWithFutureStartDateAndNeverEndDate -->
        <test-method status="SKIP" signature="tearDown(org.testng.ITestResult)[pri:0, instance:tests.CampaignTests@6b1274d2]" name="tearDown" is-config="true" duration-ms="0" started-at="2020-05-08T14:52:11Z" finished-at="2020-05-08T14:52:11Z">
          <reporter-output>
          </reporter-output>
        </test-method> <!-- tearDown -->
        <test-method status="SKIP" signature="campaign_deletion_With_futureStartDate()[pri:11, instance:tests.CampaignTests@6b1274d2]" name="campaign_deletion_With_futureStartDate" duration-ms="1" started-at="2020-05-08T14:52:11Z" finished-at="2020-05-08T14:52:11Z">
          <reporter-output>
          </reporter-output>
        </test-method> <!-- campaign_deletion_With_futureStartDate -->
        <test-method status="SKIP" signature="tearDown(org.testng.ITestResult)[pri:0, instance:tests.CampaignTests@6b1274d2]" name="tearDown" is-config="true" duration-ms="0" started-at="2020-05-08T14:52:11Z" finished-at="2020-05-08T14:52:11Z">
          <reporter-output>
          </reporter-output>
        </test-method> <!-- tearDown -->
        <test-method status="SKIP" signature="campaignCreationWithFutureStartDateAndFutureEndDate()[pri:12, instance:tests.CampaignTests@6b1274d2]" name="campaignCreationWithFutureStartDateAndFutureEndDate" duration-ms="1" started-at="2020-05-08T14:52:11Z" finished-at="2020-05-08T14:52:11Z">
          <reporter-output>
          </reporter-output>
        </test-method> <!-- campaignCreationWithFutureStartDateAndFutureEndDate -->
        <test-method status="SKIP" signature="tearDown(org.testng.ITestResult)[pri:0, instance:tests.CampaignTests@6b1274d2]" name="tearDown" is-config="true" duration-ms="0" started-at="2020-05-08T14:52:11Z" finished-at="2020-05-08T14:52:11Z">
          <reporter-output>
          </reporter-output>
        </test-method> <!-- tearDown -->
        <test-method status="SKIP" signature="campaignUpdationWithFutureStartDateAndFutureEndDate()[pri:13, instance:tests.CampaignTests@6b1274d2]" name="campaignUpdationWithFutureStartDateAndFutureEndDate" duration-ms="1" started-at="2020-05-08T14:52:11Z" finished-at="2020-05-08T14:52:11Z">
          <reporter-output>
          </reporter-output>
        </test-method> <!-- campaignUpdationWithFutureStartDateAndFutureEndDate -->
        <test-method status="SKIP" signature="tearDown(org.testng.ITestResult)[pri:0, instance:tests.CampaignTests@6b1274d2]" name="tearDown" is-config="true" duration-ms="0" started-at="2020-05-08T14:52:11Z" finished-at="2020-05-08T14:52:11Z">
          <reporter-output>
          </reporter-output>
        </test-method> <!-- tearDown -->
        <test-method status="SKIP" signature="campaign_deletion_With_futureStartDateAndFutureEndDate()[pri:14, instance:tests.CampaignTests@6b1274d2]" name="campaign_deletion_With_futureStartDateAndFutureEndDate" duration-ms="1" started-at="2020-05-08T14:52:11Z" finished-at="2020-05-08T14:52:11Z">
          <reporter-output>
          </reporter-output>
        </test-method> <!-- campaign_deletion_With_futureStartDateAndFutureEndDate -->
        <test-method status="SKIP" signature="tearDown(org.testng.ITestResult)[pri:0, instance:tests.CampaignTests@6b1274d2]" name="tearDown" is-config="true" duration-ms="0" started-at="2020-05-08T14:52:11Z" finished-at="2020-05-08T14:52:11Z">
          <reporter-output>
          </reporter-output>
        </test-method> <!-- tearDown -->
        <test-method status="SKIP" signature="campaignCreationWithPastTime()[pri:15, instance:tests.CampaignTests@6b1274d2]" name="campaignCreationWithPastTime" duration-ms="0" started-at="2020-05-08T14:52:11Z" finished-at="2020-05-08T14:52:11Z">
          <reporter-output>
          </reporter-output>
        </test-method> <!-- campaignCreationWithPastTime -->
        <test-method status="SKIP" signature="tearDown(org.testng.ITestResult)[pri:0, instance:tests.CampaignTests@6b1274d2]" name="tearDown" is-config="true" duration-ms="0" started-at="2020-05-08T14:52:11Z" finished-at="2020-05-08T14:52:11Z">
          <reporter-output>
          </reporter-output>
        </test-method> <!-- tearDown -->
        <test-method status="SKIP" signature="goToHomePage()[pri:0, instance:tests.CampaignTests@6b1274d2]" name="goToHomePage" is-config="true" duration-ms="0" started-at="2020-05-08T14:52:11Z" finished-at="2020-05-08T14:52:11Z">
          <reporter-output>
          </reporter-output>
        </test-method> <!-- goToHomePage -->
      </class> <!-- tests.CampaignTests -->
      <class name="tests.CallBackReportTest">
        <test-method status="SKIP" signature="goToLookerReports()[pri:0, instance:tests.CallBackReportTest@6a472554]" name="goToLookerReports" is-config="true" duration-ms="0" started-at="2020-05-08T14:52:19Z" finished-at="2020-05-08T14:52:19Z">
          <reporter-output>
          </reporter-output>
        </test-method> <!-- goToLookerReports -->
        <test-method status="SKIP" signature="runButtonVerification()[pri:1, instance:tests.CallBackReportTest@6a472554]" name="runButtonVerification" duration-ms="1" started-at="2020-05-08T14:52:19Z" finished-at="2020-05-08T14:52:19Z">
          <reporter-output>
          </reporter-output>
        </test-method> <!-- runButtonVerification -->
        <test-method status="SKIP" signature="tearDown(org.testng.ITestResult)[pri:0, instance:tests.CallBackReportTest@6a472554]" name="tearDown" is-config="true" duration-ms="0" started-at="2020-05-08T14:52:19Z" finished-at="2020-05-08T14:52:19Z">
          <reporter-output>
          </reporter-output>
        </test-method> <!-- tearDown -->
        <test-method status="SKIP" signature="headerLabelVerification()[pri:2, instance:tests.CallBackReportTest@6a472554]" name="headerLabelVerification" duration-ms="0" started-at="2020-05-08T14:52:19Z" finished-at="2020-05-08T14:52:19Z">
          <reporter-output>
          </reporter-output>
        </test-method> <!-- headerLabelVerification -->
        <test-method status="SKIP" signature="tearDown(org.testng.ITestResult)[pri:0, instance:tests.CallBackReportTest@6a472554]" name="tearDown" is-config="true" duration-ms="0" started-at="2020-05-08T14:52:19Z" finished-at="2020-05-08T14:52:19Z">
          <reporter-output>
          </reporter-output>
        </test-method> <!-- tearDown -->
        <test-method status="SKIP" signature="presenceOfGearIconVerification()[pri:3, instance:tests.CallBackReportTest@6a472554]" name="presenceOfGearIconVerification" duration-ms="0" started-at="2020-05-08T14:52:19Z" finished-at="2020-05-08T14:52:19Z">
          <reporter-output>
          </reporter-output>
        </test-method> <!-- presenceOfGearIconVerification -->
        <test-method status="SKIP" signature="tearDown(org.testng.ITestResult)[pri:0, instance:tests.CallBackReportTest@6a472554]" name="tearDown" is-config="true" duration-ms="0" started-at="2020-05-08T14:52:19Z" finished-at="2020-05-08T14:52:19Z">
          <reporter-output>
          </reporter-output>
        </test-method> <!-- tearDown -->
        <test-method status="SKIP" signature="gearIconOptionsVerification()[pri:4, instance:tests.CallBackReportTest@6a472554]" name="gearIconOptionsVerification" duration-ms="1" started-at="2020-05-08T14:52:19Z" finished-at="2020-05-08T14:52:19Z">
          <reporter-output>
          </reporter-output>
        </test-method> <!-- gearIconOptionsVerification -->
        <test-method status="SKIP" signature="tearDown(org.testng.ITestResult)[pri:0, instance:tests.CallBackReportTest@6a472554]" name="tearDown" is-config="true" duration-ms="0" started-at="2020-05-08T14:52:19Z" finished-at="2020-05-08T14:52:19Z">
          <reporter-output>
          </reporter-output>
        </test-method> <!-- tearDown -->
        <test-method status="SKIP" signature="presenceOfTimeZoneVerification()[pri:5, instance:tests.CallBackReportTest@6a472554]" name="presenceOfTimeZoneVerification" duration-ms="0" started-at="2020-05-08T14:52:19Z" finished-at="2020-05-08T14:52:19Z">
          <reporter-output>
          </reporter-output>
        </test-method> <!-- presenceOfTimeZoneVerification -->
        <test-method status="SKIP" signature="tilesVerification()[pri:6, instance:tests.CallBackReportTest@6a472554]" name="tilesVerification" duration-ms="0" started-at="2020-05-08T14:52:19Z" finished-at="2020-05-08T14:52:19Z">
          <reporter-output>
          </reporter-output>
        </test-method> <!-- tilesVerification -->
        <test-method status="SKIP" signature="tearDown(org.testng.ITestResult)[pri:0, instance:tests.CallBackReportTest@6a472554]" name="tearDown" is-config="true" duration-ms="0" started-at="2020-05-08T14:52:19Z" finished-at="2020-05-08T14:52:19Z">
          <reporter-output>
          </reporter-output>
        </test-method> <!-- tearDown -->
        <test-method status="SKIP" signature="tearDown(org.testng.ITestResult)[pri:0, instance:tests.CallBackReportTest@6a472554]" name="tearDown" is-config="true" duration-ms="0" started-at="2020-05-08T14:52:19Z" finished-at="2020-05-08T14:52:19Z">
          <reporter-output>
          </reporter-output>
        </test-method> <!-- tearDown -->
        <test-method status="SKIP" signature="toalCallsCountVerification()[pri:7, instance:tests.CallBackReportTest@6a472554]" name="toalCallsCountVerification" duration-ms="0" started-at="2020-05-08T14:52:19Z" finished-at="2020-05-08T14:52:19Z">
          <reporter-output>
          </reporter-output>
        </test-method> <!-- toalCallsCountVerification -->
        <test-method status="SKIP" signature="tearDown(org.testng.ITestResult)[pri:0, instance:tests.CallBackReportTest@6a472554]" name="tearDown" is-config="true" duration-ms="0" started-at="2020-05-08T14:52:19Z" finished-at="2020-05-08T14:52:19Z">
          <reporter-output>
          </reporter-output>
        </test-method> <!-- tearDown -->
        <test-method status="SKIP" signature="AnsweredCallsCountVerification()[pri:8, instance:tests.CallBackReportTest@6a472554]" name="AnsweredCallsCountVerification" duration-ms="0" started-at="2020-05-08T14:52:19Z" finished-at="2020-05-08T14:52:19Z">
          <reporter-output>
          </reporter-output>
        </test-method> <!-- AnsweredCallsCountVerification -->
        <test-method status="SKIP" signature="avgCallDurationVerification()[pri:9, instance:tests.CallBackReportTest@6a472554]" name="avgCallDurationVerification" duration-ms="0" started-at="2020-05-08T14:52:19Z" finished-at="2020-05-08T14:52:19Z">
          <reporter-output>
          </reporter-output>
        </test-method> <!-- avgCallDurationVerification -->
        <test-method status="SKIP" signature="tearDown(org.testng.ITestResult)[pri:0, instance:tests.CallBackReportTest@6a472554]" name="tearDown" is-config="true" duration-ms="0" started-at="2020-05-08T14:52:19Z" finished-at="2020-05-08T14:52:19Z">
          <reporter-output>
          </reporter-output>
        </test-method> <!-- tearDown -->
        <test-method status="SKIP" signature="missedOppCallsCountVerification()[pri:10, instance:tests.CallBackReportTest@6a472554]" name="missedOppCallsCountVerification" duration-ms="1" started-at="2020-05-08T14:52:19Z" finished-at="2020-05-08T14:52:19Z">
          <reporter-output>
          </reporter-output>
        </test-method> <!-- missedOppCallsCountVerification -->
        <test-method status="SKIP" signature="tearDown(org.testng.ITestResult)[pri:0, instance:tests.CallBackReportTest@6a472554]" name="tearDown" is-config="true" duration-ms="0" started-at="2020-05-08T14:52:19Z" finished-at="2020-05-08T14:52:19Z">
          <reporter-output>
          </reporter-output>
        </test-method> <!-- tearDown -->
        <test-method status="SKIP" signature="tearDown(org.testng.ITestResult)[pri:0, instance:tests.CallBackReportTest@6a472554]" name="tearDown" is-config="true" duration-ms="0" started-at="2020-05-08T14:52:19Z" finished-at="2020-05-08T14:52:19Z">
          <reporter-output>
          </reporter-output>
        </test-method> <!-- tearDown -->
        <test-method status="SKIP" signature="taggedAsCallBackCountVerification()[pri:11, instance:tests.CallBackReportTest@6a472554]" name="taggedAsCallBackCountVerification" duration-ms="0" started-at="2020-05-08T14:52:19Z" finished-at="2020-05-08T14:52:19Z">
          <reporter-output>
          </reporter-output>
        </test-method> <!-- taggedAsCallBackCountVerification -->
        <test-method status="SKIP" signature="tearDown(org.testng.ITestResult)[pri:0, instance:tests.CallBackReportTest@6a472554]" name="tearDown" is-config="true" duration-ms="0" started-at="2020-05-08T14:52:19Z" finished-at="2020-05-08T14:52:19Z">
          <reporter-output>
          </reporter-output>
        </test-method> <!-- tearDown -->
        <test-method status="SKIP" signature="presenceOfMissedOpportunityOverTimeLabelVerification()[pri:12, instance:tests.CallBackReportTest@6a472554]" name="presenceOfMissedOpportunityOverTimeLabelVerification" duration-ms="0" started-at="2020-05-08T14:52:19Z" finished-at="2020-05-08T14:52:19Z">
          <reporter-output>
          </reporter-output>
        </test-method> <!-- presenceOfMissedOpportunityOverTimeLabelVerification -->
        <test-method status="SKIP" signature="tearDown(org.testng.ITestResult)[pri:0, instance:tests.CallBackReportTest@6a472554]" name="tearDown" is-config="true" duration-ms="0" started-at="2020-05-08T14:52:19Z" finished-at="2020-05-08T14:52:19Z">
          <reporter-output>
          </reporter-output>
        </test-method> <!-- tearDown -->
        <test-method status="SKIP" signature="presenceOfMissedOpportunityOverTimeGraphVerification()[pri:13, instance:tests.CallBackReportTest@6a472554]" name="presenceOfMissedOpportunityOverTimeGraphVerification" duration-ms="0" started-at="2020-05-08T14:52:19Z" finished-at="2020-05-08T14:52:19Z">
          <reporter-output>
          </reporter-output>
        </test-method> <!-- presenceOfMissedOpportunityOverTimeGraphVerification -->
        <test-method status="SKIP" signature="tearDown(org.testng.ITestResult)[pri:0, instance:tests.CallBackReportTest@6a472554]" name="tearDown" is-config="true" duration-ms="0" started-at="2020-05-08T14:52:19Z" finished-at="2020-05-08T14:52:19Z">
          <reporter-output>
          </reporter-output>
        </test-method> <!-- tearDown -->
        <test-method status="SKIP" signature="presenceOfMissedOpportunitySummaryLabelVerification()[pri:14, instance:tests.CallBackReportTest@6a472554]" name="presenceOfMissedOpportunitySummaryLabelVerification" duration-ms="0" started-at="2020-05-08T14:52:19Z" finished-at="2020-05-08T14:52:19Z">
          <reporter-output>
          </reporter-output>
        </test-method> <!-- presenceOfMissedOpportunitySummaryLabelVerification -->
        <test-method status="SKIP" signature="tearDown(org.testng.ITestResult)[pri:0, instance:tests.CallBackReportTest@6a472554]" name="tearDown" is-config="true" duration-ms="0" started-at="2020-05-08T14:52:19Z" finished-at="2020-05-08T14:52:19Z">
          <reporter-output>
          </reporter-output>
        </test-method> <!-- tearDown -->
        <test-method status="SKIP" signature="missedOpportunitySummaryTableColumnVerification()[pri:15, instance:tests.CallBackReportTest@6a472554]" name="missedOpportunitySummaryTableColumnVerification" duration-ms="0" started-at="2020-05-08T14:52:19Z" finished-at="2020-05-08T14:52:19Z">
          <reporter-output>
          </reporter-output>
        </test-method> <!-- missedOpportunitySummaryTableColumnVerification -->
        <test-method status="SKIP" signature="presenceOfTaggedAsCallBackLabelVerification()[pri:16, instance:tests.CallBackReportTest@6a472554]" name="presenceOfTaggedAsCallBackLabelVerification" duration-ms="0" started-at="2020-05-08T14:52:20Z" finished-at="2020-05-08T14:52:20Z">
          <reporter-output>
          </reporter-output>
        </test-method> <!-- presenceOfTaggedAsCallBackLabelVerification -->
        <test-method status="SKIP" signature="tearDown(org.testng.ITestResult)[pri:0, instance:tests.CallBackReportTest@6a472554]" name="tearDown" is-config="true" duration-ms="0" started-at="2020-05-08T14:52:20Z" finished-at="2020-05-08T14:52:20Z">
          <reporter-output>
          </reporter-output>
        </test-method> <!-- tearDown -->
        <test-method status="SKIP" signature="tearDown(org.testng.ITestResult)[pri:0, instance:tests.CallBackReportTest@6a472554]" name="tearDown" is-config="true" duration-ms="0" started-at="2020-05-08T14:52:20Z" finished-at="2020-05-08T14:52:20Z">
          <reporter-output>
          </reporter-output>
        </test-method> <!-- tearDown -->
        <test-method status="SKIP" signature="taggedAsCallBackTableColumnVerification()[pri:17, instance:tests.CallBackReportTest@6a472554]" name="taggedAsCallBackTableColumnVerification" duration-ms="0" started-at="2020-05-08T14:52:20Z" finished-at="2020-05-08T14:52:20Z">
          <reporter-output>
          </reporter-output>
        </test-method> <!-- taggedAsCallBackTableColumnVerification -->
        <test-method status="SKIP" signature="tearDown(org.testng.ITestResult)[pri:0, instance:tests.CallBackReportTest@6a472554]" name="tearDown" is-config="true" duration-ms="0" started-at="2020-05-08T14:52:20Z" finished-at="2020-05-08T14:52:20Z">
          <reporter-output>
          </reporter-output>
        </test-method> <!-- tearDown -->
        <test-method status="SKIP" signature="filterButtonTest()[pri:18, instance:tests.CallBackReportTest@6a472554]" name="filterButtonTest" duration-ms="0" started-at="2020-05-08T14:52:20Z" finished-at="2020-05-08T14:52:20Z">
          <reporter-output>
          </reporter-output>
        </test-method> <!-- filterButtonTest -->
        <test-method status="SKIP" signature="tearDown(org.testng.ITestResult)[pri:0, instance:tests.CallBackReportTest@6a472554]" name="tearDown" is-config="true" duration-ms="0" started-at="2020-05-08T14:52:20Z" finished-at="2020-05-08T14:52:20Z">
          <reporter-output>
          </reporter-output>
        </test-method> <!-- tearDown -->
        <test-method status="SKIP" signature="filterButtonElementsTest()[pri:19, instance:tests.CallBackReportTest@6a472554]" name="filterButtonElementsTest" duration-ms="0" started-at="2020-05-08T14:52:20Z" finished-at="2020-05-08T14:52:20Z">
          <reporter-output>
          </reporter-output>
        </test-method> <!-- filterButtonElementsTest -->
        <test-method status="SKIP" signature="tearDown(org.testng.ITestResult)[pri:0, instance:tests.CallBackReportTest@6a472554]" name="tearDown" is-config="true" duration-ms="0" started-at="2020-05-08T14:52:20Z" finished-at="2020-05-08T14:52:20Z">
          <reporter-output>
          </reporter-output>
        </test-method> <!-- tearDown -->
        <test-method status="SKIP" signature="filterFeatureForMissedOppGroupTest()[pri:20, instance:tests.CallBackReportTest@6a472554]" name="filterFeatureForMissedOppGroupTest" duration-ms="1" started-at="2020-05-08T14:52:20Z" finished-at="2020-05-08T14:52:20Z">
          <reporter-output>
          </reporter-output>
        </test-method> <!-- filterFeatureForMissedOppGroupTest -->
        <test-method status="SKIP" signature="tearDown(org.testng.ITestResult)[pri:0, instance:tests.CallBackReportTest@6a472554]" name="tearDown" is-config="true" duration-ms="0" started-at="2020-05-08T14:52:20Z" finished-at="2020-05-08T14:52:20Z">
          <reporter-output>
          </reporter-output>
        </test-method> <!-- tearDown -->
        <test-method status="SKIP" signature="filterFeatureForMissedOppCampaignTest()[pri:21, instance:tests.CallBackReportTest@6a472554]" name="filterFeatureForMissedOppCampaignTest" duration-ms="0" started-at="2020-05-08T14:52:20Z" finished-at="2020-05-08T14:52:20Z">
          <reporter-output>
          </reporter-output>
        </test-method> <!-- filterFeatureForMissedOppCampaignTest -->
        <test-method status="SKIP" signature="filterFeatureForMissedOppTrackingNumberNameTest()[pri:22, instance:tests.CallBackReportTest@6a472554]" name="filterFeatureForMissedOppTrackingNumberNameTest" duration-ms="0" started-at="2020-05-08T14:52:20Z" finished-at="2020-05-08T14:52:20Z">
          <reporter-output>
          </reporter-output>
        </test-method> <!-- filterFeatureForMissedOppTrackingNumberNameTest -->
        <test-method status="SKIP" signature="tearDown(org.testng.ITestResult)[pri:0, instance:tests.CallBackReportTest@6a472554]" name="tearDown" is-config="true" duration-ms="0" started-at="2020-05-08T14:52:20Z" finished-at="2020-05-08T14:52:20Z">
          <reporter-output>
          </reporter-output>
        </test-method> <!-- tearDown -->
        <test-method status="SKIP" signature="filterFeatureForMissedOppTrackingNumberTest()[pri:23, instance:tests.CallBackReportTest@6a472554]" name="filterFeatureForMissedOppTrackingNumberTest" duration-ms="1" started-at="2020-05-08T14:52:20Z" finished-at="2020-05-08T14:52:20Z">
          <reporter-output>
          </reporter-output>
        </test-method> <!-- filterFeatureForMissedOppTrackingNumberTest -->
        <test-method status="SKIP" signature="tearDown(org.testng.ITestResult)[pri:0, instance:tests.CallBackReportTest@6a472554]" name="tearDown" is-config="true" duration-ms="0" started-at="2020-05-08T14:52:20Z" finished-at="2020-05-08T14:52:20Z">
          <reporter-output>
          </reporter-output>
        </test-method> <!-- tearDown -->
        <test-method status="SKIP" signature="tearDown(org.testng.ITestResult)[pri:0, instance:tests.CallBackReportTest@6a472554]" name="tearDown" is-config="true" duration-ms="0" started-at="2020-05-08T14:52:20Z" finished-at="2020-05-08T14:52:20Z">
          <reporter-output>
          </reporter-output>
        </test-method> <!-- tearDown -->
        <test-method status="SKIP" signature="filterFeatureForTaggedGroupTest()[pri:24, instance:tests.CallBackReportTest@6a472554]" name="filterFeatureForTaggedGroupTest" duration-ms="0" started-at="2020-05-08T14:52:20Z" finished-at="2020-05-08T14:52:20Z">
          <reporter-output>
          </reporter-output>
        </test-method> <!-- filterFeatureForTaggedGroupTest -->
        <test-method status="SKIP" signature="filterFeatureForTaggedCampaignTest()[pri:25, instance:tests.CallBackReportTest@6a472554]" name="filterFeatureForTaggedCampaignTest" duration-ms="0" started-at="2020-05-08T14:52:20Z" finished-at="2020-05-08T14:52:20Z">
          <reporter-output>
          </reporter-output>
        </test-method> <!-- filterFeatureForTaggedCampaignTest -->
        <test-method status="SKIP" signature="tearDown(org.testng.ITestResult)[pri:0, instance:tests.CallBackReportTest@6a472554]" name="tearDown" is-config="true" duration-ms="0" started-at="2020-05-08T14:52:20Z" finished-at="2020-05-08T14:52:20Z">
          <reporter-output>
          </reporter-output>
        </test-method> <!-- tearDown -->
        <test-method status="SKIP" signature="tearDown(org.testng.ITestResult)[pri:0, instance:tests.CallBackReportTest@6a472554]" name="tearDown" is-config="true" duration-ms="0" started-at="2020-05-08T14:52:20Z" finished-at="2020-05-08T14:52:20Z">
          <reporter-output>
          </reporter-output>
        </test-method> <!-- tearDown -->
        <test-method status="SKIP" signature="filterFeatureForTaggedTrackingNumberNameTest()[pri:26, instance:tests.CallBackReportTest@6a472554]" name="filterFeatureForTaggedTrackingNumberNameTest" duration-ms="1" started-at="2020-05-08T14:52:20Z" finished-at="2020-05-08T14:52:20Z">
          <reporter-output>
          </reporter-output>
        </test-method> <!-- filterFeatureForTaggedTrackingNumberNameTest -->
        <test-method status="SKIP" signature="tearDown(org.testng.ITestResult)[pri:0, instance:tests.CallBackReportTest@6a472554]" name="tearDown" is-config="true" duration-ms="0" started-at="2020-05-08T14:52:20Z" finished-at="2020-05-08T14:52:20Z">
          <reporter-output>
          </reporter-output>
        </test-method> <!-- tearDown -->
        <test-method status="SKIP" signature="filterFeatureForTaggedTrackingNumberTest()[pri:27, instance:tests.CallBackReportTest@6a472554]" name="filterFeatureForTaggedTrackingNumberTest" duration-ms="0" started-at="2020-05-08T14:52:20Z" finished-at="2020-05-08T14:52:20Z">
          <reporter-output>
          </reporter-output>
        </test-method> <!-- filterFeatureForTaggedTrackingNumberTest -->
        <test-method status="SKIP" signature="tearDown(org.testng.ITestResult)[pri:0, instance:tests.CallBackReportTest@6a472554]" name="tearDown" is-config="true" duration-ms="0" started-at="2020-05-08T14:52:20Z" finished-at="2020-05-08T14:52:20Z">
          <reporter-output>
          </reporter-output>
        </test-method> <!-- tearDown -->
        <test-method status="SKIP" signature="loggingOut()[pri:0, instance:tests.CallBackReportTest@6a472554]" name="loggingOut" is-config="true" duration-ms="0" started-at="2020-05-08T14:52:20Z" finished-at="2020-05-08T14:52:20Z">
          <reporter-output>
          </reporter-output>
        </test-method> <!-- loggingOut -->
      </class> <!-- tests.CallBackReportTest -->
      <class name="tests.HomeTest">
        <test-method status="SKIP" signature="validLogin()[pri:0, instance:tests.HomeTest@551bdc27]" name="validLogin" is-config="true" duration-ms="0" started-at="2020-05-08T14:52:10Z" finished-at="2020-05-08T14:52:10Z">
          <reporter-output>
          </reporter-output>
        </test-method> <!-- validLogin -->
        <test-method status="SKIP" signature="ui_verification()[pri:1, instance:tests.HomeTest@551bdc27]" name="ui_verification" duration-ms="3" started-at="2020-05-08T14:52:10Z" finished-at="2020-05-08T14:52:10Z">
          <reporter-output>
          </reporter-output>
        </test-method> <!-- ui_verification -->
        <test-method status="SKIP" signature="tearDown(org.testng.ITestResult)[pri:0, instance:tests.HomeTest@551bdc27]" name="tearDown" is-config="true" duration-ms="0" started-at="2020-05-08T14:52:10Z" finished-at="2020-05-08T14:52:10Z">
          <reporter-output>
          </reporter-output>
        </test-method> <!-- tearDown -->
        <test-method status="SKIP" signature="tiles_count_verification_UI()[pri:2, instance:tests.HomeTest@551bdc27]" name="tiles_count_verification_UI" duration-ms="8" started-at="2020-05-08T14:52:10Z" finished-at="2020-05-08T14:52:10Z">
          <reporter-output>
          </reporter-output>
        </test-method> <!-- tiles_count_verification_UI -->
        <test-method status="SKIP" signature="tearDown(org.testng.ITestResult)[pri:0, instance:tests.HomeTest@551bdc27]" name="tearDown" is-config="true" duration-ms="0" started-at="2020-05-08T14:52:10Z" finished-at="2020-05-08T14:52:10Z">
          <reporter-output>
          </reporter-output>
        </test-method> <!-- tearDown -->
        <test-method status="SKIP" signature="logOut()[pri:0, instance:tests.HomeTest@551bdc27]" name="logOut" is-config="true" duration-ms="0" started-at="2020-05-08T14:52:10Z" finished-at="2020-05-08T14:52:10Z">
          <reporter-output>
          </reporter-output>
        </test-method> <!-- logOut -->
        <test-method status="SKIP" signature="tearDown()[pri:0, instance:tests.HomeTest@551bdc27]" name="tearDown" is-config="true" duration-ms="0" started-at="2020-05-08T14:52:20Z" finished-at="2020-05-08T14:52:20Z">
          <reporter-output>
          </reporter-output>
        </test-method> <!-- tearDown -->
      </class> <!-- tests.HomeTest -->
      <class name="tests.CallLogsTest">
        <test-method status="SKIP" signature="goToLookerReports()[pri:0, instance:tests.CallLogsTest@709ba3fb]" name="goToLookerReports" is-config="true" duration-ms="0" started-at="2020-05-08T14:52:17Z" finished-at="2020-05-08T14:52:17Z">
          <reporter-output>
          </reporter-output>
        </test-method> <!-- goToLookerReports -->
        <test-method status="SKIP" signature="headerLabelVerification()[pri:1, instance:tests.CallLogsTest@709ba3fb]" name="headerLabelVerification" duration-ms="0" started-at="2020-05-08T14:52:17Z" finished-at="2020-05-08T14:52:17Z">
          <reporter-output>
          </reporter-output>
        </test-method> <!-- headerLabelVerification -->
        <test-method status="SKIP" signature="tearDown(org.testng.ITestResult)[pri:0, instance:tests.CallLogsTest@709ba3fb]" name="tearDown" is-config="true" duration-ms="0" started-at="2020-05-08T14:52:17Z" finished-at="2020-05-08T14:52:17Z">
          <reporter-output>
          </reporter-output>
        </test-method> <!-- tearDown -->
        <test-method status="SKIP" signature="runButtonVerification()[pri:2, instance:tests.CallLogsTest@709ba3fb]" name="runButtonVerification" duration-ms="0" started-at="2020-05-08T14:52:17Z" finished-at="2020-05-08T14:52:17Z">
          <reporter-output>
          </reporter-output>
        </test-method> <!-- runButtonVerification -->
        <test-method status="SKIP" signature="tearDown(org.testng.ITestResult)[pri:0, instance:tests.CallLogsTest@709ba3fb]" name="tearDown" is-config="true" duration-ms="0" started-at="2020-05-08T14:52:17Z" finished-at="2020-05-08T14:52:17Z">
          <reporter-output>
          </reporter-output>
        </test-method> <!-- tearDown -->
        <test-method status="SKIP" signature="presenceOfTimeZoneVerification()[pri:3, instance:tests.CallLogsTest@709ba3fb]" name="presenceOfTimeZoneVerification" duration-ms="1" started-at="2020-05-08T14:52:17Z" finished-at="2020-05-08T14:52:17Z">
          <reporter-output>
          </reporter-output>
        </test-method> <!-- presenceOfTimeZoneVerification -->
        <test-method status="SKIP" signature="presenceOfGearIconVerification()[pri:4, instance:tests.CallLogsTest@709ba3fb]" name="presenceOfGearIconVerification" duration-ms="1" started-at="2020-05-08T14:52:17Z" finished-at="2020-05-08T14:52:17Z">
          <reporter-output>
          </reporter-output>
        </test-method> <!-- presenceOfGearIconVerification -->
        <test-method status="SKIP" signature="tearDown(org.testng.ITestResult)[pri:0, instance:tests.CallLogsTest@709ba3fb]" name="tearDown" is-config="true" duration-ms="0" started-at="2020-05-08T14:52:17Z" finished-at="2020-05-08T14:52:17Z">
          <reporter-output>
          </reporter-output>
        </test-method> <!-- tearDown -->
        <test-method status="SKIP" signature="tearDown(org.testng.ITestResult)[pri:0, instance:tests.CallLogsTest@709ba3fb]" name="tearDown" is-config="true" duration-ms="0" started-at="2020-05-08T14:52:17Z" finished-at="2020-05-08T14:52:17Z">
          <reporter-output>
          </reporter-output>
        </test-method> <!-- tearDown -->
        <test-method status="SKIP" signature="gearIconOptionsVerification()[pri:5, instance:tests.CallLogsTest@709ba3fb]" name="gearIconOptionsVerification" duration-ms="1" started-at="2020-05-08T14:52:17Z" finished-at="2020-05-08T14:52:17Z">
          <reporter-output>
          </reporter-output>
        </test-method> <!-- gearIconOptionsVerification -->
        <test-method status="SKIP" signature="tearDown(org.testng.ITestResult)[pri:0, instance:tests.CallLogsTest@709ba3fb]" name="tearDown" is-config="true" duration-ms="0" started-at="2020-05-08T14:52:17Z" finished-at="2020-05-08T14:52:17Z">
          <reporter-output>
          </reporter-output>
        </test-method> <!-- tearDown -->
        <test-method status="SKIP" signature="tilesVerification()[pri:6, instance:tests.CallLogsTest@709ba3fb]" name="tilesVerification" duration-ms="0" started-at="2020-05-08T14:52:17Z" finished-at="2020-05-08T14:52:17Z">
          <reporter-output>
          </reporter-output>
        </test-method> <!-- tilesVerification -->
        <test-method status="SKIP" signature="tearDown(org.testng.ITestResult)[pri:0, instance:tests.CallLogsTest@709ba3fb]" name="tearDown" is-config="true" duration-ms="0" started-at="2020-05-08T14:52:17Z" finished-at="2020-05-08T14:52:17Z">
          <reporter-output>
          </reporter-output>
        </test-method> <!-- tearDown -->
        <test-method status="SKIP" signature="totalCallsTileValueVerification()[pri:7, instance:tests.CallLogsTest@709ba3fb]" name="totalCallsTileValueVerification" duration-ms="1" started-at="2020-05-08T14:52:17Z" finished-at="2020-05-08T14:52:17Z">
          <reporter-output>
          </reporter-output>
        </test-method> <!-- totalCallsTileValueVerification -->
        <test-method status="SKIP" signature="tearDown(org.testng.ITestResult)[pri:0, instance:tests.CallLogsTest@709ba3fb]" name="tearDown" is-config="true" duration-ms="0" started-at="2020-05-08T14:52:17Z" finished-at="2020-05-08T14:52:17Z">
          <reporter-output>
          </reporter-output>
        </test-method> <!-- tearDown -->
        <test-method status="SKIP" signature="uniqueCallsTileValueVerification()[pri:8, instance:tests.CallLogsTest@709ba3fb]" name="uniqueCallsTileValueVerification" duration-ms="0" started-at="2020-05-08T14:52:17Z" finished-at="2020-05-08T14:52:17Z">
          <reporter-output>
          </reporter-output>
        </test-method> <!-- uniqueCallsTileValueVerification -->
        <test-method status="SKIP" signature="tearDown(org.testng.ITestResult)[pri:0, instance:tests.CallLogsTest@709ba3fb]" name="tearDown" is-config="true" duration-ms="0" started-at="2020-05-08T14:52:17Z" finished-at="2020-05-08T14:52:17Z">
          <reporter-output>
          </reporter-output>
        </test-method> <!-- tearDown -->
        <test-method status="SKIP" signature="answeredCallsTileValueVerification()[pri:9, instance:tests.CallLogsTest@709ba3fb]" name="answeredCallsTileValueVerification" duration-ms="0" started-at="2020-05-08T14:52:17Z" finished-at="2020-05-08T14:52:17Z">
          <reporter-output>
          </reporter-output>
        </test-method> <!-- answeredCallsTileValueVerification -->
        <test-method status="SKIP" signature="averageCallsDurationTileValueVerification()[pri:10, instance:tests.CallLogsTest@709ba3fb]" name="averageCallsDurationTileValueVerification" duration-ms="1" started-at="2020-05-08T14:52:17Z" finished-at="2020-05-08T14:52:17Z">
          <reporter-output>
          </reporter-output>
        </test-method> <!-- averageCallsDurationTileValueVerification -->
        <test-method status="SKIP" signature="tearDown(org.testng.ITestResult)[pri:0, instance:tests.CallLogsTest@709ba3fb]" name="tearDown" is-config="true" duration-ms="0" started-at="2020-05-08T14:52:17Z" finished-at="2020-05-08T14:52:17Z">
          <reporter-output>
          </reporter-output>
        </test-method> <!-- tearDown -->
        <test-method status="SKIP" signature="totalLeadsTileValueVerification()[pri:11, instance:tests.CallLogsTest@709ba3fb]" name="totalLeadsTileValueVerification" duration-ms="0" started-at="2020-05-08T14:52:17Z" finished-at="2020-05-08T14:52:17Z">
          <reporter-output>
          </reporter-output>
        </test-method> <!-- totalLeadsTileValueVerification -->
        <test-method status="SKIP" signature="tearDown(org.testng.ITestResult)[pri:0, instance:tests.CallLogsTest@709ba3fb]" name="tearDown" is-config="true" duration-ms="0" started-at="2020-05-08T14:52:17Z" finished-at="2020-05-08T14:52:17Z">
          <reporter-output>
          </reporter-output>
        </test-method> <!-- tearDown -->
        <test-method status="SKIP" signature="tearDown(org.testng.ITestResult)[pri:0, instance:tests.CallLogsTest@709ba3fb]" name="tearDown" is-config="true" duration-ms="0" started-at="2020-05-08T14:52:17Z" finished-at="2020-05-08T14:52:17Z">
          <reporter-output>
          </reporter-output>
        </test-method> <!-- tearDown -->
        <test-method status="SKIP" signature="totalConversionTileValueVerification()[pri:12, instance:tests.CallLogsTest@709ba3fb]" name="totalConversionTileValueVerification" duration-ms="1" started-at="2020-05-08T14:52:17Z" finished-at="2020-05-08T14:52:17Z">
          <reporter-output>
          </reporter-output>
        </test-method> <!-- totalConversionTileValueVerification -->
        <test-method status="SKIP" signature="presenceOfTotalCallsGraph()[pri:13, instance:tests.CallLogsTest@709ba3fb]" name="presenceOfTotalCallsGraph" duration-ms="0" started-at="2020-05-08T14:52:17Z" finished-at="2020-05-08T14:52:17Z">
          <reporter-output>
          </reporter-output>
        </test-method> <!-- presenceOfTotalCallsGraph -->
        <test-method status="SKIP" signature="tearDown(org.testng.ITestResult)[pri:0, instance:tests.CallLogsTest@709ba3fb]" name="tearDown" is-config="true" duration-ms="0" started-at="2020-05-08T14:52:17Z" finished-at="2020-05-08T14:52:17Z">
          <reporter-output>
          </reporter-output>
        </test-method> <!-- tearDown -->
        <test-method status="SKIP" signature="tearDown(org.testng.ITestResult)[pri:0, instance:tests.CallLogsTest@709ba3fb]" name="tearDown" is-config="true" duration-ms="0" started-at="2020-05-08T14:52:17Z" finished-at="2020-05-08T14:52:17Z">
          <reporter-output>
          </reporter-output>
        </test-method> <!-- tearDown -->
        <test-method status="SKIP" signature="presenceOfUniqueCallsGraph()[pri:14, instance:tests.CallLogsTest@709ba3fb]" name="presenceOfUniqueCallsGraph" duration-ms="0" started-at="2020-05-08T14:52:17Z" finished-at="2020-05-08T14:52:17Z">
          <reporter-output>
          </reporter-output>
        </test-method> <!-- presenceOfUniqueCallsGraph -->
        <test-method status="SKIP" signature="tearDown(org.testng.ITestResult)[pri:0, instance:tests.CallLogsTest@709ba3fb]" name="tearDown" is-config="true" duration-ms="0" started-at="2020-05-08T14:52:17Z" finished-at="2020-05-08T14:52:17Z">
          <reporter-output>
          </reporter-output>
        </test-method> <!-- tearDown -->
        <test-method status="SKIP" signature="tableColumnsTest()[pri:15, instance:tests.CallLogsTest@709ba3fb]" name="tableColumnsTest" duration-ms="1" started-at="2020-05-08T14:52:17Z" finished-at="2020-05-08T14:52:17Z">
          <reporter-output>
          </reporter-output>
        </test-method> <!-- tableColumnsTest -->
        <test-method status="SKIP" signature="tearDown(org.testng.ITestResult)[pri:0, instance:tests.CallLogsTest@709ba3fb]" name="tearDown" is-config="true" duration-ms="0" started-at="2020-05-08T14:52:18Z" finished-at="2020-05-08T14:52:18Z">
          <reporter-output>
          </reporter-output>
        </test-method> <!-- tearDown -->
        <test-method status="SKIP" signature="filterButtonTest()[pri:16, instance:tests.CallLogsTest@709ba3fb]" name="filterButtonTest" duration-ms="0" started-at="2020-05-08T14:52:18Z" finished-at="2020-05-08T14:52:18Z">
          <reporter-output>
          </reporter-output>
        </test-method> <!-- filterButtonTest -->
        <test-method status="SKIP" signature="tearDown(org.testng.ITestResult)[pri:0, instance:tests.CallLogsTest@709ba3fb]" name="tearDown" is-config="true" duration-ms="0" started-at="2020-05-08T14:52:18Z" finished-at="2020-05-08T14:52:18Z">
          <reporter-output>
          </reporter-output>
        </test-method> <!-- tearDown -->
        <test-method status="SKIP" signature="filterButtonElementsTest()[pri:17, instance:tests.CallLogsTest@709ba3fb]" name="filterButtonElementsTest" duration-ms="0" started-at="2020-05-08T14:52:18Z" finished-at="2020-05-08T14:52:18Z">
          <reporter-output>
          </reporter-output>
        </test-method> <!-- filterButtonElementsTest -->
        <test-method status="SKIP" signature="tearDown(org.testng.ITestResult)[pri:0, instance:tests.CallLogsTest@709ba3fb]" name="tearDown" is-config="true" duration-ms="0" started-at="2020-05-08T14:52:18Z" finished-at="2020-05-08T14:52:18Z">
          <reporter-output>
          </reporter-output>
        </test-method> <!-- tearDown -->
        <test-method status="SKIP" signature="filterFeatureForGroupTest()[pri:18, instance:tests.CallLogsTest@709ba3fb]" name="filterFeatureForGroupTest" duration-ms="0" started-at="2020-05-08T14:52:18Z" finished-at="2020-05-08T14:52:18Z">
          <reporter-output>
          </reporter-output>
        </test-method> <!-- filterFeatureForGroupTest -->
        <test-method status="SKIP" signature="tearDown(org.testng.ITestResult)[pri:0, instance:tests.CallLogsTest@709ba3fb]" name="tearDown" is-config="true" duration-ms="0" started-at="2020-05-08T14:52:18Z" finished-at="2020-05-08T14:52:18Z">
          <reporter-output>
          </reporter-output>
        </test-method> <!-- tearDown -->
        <test-method status="SKIP" signature="filterFeatureForCampaignTest()[pri:19, instance:tests.CallLogsTest@709ba3fb]" name="filterFeatureForCampaignTest" duration-ms="1" started-at="2020-05-08T14:52:18Z" finished-at="2020-05-08T14:52:18Z">
          <reporter-output>
          </reporter-output>
        </test-method> <!-- filterFeatureForCampaignTest -->
        <test-method status="SKIP" signature="tearDown(org.testng.ITestResult)[pri:0, instance:tests.CallLogsTest@709ba3fb]" name="tearDown" is-config="true" duration-ms="0" started-at="2020-05-08T14:52:18Z" finished-at="2020-05-08T14:52:18Z">
          <reporter-output>
          </reporter-output>
        </test-method> <!-- tearDown -->
        <test-method status="SKIP" signature="footerNoteTest()[pri:20, instance:tests.CallLogsTest@709ba3fb]" name="footerNoteTest" duration-ms="0" started-at="2020-05-08T14:52:18Z" finished-at="2020-05-08T14:52:18Z">
          <reporter-output>
          </reporter-output>
        </test-method> <!-- footerNoteTest -->
        <test-method status="SKIP" signature="tearDown(org.testng.ITestResult)[pri:0, instance:tests.CallLogsTest@709ba3fb]" name="tearDown" is-config="true" duration-ms="0" started-at="2020-05-08T14:52:18Z" finished-at="2020-05-08T14:52:18Z">
          <reporter-output>
          </reporter-output>
        </test-method> <!-- tearDown -->
        <test-method status="SKIP" signature="presenceOfDetailedViewTileTest()[pri:21, instance:tests.CallLogsTest@709ba3fb]" name="presenceOfDetailedViewTileTest" duration-ms="0" started-at="2020-05-08T14:52:18Z" finished-at="2020-05-08T14:52:18Z">
          <reporter-output>
          </reporter-output>
        </test-method> <!-- presenceOfDetailedViewTileTest -->
        <test-method status="SKIP" signature="tearDown(org.testng.ITestResult)[pri:0, instance:tests.CallLogsTest@709ba3fb]" name="tearDown" is-config="true" duration-ms="0" started-at="2020-05-08T14:52:18Z" finished-at="2020-05-08T14:52:18Z">
          <reporter-output>
          </reporter-output>
        </test-method> <!-- tearDown -->
        <test-method status="SKIP" signature="detailedViewUIVerificationTest()[pri:22, instance:tests.CallLogsTest@709ba3fb]" name="detailedViewUIVerificationTest" duration-ms="0" started-at="2020-05-08T14:52:18Z" finished-at="2020-05-08T14:52:18Z">
          <reporter-output>
          </reporter-output>
        </test-method> <!-- detailedViewUIVerificationTest -->
        <test-method status="SKIP" signature="tearDown(org.testng.ITestResult)[pri:0, instance:tests.CallLogsTest@709ba3fb]" name="tearDown" is-config="true" duration-ms="0" started-at="2020-05-08T14:52:18Z" finished-at="2020-05-08T14:52:18Z">
          <reporter-output>
          </reporter-output>
        </test-method> <!-- tearDown -->
        <test-method status="SKIP" signature="loggingOut()[pri:0, instance:tests.CallLogsTest@709ba3fb]" name="loggingOut" is-config="true" duration-ms="0" started-at="2020-05-08T14:52:18Z" finished-at="2020-05-08T14:52:18Z">
          <reporter-output>
          </reporter-output>
        </test-method> <!-- loggingOut -->
      </class> <!-- tests.CallLogsTest -->
      <class name="tests.GroupActivityReportTest">
        <test-method status="SKIP" signature="uiVerification()[pri:1, instance:tests.GroupActivityReportTest@7364985f]" name="uiVerification" duration-ms="0" started-at="2020-05-08T14:52:14Z" finished-at="2020-05-08T14:52:14Z">
          <reporter-output>
          </reporter-output>
        </test-method> <!-- uiVerification -->
        <test-method status="SKIP" signature="goToGroupActivityReportPage()[pri:0, instance:tests.GroupActivityReportTest@7364985f]" name="goToGroupActivityReportPage" is-config="true" duration-ms="0" started-at="2020-05-08T14:52:14Z" finished-at="2020-05-08T14:52:14Z">
          <reporter-output>
          </reporter-output>
        </test-method> <!-- goToGroupActivityReportPage -->
        <test-method status="SKIP" signature="dateRangeFilterUIVerification()[pri:2, instance:tests.GroupActivityReportTest@7364985f]" name="dateRangeFilterUIVerification" duration-ms="1" started-at="2020-05-08T14:52:14Z" finished-at="2020-05-08T14:52:14Z">
          <reporter-output>
          </reporter-output>
        </test-method> <!-- dateRangeFilterUIVerification -->
        <test-method status="SKIP" signature="tearDown(org.testng.ITestResult)[pri:0, instance:tests.GroupActivityReportTest@7364985f]" name="tearDown" is-config="true" duration-ms="0" started-at="2020-05-08T14:52:14Z" finished-at="2020-05-08T14:52:14Z">
          <reporter-output>
          </reporter-output>
        </test-method> <!-- tearDown -->
        <test-method status="SKIP" signature="tearDown(org.testng.ITestResult)[pri:0, instance:tests.GroupActivityReportTest@7364985f]" name="tearDown" is-config="true" duration-ms="0" started-at="2020-05-08T14:52:14Z" finished-at="2020-05-08T14:52:14Z">
          <reporter-output>
          </reporter-output>
        </test-method> <!-- tearDown -->
        <test-method status="SKIP" signature="tileCountVerification()[pri:3, instance:tests.GroupActivityReportTest@7364985f]" name="tileCountVerification" duration-ms="0" started-at="2020-05-08T14:52:14Z" finished-at="2020-05-08T14:52:14Z">
          <reporter-output>
          </reporter-output>
        </test-method> <!-- tileCountVerification -->
        <test-method status="SKIP" signature="tearDown(org.testng.ITestResult)[pri:0, instance:tests.GroupActivityReportTest@7364985f]" name="tearDown" is-config="true" duration-ms="0" started-at="2020-05-08T14:52:14Z" finished-at="2020-05-08T14:52:14Z">
          <reporter-output>
          </reporter-output>
        </test-method> <!-- tearDown -->
        <test-method status="SKIP" signature="secondaryGroupingOptions()[pri:4, instance:tests.GroupActivityReportTest@7364985f]" name="secondaryGroupingOptions" duration-ms="0" started-at="2020-05-08T14:52:14Z" finished-at="2020-05-08T14:52:14Z">
          <reporter-output>
          </reporter-output>
        </test-method> <!-- secondaryGroupingOptions -->
        <test-method status="SKIP" signature="tableCountVerification()[pri:5, instance:tests.GroupActivityReportTest@7364985f]" name="tableCountVerification" duration-ms="1" started-at="2020-05-08T14:52:14Z" finished-at="2020-05-08T14:52:14Z">
          <reporter-output>
          </reporter-output>
        </test-method> <!-- tableCountVerification -->
        <test-method status="SKIP" signature="tearDown(org.testng.ITestResult)[pri:0, instance:tests.GroupActivityReportTest@7364985f]" name="tearDown" is-config="true" duration-ms="0" started-at="2020-05-08T14:52:14Z" finished-at="2020-05-08T14:52:14Z">
          <reporter-output>
          </reporter-output>
        </test-method> <!-- tearDown -->
        <test-method status="SKIP" signature="tearDown(org.testng.ITestResult)[pri:0, instance:tests.GroupActivityReportTest@7364985f]" name="tearDown" is-config="true" duration-ms="0" started-at="2020-05-08T14:52:14Z" finished-at="2020-05-08T14:52:14Z">
          <reporter-output>
          </reporter-output>
        </test-method> <!-- tearDown -->
        <test-method status="SKIP" signature="paginationToolboxUIVerification()[pri:6, instance:tests.GroupActivityReportTest@7364985f]" name="paginationToolboxUIVerification" duration-ms="0" started-at="2020-05-08T14:52:14Z" finished-at="2020-05-08T14:52:14Z">
          <reporter-output>
          </reporter-output>
        </test-method> <!-- paginationToolboxUIVerification -->
        <test-method status="SKIP" signature="tearDown(org.testng.ITestResult)[pri:0, instance:tests.GroupActivityReportTest@7364985f]" name="tearDown" is-config="true" duration-ms="0" started-at="2020-05-08T14:52:14Z" finished-at="2020-05-08T14:52:14Z">
          <reporter-output>
          </reporter-output>
        </test-method> <!-- tearDown -->
        <test-method status="SKIP" signature="paginationCountVerification()[pri:7, instance:tests.GroupActivityReportTest@7364985f]" name="paginationCountVerification" duration-ms="0" started-at="2020-05-08T14:52:14Z" finished-at="2020-05-08T14:52:14Z">
          <reporter-output>
          </reporter-output>
        </test-method> <!-- paginationCountVerification -->
        <test-method status="SKIP" signature="tearDown(org.testng.ITestResult)[pri:0, instance:tests.GroupActivityReportTest@7364985f]" name="tearDown" is-config="true" duration-ms="0" started-at="2020-05-08T14:52:15Z" finished-at="2020-05-08T14:52:15Z">
          <reporter-output>
          </reporter-output>
        </test-method> <!-- tearDown -->
        <test-method status="SKIP" signature="defaultColumnPickerOptions()[pri:8, instance:tests.GroupActivityReportTest@7364985f]" name="defaultColumnPickerOptions" duration-ms="0" started-at="2020-05-08T14:52:15Z" finished-at="2020-05-08T14:52:15Z">
          <reporter-output>
          </reporter-output>
        </test-method> <!-- defaultColumnPickerOptions -->
        <test-method status="SKIP" signature="tearDown(org.testng.ITestResult)[pri:0, instance:tests.GroupActivityReportTest@7364985f]" name="tearDown" is-config="true" duration-ms="0" started-at="2020-05-08T14:52:15Z" finished-at="2020-05-08T14:52:15Z">
          <reporter-output>
          </reporter-output>
        </test-method> <!-- tearDown -->
        <test-method status="SKIP" signature="defaultColumnsDisplayed()[pri:9, instance:tests.GroupActivityReportTest@7364985f]" name="defaultColumnsDisplayed" duration-ms="0" started-at="2020-05-08T14:52:15Z" finished-at="2020-05-08T14:52:15Z">
          <reporter-output>
          </reporter-output>
        </test-method> <!-- defaultColumnsDisplayed -->
        <test-method status="SKIP" signature="allColumnPickerCheckboxesClickable()[pri:10, instance:tests.GroupActivityReportTest@7364985f]" name="allColumnPickerCheckboxesClickable" duration-ms="1" started-at="2020-05-08T14:52:15Z" finished-at="2020-05-08T14:52:15Z">
          <reporter-output>
          </reporter-output>
        </test-method> <!-- allColumnPickerCheckboxesClickable -->
        <test-method status="SKIP" signature="tearDown(org.testng.ITestResult)[pri:0, instance:tests.GroupActivityReportTest@7364985f]" name="tearDown" is-config="true" duration-ms="0" started-at="2020-05-08T14:52:15Z" finished-at="2020-05-08T14:52:15Z">
          <reporter-output>
          </reporter-output>
        </test-method> <!-- tearDown -->
        <test-method status="SKIP" signature="tearDown(org.testng.ITestResult)[pri:0, instance:tests.GroupActivityReportTest@7364985f]" name="tearDown" is-config="true" duration-ms="0" started-at="2020-05-08T14:52:15Z" finished-at="2020-05-08T14:52:15Z">
          <reporter-output>
          </reporter-output>
        </test-method> <!-- tearDown -->
        <test-method status="SKIP" signature="defaultSecondaryGroupingOption()[pri:11, instance:tests.GroupActivityReportTest@7364985f]" name="defaultSecondaryGroupingOption" duration-ms="0" started-at="2020-05-08T14:52:15Z" finished-at="2020-05-08T14:52:15Z">
          <reporter-output>
          </reporter-output>
        </test-method> <!-- defaultSecondaryGroupingOption -->
        <test-method status="SKIP" signature="tearDown(org.testng.ITestResult)[pri:0, instance:tests.GroupActivityReportTest@7364985f]" name="tearDown" is-config="true" duration-ms="0" started-at="2020-05-08T14:52:15Z" finished-at="2020-05-08T14:52:15Z">
          <reporter-output>
          </reporter-output>
        </test-method> <!-- tearDown -->
        <test-method status="SKIP" signature="secondaryGroupingFeatureForNone()[pri:12, instance:tests.GroupActivityReportTest@7364985f]" name="secondaryGroupingFeatureForNone" duration-ms="1" started-at="2020-05-08T14:52:15Z" finished-at="2020-05-08T14:52:15Z">
          <reporter-output>
          </reporter-output>
        </test-method> <!-- secondaryGroupingFeatureForNone -->
        <test-method status="SKIP" signature="tearDown(org.testng.ITestResult)[pri:0, instance:tests.GroupActivityReportTest@7364985f]" name="tearDown" is-config="true" duration-ms="0" started-at="2020-05-08T14:52:15Z" finished-at="2020-05-08T14:52:15Z">
          <reporter-output>
          </reporter-output>
        </test-method> <!-- tearDown -->
        <test-method status="SKIP" signature="secondaryGroupingFeatureForTrackingNumber()[pri:13, instance:tests.GroupActivityReportTest@7364985f]" name="secondaryGroupingFeatureForTrackingNumber" duration-ms="0" started-at="2020-05-08T14:52:15Z" finished-at="2020-05-08T14:52:15Z">
          <reporter-output>
          </reporter-output>
        </test-method> <!-- secondaryGroupingFeatureForTrackingNumber -->
        <test-method status="SKIP" signature="tearDown(org.testng.ITestResult)[pri:0, instance:tests.GroupActivityReportTest@7364985f]" name="tearDown" is-config="true" duration-ms="0" started-at="2020-05-08T14:52:15Z" finished-at="2020-05-08T14:52:15Z">
          <reporter-output>
          </reporter-output>
        </test-method> <!-- tearDown -->
        <test-method status="SKIP" signature="secondaryGroupingFeatureForCampaign()[pri:14, instance:tests.GroupActivityReportTest@7364985f]" name="secondaryGroupingFeatureForCampaign" duration-ms="1" started-at="2020-05-08T14:52:15Z" finished-at="2020-05-08T14:52:15Z">
          <reporter-output>
          </reporter-output>
        </test-method> <!-- secondaryGroupingFeatureForCampaign -->
        <test-method status="SKIP" signature="tearDown(org.testng.ITestResult)[pri:0, instance:tests.GroupActivityReportTest@7364985f]" name="tearDown" is-config="true" duration-ms="0" started-at="2020-05-08T14:52:15Z" finished-at="2020-05-08T14:52:15Z">
          <reporter-output>
          </reporter-output>
        </test-method> <!-- tearDown -->
        <test-method status="SKIP" signature="secondaryGroupingFeatureForCampaignColumn()[pri:15, instance:tests.GroupActivityReportTest@7364985f]" name="secondaryGroupingFeatureForCampaignColumn" duration-ms="1" started-at="2020-05-08T14:52:15Z" finished-at="2020-05-08T14:52:15Z">
          <reporter-output>
          </reporter-output>
        </test-method> <!-- secondaryGroupingFeatureForCampaignColumn -->
        <test-method status="SKIP" signature="tearDown(org.testng.ITestResult)[pri:0, instance:tests.GroupActivityReportTest@7364985f]" name="tearDown" is-config="true" duration-ms="0" started-at="2020-05-08T14:52:15Z" finished-at="2020-05-08T14:52:15Z">
          <reporter-output>
          </reporter-output>
        </test-method> <!-- tearDown -->
        <test-method status="SKIP" signature="secondaryGroupingFeatureForTrackingumberColumn()[pri:16, instance:tests.GroupActivityReportTest@7364985f]" name="secondaryGroupingFeatureForTrackingumberColumn" duration-ms="1" started-at="2020-05-08T14:52:15Z" finished-at="2020-05-08T14:52:15Z">
          <reporter-output>
          </reporter-output>
[...]
        </test-method> <!-- scheduledReportForCallDetails -->
        <test-method status="SKIP" signature="tearDown(org.testng.ITestResult)[pri:0, instance:tests.LegacyScheduledReportTest@5d20e46]" name="tearDown" is-config="true" duration-ms="0" started-at="2020-05-08T14:52:16Z" finished-at="2020-05-08T14:52:16Z">
          <reporter-output>
          </reporter-output>
        </test-method> <!-- tearDown -->
        <test-method status="SKIP" signature="scheduledReportForTrackingNumberSettingsReport()[pri:23, instance:tests.LegacyScheduledReportTest@5d20e46]" name="scheduledReportForTrackingNumberSettingsReport" duration-ms="0" started-at="2020-05-08T14:52:16Z" finished-at="2020-05-08T14:52:16Z">
          <reporter-output>
          </reporter-output>
        </test-method> <!-- scheduledReportForTrackingNumberSettingsReport -->
        <test-method status="SKIP" signature="tearDown(org.testng.ITestResult)[pri:0, instance:tests.LegacyScheduledReportTest@5d20e46]" name="tearDown" is-config="true" duration-ms="0" started-at="2020-05-08T14:52:17Z" finished-at="2020-05-08T14:52:17Z">
          <reporter-output>
          </reporter-output>
        </test-method> <!-- tearDown -->
        <test-method status="SKIP" signature="scheduledReportForGroupActivityReport()[pri:24, instance:tests.LegacyScheduledReportTest@5d20e46]" name="scheduledReportForGroupActivityReport" duration-ms="1" started-at="2020-05-08T14:52:17Z" finished-at="2020-05-08T14:52:17Z">
          <reporter-output>
          </reporter-output>
        </test-method> <!-- scheduledReportForGroupActivityReport -->
        <test-method status="SKIP" signature="tearDown(org.testng.ITestResult)[pri:0, instance:tests.LegacyScheduledReportTest@5d20e46]" name="tearDown" is-config="true" duration-ms="0" started-at="2020-05-08T14:52:17Z" finished-at="2020-05-08T14:52:17Z">
          <reporter-output>
          </reporter-output>
        </test-method> <!-- tearDown -->
        <test-method status="SKIP" signature="addNewScheduleDistributionSectionUIVerificationTest()[pri:25, instance:tests.LegacyScheduledReportTest@5d20e46]" name="addNewScheduleDistributionSectionUIVerificationTest" duration-ms="1" started-at="2020-05-08T14:52:17Z" finished-at="2020-05-08T14:52:17Z">
          <reporter-output>
          </reporter-output>
        </test-method> <!-- addNewScheduleDistributionSectionUIVerificationTest -->
        <test-method status="SKIP" signature="tearDown(org.testng.ITestResult)[pri:0, instance:tests.LegacyScheduledReportTest@5d20e46]" name="tearDown" is-config="true" duration-ms="0" started-at="2020-05-08T14:52:17Z" finished-at="2020-05-08T14:52:17Z">
          <reporter-output>
          </reporter-output>
        </test-method> <!-- tearDown -->
        <test-method status="SKIP" signature="addNewScheduleDistributionTest()[pri:26, instance:tests.LegacyScheduledReportTest@5d20e46]" name="addNewScheduleDistributionTest" duration-ms="0" started-at="2020-05-08T14:52:17Z" finished-at="2020-05-08T14:52:17Z">
          <reporter-output>
          </reporter-output>
        </test-method> <!-- addNewScheduleDistributionTest -->
        <test-method status="SKIP" signature="editScheduledReportTest()[pri:27, instance:tests.LegacyScheduledReportTest@5d20e46]" name="editScheduledReportTest" duration-ms="1" started-at="2020-05-08T14:52:17Z" finished-at="2020-05-08T14:52:17Z">
          <reporter-output>
          </reporter-output>
        </test-method> <!-- editScheduledReportTest -->
        <test-method status="SKIP" signature="tearDown(org.testng.ITestResult)[pri:0, instance:tests.LegacyScheduledReportTest@5d20e46]" name="tearDown" is-config="true" duration-ms="0" started-at="2020-05-08T14:52:17Z" finished-at="2020-05-08T14:52:17Z">
          <reporter-output>
          </reporter-output>
        </test-method> <!-- tearDown -->
        <test-method status="SKIP" signature="sendNowScheduledReportTest()[pri:28, instance:tests.LegacyScheduledReportTest@5d20e46]" name="sendNowScheduledReportTest" duration-ms="1" started-at="2020-05-08T14:52:17Z" finished-at="2020-05-08T14:52:17Z">
          <reporter-output>
          </reporter-output>
        </test-method> <!-- sendNowScheduledReportTest -->
        <test-method status="SKIP" signature="tearDown(org.testng.ITestResult)[pri:0, instance:tests.LegacyScheduledReportTest@5d20e46]" name="tearDown" is-config="true" duration-ms="0" started-at="2020-05-08T14:52:17Z" finished-at="2020-05-08T14:52:17Z">
          <reporter-output>
          </reporter-output>
        </test-method> <!-- tearDown -->
        <test-method status="SKIP" signature="tearDown(org.testng.ITestResult)[pri:0, instance:tests.LegacyScheduledReportTest@5d20e46]" name="tearDown" is-config="true" duration-ms="0" started-at="2020-05-08T14:52:17Z" finished-at="2020-05-08T14:52:17Z">
          <reporter-output>
          </reporter-output>
        </test-method> <!-- tearDown -->
        <test-method status="SKIP" signature="deleteScheduledReportTest()[pri:29, instance:tests.LegacyScheduledReportTest@5d20e46]" name="deleteScheduledReportTest" duration-ms="0" started-at="2020-05-08T14:52:17Z" finished-at="2020-05-08T14:52:17Z">
          <reporter-output>
          </reporter-output>
        </test-method> <!-- deleteScheduledReportTest -->
        <test-method status="SKIP" signature="logOut()[pri:0, instance:tests.LegacyScheduledReportTest@5d20e46]" name="logOut" is-config="true" duration-ms="0" started-at="2020-05-08T14:52:17Z" finished-at="2020-05-08T14:52:17Z">
          <reporter-output>
          </reporter-output>
        </test-method> <!-- logOut -->
        <test-method status="SKIP" signature="tearDown(org.testng.ITestResult)[pri:0, instance:tests.LegacyScheduledReportTest@5d20e46]" name="tearDown" is-config="true" duration-ms="0" started-at="2020-05-08T14:52:17Z" finished-at="2020-05-08T14:52:17Z">
          <reporter-output>
          </reporter-output>
        </test-method> <!-- tearDown -->
      </class> <!-- tests.LegacyScheduledReportTest -->
      <class name="tests.TrackingNumberSettingsTest">
        <test-method status="SKIP" signature="uiVerification()[pri:1, instance:tests.TrackingNumberSettingsTest@ba8d91c]" name="uiVerification" duration-ms="1" started-at="2020-05-08T14:52:14Z" finished-at="2020-05-08T14:52:14Z">
          <reporter-output>
          </reporter-output>
        </test-method> <!-- uiVerification -->
        <test-method status="SKIP" signature="goToTrackingNumberSettingsPage()[pri:0, instance:tests.TrackingNumberSettingsTest@ba8d91c]" name="goToTrackingNumberSettingsPage" is-config="true" duration-ms="0" started-at="2020-05-08T14:52:14Z" finished-at="2020-05-08T14:52:14Z">
          <reporter-output>
          </reporter-output>
        </test-method> <!-- goToTrackingNumberSettingsPage -->
        <test-method status="SKIP" signature="tearDown(org.testng.ITestResult)[pri:0, instance:tests.TrackingNumberSettingsTest@ba8d91c]" name="tearDown" is-config="true" duration-ms="0" started-at="2020-05-08T14:52:14Z" finished-at="2020-05-08T14:52:14Z">
          <reporter-output>
          </reporter-output>
        </test-method> <!-- tearDown -->
        <test-method status="SKIP" signature="paginationUIVerification()[pri:2, instance:tests.TrackingNumberSettingsTest@ba8d91c]" name="paginationUIVerification" duration-ms="1" started-at="2020-05-08T14:52:14Z" finished-at="2020-05-08T14:52:14Z">
          <reporter-output>
          </reporter-output>
        </test-method> <!-- paginationUIVerification -->
        <test-method status="SKIP" signature="tearDown(org.testng.ITestResult)[pri:0, instance:tests.TrackingNumberSettingsTest@ba8d91c]" name="tearDown" is-config="true" duration-ms="0" started-at="2020-05-08T14:52:14Z" finished-at="2020-05-08T14:52:14Z">
          <reporter-output>
          </reporter-output>
        </test-method> <!-- tearDown -->
        <test-method status="SKIP" signature="paginationCount()[pri:3, instance:tests.TrackingNumberSettingsTest@ba8d91c]" name="paginationCount" duration-ms="0" started-at="2020-05-08T14:52:14Z" finished-at="2020-05-08T14:52:14Z">
          <reporter-output>
          </reporter-output>
        </test-method> <!-- paginationCount -->
        <test-method status="SKIP" signature="tearDown(org.testng.ITestResult)[pri:0, instance:tests.TrackingNumberSettingsTest@ba8d91c]" name="tearDown" is-config="true" duration-ms="0" started-at="2020-05-08T14:52:14Z" finished-at="2020-05-08T14:52:14Z">
          <reporter-output>
          </reporter-output>
        </test-method> <!-- tearDown -->
        <test-method status="SKIP" signature="tableCount()[pri:4, instance:tests.TrackingNumberSettingsTest@ba8d91c]" name="tableCount" duration-ms="0" started-at="2020-05-08T14:52:14Z" finished-at="2020-05-08T14:52:14Z">
          <reporter-output>
          </reporter-output>
        </test-method> <!-- tableCount -->
        <test-method status="SKIP" signature="defaultColumnPickerOptions()[pri:5, instance:tests.TrackingNumberSettingsTest@ba8d91c]" name="defaultColumnPickerOptions" duration-ms="1" started-at="2020-05-08T14:52:14Z" finished-at="2020-05-08T14:52:14Z">
          <reporter-output>
          </reporter-output>
        </test-method> <!-- defaultColumnPickerOptions -->
        <test-method status="SKIP" signature="tearDown(org.testng.ITestResult)[pri:0, instance:tests.TrackingNumberSettingsTest@ba8d91c]" name="tearDown" is-config="true" duration-ms="0" started-at="2020-05-08T14:52:14Z" finished-at="2020-05-08T14:52:14Z">
          <reporter-output>
          </reporter-output>
        </test-method> <!-- tearDown -->
        <test-method status="SKIP" signature="tearDown(org.testng.ITestResult)[pri:0, instance:tests.TrackingNumberSettingsTest@ba8d91c]" name="tearDown" is-config="true" duration-ms="0" started-at="2020-05-08T14:52:14Z" finished-at="2020-05-08T14:52:14Z">
          <reporter-output>
          </reporter-output>
        </test-method> <!-- tearDown -->
        <test-method status="SKIP" signature="defaultColumnsDisplayed()[pri:6, instance:tests.TrackingNumberSettingsTest@ba8d91c]" name="defaultColumnsDisplayed" duration-ms="1" started-at="2020-05-08T14:52:14Z" finished-at="2020-05-08T14:52:14Z">
          <reporter-output>
          </reporter-output>
        </test-method> <!-- defaultColumnsDisplayed -->
        <test-method status="SKIP" signature="tearDown(org.testng.ITestResult)[pri:0, instance:tests.TrackingNumberSettingsTest@ba8d91c]" name="tearDown" is-config="true" duration-ms="0" started-at="2020-05-08T14:52:14Z" finished-at="2020-05-08T14:52:14Z">
          <reporter-output>
          </reporter-output>
        </test-method> <!-- tearDown -->
        <test-method status="SKIP" signature="allColumnPickerCheckboxesClickable()[pri:7, instance:tests.TrackingNumberSettingsTest@ba8d91c]" name="allColumnPickerCheckboxesClickable" duration-ms="0" started-at="2020-05-08T14:52:14Z" finished-at="2020-05-08T14:52:14Z">
          <reporter-output>
          </reporter-output>
        </test-method> <!-- allColumnPickerCheckboxesClickable -->
        <test-method status="SKIP" signature="tearDown(org.testng.ITestResult)[pri:0, instance:tests.TrackingNumberSettingsTest@ba8d91c]" name="tearDown" is-config="true" duration-ms="0" started-at="2020-05-08T14:52:14Z" finished-at="2020-05-08T14:52:14Z">
          <reporter-output>
          </reporter-output>
        </test-method> <!-- tearDown -->
        <test-method status="SKIP" signature="columnPickerFeature()[pri:8, instance:tests.TrackingNumberSettingsTest@ba8d91c]" name="columnPickerFeature" duration-ms="0" started-at="2020-05-08T14:52:14Z" finished-at="2020-05-08T14:52:14Z">
          <reporter-output>
          </reporter-output>
        </test-method> <!-- columnPickerFeature -->
        <test-method status="SKIP" signature="tearDown(org.testng.ITestResult)[pri:0, instance:tests.TrackingNumberSettingsTest@ba8d91c]" name="tearDown" is-config="true" duration-ms="0" started-at="2020-05-08T14:52:14Z" finished-at="2020-05-08T14:52:14Z">
          <reporter-output>
          </reporter-output>
        </test-method> <!-- tearDown -->
        <test-method status="SKIP" signature="advancedFilterUI()[pri:9, instance:tests.TrackingNumberSettingsTest@ba8d91c]" name="advancedFilterUI" duration-ms="0" started-at="2020-05-08T14:52:14Z" finished-at="2020-05-08T14:52:14Z">
          <reporter-output>
          </reporter-output>
        </test-method> <!-- advancedFilterUI -->
        <test-method status="SKIP" signature="tearDown(org.testng.ITestResult)[pri:0, instance:tests.TrackingNumberSettingsTest@ba8d91c]" name="tearDown" is-config="true" duration-ms="0" started-at="2020-05-08T14:52:14Z" finished-at="2020-05-08T14:52:14Z">
          <reporter-output>
          </reporter-output>
        </test-method> <!-- tearDown -->
        <test-method status="SKIP" signature="basicFilterFeatureForTrackingNumber()[pri:10, instance:tests.TrackingNumberSettingsTest@ba8d91c]" name="basicFilterFeatureForTrackingNumber" duration-ms="0" started-at="2020-05-08T14:52:14Z" finished-at="2020-05-08T14:52:14Z">
          <reporter-output>
          </reporter-output>
        </test-method> <!-- basicFilterFeatureForTrackingNumber -->
        <test-method status="SKIP" signature="tearDown(org.testng.ITestResult)[pri:0, instance:tests.TrackingNumberSettingsTest@ba8d91c]" name="tearDown" is-config="true" duration-ms="0" started-at="2020-05-08T14:52:14Z" finished-at="2020-05-08T14:52:14Z">
          <reporter-output>
          </reporter-output>
        </test-method> <!-- tearDown -->
        <test-method status="SKIP" signature="basicFilterFeatureForType()[pri:11, instance:tests.TrackingNumberSettingsTest@ba8d91c]" name="basicFilterFeatureForType" duration-ms="0" started-at="2020-05-08T14:52:14Z" finished-at="2020-05-08T14:52:14Z">
          <reporter-output>
          </reporter-output>
        </test-method> <!-- basicFilterFeatureForType -->
        <test-method status="SKIP" signature="tearDown(org.testng.ITestResult)[pri:0, instance:tests.TrackingNumberSettingsTest@ba8d91c]" name="tearDown" is-config="true" duration-ms="0" started-at="2020-05-08T14:52:14Z" finished-at="2020-05-08T14:52:14Z">
          <reporter-output>
          </reporter-output>
        </test-method> <!-- tearDown -->
        <test-method status="SKIP" signature="basicFilterFeatureForGroupName()[pri:12, instance:tests.TrackingNumberSettingsTest@ba8d91c]" name="basicFilterFeatureForGroupName" duration-ms="1" started-at="2020-05-08T14:52:14Z" finished-at="2020-05-08T14:52:14Z">
          <reporter-output>
          </reporter-output>
        </test-method> <!-- basicFilterFeatureForGroupName -->
        <test-method status="SKIP" signature="tearDown(org.testng.ITestResult)[pri:0, instance:tests.TrackingNumberSettingsTest@ba8d91c]" name="tearDown" is-config="true" duration-ms="0" started-at="2020-05-08T14:52:14Z" finished-at="2020-05-08T14:52:14Z">
          <reporter-output>
          </reporter-output>
        </test-method> <!-- tearDown -->
        <test-method status="SKIP" signature="basicFilterFeatureForAdSource()[pri:13, instance:tests.TrackingNumberSettingsTest@ba8d91c]" name="basicFilterFeatureForAdSource" duration-ms="1" started-at="2020-05-08T14:52:14Z" finished-at="2020-05-08T14:52:14Z">
          <reporter-output>
          </reporter-output>
        </test-method> <!-- basicFilterFeatureForAdSource -->
        <test-method status="SKIP" signature="tearDown(org.testng.ITestResult)[pri:0, instance:tests.TrackingNumberSettingsTest@ba8d91c]" name="tearDown" is-config="true" duration-ms="0" started-at="2020-05-08T14:52:14Z" finished-at="2020-05-08T14:52:14Z">
          <reporter-output>
          </reporter-output>
        </test-method> <!-- tearDown -->
        <test-method status="SKIP" signature="basicFilterFeatureForCampaignName()[pri:14, instance:tests.TrackingNumberSettingsTest@ba8d91c]" name="basicFilterFeatureForCampaignName" duration-ms="1" started-at="2020-05-08T14:52:14Z" finished-at="2020-05-08T14:52:14Z">
          <reporter-output>
          </reporter-output>
        </test-method> <!-- basicFilterFeatureForCampaignName -->
        <test-method status="SKIP" signature="tearDown(org.testng.ITestResult)[pri:0, instance:tests.TrackingNumberSettingsTest@ba8d91c]" name="tearDown" is-config="true" duration-ms="0" started-at="2020-05-08T14:52:14Z" finished-at="2020-05-08T14:52:14Z">
          <reporter-output>
          </reporter-output>
        </test-method> <!-- tearDown -->
        <test-method status="SKIP" signature="advancedFilterForTrackingNumber()[pri:15, instance:tests.TrackingNumberSettingsTest@ba8d91c]" name="advancedFilterForTrackingNumber" duration-ms="1" started-at="2020-05-08T14:52:14Z" finished-at="2020-05-08T14:52:14Z">
          <reporter-output>
          </reporter-output>
        </test-method> <!-- advancedFilterForTrackingNumber -->
        <test-method status="SKIP" signature="tearDown(org.testng.ITestResult)[pri:0, instance:tests.TrackingNumberSettingsTest@ba8d91c]" name="tearDown" is-config="true" duration-ms="0" started-at="2020-05-08T14:52:14Z" finished-at="2020-05-08T14:52:14Z">
          <reporter-output>
          </reporter-output>
        </test-method> <!-- tearDown -->
        <test-method status="SKIP" signature="advancedFilterForCampaignName()[pri:16, instance:tests.TrackingNumberSettingsTest@ba8d91c]" name="advancedFilterForCampaignName" duration-ms="0" started-at="2020-05-08T14:52:14Z" finished-at="2020-05-08T14:52:14Z">
          <reporter-output>
          </reporter-output>
        </test-method> <!-- advancedFilterForCampaignName -->
        <test-method status="SKIP" signature="tearDown(org.testng.ITestResult)[pri:0, instance:tests.TrackingNumberSettingsTest@ba8d91c]" name="tearDown" is-config="true" duration-ms="0" started-at="2020-05-08T14:52:14Z" finished-at="2020-05-08T14:52:14Z">
          <reporter-output>
          </reporter-output>
        </test-method> <!-- tearDown -->
        <test-method status="SKIP" signature="advancedFilterForGroupName()[pri:16, instance:tests.TrackingNumberSettingsTest@ba8d91c]" name="advancedFilterForGroupName" duration-ms="0" started-at="2020-05-08T14:52:14Z" finished-at="2020-05-08T14:52:14Z">
          <reporter-output>
          </reporter-output>
        </test-method> <!-- advancedFilterForGroupName -->
        <test-method status="SKIP" signature="tearDown(org.testng.ITestResult)[pri:0, instance:tests.TrackingNumberSettingsTest@ba8d91c]" name="tearDown" is-config="true" duration-ms="0" started-at="2020-05-08T14:52:14Z" finished-at="2020-05-08T14:52:14Z">
          <reporter-output>
          </reporter-output>
        </test-method> <!-- tearDown -->
        <test-method status="SKIP" signature="advancedFilterForTrackingNumberName()[pri:17, instance:tests.TrackingNumberSettingsTest@ba8d91c]" name="advancedFilterForTrackingNumberName" duration-ms="1" started-at="2020-05-08T14:52:14Z" finished-at="2020-05-08T14:52:14Z">
          <reporter-output>
          </reporter-output>
        </test-method> <!-- advancedFilterForTrackingNumberName -->
        <test-method status="SKIP" signature="tearDown(org.testng.ITestResult)[pri:0, instance:tests.TrackingNumberSettingsTest@ba8d91c]" name="tearDown" is-config="true" duration-ms="0" started-at="2020-05-08T14:52:14Z" finished-at="2020-05-08T14:52:14Z">
          <reporter-output>
          </reporter-output>
        </test-method> <!-- tearDown -->
        <test-method status="SKIP" signature="logOut()[pri:0, instance:tests.TrackingNumberSettingsTest@ba8d91c]" name="logOut" is-config="true" duration-ms="0" started-at="2020-05-08T14:52:14Z" finished-at="2020-05-08T14:52:14Z">
          <reporter-output>
          </reporter-output>
        </test-method> <!-- logOut -->
      </class> <!-- tests.TrackingNumberSettingsTest -->
    </test> <!-- chrome test-1 -->
  </suite> <!-- Automation Suite-1 -->
</testng-results>
