<?xml version="1.0" encoding="UTF-8"?>
<testng-results skipped="0" failed="0" total="3" passed="3">
  <reporter-output>
  </reporter-output>
  <suite name="Automation Suite-1" duration-ms="146547" started-at="2020-02-10T08:32:26Z" finished-at="2020-02-10T08:34:53Z">
    <groups>
    </groups>
    <test name="chrome test" duration-ms="146547" started-at="2020-02-10T08:32:26Z" finished-at="2020-02-10T08:34:53Z">
      <class name="tests.CamapignUIVerificationTest">
        <test-method status="PASS" signature="setUp(java.lang.String, java.lang.String)[pri:0, instance:tests.CamapignUIVerificationTest@16267862]" name="setUp" is-config="true" duration-ms="44501" started-at="2020-02-10T14:02:26Z" finished-at="2020-02-10T14:03:11Z">
          <params>
            <param index="0">
              <value>
                <![CDATA[chrome]]>
              </value>
            </param>
            <param index="1">
              <value>
                <![CDATA[https://stag-5-cmo-1.convirza.com]]>
              </value>
            </param>
          </params>
          <reporter-output>
          </reporter-output>
        </test-method> <!-- setUp -->
        <test-method status="PASS" signature="goToCampaignPage()[pri:0, instance:tests.CamapignUIVerificationTest@16267862]" name="goToCampaignPage" is-config="true" duration-ms="4822" started-at="2020-02-10T14:03:11Z" finished-at="2020-02-10T14:03:16Z">
          <reporter-output>
          </reporter-output>
        </test-method> <!-- goToCampaignPage -->
        <test-method status="PASS" signature="CampaignAndTrackingNumberPage_UI_Verification()[pri:1, instance:tests.CamapignUIVerificationTest@16267862]" name="CampaignAndTrackingNumberPage_UI_Verification" duration-ms="8748" started-at="2020-02-10T14:03:16Z" finished-at="2020-02-10T14:03:24Z">
          <reporter-output>
          </reporter-output>
        </test-method> <!-- CampaignAndTrackingNumberPage_UI_Verification -->
        <test-method status="PASS" signature="tearDown(org.testng.ITestResult)[pri:0, instance:tests.CamapignUIVerificationTest@16267862]" name="tearDown" is-config="true" duration-ms="424" started-at="2020-02-10T14:03:24Z" finished-at="2020-02-10T14:03:25Z">
          <params>
            <param index="0">
              <value>
                <![CDATA[[TestResult name=CampaignAndTrackingNumberPage_UI_Verification status=SUCCESS method=CamapignUIVerificationTest.CampaignAndTrackingNumberPage_UI_Verification()[pri:1, instance:tests.CamapignUIVerificationTest@16267862] output={null}]]]>
              </value>
            </param>
          </params>
          <reporter-output>
          </reporter-output>
        </test-method> <!-- tearDown -->
        <test-method status="PASS" signature="defaultColumnsDisplayed()[pri:2, instance:tests.CamapignUIVerificationTest@16267862]" name="defaultColumnsDisplayed" duration-ms="18245" started-at="2020-02-10T14:03:25Z" finished-at="2020-02-10T14:03:43Z">
          <reporter-output>
          </reporter-output>
        </test-method> <!-- defaultColumnsDisplayed -->
        <test-method status="PASS" signature="tearDown(org.testng.ITestResult)[pri:0, instance:tests.CamapignUIVerificationTest@16267862]" name="tearDown" is-config="true" duration-ms="201" started-at="2020-02-10T14:03:43Z" finished-at="2020-02-10T14:03:43Z">
          <params>
            <param index="0">
              <value>
                <![CDATA[[TestResult name=defaultColumnsDisplayed status=SUCCESS method=CamapignUIVerificationTest.defaultColumnsDisplayed()[pri:2, instance:tests.CamapignUIVerificationTest@16267862] output={null}]]]>
              </value>
            </param>
          </params>
          <reporter-output>
          </reporter-output>
        </test-method> <!-- tearDown -->
        <test-method status="PASS" signature="allColumnsDisplayed()[pri:3, instance:tests.CamapignUIVerificationTest@16267862]" name="allColumnsDisplayed" duration-ms="67875" started-at="2020-02-10T14:03:43Z" finished-at="2020-02-10T14:04:51Z">
          <reporter-output>
          </reporter-output>
        </test-method> <!-- allColumnsDisplayed -->
        <test-method status="PASS" signature="tearDown(org.testng.ITestResult)[pri:0, instance:tests.CamapignUIVerificationTest@16267862]" name="tearDown" is-config="true" duration-ms="125" started-at="2020-02-10T14:04:51Z" finished-at="2020-02-10T14:04:51Z">
          <params>
            <param index="0">
              <value>
                <![CDATA[[TestResult name=allColumnsDisplayed status=SUCCESS method=CamapignUIVerificationTest.allColumnsDisplayed()[pri:3, instance:tests.CamapignUIVerificationTest@16267862] output={null}]]]>
              </value>
            </param>
          </params>
          <reporter-output>
          </reporter-output>
        </test-method> <!-- tearDown -->
        <test-method status="PASS" signature="goToHomePage()[pri:0, instance:tests.CamapignUIVerificationTest@16267862]" name="goToHomePage" is-config="true" duration-ms="792" started-at="2020-02-10T14:04:51Z" finished-at="2020-02-10T14:04:52Z">
          <reporter-output>
          </reporter-output>
        </test-method> <!-- goToHomePage -->
        <test-method status="PASS" signature="tearDown()[pri:0, instance:tests.CamapignUIVerificationTest@16267862]" name="tearDown" is-config="true" duration-ms="786" started-at="2020-02-10T14:04:52Z" finished-at="2020-02-10T14:04:53Z">
          <reporter-output>
          </reporter-output>
        </test-method> <!-- tearDown -->
        <test-method status="PASS" signature="close_connection()[pri:0, instance:tests.CamapignUIVerificationTest@16267862]" name="close_connection" is-config="true" duration-ms="6759" started-at="2020-02-10T14:04:53Z" finished-at="2020-02-10T14:05:00Z">
          <reporter-output>
          </reporter-output>
        </test-method> <!-- close_connection -->
      </class> <!-- tests.CamapignUIVerificationTest -->
    </test> <!-- chrome test -->
  </suite> <!-- Automation Suite-1 -->
</testng-results>
