<?xml version="1.0" encoding="UTF-8"?>
<testng-results skipped="0" failed="0" total="32" passed="32">
  <reporter-output>
  </reporter-output>
  <suite name="Automation Suite-1" duration-ms="329735" started-at="2020-02-13T16:20:37Z" finished-at="2020-02-13T16:26:06Z">
    <groups>
    </groups>
    <test name="chrome test" duration-ms="329735" started-at="2020-02-13T16:20:37Z" finished-at="2020-02-13T16:26:06Z">
      <class name="tests.LoginTest">
        <test-method status="PASS" signature="setUp(java.lang.String, java.lang.String)[pri:0, instance:tests.LoginTest@6166e06f]" name="setUp" is-config="true" duration-ms="42623" started-at="2020-02-13T21:50:37Z" finished-at="2020-02-13T21:51:19Z">
          <params>
            <param index="0">
              <value>
                <![CDATA[chrome]]>
              </value>
            </param>
            <param index="1">
              <value>
                <![CDATA[https://stag-6-cmo-1.convirza.com]]>
              </value>
            </param>
          </params>
          <reporter-output>
          </reporter-output>
        </test-method> <!-- setUp -->
        <test-method status="PASS" signature="login_page_UI_Verification()[pri:1, instance:tests.LoginTest@6166e06f]" name="login_page_UI_Verification" duration-ms="436" started-at="2020-02-13T21:51:19Z" finished-at="2020-02-13T21:51:20Z">
          <reporter-output>
          </reporter-output>
        </test-method> <!-- login_page_UI_Verification -->
        <test-method status="PASS" signature="tearDown(org.testng.ITestResult)[pri:0, instance:tests.LoginTest@6166e06f]" name="tearDown" is-config="true" duration-ms="524" started-at="2020-02-13T21:51:20Z" finished-at="2020-02-13T21:51:20Z">
          <params>
            <param index="0">
              <value>
                <![CDATA[[TestResult name=login_page_UI_Verification status=SUCCESS method=LoginTest.login_page_UI_Verification()[pri:1, instance:tests.LoginTest@6166e06f] output={null}]]]>
              </value>
            </param>
          </params>
          <reporter-output>
          </reporter-output>
        </test-method> <!-- tearDown -->
        <test-method status="PASS" signature="login_with_invalidate_cred()[pri:2, instance:tests.LoginTest@6166e06f]" name="login_with_invalidate_cred" duration-ms="1856" started-at="2020-02-13T21:51:20Z" finished-at="2020-02-13T21:51:22Z">
          <reporter-output>
          </reporter-output>
        </test-method> <!-- login_with_invalidate_cred -->
        <test-method status="PASS" signature="tearDown(org.testng.ITestResult)[pri:0, instance:tests.LoginTest@6166e06f]" name="tearDown" is-config="true" duration-ms="127" started-at="2020-02-13T21:51:22Z" finished-at="2020-02-13T21:51:22Z">
          <params>
            <param index="0">
              <value>
                <![CDATA[[TestResult name=login_with_invalidate_cred status=SUCCESS method=LoginTest.login_with_invalidate_cred()[pri:2, instance:tests.LoginTest@6166e06f] output={null}]]]>
              </value>
            </param>
          </params>
          <reporter-output>
          </reporter-output>
        </test-method> <!-- tearDown -->
        <test-method status="PASS" signature="login_with_blank_username()[pri:3, instance:tests.LoginTest@6166e06f]" name="login_with_blank_username" duration-ms="249" started-at="2020-02-13T21:51:22Z" finished-at="2020-02-13T21:51:22Z">
          <reporter-output>
          </reporter-output>
        </test-method> <!-- login_with_blank_username -->
        <test-method status="PASS" signature="tearDown(org.testng.ITestResult)[pri:0, instance:tests.LoginTest@6166e06f]" name="tearDown" is-config="true" duration-ms="96" started-at="2020-02-13T21:51:22Z" finished-at="2020-02-13T21:51:22Z">
          <params>
            <param index="0">
              <value>
                <![CDATA[[TestResult name=login_with_blank_username status=SUCCESS method=LoginTest.login_with_blank_username()[pri:3, instance:tests.LoginTest@6166e06f] output={null}]]]>
              </value>
            </param>
          </params>
          <reporter-output>
          </reporter-output>
        </test-method> <!-- tearDown -->
        <test-method status="PASS" signature="login_with_blank_password()[pri:4, instance:tests.LoginTest@6166e06f]" name="login_with_blank_password" duration-ms="357" started-at="2020-02-13T21:51:22Z" finished-at="2020-02-13T21:51:23Z">
          <reporter-output>
          </reporter-output>
        </test-method> <!-- login_with_blank_password -->
        <test-method status="PASS" signature="tearDown(org.testng.ITestResult)[pri:0, instance:tests.LoginTest@6166e06f]" name="tearDown" is-config="true" duration-ms="97" started-at="2020-02-13T21:51:23Z" finished-at="2020-02-13T21:51:23Z">
          <params>
            <param index="0">
              <value>
                <![CDATA[[TestResult name=login_with_blank_password status=SUCCESS method=LoginTest.login_with_blank_password()[pri:4, instance:tests.LoginTest@6166e06f] output={null}]]]>
              </value>
            </param>
          </params>
          <reporter-output>
          </reporter-output>
        </test-method> <!-- tearDown -->
        <test-method status="PASS" signature="login_with_inactive_user()[pri:5, instance:tests.LoginTest@6166e06f]" name="login_with_inactive_user" duration-ms="561" started-at="2020-02-13T21:51:23Z" finished-at="2020-02-13T21:51:23Z">
          <reporter-output>
          </reporter-output>
        </test-method> <!-- login_with_inactive_user -->
        <test-method status="PASS" signature="tearDown(org.testng.ITestResult)[pri:0, instance:tests.LoginTest@6166e06f]" name="tearDown" is-config="true" duration-ms="105" started-at="2020-02-13T21:51:23Z" finished-at="2020-02-13T21:51:24Z">
          <params>
            <param index="0">
              <value>
                <![CDATA[[TestResult name=login_with_inactive_user status=SUCCESS method=LoginTest.login_with_inactive_user()[pri:5, instance:tests.LoginTest@6166e06f] output={null}]]]>
              </value>
            </param>
          </params>
          <reporter-output>
          </reporter-output>
        </test-method> <!-- tearDown -->
        <test-method status="PASS" signature="login_with_deleted_user()[pri:6, instance:tests.LoginTest@6166e06f]" name="login_with_deleted_user" duration-ms="561" started-at="2020-02-13T21:51:24Z" finished-at="2020-02-13T21:51:24Z">
          <reporter-output>
          </reporter-output>
        </test-method> <!-- login_with_deleted_user -->
        <test-method status="PASS" signature="tearDown(org.testng.ITestResult)[pri:0, instance:tests.LoginTest@6166e06f]" name="tearDown" is-config="true" duration-ms="90" started-at="2020-02-13T21:51:24Z" finished-at="2020-02-13T21:51:24Z">
          <params>
            <param index="0">
              <value>
                <![CDATA[[TestResult name=login_with_deleted_user status=SUCCESS method=LoginTest.login_with_deleted_user()[pri:6, instance:tests.LoginTest@6166e06f] output={null}]]]>
              </value>
            </param>
          </params>
          <reporter-output>
          </reporter-output>
        </test-method> <!-- tearDown -->
        <test-method status="PASS" signature="login_with_blank_username_and_password()[pri:7, instance:tests.LoginTest@6166e06f]" name="login_with_blank_username_and_password" duration-ms="296" started-at="2020-02-13T21:51:24Z" finished-at="2020-02-13T21:51:25Z">
          <reporter-output>
          </reporter-output>
        </test-method> <!-- login_with_blank_username_and_password -->
        <test-method status="PASS" signature="tearDown(org.testng.ITestResult)[pri:0, instance:tests.LoginTest@6166e06f]" name="tearDown" is-config="true" duration-ms="128" started-at="2020-02-13T21:51:25Z" finished-at="2020-02-13T21:51:25Z">
          <params>
            <param index="0">
              <value>
                <![CDATA[[TestResult name=login_with_blank_username_and_password status=SUCCESS method=LoginTest.login_with_blank_username_and_password()[pri:7, instance:tests.LoginTest@6166e06f] output={null}]]]>
              </value>
            </param>
          </params>
          <reporter-output>
          </reporter-output>
        </test-method> <!-- tearDown -->
        <test-method status="PASS" signature="UIVerification_forgot_passowrd_page()[pri:8, instance:tests.LoginTest@6166e06f]" name="UIVerification_forgot_passowrd_page" duration-ms="2822" started-at="2020-02-13T21:51:25Z" finished-at="2020-02-13T21:51:27Z">
          <reporter-output>
          </reporter-output>
        </test-method> <!-- UIVerification_forgot_passowrd_page -->
        <test-method status="PASS" signature="tearDown(org.testng.ITestResult)[pri:0, instance:tests.LoginTest@6166e06f]" name="tearDown" is-config="true" duration-ms="79" started-at="2020-02-13T21:51:27Z" finished-at="2020-02-13T21:51:28Z">
          <params>
            <param index="0">
              <value>
                <![CDATA[[TestResult name=UIVerification_forgot_passowrd_page status=SUCCESS method=LoginTest.UIVerification_forgot_passowrd_page()[pri:8, instance:tests.LoginTest@6166e06f] output={null}]]]>
              </value>
            </param>
          </params>
          <reporter-output>
          </reporter-output>
        </test-method> <!-- tearDown -->
        <test-method status="PASS" signature="next_button_with_no_email_ID()[pri:9, instance:tests.LoginTest@6166e06f]" name="next_button_with_no_email_ID" duration-ms="283" started-at="2020-02-13T21:51:28Z" finished-at="2020-02-13T21:51:28Z">
          <reporter-output>
          </reporter-output>
        </test-method> <!-- next_button_with_no_email_ID -->
        <test-method status="PASS" signature="tearDown(org.testng.ITestResult)[pri:0, instance:tests.LoginTest@6166e06f]" name="tearDown" is-config="true" duration-ms="108" started-at="2020-02-13T21:51:28Z" finished-at="2020-02-13T21:51:28Z">
          <params>
            <param index="0">
              <value>
                <![CDATA[[TestResult name=next_button_with_no_email_ID status=SUCCESS method=LoginTest.next_button_with_no_email_ID()[pri:9, instance:tests.LoginTest@6166e06f] output={null}]]]>
              </value>
            </param>
          </params>
          <reporter-output>
          </reporter-output>
        </test-method> <!-- tearDown -->
        <test-method status="PASS" signature="reset_password()[pri:10, instance:tests.LoginTest@6166e06f]" name="reset_password" duration-ms="1610" started-at="2020-02-13T21:51:28Z" finished-at="2020-02-13T21:51:30Z">
          <reporter-output>
          </reporter-output>
        </test-method> <!-- reset_password -->
        <test-method status="PASS" signature="tearDown(org.testng.ITestResult)[pri:0, instance:tests.LoginTest@6166e06f]" name="tearDown" is-config="true" duration-ms="107" started-at="2020-02-13T21:51:30Z" finished-at="2020-02-13T21:51:30Z">
          <params>
            <param index="0">
              <value>
                <![CDATA[[TestResult name=reset_password status=SUCCESS method=LoginTest.reset_password()[pri:10, instance:tests.LoginTest@6166e06f] output={null}]]]>
              </value>
            </param>
          </params>
          <reporter-output>
          </reporter-output>
        </test-method> <!-- tearDown -->
        <test-method status="PASS" signature="rememeber_me_functinonality()[pri:11, instance:tests.LoginTest@6166e06f]" name="rememeber_me_functinonality" duration-ms="6289" started-at="2020-02-13T21:51:30Z" finished-at="2020-02-13T21:51:36Z">
          <reporter-output>
          </reporter-output>
        </test-method> <!-- rememeber_me_functinonality -->
        <test-method status="PASS" signature="tearDown(org.testng.ITestResult)[pri:0, instance:tests.LoginTest@6166e06f]" name="tearDown" is-config="true" duration-ms="90" started-at="2020-02-13T21:51:36Z" finished-at="2020-02-13T21:51:36Z">
          <params>
            <param index="0">
              <value>
                <![CDATA[[TestResult name=rememeber_me_functinonality status=SUCCESS method=LoginTest.rememeber_me_functinonality()[pri:11, instance:tests.LoginTest@6166e06f] output={null}]]]>
              </value>
            </param>
          </params>
          <reporter-output>
          </reporter-output>
        </test-method> <!-- tearDown -->
        <test-method status="PASS" signature="validLogin()[pri:12, instance:tests.LoginTest@6166e06f]" name="validLogin" duration-ms="1538" started-at="2020-02-13T21:51:36Z" finished-at="2020-02-13T21:51:38Z">
          <reporter-output>
          </reporter-output>
        </test-method> <!-- validLogin -->
        <test-method status="PASS" signature="tearDown(org.testng.ITestResult)[pri:0, instance:tests.LoginTest@6166e06f]" name="tearDown" is-config="true" duration-ms="96" started-at="2020-02-13T21:51:38Z" finished-at="2020-02-13T21:51:38Z">
          <params>
            <param index="0">
              <value>
                <![CDATA[[TestResult name=validLogin status=SUCCESS method=LoginTest.validLogin()[pri:12, instance:tests.LoginTest@6166e06f] output={null}]]]>
              </value>
            </param>
          </params>
          <reporter-output>
          </reporter-output>
        </test-method> <!-- tearDown -->
        <test-method status="PASS" signature="tearDown()[pri:0, instance:tests.LoginTest@6166e06f]" name="tearDown" is-config="true" duration-ms="4076" started-at="2020-02-13T21:51:38Z" finished-at="2020-02-13T21:51:42Z">
          <reporter-output>
          </reporter-output>
        </test-method> <!-- tearDown -->
        <test-method status="PASS" signature="close_connection()[pri:0, instance:tests.LoginTest@6166e06f]" name="close_connection" is-config="true" duration-ms="7396" started-at="2020-02-13T21:56:06Z" finished-at="2020-02-13T21:56:14Z">
          <reporter-output>
          </reporter-output>
        </test-method> <!-- close_connection -->
      </class> <!-- tests.LoginTest -->
      <class name="tests.CampaignTests">
        <test-method status="PASS" signature="goToCampaignPage()[pri:0, instance:tests.CampaignTests@6b0c2d26]" name="goToCampaignPage" is-config="true" duration-ms="3462" started-at="2020-02-13T21:53:32Z" finished-at="2020-02-13T21:53:36Z">
          <reporter-output>
          </reporter-output>
        </test-method> <!-- goToCampaignPage -->
        <test-method status="PASS" signature="campaignBuilderPage_UI_Verification()[pri:1, instance:tests.CampaignTests@6b0c2d26]" name="campaignBuilderPage_UI_Verification" duration-ms="8271" started-at="2020-02-13T21:53:36Z" finished-at="2020-02-13T21:53:44Z">
          <reporter-output>
          </reporter-output>
        </test-method> <!-- campaignBuilderPage_UI_Verification -->
        <test-method status="PASS" signature="tearDown(org.testng.ITestResult)[pri:0, instance:tests.CampaignTests@6b0c2d26]" name="tearDown" is-config="true" duration-ms="128" started-at="2020-02-13T21:53:44Z" finished-at="2020-02-13T21:53:44Z">
          <params>
            <param index="0">
              <value>
                <![CDATA[[TestResult name=campaignBuilderPage_UI_Verification status=SUCCESS method=CampaignTests.campaignBuilderPage_UI_Verification()[pri:1, instance:tests.CampaignTests@6b0c2d26] output={null}]]]>
              </value>
            </param>
          </params>
          <reporter-output>
          </reporter-output>
        </test-method> <!-- tearDown -->
        <test-method status="PASS" signature="defaultCampaignOwnerValidation()[pri:2, instance:tests.CampaignTests@6b0c2d26]" name="defaultCampaignOwnerValidation" duration-ms="5989" started-at="2020-02-13T21:53:44Z" finished-at="2020-02-13T21:53:50Z">
          <reporter-output>
          </reporter-output>
        </test-method> <!-- defaultCampaignOwnerValidation -->
        <test-method status="PASS" signature="tearDown(org.testng.ITestResult)[pri:0, instance:tests.CampaignTests@6b0c2d26]" name="tearDown" is-config="true" duration-ms="162" started-at="2020-02-13T21:53:50Z" finished-at="2020-02-13T21:53:50Z">
          <params>
            <param index="0">
              <value>
                <![CDATA[[TestResult name=defaultCampaignOwnerValidation status=SUCCESS method=CampaignTests.defaultCampaignOwnerValidation()[pri:2, instance:tests.CampaignTests@6b0c2d26] output={null}]]]>
              </value>
            </param>
          </params>
          <reporter-output>
          </reporter-output>
        </test-method> <!-- tearDown -->
        <test-method status="PASS" signature="campaign_Creation_Without_externalID()[pri:3, instance:tests.CampaignTests@6b0c2d26]" name="campaign_Creation_Without_externalID" duration-ms="12066" started-at="2020-02-13T21:53:50Z" finished-at="2020-02-13T21:54:02Z">
          <reporter-output>
          </reporter-output>
        </test-method> <!-- campaign_Creation_Without_externalID -->
        <test-method status="PASS" signature="tearDown(org.testng.ITestResult)[pri:0, instance:tests.CampaignTests@6b0c2d26]" name="tearDown" is-config="true" duration-ms="106" started-at="2020-02-13T21:54:02Z" finished-at="2020-02-13T21:54:02Z">
          <params>
            <param index="0">
              <value>
                <![CDATA[[TestResult name=campaign_Creation_Without_externalID status=SUCCESS method=CampaignTests.campaign_Creation_Without_externalID()[pri:3, instance:tests.CampaignTests@6b0c2d26] output={null}]]]>
              </value>
            </param>
          </params>
          <reporter-output>
          </reporter-output>
        </test-method> <!-- tearDown -->
        <test-method status="PASS" signature="campaign_updation_Without_externalID()[pri:4, instance:tests.CampaignTests@6b0c2d26]" name="campaign_updation_Without_externalID" duration-ms="12849" started-at="2020-02-13T21:54:02Z" finished-at="2020-02-13T21:54:15Z">
          <reporter-output>
          </reporter-output>
        </test-method> <!-- campaign_updation_Without_externalID -->
        <test-method status="PASS" signature="tearDown(org.testng.ITestResult)[pri:0, instance:tests.CampaignTests@6b0c2d26]" name="tearDown" is-config="true" duration-ms="103" started-at="2020-02-13T21:54:15Z" finished-at="2020-02-13T21:54:15Z">
          <params>
            <param index="0">
              <value>
                <![CDATA[[TestResult name=campaign_updation_Without_externalID status=SUCCESS method=CampaignTests.campaign_updation_Without_externalID()[pri:4, instance:tests.CampaignTests@6b0c2d26] output={null}]]]>
              </value>
            </param>
          </params>
          <reporter-output>
          </reporter-output>
        </test-method> <!-- tearDown -->
        <test-method status="PASS" signature="campaign_deletion_Without_externalID()[pri:5, instance:tests.CampaignTests@6b0c2d26]" name="campaign_deletion_Without_externalID" duration-ms="4156" started-at="2020-02-13T21:54:15Z" finished-at="2020-02-13T21:54:20Z">
          <reporter-output>
          </reporter-output>
        </test-method> <!-- campaign_deletion_Without_externalID -->
        <test-method status="PASS" signature="tearDown(org.testng.ITestResult)[pri:0, instance:tests.CampaignTests@6b0c2d26]" name="tearDown" is-config="true" duration-ms="110" started-at="2020-02-13T21:54:20Z" finished-at="2020-02-13T21:54:20Z">
          <params>
            <param index="0">
              <value>
                <![CDATA[[TestResult name=campaign_deletion_Without_externalID status=SUCCESS method=CampaignTests.campaign_deletion_Without_externalID()[pri:5, instance:tests.CampaignTests@6b0c2d26] output={null}]]]>
              </value>
            </param>
          </params>
          <reporter-output>
          </reporter-output>
        </test-method> <!-- tearDown -->
        <test-method status="PASS" signature="campaign_Creation_With_externalID()[pri:6, instance:tests.CampaignTests@6b0c2d26]" name="campaign_Creation_With_externalID" duration-ms="13488" started-at="2020-02-13T21:54:20Z" finished-at="2020-02-13T21:54:33Z">
          <reporter-output>
          </reporter-output>
        </test-method> <!-- campaign_Creation_With_externalID -->
        <test-method status="PASS" signature="tearDown(org.testng.ITestResult)[pri:0, instance:tests.CampaignTests@6b0c2d26]" name="tearDown" is-config="true" duration-ms="94" started-at="2020-02-13T21:54:33Z" finished-at="2020-02-13T21:54:33Z">
          <params>
            <param index="0">
              <value>
                <![CDATA[[TestResult name=campaign_Creation_With_externalID status=SUCCESS method=CampaignTests.campaign_Creation_With_externalID()[pri:6, instance:tests.CampaignTests@6b0c2d26] output={null}]]]>
              </value>
            </param>
          </params>
          <reporter-output>
          </reporter-output>
        </test-method> <!-- tearDown -->
        <test-method status="PASS" signature="campaign_updation_With_externalID()[pri:7, instance:tests.CampaignTests@6b0c2d26]" name="campaign_updation_With_externalID" duration-ms="11684" started-at="2020-02-13T21:54:33Z" finished-at="2020-02-13T21:54:45Z">
          <reporter-output>
          </reporter-output>
        </test-method> <!-- campaign_updation_With_externalID -->
        <test-method status="PASS" signature="tearDown(org.testng.ITestResult)[pri:0, instance:tests.CampaignTests@6b0c2d26]" name="tearDown" is-config="true" duration-ms="116" started-at="2020-02-13T21:54:45Z" finished-at="2020-02-13T21:54:45Z">
          <params>
            <param index="0">
              <value>
                <![CDATA[[TestResult name=campaign_updation_With_externalID status=SUCCESS method=CampaignTests.campaign_updation_With_externalID()[pri:7, instance:tests.CampaignTests@6b0c2d26] output={null}]]]>
              </value>
            </param>
          </params>
          <reporter-output>
          </reporter-output>
        </test-method> <!-- tearDown -->
        <test-method status="PASS" signature="campaign_deletion_With_externalID()[pri:8, instance:tests.CampaignTests@6b0c2d26]" name="campaign_deletion_With_externalID" duration-ms="4032" started-at="2020-02-13T21:54:45Z" finished-at="2020-02-13T21:54:49Z">
          <reporter-output>
          </reporter-output>
        </test-method> <!-- campaign_deletion_With_externalID -->
        <test-method status="PASS" signature="tearDown(org.testng.ITestResult)[pri:0, instance:tests.CampaignTests@6b0c2d26]" name="tearDown" is-config="true" duration-ms="86" started-at="2020-02-13T21:54:49Z" finished-at="2020-02-13T21:54:49Z">
          <params>
            <param index="0">
              <value>
                <![CDATA[[TestResult name=campaign_deletion_With_externalID status=SUCCESS method=CampaignTests.campaign_deletion_With_externalID()[pri:8, instance:tests.CampaignTests@6b0c2d26] output={null}]]]>
              </value>
            </param>
          </params>
          <reporter-output>
          </reporter-output>
        </test-method> <!-- tearDown -->
        <test-method status="PASS" signature="createCampaignWithFutureStartDateAndNeverEndDate()[pri:9, instance:tests.CampaignTests@6b0c2d26]" name="createCampaignWithFutureStartDateAndNeverEndDate" duration-ms="12644" started-at="2020-02-13T21:54:49Z" finished-at="2020-02-13T21:55:02Z">
          <reporter-output>
          </reporter-output>
        </test-method> <!-- createCampaignWithFutureStartDateAndNeverEndDate -->
        <test-method status="PASS" signature="tearDown(org.testng.ITestResult)[pri:0, instance:tests.CampaignTests@6b0c2d26]" name="tearDown" is-config="true" duration-ms="73" started-at="2020-02-13T21:55:02Z" finished-at="2020-02-13T21:55:02Z">
          <params>
            <param index="0">
              <value>
                <![CDATA[[TestResult name=createCampaignWithFutureStartDateAndNeverEndDate status=SUCCESS method=CampaignTests.createCampaignWithFutureStartDateAndNeverEndDate()[pri:9, instance:tests.CampaignTests@6b0c2d26] output={null}]]]>
              </value>
            </param>
          </params>
          <reporter-output>
          </reporter-output>
        </test-method> <!-- tearDown -->
        <test-method status="PASS" signature="updateCampaignWithFutureStartDateAndNeverEndDate()[pri:10, instance:tests.CampaignTests@6b0c2d26]" name="updateCampaignWithFutureStartDateAndNeverEndDate" duration-ms="13516" started-at="2020-02-13T21:55:02Z" finished-at="2020-02-13T21:55:15Z">
          <reporter-output>
          </reporter-output>
        </test-method> <!-- updateCampaignWithFutureStartDateAndNeverEndDate -->
        <test-method status="PASS" signature="tearDown(org.testng.ITestResult)[pri:0, instance:tests.CampaignTests@6b0c2d26]" name="tearDown" is-config="true" duration-ms="84" started-at="2020-02-13T21:55:15Z" finished-at="2020-02-13T21:55:16Z">
          <params>
            <param index="0">
              <value>
                <![CDATA[[TestResult name=updateCampaignWithFutureStartDateAndNeverEndDate status=SUCCESS method=CampaignTests.updateCampaignWithFutureStartDateAndNeverEndDate()[pri:10, instance:tests.CampaignTests@6b0c2d26] output={null}]]]>
              </value>
            </param>
          </params>
          <reporter-output>
          </reporter-output>
        </test-method> <!-- tearDown -->
        <test-method status="PASS" signature="campaign_deletion_With_futureStartDate()[pri:11, instance:tests.CampaignTests@6b0c2d26]" name="campaign_deletion_With_futureStartDate" duration-ms="4077" started-at="2020-02-13T21:55:16Z" finished-at="2020-02-13T21:55:20Z">
          <reporter-output>
          </reporter-output>
        </test-method> <!-- campaign_deletion_With_futureStartDate -->
        <test-method status="PASS" signature="tearDown(org.testng.ITestResult)[pri:0, instance:tests.CampaignTests@6b0c2d26]" name="tearDown" is-config="true" duration-ms="101" started-at="2020-02-13T21:55:20Z" finished-at="2020-02-13T21:55:20Z">
          <params>
            <param index="0">
              <value>
                <![CDATA[[TestResult name=campaign_deletion_With_futureStartDate status=SUCCESS method=CampaignTests.campaign_deletion_With_futureStartDate()[pri:11, instance:tests.CampaignTests@6b0c2d26] output={null}]]]>
              </value>
            </param>
          </params>
          <reporter-output>
          </reporter-output>
        </test-method> <!-- tearDown -->
        <test-method status="PASS" signature="createCampaignWithFutureStartDateAndFutureEndDate()[pri:12, instance:tests.CampaignTests@6b0c2d26]" name="createCampaignWithFutureStartDateAndFutureEndDate" duration-ms="14554" started-at="2020-02-13T21:55:20Z" finished-at="2020-02-13T21:55:34Z">
          <reporter-output>
          </reporter-output>
        </test-method> <!-- createCampaignWithFutureStartDateAndFutureEndDate -->
        <test-method status="PASS" signature="tearDown(org.testng.ITestResult)[pri:0, instance:tests.CampaignTests@6b0c2d26]" name="tearDown" is-config="true" duration-ms="75" started-at="2020-02-13T21:55:34Z" finished-at="2020-02-13T21:55:34Z">
          <params>
            <param index="0">
              <value>
                <![CDATA[[TestResult name=createCampaignWithFutureStartDateAndFutureEndDate status=SUCCESS method=CampaignTests.createCampaignWithFutureStartDateAndFutureEndDate()[pri:12, instance:tests.CampaignTests@6b0c2d26] output={null}]]]>
              </value>
            </param>
          </params>
          <reporter-output>
          </reporter-output>
        </test-method> <!-- tearDown -->
        <test-method status="PASS" signature="updateCampaignWithFutureStartDateAndFutureEndDate()[pri:13, instance:tests.CampaignTests@6b0c2d26]" name="updateCampaignWithFutureStartDateAndFutureEndDate" duration-ms="12117" started-at="2020-02-13T21:55:34Z" finished-at="2020-02-13T21:55:46Z">
          <reporter-output>
          </reporter-output>
        </test-method> <!-- updateCampaignWithFutureStartDateAndFutureEndDate -->
        <test-method status="PASS" signature="tearDown(org.testng.ITestResult)[pri:0, instance:tests.CampaignTests@6b0c2d26]" name="tearDown" is-config="true" duration-ms="68" started-at="2020-02-13T21:55:46Z" finished-at="2020-02-13T21:55:47Z">
          <params>
            <param index="0">
              <value>
                <![CDATA[[TestResult name=updateCampaignWithFutureStartDateAndFutureEndDate status=SUCCESS method=CampaignTests.updateCampaignWithFutureStartDateAndFutureEndDate()[pri:13, instance:tests.CampaignTests@6b0c2d26] output={null}]]]>
              </value>
            </param>
          </params>
          <reporter-output>
          </reporter-output>
        </test-method> <!-- tearDown -->
        <test-method status="PASS" signature="campaign_deletion_With_futureStartDateAndFutureEndDate()[pri:14, instance:tests.CampaignTests@6b0c2d26]" name="campaign_deletion_With_futureStartDateAndFutureEndDate" duration-ms="4113" started-at="2020-02-13T21:55:47Z" finished-at="2020-02-13T21:55:51Z">
          <reporter-output>
          </reporter-output>
        </test-method> <!-- campaign_deletion_With_futureStartDateAndFutureEndDate -->
        <test-method status="PASS" signature="tearDown(org.testng.ITestResult)[pri:0, instance:tests.CampaignTests@6b0c2d26]" name="tearDown" is-config="true" duration-ms="124" started-at="2020-02-13T21:55:51Z" finished-at="2020-02-13T21:55:51Z">
          <params>
            <param index="0">
              <value>
                <![CDATA[[TestResult name=campaign_deletion_With_futureStartDateAndFutureEndDate status=SUCCESS method=CampaignTests.campaign_deletion_With_futureStartDateAndFutureEndDate()[pri:14, instance:tests.CampaignTests@6b0c2d26] output={null}]]]>
              </value>
            </param>
          </params>
          <reporter-output>
          </reporter-output>
        </test-method> <!-- tearDown -->
        <test-method status="PASS" signature="createCampaignWithPastTime()[pri:15, instance:tests.CampaignTests@6b0c2d26]" name="createCampaignWithPastTime" duration-ms="8210" started-at="2020-02-13T21:55:51Z" finished-at="2020-02-13T21:55:59Z">
          <reporter-output>
          </reporter-output>
        </test-method> <!-- createCampaignWithPastTime -->
        <test-method status="PASS" signature="tearDown(org.testng.ITestResult)[pri:0, instance:tests.CampaignTests@6b0c2d26]" name="tearDown" is-config="true" duration-ms="80" started-at="2020-02-13T21:55:59Z" finished-at="2020-02-13T21:55:59Z">
          <params>
            <param index="0">
              <value>
                <![CDATA[[TestResult name=createCampaignWithPastTime status=SUCCESS method=CampaignTests.createCampaignWithPastTime()[pri:15, instance:tests.CampaignTests@6b0c2d26] output={null}]]]>
              </value>
            </param>
          </params>
          <reporter-output>
          </reporter-output>
        </test-method> <!-- tearDown -->
        <test-method status="PASS" signature="goToHomePage()[pri:0, instance:tests.CampaignTests@6b0c2d26]" name="goToHomePage" is-config="true" duration-ms="6118" started-at="2020-02-13T21:55:59Z" finished-at="2020-02-13T21:56:05Z">
          <reporter-output>
          </reporter-output>
        </test-method> <!-- goToHomePage -->
      </class> <!-- tests.CampaignTests -->
      <class name="tests.HomeTest">
        <test-method status="PASS" signature="validLogin()[pri:0, instance:tests.HomeTest@49e202ad]" name="validLogin" is-config="true" duration-ms="1847" started-at="2020-02-13T21:51:42Z" finished-at="2020-02-13T21:51:44Z">
          <reporter-output>
          </reporter-output>
        </test-method> <!-- validLogin -->
        <test-method status="PASS" signature="ui_verification()[pri:1, instance:tests.HomeTest@49e202ad]" name="ui_verification" duration-ms="9157" started-at="2020-02-13T21:51:44Z" finished-at="2020-02-13T21:51:53Z">
          <reporter-output>
          </reporter-output>
        </test-method> <!-- ui_verification -->
        <test-method status="PASS" signature="tearDown(org.testng.ITestResult)[pri:0, instance:tests.HomeTest@49e202ad]" name="tearDown" is-config="true" duration-ms="86" started-at="2020-02-13T21:51:53Z" finished-at="2020-02-13T21:51:53Z">
          <params>
            <param index="0">
              <value>
                <![CDATA[[TestResult name=ui_verification status=SUCCESS method=HomeTest.ui_verification()[pri:1, instance:tests.HomeTest@49e202ad] output={null}]]]>
              </value>
            </param>
          </params>
          <reporter-output>
          </reporter-output>
        </test-method> <!-- tearDown -->
        <test-method status="PASS" signature="tiles_count_verification_UI()[pri:2, instance:tests.HomeTest@49e202ad]" name="tiles_count_verification_UI" duration-ms="7279" started-at="2020-02-13T21:51:53Z" finished-at="2020-02-13T21:52:00Z">
          <reporter-output>
          </reporter-output>
        </test-method> <!-- tiles_count_verification_UI -->
        <test-method status="PASS" signature="tearDown(org.testng.ITestResult)[pri:0, instance:tests.HomeTest@49e202ad]" name="tearDown" is-config="true" duration-ms="84" started-at="2020-02-13T21:52:00Z" finished-at="2020-02-13T21:52:00Z">
          <params>
            <param index="0">
              <value>
                <![CDATA[[TestResult name=tiles_count_verification_UI status=SUCCESS method=HomeTest.tiles_count_verification_UI()[pri:2, instance:tests.HomeTest@49e202ad] output={null}]]]>
              </value>
            </param>
          </params>
          <reporter-output>
          </reporter-output>
        </test-method> <!-- tearDown -->
        <test-method status="PASS" signature="tearDown()[pri:0, instance:tests.HomeTest@49e202ad]" name="tearDown" is-config="true" duration-ms="3986" started-at="2020-02-13T21:52:00Z" finished-at="2020-02-13T21:52:04Z">
          <reporter-output>
          </reporter-output>
        </test-method> <!-- tearDown -->
      </class> <!-- tests.HomeTest -->
      <class name="tests.CamapignUIVerificationTest">
        <test-method status="PASS" signature="goToCampaignPage()[pri:0, instance:tests.CamapignUIVerificationTest@1c72da34]" name="goToCampaignPage" is-config="true" duration-ms="2967" started-at="2020-02-13T21:52:04Z" finished-at="2020-02-13T21:52:07Z">
          <reporter-output>
          </reporter-output>
        </test-method> <!-- goToCampaignPage -->
        <test-method status="PASS" signature="CampaignAndTrackingNumberPage_UI_Verification()[pri:1, instance:tests.CamapignUIVerificationTest@1c72da34]" name="CampaignAndTrackingNumberPage_UI_Verification" duration-ms="6637" started-at="2020-02-13T21:52:07Z" finished-at="2020-02-13T21:52:14Z">
          <reporter-output>
          </reporter-output>
        </test-method> <!-- CampaignAndTrackingNumberPage_UI_Verification -->
        <test-method status="PASS" signature="tearDown(org.testng.ITestResult)[pri:0, instance:tests.CamapignUIVerificationTest@1c72da34]" name="tearDown" is-config="true" duration-ms="97" started-at="2020-02-13T21:52:14Z" finished-at="2020-02-13T21:52:14Z">
          <params>
            <param index="0">
              <value>
                <![CDATA[[TestResult name=CampaignAndTrackingNumberPage_UI_Verification status=SUCCESS method=CamapignUIVerificationTest.CampaignAndTrackingNumberPage_UI_Verification()[pri:1, instance:tests.CamapignUIVerificationTest@1c72da34] output={null}]]]>
              </value>
            </param>
          </params>
          <reporter-output>
          </reporter-output>
        </test-method> <!-- tearDown -->
        <test-method status="PASS" signature="defaultColumnsDisplayed()[pri:2, instance:tests.CamapignUIVerificationTest@1c72da34]" name="defaultColumnsDisplayed" duration-ms="7727" started-at="2020-02-13T21:52:14Z" finished-at="2020-02-13T21:52:22Z">
          <reporter-output>
          </reporter-output>
        </test-method> <!-- defaultColumnsDisplayed -->
        <test-method status="PASS" signature="tearDown(org.testng.ITestResult)[pri:0, instance:tests.CamapignUIVerificationTest@1c72da34]" name="tearDown" is-config="true" duration-ms="93" started-at="2020-02-13T21:52:22Z" finished-at="2020-02-13T21:52:22Z">
          <params>
            <param index="0">
              <value>
                <![CDATA[[TestResult name=defaultColumnsDisplayed status=SUCCESS method=CamapignUIVerificationTest.defaultColumnsDisplayed()[pri:2, instance:tests.CamapignUIVerificationTest@1c72da34] output={null}]]]>
              </value>
            </param>
          </params>
          <reporter-output>
          </reporter-output>
        </test-method> <!-- tearDown -->
        <test-method status="PASS" signature="allColumnsDisplayed()[pri:3, instance:tests.CamapignUIVerificationTest@1c72da34]" name="allColumnsDisplayed" duration-ms="65120" started-at="2020-02-13T21:52:22Z" finished-at="2020-02-13T21:53:27Z">
          <reporter-output>
          </reporter-output>
        </test-method> <!-- allColumnsDisplayed -->
        <test-method status="PASS" signature="tearDown(org.testng.ITestResult)[pri:0, instance:tests.CamapignUIVerificationTest@1c72da34]" name="tearDown" is-config="true" duration-ms="117" started-at="2020-02-13T21:53:27Z" finished-at="2020-02-13T21:53:27Z">
          <params>
            <param index="0">
              <value>
                <![CDATA[[TestResult name=allColumnsDisplayed status=SUCCESS method=CamapignUIVerificationTest.allColumnsDisplayed()[pri:3, instance:tests.CamapignUIVerificationTest@1c72da34] output={null}]]]>
              </value>
            </param>
          </params>
          <reporter-output>
          </reporter-output>
        </test-method> <!-- tearDown -->
        <test-method status="PASS" signature="goToHomePage()[pri:0, instance:tests.CamapignUIVerificationTest@1c72da34]" name="goToHomePage" is-config="true" duration-ms="5303" started-at="2020-02-13T21:53:27Z" finished-at="2020-02-13T21:53:32Z">
          <reporter-output>
          </reporter-output>
        </test-method> <!-- goToHomePage -->
        <test-method status="PASS" signature="tearDown()[pri:0, instance:tests.CamapignUIVerificationTest@1c72da34]" name="tearDown" is-config="true" duration-ms="1065" started-at="2020-02-13T21:56:05Z" finished-at="2020-02-13T21:56:06Z">
          <reporter-output>
          </reporter-output>
        </test-method> <!-- tearDown -->
      </class> <!-- tests.CamapignUIVerificationTest -->
    </test> <!-- chrome test -->
  </suite> <!-- Automation Suite-1 -->
</testng-results>
