<?xml version="1.0" encoding="UTF-8"?>
<testng-results skipped="0" failed="0" ignored="6" total="22" passed="16">
  <reporter-output>
  </reporter-output>
  <suite name="Automation Suite-1" duration-ms="206626" started-at="2020-01-03T11:22:19Z" finished-at="2020-01-03T11:25:46Z">
    <groups>
    </groups>
    <test name="chrome test" duration-ms="206626" started-at="2020-01-03T11:22:19Z" finished-at="2020-01-03T11:25:46Z">
      <class name="tests.LoginTest">
        <test-method status="PASS" signature="setUp(java.lang.String, java.lang.String)[pri:0, instance:tests.LoginTest@4d826d77]" name="setUp" is-config="true" duration-ms="41314" started-at="2020-01-03T11:22:19Z" finished-at="2020-01-03T11:23:00Z">
          <params>
            <param index="0">
              <value>
                <![CDATA[chrome]]>
              </value>
            </param>
            <param index="1">
              <value>
                <![CDATA[https://stag-5-cmo-1.convirza.com]]>
              </value>
            </param>
          </params>
          <reporter-output>
          </reporter-output>
        </test-method> <!-- setUp -->
        <test-method status="PASS" signature="login()[pri:0, instance:tests.LoginTest@4d826d77]" name="login" duration-ms="2886" started-at="2020-01-03T11:23:00Z" finished-at="2020-01-03T11:23:03Z">
          <reporter-output>
          </reporter-output>
        </test-method> <!-- login -->
        <test-method status="PASS" signature="tearDown(org.testng.ITestResult)[pri:0, instance:tests.LoginTest@4d826d77]" name="tearDown" is-config="true" duration-ms="609" started-at="2020-01-03T11:23:03Z" finished-at="2020-01-03T11:23:04Z">
          <params>
            <param index="0">
              <value>
                <![CDATA[[TestResult name=login status=SUCCESS method=LoginTest.login()[pri:0, instance:tests.LoginTest@4d826d77] output={null}]]]>
              </value>
            </param>
          </params>
          <reporter-output>
          </reporter-output>
        </test-method> <!-- tearDown -->
        <test-method status="PASS" signature="tearDown()[pri:0, instance:tests.LoginTest@4d826d77]" name="tearDown" is-config="true" duration-ms="772" started-at="2020-01-03T11:25:45Z" finished-at="2020-01-03T11:25:46Z">
          <reporter-output>
          </reporter-output>
        </test-method> <!-- tearDown -->
        <test-method status="PASS" signature="close_connection()[pri:0, instance:tests.LoginTest@4d826d77]" name="close_connection" is-config="true" duration-ms="6716" started-at="2020-01-03T11:25:46Z" finished-at="2020-01-03T11:25:52Z">
          <reporter-output>
          </reporter-output>
        </test-method> <!-- close_connection -->
      </class> <!-- tests.LoginTest -->
      <class name="tests.CampaignTests">
        <test-method status="PASS" signature="goToCampaignPage()[pri:0, instance:tests.CampaignTests@77e9807f]" name="goToCampaignPage" is-config="true" duration-ms="2914" started-at="2020-01-03T11:23:17Z" finished-at="2020-01-03T11:23:20Z">
          <reporter-output>
          </reporter-output>
        </test-method> <!-- goToCampaignPage -->
        <test-method status="PASS" signature="campaignBuilderPage_UI_Verification()[pri:1, instance:tests.CampaignTests@77e9807f]" name="campaignBuilderPage_UI_Verification" duration-ms="5966" started-at="2020-01-03T11:23:20Z" finished-at="2020-01-03T11:23:26Z">
          <reporter-output>
          </reporter-output>
        </test-method> <!-- campaignBuilderPage_UI_Verification -->
        <test-method status="PASS" signature="tearDown(org.testng.ITestResult)[pri:0, instance:tests.CampaignTests@77e9807f]" name="tearDown" is-config="true" duration-ms="138" started-at="2020-01-03T11:23:26Z" finished-at="2020-01-03T11:23:26Z">
          <params>
            <param index="0">
              <value>
                <![CDATA[[TestResult name=campaignBuilderPage_UI_Verification status=SUCCESS method=CampaignTests.campaignBuilderPage_UI_Verification()[pri:1, instance:tests.CampaignTests@77e9807f] output={null}]]]>
              </value>
            </param>
          </params>
          <reporter-output>
          </reporter-output>
        </test-method> <!-- tearDown -->
        <test-method status="PASS" signature="campaign_Creation_Without_externalID()[pri:1, instance:tests.CampaignTests@77e9807f]" name="campaign_Creation_Without_externalID" duration-ms="14297" started-at="2020-01-03T11:23:26Z" finished-at="2020-01-03T11:23:41Z">
          <reporter-output>
          </reporter-output>
        </test-method> <!-- campaign_Creation_Without_externalID -->
        <test-method status="PASS" signature="tearDown(org.testng.ITestResult)[pri:0, instance:tests.CampaignTests@77e9807f]" name="tearDown" is-config="true" duration-ms="91" started-at="2020-01-03T11:23:41Z" finished-at="2020-01-03T11:23:41Z">
          <params>
            <param index="0">
              <value>
                <![CDATA[[TestResult name=campaign_Creation_Without_externalID status=SUCCESS method=CampaignTests.campaign_Creation_Without_externalID()[pri:1, instance:tests.CampaignTests@77e9807f] output={null}]]]>
              </value>
            </param>
          </params>
          <reporter-output>
          </reporter-output>
        </test-method> <!-- tearDown -->
        <test-method status="PASS" signature="campaign_updation_Without_externalID()[pri:2, instance:tests.CampaignTests@77e9807f]" name="campaign_updation_Without_externalID" duration-ms="12992" started-at="2020-01-03T11:23:41Z" finished-at="2020-01-03T11:23:54Z">
          <reporter-output>
          </reporter-output>
        </test-method> <!-- campaign_updation_Without_externalID -->
        <test-method status="PASS" signature="tearDown(org.testng.ITestResult)[pri:0, instance:tests.CampaignTests@77e9807f]" name="tearDown" is-config="true" duration-ms="91" started-at="2020-01-03T11:23:54Z" finished-at="2020-01-03T11:23:54Z">
          <params>
            <param index="0">
              <value>
                <![CDATA[[TestResult name=campaign_updation_Without_externalID status=SUCCESS method=CampaignTests.campaign_updation_Without_externalID()[pri:2, instance:tests.CampaignTests@77e9807f] output={null}]]]>
              </value>
            </param>
          </params>
          <reporter-output>
          </reporter-output>
        </test-method> <!-- tearDown -->
        <test-method status="PASS" signature="campaign_deletion_Without_externalID()[pri:3, instance:tests.CampaignTests@77e9807f]" name="campaign_deletion_Without_externalID" duration-ms="4801" started-at="2020-01-03T11:23:54Z" finished-at="2020-01-03T11:23:59Z">
          <reporter-output>
          </reporter-output>
        </test-method> <!-- campaign_deletion_Without_externalID -->
        <test-method status="PASS" signature="tearDown(org.testng.ITestResult)[pri:0, instance:tests.CampaignTests@77e9807f]" name="tearDown" is-config="true" duration-ms="76" started-at="2020-01-03T11:23:59Z" finished-at="2020-01-03T11:23:59Z">
          <params>
            <param index="0">
              <value>
                <![CDATA[[TestResult name=campaign_deletion_Without_externalID status=SUCCESS method=CampaignTests.campaign_deletion_Without_externalID()[pri:3, instance:tests.CampaignTests@77e9807f] output={null}]]]>
              </value>
            </param>
          </params>
          <reporter-output>
          </reporter-output>
        </test-method> <!-- tearDown -->
        <test-method status="PASS" signature="campaign_Creation_With_externalID()[pri:4, instance:tests.CampaignTests@77e9807f]" name="campaign_Creation_With_externalID" duration-ms="12695" started-at="2020-01-03T11:23:59Z" finished-at="2020-01-03T11:24:11Z">
          <reporter-output>
          </reporter-output>
        </test-method> <!-- campaign_Creation_With_externalID -->
        <test-method status="PASS" signature="tearDown(org.testng.ITestResult)[pri:0, instance:tests.CampaignTests@77e9807f]" name="tearDown" is-config="true" duration-ms="99" started-at="2020-01-03T11:24:11Z" finished-at="2020-01-03T11:24:12Z">
          <params>
            <param index="0">
              <value>
                <![CDATA[[TestResult name=campaign_Creation_With_externalID status=SUCCESS method=CampaignTests.campaign_Creation_With_externalID()[pri:4, instance:tests.CampaignTests@77e9807f] output={null}]]]>
              </value>
            </param>
          </params>
          <reporter-output>
          </reporter-output>
        </test-method> <!-- tearDown -->
        <test-method status="PASS" signature="campaign_updation_With_externalID()[pri:5, instance:tests.CampaignTests@77e9807f]" name="campaign_updation_With_externalID" duration-ms="13291" started-at="2020-01-03T11:24:12Z" finished-at="2020-01-03T11:24:25Z">
          <reporter-output>
          </reporter-output>
        </test-method> <!-- campaign_updation_With_externalID -->
        <test-method status="PASS" signature="tearDown(org.testng.ITestResult)[pri:0, instance:tests.CampaignTests@77e9807f]" name="tearDown" is-config="true" duration-ms="199" started-at="2020-01-03T11:24:25Z" finished-at="2020-01-03T11:24:25Z">
          <params>
            <param index="0">
              <value>
                <![CDATA[[TestResult name=campaign_updation_With_externalID status=SUCCESS method=CampaignTests.campaign_updation_With_externalID()[pri:5, instance:tests.CampaignTests@77e9807f] output={null}]]]>
              </value>
            </param>
          </params>
          <reporter-output>
          </reporter-output>
        </test-method> <!-- tearDown -->
        <test-method status="PASS" signature="campaign_deletion_With_externalID()[pri:6, instance:tests.CampaignTests@77e9807f]" name="campaign_deletion_With_externalID" duration-ms="4782" started-at="2020-01-03T11:24:25Z" finished-at="2020-01-03T11:24:30Z">
          <reporter-output>
          </reporter-output>
        </test-method> <!-- campaign_deletion_With_externalID -->
        <test-method status="PASS" signature="tearDown(org.testng.ITestResult)[pri:0, instance:tests.CampaignTests@77e9807f]" name="tearDown" is-config="true" duration-ms="64" started-at="2020-01-03T11:24:30Z" finished-at="2020-01-03T11:24:30Z">
          <params>
            <param index="0">
              <value>
                <![CDATA[[TestResult name=campaign_deletion_With_externalID status=SUCCESS method=CampaignTests.campaign_deletion_With_externalID()[pri:6, instance:tests.CampaignTests@77e9807f] output={null}]]]>
              </value>
            </param>
          </params>
          <reporter-output>
          </reporter-output>
        </test-method> <!-- tearDown -->
        <test-method status="PASS" signature="createCampaignWithFutureStartDateAndNeverEndDate()[pri:7, instance:tests.CampaignTests@77e9807f]" name="createCampaignWithFutureStartDateAndNeverEndDate" duration-ms="13645" started-at="2020-01-03T11:24:30Z" finished-at="2020-01-03T11:24:44Z">
          <reporter-output>
          </reporter-output>
        </test-method> <!-- createCampaignWithFutureStartDateAndNeverEndDate -->
        <test-method status="PASS" signature="tearDown(org.testng.ITestResult)[pri:0, instance:tests.CampaignTests@77e9807f]" name="tearDown" is-config="true" duration-ms="83" started-at="2020-01-03T11:24:44Z" finished-at="2020-01-03T11:24:44Z">
          <params>
            <param index="0">
              <value>
                <![CDATA[[TestResult name=createCampaignWithFutureStartDateAndNeverEndDate status=SUCCESS method=CampaignTests.createCampaignWithFutureStartDateAndNeverEndDate()[pri:7, instance:tests.CampaignTests@77e9807f] output={null}]]]>
              </value>
            </param>
          </params>
          <reporter-output>
          </reporter-output>
        </test-method> <!-- tearDown -->
        <test-method status="PASS" signature="updateCampaignWithFutureStartDateAndNeverEndDate()[pri:8, instance:tests.CampaignTests@77e9807f]" name="updateCampaignWithFutureStartDateAndNeverEndDate" duration-ms="14183" started-at="2020-01-03T11:24:44Z" finished-at="2020-01-03T11:24:58Z">
          <reporter-output>
          </reporter-output>
        </test-method> <!-- updateCampaignWithFutureStartDateAndNeverEndDate -->
        <test-method status="PASS" signature="tearDown(org.testng.ITestResult)[pri:0, instance:tests.CampaignTests@77e9807f]" name="tearDown" is-config="true" duration-ms="67" started-at="2020-01-03T11:24:58Z" finished-at="2020-01-03T11:24:58Z">
          <params>
            <param index="0">
              <value>
                <![CDATA[[TestResult name=updateCampaignWithFutureStartDateAndNeverEndDate status=SUCCESS method=CampaignTests.updateCampaignWithFutureStartDateAndNeverEndDate()[pri:8, instance:tests.CampaignTests@77e9807f] output={null}]]]>
              </value>
            </param>
          </params>
          <reporter-output>
          </reporter-output>
        </test-method> <!-- tearDown -->
        <test-method status="PASS" signature="campaign_deletion_With_futureStartDate()[pri:9, instance:tests.CampaignTests@77e9807f]" name="campaign_deletion_With_futureStartDate" duration-ms="5135" started-at="2020-01-03T11:24:58Z" finished-at="2020-01-03T11:25:03Z">
          <reporter-output>
          </reporter-output>
        </test-method> <!-- campaign_deletion_With_futureStartDate -->
        <test-method status="PASS" signature="tearDown(org.testng.ITestResult)[pri:0, instance:tests.CampaignTests@77e9807f]" name="tearDown" is-config="true" duration-ms="74" started-at="2020-01-03T11:25:03Z" finished-at="2020-01-03T11:25:03Z">
          <params>
            <param index="0">
              <value>
                <![CDATA[[TestResult name=campaign_deletion_With_futureStartDate status=SUCCESS method=CampaignTests.campaign_deletion_With_futureStartDate()[pri:9, instance:tests.CampaignTests@77e9807f] output={null}]]]>
              </value>
            </param>
          </params>
          <reporter-output>
          </reporter-output>
        </test-method> <!-- tearDown -->
        <test-method status="PASS" signature="createCampaignWithFutureStartDateAndFutureEndDate()[pri:10, instance:tests.CampaignTests@77e9807f]" name="createCampaignWithFutureStartDateAndFutureEndDate" duration-ms="13318" started-at="2020-01-03T11:25:03Z" finished-at="2020-01-03T11:25:16Z">
          <reporter-output>
          </reporter-output>
        </test-method> <!-- createCampaignWithFutureStartDateAndFutureEndDate -->
        <test-method status="PASS" signature="tearDown(org.testng.ITestResult)[pri:0, instance:tests.CampaignTests@77e9807f]" name="tearDown" is-config="true" duration-ms="87" started-at="2020-01-03T11:25:16Z" finished-at="2020-01-03T11:25:16Z">
          <params>
            <param index="0">
              <value>
                <![CDATA[[TestResult name=createCampaignWithFutureStartDateAndFutureEndDate status=SUCCESS method=CampaignTests.createCampaignWithFutureStartDateAndFutureEndDate()[pri:10, instance:tests.CampaignTests@77e9807f] output={null}]]]>
              </value>
            </param>
          </params>
          <reporter-output>
          </reporter-output>
        </test-method> <!-- tearDown -->
        <test-method status="PASS" signature="updateCampaignWithFutureStartDateAndFutureEndDate()[pri:11, instance:tests.CampaignTests@77e9807f]" name="updateCampaignWithFutureStartDateAndFutureEndDate" duration-ms="15086" started-at="2020-01-03T11:25:16Z" finished-at="2020-01-03T11:25:32Z">
          <reporter-output>
          </reporter-output>
        </test-method> <!-- updateCampaignWithFutureStartDateAndFutureEndDate -->
        <test-method status="PASS" signature="tearDown(org.testng.ITestResult)[pri:0, instance:tests.CampaignTests@77e9807f]" name="tearDown" is-config="true" duration-ms="77" started-at="2020-01-03T11:25:32Z" finished-at="2020-01-03T11:25:32Z">
          <params>
            <param index="0">
              <value>
                <![CDATA[[TestResult name=updateCampaignWithFutureStartDateAndFutureEndDate status=SUCCESS method=CampaignTests.updateCampaignWithFutureStartDateAndFutureEndDate()[pri:11, instance:tests.CampaignTests@77e9807f] output={null}]]]>
              </value>
            </param>
          </params>
          <reporter-output>
          </reporter-output>
        </test-method> <!-- tearDown -->
        <test-method status="PASS" signature="campaign_deletion_With_futureStartDateAndFutureEndDate()[pri:12, instance:tests.CampaignTests@77e9807f]" name="campaign_deletion_With_futureStartDateAndFutureEndDate" duration-ms="4826" started-at="2020-01-03T11:25:32Z" finished-at="2020-01-03T11:25:36Z">
          <reporter-output>
          </reporter-output>
        </test-method> <!-- campaign_deletion_With_futureStartDateAndFutureEndDate -->
        <test-method status="PASS" signature="tearDown(org.testng.ITestResult)[pri:0, instance:tests.CampaignTests@77e9807f]" name="tearDown" is-config="true" duration-ms="81" started-at="2020-01-03T11:25:36Z" finished-at="2020-01-03T11:25:37Z">
          <params>
            <param index="0">
              <value>
                <![CDATA[[TestResult name=campaign_deletion_With_futureStartDateAndFutureEndDate status=SUCCESS method=CampaignTests.campaign_deletion_With_futureStartDateAndFutureEndDate()[pri:12, instance:tests.CampaignTests@77e9807f] output={null}]]]>
              </value>
            </param>
          </params>
          <reporter-output>
          </reporter-output>
        </test-method> <!-- tearDown -->
        <test-method status="PASS" signature="createCampaignWithPastTime()[pri:13, instance:tests.CampaignTests@77e9807f]" name="createCampaignWithPastTime" duration-ms="7346" started-at="2020-01-03T11:25:37Z" finished-at="2020-01-03T11:25:44Z">
          <reporter-output>
          </reporter-output>
        </test-method> <!-- createCampaignWithPastTime -->
        <test-method status="PASS" signature="tearDown(org.testng.ITestResult)[pri:0, instance:tests.CampaignTests@77e9807f]" name="tearDown" is-config="true" duration-ms="90" started-at="2020-01-03T11:25:44Z" finished-at="2020-01-03T11:25:44Z">
          <params>
            <param index="0">
              <value>
                <![CDATA[[TestResult name=createCampaignWithPastTime status=SUCCESS method=CampaignTests.createCampaignWithPastTime()[pri:13, instance:tests.CampaignTests@77e9807f] output={null}]]]>
              </value>
            </param>
          </params>
          <reporter-output>
          </reporter-output>
        </test-method> <!-- tearDown -->
        <test-method status="PASS" signature="goToHomePage()[pri:0, instance:tests.CampaignTests@77e9807f]" name="goToHomePage" is-config="true" duration-ms="830" started-at="2020-01-03T11:25:44Z" finished-at="2020-01-03T11:25:45Z">
          <reporter-output>
          </reporter-output>
        </test-method> <!-- goToHomePage -->
      </class> <!-- tests.CampaignTests -->
      <class name="tests.CamapignUIVerificationTest">
        <test-method status="PASS" signature="goToCampaignPage()[pri:0, instance:tests.CamapignUIVerificationTest@61009542]" name="goToCampaignPage" is-config="true" duration-ms="1364" started-at="2020-01-03T11:23:04Z" finished-at="2020-01-03T11:23:05Z">
          <reporter-output>
          </reporter-output>
        </test-method> <!-- goToCampaignPage -->
        <test-method status="PASS" signature="CampaignAndTrackingNumberPage_UI_Verification()[pri:1, instance:tests.CamapignUIVerificationTest@61009542]" name="CampaignAndTrackingNumberPage_UI_Verification" duration-ms="10886" started-at="2020-01-03T11:23:05Z" finished-at="2020-01-03T11:23:16Z">
          <reporter-output>
          </reporter-output>
        </test-method> <!-- CampaignAndTrackingNumberPage_UI_Verification -->
        <test-method status="PASS" signature="tearDown(org.testng.ITestResult)[pri:0, instance:tests.CamapignUIVerificationTest@61009542]" name="tearDown" is-config="true" duration-ms="211" started-at="2020-01-03T11:23:16Z" finished-at="2020-01-03T11:23:16Z">
          <params>
            <param index="0">
              <value>
                <![CDATA[[TestResult name=CampaignAndTrackingNumberPage_UI_Verification status=SUCCESS method=CamapignUIVerificationTest.CampaignAndTrackingNumberPage_UI_Verification()[pri:1, instance:tests.CamapignUIVerificationTest@61009542] output={null}]]]>
              </value>
            </param>
          </params>
          <reporter-output>
          </reporter-output>
        </test-method> <!-- tearDown -->
        <test-method status="PASS" signature="goToHomePage()[pri:0, instance:tests.CamapignUIVerificationTest@61009542]" name="goToHomePage" is-config="true" duration-ms="1095" started-at="2020-01-03T11:23:16Z" finished-at="2020-01-03T11:23:17Z">
          <reporter-output>
          </reporter-output>
        </test-method> <!-- goToHomePage -->
      </class> <!-- tests.CamapignUIVerificationTest -->
    </test> <!-- chrome test -->
  </suite> <!-- Automation Suite-1 -->
</testng-results>
