<?xml version="1.0" encoding="UTF-8"?>
<testng-results skipped="0" failed="0" total="2" passed="2">
  <reporter-output>
  </reporter-output>
  <suite name="Automation Suite-1" duration-ms="145418" started-at="2020-03-12T11:13:37Z" finished-at="2020-03-12T11:16:02Z">
    <groups>
    </groups>
    <test name="chrome test" duration-ms="145418" started-at="2020-03-12T11:13:37Z" finished-at="2020-03-12T11:16:02Z">
      <class name="tests.TrackingNumberTest">
        <test-method status="PASS" signature="setUp(java.lang.String, java.lang.String)[pri:0, instance:tests.TrackingNumberTest@6b0c2d26]" name="setUp" is-config="true" duration-ms="41075" started-at="2020-03-12T16:43:37Z" finished-at="2020-03-12T16:44:18Z">
          <params>
            <param index="0">
              <value>
                <![CDATA[chrome]]>
              </value>
            </param>
            <param index="1">
              <value>
                <![CDATA[https://stag-5-cmo-1.convirza.com]]>
              </value>
            </param>
          </params>
          <reporter-output>
          </reporter-output>
        </test-method> <!-- setUp -->
        <test-method status="PASS" signature="goToCampaignPage()[pri:0, instance:tests.TrackingNumberTest@6b0c2d26]" name="goToCampaignPage" is-config="true" duration-ms="4580" started-at="2020-03-12T16:44:18Z" finished-at="2020-03-12T16:44:22Z">
          <reporter-output>
          </reporter-output>
        </test-method> <!-- goToCampaignPage -->
        <test-method status="PASS" signature="IVRCreation()[pri:22, instance:tests.TrackingNumberTest@6b0c2d26]" name="IVRCreation" duration-ms="91480" started-at="2020-03-12T16:44:22Z" finished-at="2020-03-12T16:45:54Z">
          <reporter-output>
          </reporter-output>
        </test-method> <!-- IVRCreation -->
        <test-method status="PASS" signature="tearDown(org.testng.ITestResult)[pri:0, instance:tests.TrackingNumberTest@6b0c2d26]" name="tearDown" is-config="true" duration-ms="465" started-at="2020-03-12T16:45:54Z" finished-at="2020-03-12T16:45:54Z">
          <params>
            <param index="0">
              <value>
                <![CDATA[[TestResult name=IVRCreation status=SUCCESS method=TrackingNumberTest.IVRCreation()[pri:22, instance:tests.TrackingNumberTest@6b0c2d26] output={null}]]]>
              </value>
            </param>
          </params>
          <reporter-output>
          </reporter-output>
        </test-method> <!-- tearDown -->
        <test-method status="PASS" signature="IVRDeletion()[pri:23, instance:tests.TrackingNumberTest@6b0c2d26]" name="IVRDeletion" duration-ms="6728" started-at="2020-03-12T16:45:54Z" finished-at="2020-03-12T16:46:01Z">
          <reporter-output>
          </reporter-output>
        </test-method> <!-- IVRDeletion -->
        <test-method status="PASS" signature="tearDown(org.testng.ITestResult)[pri:0, instance:tests.TrackingNumberTest@6b0c2d26]" name="tearDown" is-config="true" duration-ms="91" started-at="2020-03-12T16:46:01Z" finished-at="2020-03-12T16:46:01Z">
          <params>
            <param index="0">
              <value>
                <![CDATA[[TestResult name=IVRDeletion status=SUCCESS method=TrackingNumberTest.IVRDeletion()[pri:23, instance:tests.TrackingNumberTest@6b0c2d26] output={null}]]]>
              </value>
            </param>
          </params>
          <reporter-output>
          </reporter-output>
        </test-method> <!-- tearDown -->
        <test-method status="PASS" signature="cleanUp()[pri:0, instance:tests.TrackingNumberTest@6b0c2d26]" name="cleanUp" is-config="true" duration-ms="0" started-at="2020-03-12T16:46:01Z" finished-at="2020-03-12T16:46:01Z">
          <reporter-output>
          </reporter-output>
        </test-method> <!-- cleanUp -->
        <test-method status="PASS" signature="tearDown()[pri:0, instance:tests.TrackingNumberTest@6b0c2d26]" name="tearDown" is-config="true" duration-ms="962" started-at="2020-03-12T16:46:01Z" finished-at="2020-03-12T16:46:02Z">
          <reporter-output>
          </reporter-output>
        </test-method> <!-- tearDown -->
        <test-method status="PASS" signature="close_connection()[pri:0, instance:tests.TrackingNumberTest@6b0c2d26]" name="close_connection" is-config="true" duration-ms="7296" started-at="2020-03-12T16:46:02Z" finished-at="2020-03-12T16:46:09Z">
          <reporter-output>
          </reporter-output>
        </test-method> <!-- close_connection -->
      </class> <!-- tests.TrackingNumberTest -->
    </test> <!-- chrome test -->
  </suite> <!-- Automation Suite-1 -->
</testng-results>
