<?xml version="1.0" encoding="UTF-8"?>
<testng-results skipped="0" failed="0" total="27" passed="27">
  <reporter-output>
  </reporter-output>
  <suite name="Automation Suite-1" duration-ms="213199" started-at="2020-04-09T12:45:59Z" finished-at="2020-04-09T12:49:32Z">
    <groups>
    </groups>
    <test name="chrome test-1" duration-ms="213199" started-at="2020-04-09T12:45:59Z" finished-at="2020-04-09T12:49:32Z">
      <class name="tests.GroupActivityReportTest">
        <test-method status="PASS" signature="setUp(java.lang.String, java.lang.String)[pri:0, instance:tests.GroupActivityReportTest@442675e1]" name="setUp" is-config="true" duration-ms="50956" started-at="2020-04-09T18:15:59Z" finished-at="2020-04-09T18:16:50Z">
          <params>
            <param index="0">
              <value>
                <![CDATA[chrome]]>
              </value>
            </param>
            <param index="1">
              <value>
                <![CDATA[https://stag-5-cmo-1.convirza.com]]>
              </value>
            </param>
          </params>
          <reporter-output>
          </reporter-output>
        </test-method> <!-- setUp -->
        <test-method status="PASS" signature="goToGroupActivityReportPage()[pri:0, instance:tests.GroupActivityReportTest@442675e1]" name="goToGroupActivityReportPage" is-config="true" duration-ms="6344" started-at="2020-04-09T18:16:50Z" finished-at="2020-04-09T18:16:57Z">
          <reporter-output>
          </reporter-output>
        </test-method> <!-- goToGroupActivityReportPage -->
        <test-method status="PASS" signature="uiVerification()[pri:1, instance:tests.GroupActivityReportTest@442675e1]" name="uiVerification" duration-ms="3668" started-at="2020-04-09T18:16:57Z" finished-at="2020-04-09T18:17:00Z">
          <reporter-output>
          </reporter-output>
        </test-method> <!-- uiVerification -->
        <test-method status="PASS" signature="tearDown(org.testng.ITestResult)[pri:0, instance:tests.GroupActivityReportTest@442675e1]" name="tearDown" is-config="true" duration-ms="769" started-at="2020-04-09T18:17:00Z" finished-at="2020-04-09T18:17:01Z">
          <params>
            <param index="0">
              <value>
                <![CDATA[[TestResult name=uiVerification status=SUCCESS method=GroupActivityReportTest.uiVerification()[pri:1, instance:tests.GroupActivityReportTest@442675e1] output={null}]]]>
              </value>
            </param>
          </params>
          <reporter-output>
          </reporter-output>
        </test-method> <!-- tearDown -->
        <test-method status="PASS" signature="dateRangeFilterUIVerification()[pri:2, instance:tests.GroupActivityReportTest@442675e1]" name="dateRangeFilterUIVerification" duration-ms="3812" started-at="2020-04-09T18:17:01Z" finished-at="2020-04-09T18:17:05Z">
          <reporter-output>
          </reporter-output>
        </test-method> <!-- dateRangeFilterUIVerification -->
        <test-method status="PASS" signature="tearDown(org.testng.ITestResult)[pri:0, instance:tests.GroupActivityReportTest@442675e1]" name="tearDown" is-config="true" duration-ms="188" started-at="2020-04-09T18:17:05Z" finished-at="2020-04-09T18:17:05Z">
          <params>
            <param index="0">
              <value>
                <![CDATA[[TestResult name=dateRangeFilterUIVerification status=SUCCESS method=GroupActivityReportTest.dateRangeFilterUIVerification()[pri:2, instance:tests.GroupActivityReportTest@442675e1] output={null}]]]>
              </value>
            </param>
          </params>
          <reporter-output>
          </reporter-output>
        </test-method> <!-- tearDown -->
        <test-method status="PASS" signature="tileCountVerification()[pri:3, instance:tests.GroupActivityReportTest@442675e1]" name="tileCountVerification" duration-ms="7467" started-at="2020-04-09T18:17:05Z" finished-at="2020-04-09T18:17:13Z">
          <reporter-output>
          </reporter-output>
        </test-method> <!-- tileCountVerification -->
        <test-method status="PASS" signature="tearDown(org.testng.ITestResult)[pri:0, instance:tests.GroupActivityReportTest@442675e1]" name="tearDown" is-config="true" duration-ms="151" started-at="2020-04-09T18:17:13Z" finished-at="2020-04-09T18:17:13Z">
          <params>
            <param index="0">
              <value>
                <![CDATA[[TestResult name=tileCountVerification status=SUCCESS method=GroupActivityReportTest.tileCountVerification()[pri:3, instance:tests.GroupActivityReportTest@442675e1] output={null}]]]>
              </value>
            </param>
          </params>
          <reporter-output>
          </reporter-output>
        </test-method> <!-- tearDown -->
        <test-method status="PASS" signature="secondaryGroupingOptions()[pri:4, instance:tests.GroupActivityReportTest@442675e1]" name="secondaryGroupingOptions" duration-ms="417" started-at="2020-04-09T18:17:13Z" finished-at="2020-04-09T18:17:13Z">
          <reporter-output>
          </reporter-output>
        </test-method> <!-- secondaryGroupingOptions -->
        <test-method status="PASS" signature="tearDown(org.testng.ITestResult)[pri:0, instance:tests.GroupActivityReportTest@442675e1]" name="tearDown" is-config="true" duration-ms="110" started-at="2020-04-09T18:17:13Z" finished-at="2020-04-09T18:17:13Z">
          <params>
            <param index="0">
              <value>
                <![CDATA[[TestResult name=secondaryGroupingOptions status=SUCCESS method=GroupActivityReportTest.secondaryGroupingOptions()[pri:4, instance:tests.GroupActivityReportTest@442675e1] output={null}]]]>
              </value>
            </param>
          </params>
          <reporter-output>
          </reporter-output>
        </test-method> <!-- tearDown -->
        <test-method status="PASS" signature="tableCountVerification()[pri:5, instance:tests.GroupActivityReportTest@442675e1]" name="tableCountVerification" duration-ms="1265" started-at="2020-04-09T18:17:13Z" finished-at="2020-04-09T18:17:14Z">
          <reporter-output>
          </reporter-output>
        </test-method> <!-- tableCountVerification -->
        <test-method status="PASS" signature="tearDown(org.testng.ITestResult)[pri:0, instance:tests.GroupActivityReportTest@442675e1]" name="tearDown" is-config="true" duration-ms="141" started-at="2020-04-09T18:17:14Z" finished-at="2020-04-09T18:17:15Z">
          <params>
            <param index="0">
              <value>
                <![CDATA[[TestResult name=tableCountVerification status=SUCCESS method=GroupActivityReportTest.tableCountVerification()[pri:5, instance:tests.GroupActivityReportTest@442675e1] output={null}]]]>
              </value>
            </param>
          </params>
          <reporter-output>
          </reporter-output>
        </test-method> <!-- tearDown -->
        <test-method status="PASS" signature="paginationToolboxUIVerification()[pri:6, instance:tests.GroupActivityReportTest@442675e1]" name="paginationToolboxUIVerification" duration-ms="25" started-at="2020-04-09T18:17:15Z" finished-at="2020-04-09T18:17:15Z">
          <reporter-output>
          </reporter-output>
        </test-method> <!-- paginationToolboxUIVerification -->
        <test-method status="PASS" signature="tearDown(org.testng.ITestResult)[pri:0, instance:tests.GroupActivityReportTest@442675e1]" name="tearDown" is-config="true" duration-ms="110" started-at="2020-04-09T18:17:15Z" finished-at="2020-04-09T18:17:15Z">
          <params>
            <param index="0">
              <value>
                <![CDATA[[TestResult name=paginationToolboxUIVerification status=SUCCESS method=GroupActivityReportTest.paginationToolboxUIVerification()[pri:6, instance:tests.GroupActivityReportTest@442675e1] output={null}]]]>
              </value>
            </param>
          </params>
          <reporter-output>
          </reporter-output>
        </test-method> <!-- tearDown -->
        <test-method status="PASS" signature="paginationCountVerification()[pri:7, instance:tests.GroupActivityReportTest@442675e1]" name="paginationCountVerification" duration-ms="28" started-at="2020-04-09T18:17:15Z" finished-at="2020-04-09T18:17:15Z">
          <reporter-output>
          </reporter-output>
        </test-method> <!-- paginationCountVerification -->
        <test-method status="PASS" signature="tearDown(org.testng.ITestResult)[pri:0, instance:tests.GroupActivityReportTest@442675e1]" name="tearDown" is-config="true" duration-ms="68" started-at="2020-04-09T18:17:15Z" finished-at="2020-04-09T18:17:15Z">
          <params>
            <param index="0">
              <value>
                <![CDATA[[TestResult name=paginationCountVerification status=SUCCESS method=GroupActivityReportTest.paginationCountVerification()[pri:7, instance:tests.GroupActivityReportTest@442675e1] output={null}]]]>
              </value>
            </param>
          </params>
          <reporter-output>
          </reporter-output>
        </test-method> <!-- tearDown -->
        <test-method status="PASS" signature="defaultColumnPickerOptions()[pri:8, instance:tests.GroupActivityReportTest@442675e1]" name="defaultColumnPickerOptions" duration-ms="7214" started-at="2020-04-09T18:17:15Z" finished-at="2020-04-09T18:17:22Z">
          <reporter-output>
          </reporter-output>
        </test-method> <!-- defaultColumnPickerOptions -->
        <test-method status="PASS" signature="tearDown(org.testng.ITestResult)[pri:0, instance:tests.GroupActivityReportTest@442675e1]" name="tearDown" is-config="true" duration-ms="101" started-at="2020-04-09T18:17:22Z" finished-at="2020-04-09T18:17:22Z">
          <params>
            <param index="0">
              <value>
                <![CDATA[[TestResult name=defaultColumnPickerOptions status=SUCCESS method=GroupActivityReportTest.defaultColumnPickerOptions()[pri:8, instance:tests.GroupActivityReportTest@442675e1] output={null}]]]>
              </value>
            </param>
          </params>
          <reporter-output>
          </reporter-output>
        </test-method> <!-- tearDown -->
        <test-method status="PASS" signature="defaultColumnsDisplayed()[pri:9, instance:tests.GroupActivityReportTest@442675e1]" name="defaultColumnsDisplayed" duration-ms="2776" started-at="2020-04-09T18:17:22Z" finished-at="2020-04-09T18:17:25Z">
          <reporter-output>
          </reporter-output>
        </test-method> <!-- defaultColumnsDisplayed -->
        <test-method status="PASS" signature="tearDown(org.testng.ITestResult)[pri:0, instance:tests.GroupActivityReportTest@442675e1]" name="tearDown" is-config="true" duration-ms="84" started-at="2020-04-09T18:17:25Z" finished-at="2020-04-09T18:17:25Z">
          <params>
            <param index="0">
              <value>
                <![CDATA[[TestResult name=defaultColumnsDisplayed status=SUCCESS method=GroupActivityReportTest.defaultColumnsDisplayed()[pri:9, instance:tests.GroupActivityReportTest@442675e1] output={null}]]]>
              </value>
            </param>
          </params>
          <reporter-output>
          </reporter-output>
        </test-method> <!-- tearDown -->
        <test-method status="PASS" signature="allColumnPickerCheckboxesClickable()[pri:10, instance:tests.GroupActivityReportTest@442675e1]" name="allColumnPickerCheckboxesClickable" duration-ms="1983" started-at="2020-04-09T18:17:25Z" finished-at="2020-04-09T18:17:27Z">
          <reporter-output>
          </reporter-output>
        </test-method> <!-- allColumnPickerCheckboxesClickable -->
        <test-method status="PASS" signature="tearDown(org.testng.ITestResult)[pri:0, instance:tests.GroupActivityReportTest@442675e1]" name="tearDown" is-config="true" duration-ms="68" started-at="2020-04-09T18:17:27Z" finished-at="2020-04-09T18:17:27Z">
          <params>
            <param index="0">
              <value>
                <![CDATA[[TestResult name=allColumnPickerCheckboxesClickable status=SUCCESS method=GroupActivityReportTest.allColumnPickerCheckboxesClickable()[pri:10, instance:tests.GroupActivityReportTest@442675e1] output={null}]]]>
              </value>
            </param>
          </params>
          <reporter-output>
          </reporter-output>
        </test-method> <!-- tearDown -->
        <test-method status="PASS" signature="defaultSecondaryGroupingOption()[pri:11, instance:tests.GroupActivityReportTest@442675e1]" name="defaultSecondaryGroupingOption" duration-ms="132" started-at="2020-04-09T18:17:27Z" finished-at="2020-04-09T18:17:27Z">
          <reporter-output>
          </reporter-output>
        </test-method> <!-- defaultSecondaryGroupingOption -->
        <test-method status="PASS" signature="tearDown(org.testng.ITestResult)[pri:0, instance:tests.GroupActivityReportTest@442675e1]" name="tearDown" is-config="true" duration-ms="67" started-at="2020-04-09T18:17:27Z" finished-at="2020-04-09T18:17:27Z">
          <params>
            <param index="0">
              <value>
                <![CDATA[[TestResult name=defaultSecondaryGroupingOption status=SUCCESS method=GroupActivityReportTest.defaultSecondaryGroupingOption()[pri:11, instance:tests.GroupActivityReportTest@442675e1] output={null}]]]>
              </value>
            </param>
          </params>
          <reporter-output>
          </reporter-output>
        </test-method> <!-- tearDown -->
        <test-method status="PASS" signature="secondaryGroupingFeatureForNone()[pri:12, instance:tests.GroupActivityReportTest@442675e1]" name="secondaryGroupingFeatureForNone" duration-ms="9501" started-at="2020-04-09T18:17:27Z" finished-at="2020-04-09T18:17:37Z">
          <reporter-output>
          </reporter-output>
        </test-method> <!-- secondaryGroupingFeatureForNone -->
        <test-method status="PASS" signature="tearDown(org.testng.ITestResult)[pri:0, instance:tests.GroupActivityReportTest@442675e1]" name="tearDown" is-config="true" duration-ms="60" started-at="2020-04-09T18:17:37Z" finished-at="2020-04-09T18:17:37Z">
          <params>
            <param index="0">
              <value>
                <![CDATA[[TestResult name=secondaryGroupingFeatureForNone status=SUCCESS method=GroupActivityReportTest.secondaryGroupingFeatureForNone()[pri:12, instance:tests.GroupActivityReportTest@442675e1] output={null}]]]>
              </value>
            </param>
          </params>
          <reporter-output>
          </reporter-output>
        </test-method> <!-- tearDown -->
        <test-method status="PASS" signature="secondaryGroupingFeatureForTrackingNumber()[pri:13, instance:tests.GroupActivityReportTest@442675e1]" name="secondaryGroupingFeatureForTrackingNumber" duration-ms="17884" started-at="2020-04-09T18:17:37Z" finished-at="2020-04-09T18:17:55Z">
          <reporter-output>
          </reporter-output>
        </test-method> <!-- secondaryGroupingFeatureForTrackingNumber -->
        <test-method status="PASS" signature="tearDown(org.testng.ITestResult)[pri:0, instance:tests.GroupActivityReportTest@442675e1]" name="tearDown" is-config="true" duration-ms="49" started-at="2020-04-09T18:17:55Z" finished-at="2020-04-09T18:17:55Z">
          <params>
            <param index="0">
              <value>
                <![CDATA[[TestResult name=secondaryGroupingFeatureForTrackingNumber status=SUCCESS method=GroupActivityReportTest.secondaryGroupingFeatureForTrackingNumber()[pri:13, instance:tests.GroupActivityReportTest@442675e1] output={null}]]]>
              </value>
            </param>
          </params>
          <reporter-output>
          </reporter-output>
        </test-method> <!-- tearDown -->
        <test-method status="PASS" signature="secondaryGroupingFeatureForCampaign()[pri:14, instance:tests.GroupActivityReportTest@442675e1]" name="secondaryGroupingFeatureForCampaign" duration-ms="14047" started-at="2020-04-09T18:17:55Z" finished-at="2020-04-09T18:18:09Z">
          <reporter-output>
          </reporter-output>
        </test-method> <!-- secondaryGroupingFeatureForCampaign -->
        <test-method status="PASS" signature="tearDown(org.testng.ITestResult)[pri:0, instance:tests.GroupActivityReportTest@442675e1]" name="tearDown" is-config="true" duration-ms="45" started-at="2020-04-09T18:18:09Z" finished-at="2020-04-09T18:18:09Z">
          <params>
            <param index="0">
              <value>
                <![CDATA[[TestResult name=secondaryGroupingFeatureForCampaign status=SUCCESS method=GroupActivityReportTest.secondaryGroupingFeatureForCampaign()[pri:14, instance:tests.GroupActivityReportTest@442675e1] output={null}]]]>
              </value>
            </param>
          </params>
          <reporter-output>
          </reporter-output>
        </test-method> <!-- tearDown -->
        <test-method status="PASS" signature="secondaryGroupingFeatureForCampaignColumn()[pri:15, instance:tests.GroupActivityReportTest@442675e1]" name="secondaryGroupingFeatureForCampaignColumn" duration-ms="11345" started-at="2020-04-09T18:18:09Z" finished-at="2020-04-09T18:18:20Z">
          <reporter-output>
          </reporter-output>
        </test-method> <!-- secondaryGroupingFeatureForCampaignColumn -->
        <test-method status="PASS" signature="tearDown(org.testng.ITestResult)[pri:0, instance:tests.GroupActivityReportTest@442675e1]" name="tearDown" is-config="true" duration-ms="56" started-at="2020-04-09T18:18:20Z" finished-at="2020-04-09T18:18:20Z">
          <params>
            <param index="0">
              <value>
                <![CDATA[[TestResult name=secondaryGroupingFeatureForCampaignColumn status=SUCCESS method=GroupActivityReportTest.secondaryGroupingFeatureForCampaignColumn()[pri:15, instance:tests.GroupActivityReportTest@442675e1] output={null}]]]>
              </value>
            </param>
          </params>
          <reporter-output>
          </reporter-output>
        </test-method> <!-- tearDown -->
        <test-method status="PASS" signature="secondaryGroupingFeatureForTrackingumberColumn()[pri:16, instance:tests.GroupActivityReportTest@442675e1]" name="secondaryGroupingFeatureForTrackingumberColumn" duration-ms="11533" started-at="2020-04-09T18:18:20Z" finished-at="2020-04-09T18:18:32Z">
          <reporter-output>
          </reporter-output>
        </test-method> <!-- secondaryGroupingFeatureForTrackingumberColumn -->
        <test-method status="PASS" signature="tearDown(org.testng.ITestResult)[pri:0, instance:tests.GroupActivityReportTest@442675e1]" name="tearDown" is-config="true" duration-ms="99" started-at="2020-04-09T18:18:32Z" finished-at="2020-04-09T18:18:32Z">
          <params>
            <param index="0">
              <value>
                <![CDATA[[TestResult name=secondaryGroupingFeatureForTrackingumberColumn status=SUCCESS method=GroupActivityReportTest.secondaryGroupingFeatureForTrackingumberColumn()[pri:16, instance:tests.GroupActivityReportTest@442675e1] output={null}]]]>
              </value>
            </param>
          </params>
          <reporter-output>
          </reporter-output>
        </test-method> <!-- tearDown -->
        <test-method status="PASS" signature="advancedFilterUI()[pri:17, instance:tests.GroupActivityReportTest@442675e1]" name="advancedFilterUI" duration-ms="7915" started-at="2020-04-09T18:18:32Z" finished-at="2020-04-09T18:18:40Z">
          <reporter-output>
          </reporter-output>
        </test-method> <!-- advancedFilterUI -->
        <test-method status="PASS" signature="tearDown(org.testng.ITestResult)[pri:0, instance:tests.GroupActivityReportTest@442675e1]" name="tearDown" is-config="true" duration-ms="64" started-at="2020-04-09T18:18:40Z" finished-at="2020-04-09T18:18:40Z">
          <params>
            <param index="0">
              <value>
                <![CDATA[[TestResult name=advancedFilterUI status=SUCCESS method=GroupActivityReportTest.advancedFilterUI()[pri:17, instance:tests.GroupActivityReportTest@442675e1] output={null}]]]>
              </value>
            </param>
          </params>
          <reporter-output>
          </reporter-output>
        </test-method> <!-- tearDown -->
        <test-method status="PASS" signature="basicFilterForGroupName()[pri:18, instance:tests.GroupActivityReportTest@442675e1]" name="basicFilterForGroupName" duration-ms="8532" started-at="2020-04-09T18:18:40Z" finished-at="2020-04-09T18:18:48Z">
          <reporter-output>
          </reporter-output>
        </test-method> <!-- basicFilterForGroupName -->
        <test-method status="PASS" signature="tearDown(org.testng.ITestResult)[pri:0, instance:tests.GroupActivityReportTest@442675e1]" name="tearDown" is-config="true" duration-ms="42" started-at="2020-04-09T18:18:48Z" finished-at="2020-04-09T18:18:48Z">
          <params>
            <param index="0">
              <value>
                <![CDATA[[TestResult name=basicFilterForGroupName status=SUCCESS method=GroupActivityReportTest.basicFilterForGroupName()[pri:18, instance:tests.GroupActivityReportTest@442675e1] output={null}]]]>
              </value>
            </param>
          </params>
          <reporter-output>
          </reporter-output>
        </test-method> <!-- tearDown -->
        <test-method status="PASS" signature="advancedFilterForGroupName()[pri:19, instance:tests.GroupActivityReportTest@442675e1]" name="advancedFilterForGroupName" duration-ms="4182" started-at="2020-04-09T18:18:48Z" finished-at="2020-04-09T18:18:53Z">
          <reporter-output>
          </reporter-output>
        </test-method> <!-- advancedFilterForGroupName -->
        <test-method status="PASS" signature="tearDown(org.testng.ITestResult)[pri:0, instance:tests.GroupActivityReportTest@442675e1]" name="tearDown" is-config="true" duration-ms="71" started-at="2020-04-09T18:18:53Z" finished-at="2020-04-09T18:18:53Z">
          <params>
            <param index="0">
              <value>
                <![CDATA[[TestResult name=advancedFilterForGroupName status=SUCCESS method=GroupActivityReportTest.advancedFilterForGroupName()[pri:19, instance:tests.GroupActivityReportTest@442675e1] output={null}]]]>
              </value>
            </param>
          </params>
          <reporter-output>
          </reporter-output>
        </test-method> <!-- tearDown -->
        <test-method status="PASS" signature="advancedFilterForAnweredCalls()[pri:20, instance:tests.GroupActivityReportTest@442675e1]" name="advancedFilterForAnweredCalls" duration-ms="5300" started-at="2020-04-09T18:18:53Z" finished-at="2020-04-09T18:18:58Z">
          <reporter-output>
          </reporter-output>
        </test-method> <!-- advancedFilterForAnweredCalls -->
        <test-method status="PASS" signature="tearDown(org.testng.ITestResult)[pri:0, instance:tests.GroupActivityReportTest@442675e1]" name="tearDown" is-config="true" duration-ms="56" started-at="2020-04-09T18:18:58Z" finished-at="2020-04-09T18:18:58Z">
          <params>
            <param index="0">
              <value>
                <![CDATA[[TestResult name=advancedFilterForAnweredCalls status=SUCCESS method=GroupActivityReportTest.advancedFilterForAnweredCalls()[pri:20, instance:tests.GroupActivityReportTest@442675e1] output={null}]]]>
              </value>
            </param>
          </params>
          <reporter-output>
          </reporter-output>
        </test-method> <!-- tearDown -->
        <test-method status="PASS" signature="advancedFilterForCalls()[pri:21, instance:tests.GroupActivityReportTest@442675e1]" name="advancedFilterForCalls" duration-ms="6409" started-at="2020-04-09T18:18:58Z" finished-at="2020-04-09T18:19:05Z">
          <reporter-output>
          </reporter-output>
        </test-method> <!-- advancedFilterForCalls -->
        <test-method status="PASS" signature="tearDown(org.testng.ITestResult)[pri:0, instance:tests.GroupActivityReportTest@442675e1]" name="tearDown" is-config="true" duration-ms="77" started-at="2020-04-09T18:19:05Z" finished-at="2020-04-09T18:19:05Z">
          <params>
            <param index="0">
              <value>
                <![CDATA[[TestResult name=advancedFilterForCalls status=SUCCESS method=GroupActivityReportTest.advancedFilterForCalls()[pri:21, instance:tests.GroupActivityReportTest@442675e1] output={null}]]]>
              </value>
            </param>
          </params>
          <reporter-output>
          </reporter-output>
        </test-method> <!-- tearDown -->
        <test-method status="PASS" signature="advancedFilterForLeads()[pri:22, instance:tests.GroupActivityReportTest@442675e1]" name="advancedFilterForLeads" duration-ms="5301" started-at="2020-04-09T18:19:05Z" finished-at="2020-04-09T18:19:10Z">
          <reporter-output>
          </reporter-output>
        </test-method> <!-- advancedFilterForLeads -->
        <test-method status="PASS" signature="tearDown(org.testng.ITestResult)[pri:0, instance:tests.GroupActivityReportTest@442675e1]" name="tearDown" is-config="true" duration-ms="70" started-at="2020-04-09T18:19:10Z" finished-at="2020-04-09T18:19:10Z">
          <params>
            <param index="0">
              <value>
                <![CDATA[[TestResult name=advancedFilterForLeads status=SUCCESS method=GroupActivityReportTest.advancedFilterForLeads()[pri:22, instance:tests.GroupActivityReportTest@442675e1] output={null}]]]>
              </value>
            </param>
          </params>
          <reporter-output>
          </reporter-output>
        </test-method> <!-- tearDown -->
        <test-method status="PASS" signature="advancedFilterForConversion()[pri:23, instance:tests.GroupActivityReportTest@442675e1]" name="advancedFilterForConversion" duration-ms="5697" started-at="2020-04-09T18:19:10Z" finished-at="2020-04-09T18:19:16Z">
          <reporter-output>
          </reporter-output>
        </test-method> <!-- advancedFilterForConversion -->
        <test-method status="PASS" signature="tearDown(org.testng.ITestResult)[pri:0, instance:tests.GroupActivityReportTest@442675e1]" name="tearDown" is-config="true" duration-ms="66" started-at="2020-04-09T18:19:16Z" finished-at="2020-04-09T18:19:16Z">
          <params>
            <param index="0">
              <value>
                <![CDATA[[TestResult name=advancedFilterForConversion status=SUCCESS method=GroupActivityReportTest.advancedFilterForConversion()[pri:23, instance:tests.GroupActivityReportTest@442675e1] output={null}]]]>
              </value>
            </param>
          </params>
          <reporter-output>
          </reporter-output>
        </test-method> <!-- tearDown -->
        <test-method status="PASS" signature="dateRangeFilterForToday()[pri:24, instance:tests.GroupActivityReportTest@442675e1]" name="dateRangeFilterForToday" duration-ms="2399" started-at="2020-04-09T18:19:16Z" finished-at="2020-04-09T18:19:18Z">
          <reporter-output>
          </reporter-output>
        </test-method> <!-- dateRangeFilterForToday -->
        <test-method status="PASS" signature="tearDown(org.testng.ITestResult)[pri:0, instance:tests.GroupActivityReportTest@442675e1]" name="tearDown" is-config="true" duration-ms="63" started-at="2020-04-09T18:19:18Z" finished-at="2020-04-09T18:19:18Z">
          <params>
            <param index="0">
              <value>
                <![CDATA[[TestResult name=dateRangeFilterForToday status=SUCCESS method=GroupActivityReportTest.dateRangeFilterForToday()[pri:24, instance:tests.GroupActivityReportTest@442675e1] output={null}]]]>
              </value>
            </param>
          </params>
          <reporter-output>
          </reporter-output>
        </test-method> <!-- tearDown -->
        <test-method status="PASS" signature="dateRangeFilterForYesterday()[pri:25, instance:tests.GroupActivityReportTest@442675e1]" name="dateRangeFilterForYesterday" duration-ms="2149" started-at="2020-04-09T18:19:18Z" finished-at="2020-04-09T18:19:20Z">
          <reporter-output>
          </reporter-output>
        </test-method> <!-- dateRangeFilterForYesterday -->
        <test-method status="PASS" signature="tearDown(org.testng.ITestResult)[pri:0, instance:tests.GroupActivityReportTest@442675e1]" name="tearDown" is-config="true" duration-ms="56" started-at="2020-04-09T18:19:20Z" finished-at="2020-04-09T18:19:20Z">
          <params>
            <param index="0">
              <value>
                <![CDATA[[TestResult name=dateRangeFilterForYesterday status=SUCCESS method=GroupActivityReportTest.dateRangeFilterForYesterday()[pri:25, instance:tests.GroupActivityReportTest@442675e1] output={null}]]]>
              </value>
            </param>
          </params>
          <reporter-output>
          </reporter-output>
        </test-method> <!-- tearDown -->
        <test-method status="PASS" signature="dateRangeFilterForLast7Days()[pri:26, instance:tests.GroupActivityReportTest@442675e1]" name="dateRangeFilterForLast7Days" duration-ms="2052" started-at="2020-04-09T18:19:20Z" finished-at="2020-04-09T18:19:22Z">
          <reporter-output>
          </reporter-output>
        </test-method> <!-- dateRangeFilterForLast7Days -->
        <test-method status="PASS" signature="tearDown(org.testng.ITestResult)[pri:0, instance:tests.GroupActivityReportTest@442675e1]" name="tearDown" is-config="true" duration-ms="37" started-at="2020-04-09T18:19:22Z" finished-at="2020-04-09T18:19:22Z">
          <params>
            <param index="0">
              <value>
                <![CDATA[[TestResult name=dateRangeFilterForLast7Days status=SUCCESS method=GroupActivityReportTest.dateRangeFilterForLast7Days()[pri:26, instance:tests.GroupActivityReportTest@442675e1] output={null}]]]>
              </value>
            </param>
          </params>
          <reporter-output>
          </reporter-output>
        </test-method> <!-- tearDown -->
        <test-method status="PASS" signature="dateRangeFilterForLast30Days()[pri:27, instance:tests.GroupActivityReportTest@442675e1]" name="dateRangeFilterForLast30Days" duration-ms="2075" started-at="2020-04-09T18:19:22Z" finished-at="2020-04-09T18:19:25Z">
          <reporter-output>
          </reporter-output>
        </test-method> <!-- dateRangeFilterForLast30Days -->
        <test-method status="PASS" signature="tearDown(org.testng.ITestResult)[pri:0, instance:tests.GroupActivityReportTest@442675e1]" name="tearDown" is-config="true" duration-ms="55" started-at="2020-04-09T18:19:25Z" finished-at="2020-04-09T18:19:25Z">
          <params>
            <param index="0">
              <value>
                <![CDATA[[TestResult name=dateRangeFilterForLast30Days status=SUCCESS method=GroupActivityReportTest.dateRangeFilterForLast30Days()[pri:27, instance:tests.GroupActivityReportTest@442675e1] output={null}]]]>
              </value>
            </param>
          </params>
          <reporter-output>
          </reporter-output>
        </test-method> <!-- tearDown -->
        <test-method status="PASS" signature="logOut()[pri:0, instance:tests.GroupActivityReportTest@442675e1]" name="logOut" is-config="true" duration-ms="7080" started-at="2020-04-09T18:19:25Z" finished-at="2020-04-09T18:19:32Z">
          <reporter-output>
          </reporter-output>
        </test-method> <!-- logOut -->
        <test-method status="PASS" signature="tearDown()[pri:0, instance:tests.GroupActivityReportTest@442675e1]" name="tearDown" is-config="true" duration-ms="803" started-at="2020-04-09T18:19:32Z" finished-at="2020-04-09T18:19:32Z">
          <reporter-output>
          </reporter-output>
        </test-method> <!-- tearDown -->
        <test-method status="PASS" signature="close_connection()[pri:0, instance:tests.GroupActivityReportTest@442675e1]" name="close_connection" is-config="true" duration-ms="9416" started-at="2020-04-09T18:19:33Z" finished-at="2020-04-09T18:19:42Z">
          <reporter-output>
          </reporter-output>
        </test-method> <!-- close_connection -->
      </class> <!-- tests.GroupActivityReportTest -->
    </test> <!-- chrome test-1 -->
  </suite> <!-- Automation Suite-1 -->
</testng-results>
