<?xml version="1.0" encoding="UTF-8"?>
<testng-results skipped="0" failed="8" total="131" passed="123">
  <reporter-output>
  </reporter-output>
  <suite name="Automation Suite-1" duration-ms="3423093" started-at="2020-04-14T11:18:38Z" finished-at="2020-04-14T12:15:41Z">
    <groups>
      <group name="basic_filters">
        <method signature="TrackingNumberSettingsTest.basicFilterFeatureForAdSource()[pri:13, instance:tests.TrackingNumberSettingsTest@146044d7]" name="basicFilterFeatureForAdSource" class="tests.TrackingNumberSettingsTest"/>
        <method signature="TrackingNumberSettingsTest.basicFilterFeatureForCampaignName()[pri:14, instance:tests.TrackingNumberSettingsTest@146044d7]" name="basicFilterFeatureForCampaignName" class="tests.TrackingNumberSettingsTest"/>
        <method signature="TrackingNumberSettingsTest.basicFilterFeatureForGroupName()[pri:12, instance:tests.TrackingNumberSettingsTest@146044d7]" name="basicFilterFeatureForGroupName" class="tests.TrackingNumberSettingsTest"/>
        <method signature="TrackingNumberSettingsTest.basicFilterFeatureForTrackingNumber()[pri:10, instance:tests.TrackingNumberSettingsTest@146044d7]" name="basicFilterFeatureForTrackingNumber" class="tests.TrackingNumberSettingsTest"/>
        <method signature="TrackingNumberSettingsTest.basicFilterFeatureForType()[pri:11, instance:tests.TrackingNumberSettingsTest@146044d7]" name="basicFilterFeatureForType" class="tests.TrackingNumberSettingsTest"/>
      </group> <!-- basic_filters -->
    </groups>
    <test name="chrome test-1" duration-ms="3423093" started-at="2020-04-14T11:18:38Z" finished-at="2020-04-14T12:15:41Z">
      <class name="tests.LoginTest">
        <test-method status="PASS" signature="testSetUp()[pri:0, instance:tests.LoginTest@27c6e487]" name="testSetUp" is-config="true" duration-ms="18" started-at="2020-04-14T16:48:38Z" finished-at="2020-04-14T16:48:38Z">
          <reporter-output>
          </reporter-output>
        </test-method> <!-- testSetUp -->
        <test-method status="PASS" signature="setUp(java.lang.String, java.lang.String)[pri:0, instance:tests.LoginTest@27c6e487]" name="setUp" is-config="true" duration-ms="60546" started-at="2020-04-14T16:48:38Z" finished-at="2020-04-14T16:49:39Z">
          <params>
            <param index="0">
              <value>
                <![CDATA[chrome]]>
              </value>
            </param>
            <param index="1">
              <value>
                <![CDATA[https://stag-5-cmo-1.convirza.com]]>
              </value>
            </param>
          </params>
          <reporter-output>
          </reporter-output>
        </test-method> <!-- setUp -->
        <test-method status="PASS" signature="login_page_UI_Verification()[pri:1, instance:tests.LoginTest@27c6e487]" name="login_page_UI_Verification" duration-ms="338" started-at="2020-04-14T16:49:39Z" finished-at="2020-04-14T16:49:39Z">
          <reporter-output>
          </reporter-output>
        </test-method> <!-- login_page_UI_Verification -->
        <test-method status="PASS" signature="tearDown(org.testng.ITestResult)[pri:0, instance:tests.LoginTest@27c6e487]" name="tearDown" is-config="true" duration-ms="595" started-at="2020-04-14T16:49:39Z" finished-at="2020-04-14T16:49:39Z">
          <params>
            <param index="0">
              <value>
                <![CDATA[[TestResult name=login_page_UI_Verification status=SUCCESS method=LoginTest.login_page_UI_Verification()[pri:1, instance:tests.LoginTest@27c6e487] output={null}]]]>
              </value>
            </param>
          </params>
          <reporter-output>
          </reporter-output>
        </test-method> <!-- tearDown -->
        <test-method status="PASS" signature="login_with_invalidate_cred()[pri:2, instance:tests.LoginTest@27c6e487]" name="login_with_invalidate_cred" duration-ms="1165" started-at="2020-04-14T16:49:39Z" finished-at="2020-04-14T16:49:41Z">
          <reporter-output>
          </reporter-output>
        </test-method> <!-- login_with_invalidate_cred -->
        <test-method status="PASS" signature="tearDown(org.testng.ITestResult)[pri:0, instance:tests.LoginTest@27c6e487]" name="tearDown" is-config="true" duration-ms="135" started-at="2020-04-14T16:49:41Z" finished-at="2020-04-14T16:49:41Z">
          <params>
            <param index="0">
              <value>
                <![CDATA[[TestResult name=login_with_invalidate_cred status=SUCCESS method=LoginTest.login_with_invalidate_cred()[pri:2, instance:tests.LoginTest@27c6e487] output={null}]]]>
              </value>
            </param>
          </params>
          <reporter-output>
          </reporter-output>
        </test-method> <!-- tearDown -->
        <test-method status="PASS" signature="login_with_blank_username()[pri:3, instance:tests.LoginTest@27c6e487]" name="login_with_blank_username" duration-ms="305" started-at="2020-04-14T16:49:41Z" finished-at="2020-04-14T16:49:41Z">
          <reporter-output>
          </reporter-output>
        </test-method> <!-- login_with_blank_username -->
        <test-method status="PASS" signature="tearDown(org.testng.ITestResult)[pri:0, instance:tests.LoginTest@27c6e487]" name="tearDown" is-config="true" duration-ms="87" started-at="2020-04-14T16:49:41Z" finished-at="2020-04-14T16:49:41Z">
          <params>
            <param index="0">
              <value>
                <![CDATA[[TestResult name=login_with_blank_username status=SUCCESS method=LoginTest.login_with_blank_username()[pri:3, instance:tests.LoginTest@27c6e487] output={null}]]]>
              </value>
            </param>
          </params>
          <reporter-output>
          </reporter-output>
        </test-method> <!-- tearDown -->
        <test-method status="PASS" signature="login_with_blank_password()[pri:4, instance:tests.LoginTest@27c6e487]" name="login_with_blank_password" duration-ms="441" started-at="2020-04-14T16:49:41Z" finished-at="2020-04-14T16:49:42Z">
          <reporter-output>
          </reporter-output>
        </test-method> <!-- login_with_blank_password -->
        <test-method status="PASS" signature="tearDown(org.testng.ITestResult)[pri:0, instance:tests.LoginTest@27c6e487]" name="tearDown" is-config="true" duration-ms="69" started-at="2020-04-14T16:49:42Z" finished-at="2020-04-14T16:49:42Z">
          <params>
            <param index="0">
              <value>
                <![CDATA[[TestResult name=login_with_blank_password status=SUCCESS method=LoginTest.login_with_blank_password()[pri:4, instance:tests.LoginTest@27c6e487] output={null}]]]>
              </value>
            </param>
          </params>
          <reporter-output>
          </reporter-output>
        </test-method> <!-- tearDown -->
        <test-method status="PASS" signature="login_with_inactive_user()[pri:5, instance:tests.LoginTest@27c6e487]" name="login_with_inactive_user" duration-ms="655" started-at="2020-04-14T16:49:42Z" finished-at="2020-04-14T16:49:42Z">
          <reporter-output>
          </reporter-output>
        </test-method> <!-- login_with_inactive_user -->
        <test-method status="PASS" signature="tearDown(org.testng.ITestResult)[pri:0, instance:tests.LoginTest@27c6e487]" name="tearDown" is-config="true" duration-ms="79" started-at="2020-04-14T16:49:42Z" finished-at="2020-04-14T16:49:42Z">
          <params>
            <param index="0">
              <value>
                <![CDATA[[TestResult name=login_with_inactive_user status=SUCCESS method=LoginTest.login_with_inactive_user()[pri:5, instance:tests.LoginTest@27c6e487] output={null}]]]>
              </value>
            </param>
          </params>
          <reporter-output>
          </reporter-output>
        </test-method> <!-- tearDown -->
        <test-method status="PASS" signature="login_with_deleted_user()[pri:6, instance:tests.LoginTest@27c6e487]" name="login_with_deleted_user" duration-ms="679" started-at="2020-04-14T16:49:42Z" finished-at="2020-04-14T16:49:43Z">
          <reporter-output>
          </reporter-output>
        </test-method> <!-- login_with_deleted_user -->
        <test-method status="PASS" signature="tearDown(org.testng.ITestResult)[pri:0, instance:tests.LoginTest@27c6e487]" name="tearDown" is-config="true" duration-ms="57" started-at="2020-04-14T16:49:43Z" finished-at="2020-04-14T16:49:43Z">
          <params>
            <param index="0">
              <value>
                <![CDATA[[TestResult name=login_with_deleted_user status=SUCCESS method=LoginTest.login_with_deleted_user()[pri:6, instance:tests.LoginTest@27c6e487] output={null}]]]>
              </value>
            </param>
          </params>
          <reporter-output>
          </reporter-output>
        </test-method> <!-- tearDown -->
        <test-method status="PASS" signature="login_with_blank_username_and_password()[pri:7, instance:tests.LoginTest@27c6e487]" name="login_with_blank_username_and_password" duration-ms="203" started-at="2020-04-14T16:49:43Z" finished-at="2020-04-14T16:49:43Z">
          <reporter-output>
          </reporter-output>
        </test-method> <!-- login_with_blank_username_and_password -->
        <test-method status="PASS" signature="tearDown(org.testng.ITestResult)[pri:0, instance:tests.LoginTest@27c6e487]" name="tearDown" is-config="true" duration-ms="78" started-at="2020-04-14T16:49:43Z" finished-at="2020-04-14T16:49:43Z">
          <params>
            <param index="0">
              <value>
                <![CDATA[[TestResult name=login_with_blank_username_and_password status=SUCCESS method=LoginTest.login_with_blank_username_and_password()[pri:7, instance:tests.LoginTest@27c6e487] output={null}]]]>
              </value>
            </param>
          </params>
          <reporter-output>
          </reporter-output>
        </test-method> <!-- tearDown -->
        <test-method status="PASS" signature="UIVerification_forgot_passowrd_page()[pri:8, instance:tests.LoginTest@27c6e487]" name="UIVerification_forgot_passowrd_page" duration-ms="2807" started-at="2020-04-14T16:49:43Z" finished-at="2020-04-14T16:49:46Z">
          <reporter-output>
          </reporter-output>
        </test-method> <!-- UIVerification_forgot_passowrd_page -->
        <test-method status="PASS" signature="tearDown(org.testng.ITestResult)[pri:0, instance:tests.LoginTest@27c6e487]" name="tearDown" is-config="true" duration-ms="57" started-at="2020-04-14T16:49:46Z" finished-at="2020-04-14T16:49:46Z">
          <params>
            <param index="0">
              <value>
                <![CDATA[[TestResult name=UIVerification_forgot_passowrd_page status=SUCCESS method=LoginTest.UIVerification_forgot_passowrd_page()[pri:8, instance:tests.LoginTest@27c6e487] output={null}]]]>
              </value>
            </param>
          </params>
          <reporter-output>
          </reporter-output>
        </test-method> <!-- tearDown -->
        <test-method status="PASS" signature="next_button_with_no_email_ID()[pri:9, instance:tests.LoginTest@27c6e487]" name="next_button_with_no_email_ID" duration-ms="425" started-at="2020-04-14T16:49:46Z" finished-at="2020-04-14T16:49:47Z">
          <reporter-output>
          </reporter-output>
        </test-method> <!-- next_button_with_no_email_ID -->
        <test-method status="PASS" signature="tearDown(org.testng.ITestResult)[pri:0, instance:tests.LoginTest@27c6e487]" name="tearDown" is-config="true" duration-ms="97" started-at="2020-04-14T16:49:47Z" finished-at="2020-04-14T16:49:47Z">
          <params>
            <param index="0">
              <value>
                <![CDATA[[TestResult name=next_button_with_no_email_ID status=SUCCESS method=LoginTest.next_button_with_no_email_ID()[pri:9, instance:tests.LoginTest@27c6e487] output={null}]]]>
              </value>
            </param>
          </params>
          <reporter-output>
          </reporter-output>
        </test-method> <!-- tearDown -->
        <test-method status="PASS" signature="reset_password()[pri:10, instance:tests.LoginTest@27c6e487]" name="reset_password" duration-ms="1167" started-at="2020-04-14T16:49:47Z" finished-at="2020-04-14T16:49:48Z">
          <reporter-output>
          </reporter-output>
        </test-method> <!-- reset_password -->
        <test-method status="PASS" signature="tearDown(org.testng.ITestResult)[pri:0, instance:tests.LoginTest@27c6e487]" name="tearDown" is-config="true" duration-ms="52" started-at="2020-04-14T16:49:48Z" finished-at="2020-04-14T16:49:48Z">
          <params>
            <param index="0">
              <value>
                <![CDATA[[TestResult name=reset_password status=SUCCESS method=LoginTest.reset_password()[pri:10, instance:tests.LoginTest@27c6e487] output={null}]]]>
              </value>
            </param>
          </params>
          <reporter-output>
          </reporter-output>
        </test-method> <!-- tearDown -->
        <test-method status="PASS" signature="rememeber_me_functinonality()[pri:11, instance:tests.LoginTest@27c6e487]" name="rememeber_me_functinonality" duration-ms="5330" started-at="2020-04-14T16:49:48Z" finished-at="2020-04-14T16:49:53Z">
          <reporter-output>
          </reporter-output>
        </test-method> <!-- rememeber_me_functinonality -->
        <test-method status="PASS" signature="tearDown(org.testng.ITestResult)[pri:0, instance:tests.LoginTest@27c6e487]" name="tearDown" is-config="true" duration-ms="62" started-at="2020-04-14T16:49:53Z" finished-at="2020-04-14T16:49:53Z">
          <params>
            <param index="0">
              <value>
                <![CDATA[[TestResult name=rememeber_me_functinonality status=SUCCESS method=LoginTest.rememeber_me_functinonality()[pri:11, instance:tests.LoginTest@27c6e487] output={null}]]]>
              </value>
            </param>
          </params>
          <reporter-output>
          </reporter-output>
        </test-method> <!-- tearDown -->
        <test-method status="PASS" signature="validLogin()[pri:12, instance:tests.LoginTest@27c6e487]" name="validLogin" duration-ms="1775" started-at="2020-04-14T16:49:53Z" finished-at="2020-04-14T16:49:55Z">
          <reporter-output>
          </reporter-output>
        </test-method> <!-- validLogin -->
        <test-method status="PASS" signature="tearDown(org.testng.ITestResult)[pri:0, instance:tests.LoginTest@27c6e487]" name="tearDown" is-config="true" duration-ms="81" started-at="2020-04-14T16:49:55Z" finished-at="2020-04-14T16:49:55Z">
          <params>
            <param index="0">
              <value>
                <![CDATA[[TestResult name=validLogin status=SUCCESS method=LoginTest.validLogin()[pri:12, instance:tests.LoginTest@27c6e487] output={null}]]]>
              </value>
            </param>
          </params>
          <reporter-output>
          </reporter-output>
        </test-method> <!-- tearDown -->
        <test-method status="PASS" signature="tearDown()[pri:0, instance:tests.LoginTest@27c6e487]" name="tearDown" is-config="true" duration-ms="3490" started-at="2020-04-14T16:49:55Z" finished-at="2020-04-14T16:49:59Z">
          <reporter-output>
          </reporter-output>
        </test-method> <!-- tearDown -->
        <test-method status="PASS" signature="close_connection()[pri:0, instance:tests.LoginTest@27c6e487]" name="close_connection" is-config="true" duration-ms="10723" started-at="2020-04-14T17:45:41Z" finished-at="2020-04-14T17:45:52Z">
          <reporter-output>
          </reporter-output>
        </test-method> <!-- close_connection -->
      </class> <!-- tests.LoginTest -->
      <class name="tests.CampaignTests">
        <test-method status="PASS" signature="goToCampaignPage()[pri:0, instance:tests.CampaignTests@38364841]" name="goToCampaignPage" is-config="true" duration-ms="2897" started-at="2020-04-14T16:53:26Z" finished-at="2020-04-14T16:53:29Z">
          <reporter-output>
          </reporter-output>
        </test-method> <!-- goToCampaignPage -->
        <test-method status="PASS" signature="campaignBuilderPage_UI_Verification()[pri:1, instance:tests.CampaignTests@38364841]" name="campaignBuilderPage_UI_Verification" duration-ms="7168" started-at="2020-04-14T16:53:29Z" finished-at="2020-04-14T16:53:36Z">
          <reporter-output>
          </reporter-output>
        </test-method> <!-- campaignBuilderPage_UI_Verification -->
        <test-method status="PASS" signature="tearDown(org.testng.ITestResult)[pri:0, instance:tests.CampaignTests@38364841]" name="tearDown" is-config="true" duration-ms="56" started-at="2020-04-14T16:53:36Z" finished-at="2020-04-14T16:53:36Z">
          <params>
            <param index="0">
              <value>
                <![CDATA[[TestResult name=campaignBuilderPage_UI_Verification status=SUCCESS method=CampaignTests.campaignBuilderPage_UI_Verification()[pri:1, instance:tests.CampaignTests@38364841] output={null}]]]>
              </value>
            </param>
          </params>
          <reporter-output>
          </reporter-output>
        </test-method> <!-- tearDown -->
        <test-method status="PASS" signature="campaignDefaultOwnerValidation()[pri:2, instance:tests.CampaignTests@38364841]" name="campaignDefaultOwnerValidation" duration-ms="7423" started-at="2020-04-14T16:53:36Z" finished-at="2020-04-14T16:53:43Z">
          <reporter-output>
          </reporter-output>
        </test-method> <!-- campaignDefaultOwnerValidation -->
        <test-method status="PASS" signature="tearDown(org.testng.ITestResult)[pri:0, instance:tests.CampaignTests@38364841]" name="tearDown" is-config="true" duration-ms="64" started-at="2020-04-14T16:53:43Z" finished-at="2020-04-14T16:53:43Z">
          <params>
            <param index="0">
              <value>
                <![CDATA[[TestResult name=campaignDefaultOwnerValidation status=SUCCESS method=CampaignTests.campaignDefaultOwnerValidation()[pri:2, instance:tests.CampaignTests@38364841] output={null}]]]>
              </value>
            </param>
          </params>
          <reporter-output>
          </reporter-output>
        </test-method> <!-- tearDown -->
        <test-method status="PASS" signature="campaign_Creation_Without_externalID()[pri:3, instance:tests.CampaignTests@38364841]" name="campaign_Creation_Without_externalID" duration-ms="8246" started-at="2020-04-14T16:53:43Z" finished-at="2020-04-14T16:53:52Z">
          <reporter-output>
          </reporter-output>
        </test-method> <!-- campaign_Creation_Without_externalID -->
        <test-method status="PASS" signature="tearDown(org.testng.ITestResult)[pri:0, instance:tests.CampaignTests@38364841]" name="tearDown" is-config="true" duration-ms="51" started-at="2020-04-14T16:53:52Z" finished-at="2020-04-14T16:53:52Z">
          <params>
            <param index="0">
              <value>
                <![CDATA[[TestResult name=campaign_Creation_Without_externalID status=SUCCESS method=CampaignTests.campaign_Creation_Without_externalID()[pri:3, instance:tests.CampaignTests@38364841] output={null}]]]>
              </value>
            </param>
          </params>
          <reporter-output>
          </reporter-output>
        </test-method> <!-- tearDown -->
        <test-method status="PASS" signature="campaign_updation_Without_externalID()[pri:4, instance:tests.CampaignTests@38364841]" name="campaign_updation_Without_externalID" duration-ms="39250" started-at="2020-04-14T16:53:52Z" finished-at="2020-04-14T16:54:31Z">
          <reporter-output>
          </reporter-output>
        </test-method> <!-- campaign_updation_Without_externalID -->
        <test-method status="PASS" signature="tearDown(org.testng.ITestResult)[pri:0, instance:tests.CampaignTests@38364841]" name="tearDown" is-config="true" duration-ms="56" started-at="2020-04-14T16:54:31Z" finished-at="2020-04-14T16:54:31Z">
          <params>
            <param index="0">
              <value>
                <![CDATA[[TestResult name=campaign_updation_Without_externalID status=SUCCESS method=CampaignTests.campaign_updation_Without_externalID()[pri:4, instance:tests.CampaignTests@38364841] output={null}]]]>
              </value>
            </param>
          </params>
          <reporter-output>
          </reporter-output>
        </test-method> <!-- tearDown -->
        <test-method status="PASS" signature="campaign_deletion_Without_externalID()[pri:5, instance:tests.CampaignTests@38364841]" name="campaign_deletion_Without_externalID" duration-ms="6827" started-at="2020-04-14T16:54:31Z" finished-at="2020-04-14T16:54:38Z">
          <reporter-output>
          </reporter-output>
        </test-method> <!-- campaign_deletion_Without_externalID -->
        <test-method status="PASS" signature="tearDown(org.testng.ITestResult)[pri:0, instance:tests.CampaignTests@38364841]" name="tearDown" is-config="true" duration-ms="68" started-at="2020-04-14T16:54:38Z" finished-at="2020-04-14T16:54:38Z">
          <params>
            <param index="0">
              <value>
                <![CDATA[[TestResult name=campaign_deletion_Without_externalID status=SUCCESS method=CampaignTests.campaign_deletion_Without_externalID()[pri:5, instance:tests.CampaignTests@38364841] output={null}]]]>
              </value>
            </param>
          </params>
          <reporter-output>
          </reporter-output>
        </test-method> <!-- tearDown -->
        <test-method status="PASS" signature="campaign_Creation_With_externalID()[pri:6, instance:tests.CampaignTests@38364841]" name="campaign_Creation_With_externalID" duration-ms="11473" started-at="2020-04-14T16:54:38Z" finished-at="2020-04-14T16:54:49Z">
          <reporter-output>
          </reporter-output>
        </test-method> <!-- campaign_Creation_With_externalID -->
        <test-method status="PASS" signature="tearDown(org.testng.ITestResult)[pri:0, instance:tests.CampaignTests@38364841]" name="tearDown" is-config="true" duration-ms="63" started-at="2020-04-14T16:54:49Z" finished-at="2020-04-14T16:54:50Z">
          <params>
            <param index="0">
              <value>
                <![CDATA[[TestResult name=campaign_Creation_With_externalID status=SUCCESS method=CampaignTests.campaign_Creation_With_externalID()[pri:6, instance:tests.CampaignTests@38364841] output={null}]]]>
              </value>
            </param>
          </params>
          <reporter-output>
          </reporter-output>
        </test-method> <!-- tearDown -->
        <test-method status="PASS" signature="campaign_updation_With_externalID()[pri:7, instance:tests.CampaignTests@38364841]" name="campaign_updation_With_externalID" duration-ms="40623" started-at="2020-04-14T16:54:50Z" finished-at="2020-04-14T16:55:30Z">
          <reporter-output>
          </reporter-output>
        </test-method> <!-- campaign_updation_With_externalID -->
        <test-method status="PASS" signature="tearDown(org.testng.ITestResult)[pri:0, instance:tests.CampaignTests@38364841]" name="tearDown" is-config="true" duration-ms="58" started-at="2020-04-14T16:55:30Z" finished-at="2020-04-14T16:55:30Z">
          <params>
            <param index="0">
              <value>
                <![CDATA[[TestResult name=campaign_updation_With_externalID status=SUCCESS method=CampaignTests.campaign_updation_With_externalID()[pri:7, instance:tests.CampaignTests@38364841] output={null}]]]>
              </value>
            </param>
          </params>
          <reporter-output>
          </reporter-output>
        </test-method> <!-- tearDown -->
        <test-method status="PASS" signature="campaign_deletion_With_externalID()[pri:8, instance:tests.CampaignTests@38364841]" name="campaign_deletion_With_externalID" duration-ms="5696" started-at="2020-04-14T16:55:30Z" finished-at="2020-04-14T16:55:36Z">
          <reporter-output>
          </reporter-output>
        </test-method> <!-- campaign_deletion_With_externalID -->
        <test-method status="PASS" signature="tearDown(org.testng.ITestResult)[pri:0, instance:tests.CampaignTests@38364841]" name="tearDown" is-config="true" duration-ms="100" started-at="2020-04-14T16:55:36Z" finished-at="2020-04-14T16:55:36Z">
          <params>
            <param index="0">
              <value>
                <![CDATA[[TestResult name=campaign_deletion_With_externalID status=SUCCESS method=CampaignTests.campaign_deletion_With_externalID()[pri:8, instance:tests.CampaignTests@38364841] output={null}]]]>
              </value>
            </param>
          </params>
          <reporter-output>
          </reporter-output>
        </test-method> <!-- tearDown -->
        <test-method status="PASS" signature="campaignCreationWithFutureStartDateAndNeverEndDate()[pri:9, instance:tests.CampaignTests@38364841]" name="campaignCreationWithFutureStartDateAndNeverEndDate" duration-ms="12239" started-at="2020-04-14T16:55:36Z" finished-at="2020-04-14T16:55:48Z">
          <reporter-output>
          </reporter-output>
        </test-method> <!-- campaignCreationWithFutureStartDateAndNeverEndDate -->
        <test-method status="PASS" signature="tearDown(org.testng.ITestResult)[pri:0, instance:tests.CampaignTests@38364841]" name="tearDown" is-config="true" duration-ms="60" started-at="2020-04-14T16:55:48Z" finished-at="2020-04-14T16:55:48Z">
          <params>
            <param index="0">
              <value>
                <![CDATA[[TestResult name=campaignCreationWithFutureStartDateAndNeverEndDate status=SUCCESS method=CampaignTests.campaignCreationWithFutureStartDateAndNeverEndDate()[pri:9, instance:tests.CampaignTests@38364841] output={null}]]]>
              </value>
            </param>
          </params>
          <reporter-output>
          </reporter-output>
        </test-method> <!-- tearDown -->
        <test-method status="PASS" signature="campaignUpdationWithFutureStartDateAndNeverEndDate()[pri:10, instance:tests.CampaignTests@38364841]" name="campaignUpdationWithFutureStartDateAndNeverEndDate" duration-ms="41106" started-at="2020-04-14T16:55:48Z" finished-at="2020-04-14T16:56:29Z">
          <reporter-output>
          </reporter-output>
        </test-method> <!-- campaignUpdationWithFutureStartDateAndNeverEndDate -->
        <test-method status="PASS" signature="tearDown(org.testng.ITestResult)[pri:0, instance:tests.CampaignTests@38364841]" name="tearDown" is-config="true" duration-ms="56" started-at="2020-04-14T16:56:29Z" finished-at="2020-04-14T16:56:29Z">
          <params>
            <param index="0">
              <value>
                <![CDATA[[TestResult name=campaignUpdationWithFutureStartDateAndNeverEndDate status=SUCCESS method=CampaignTests.campaignUpdationWithFutureStartDateAndNeverEndDate()[pri:10, instance:tests.CampaignTests@38364841] output={null}]]]>
              </value>
            </param>
          </params>
          <reporter-output>
          </reporter-output>
        </test-method> <!-- tearDown -->
        <test-method status="PASS" signature="campaign_deletion_With_futureStartDate()[pri:11, instance:tests.CampaignTests@38364841]" name="campaign_deletion_With_futureStartDate" duration-ms="5580" started-at="2020-04-14T16:56:29Z" finished-at="2020-04-14T16:56:35Z">
          <reporter-output>
          </reporter-output>
        </test-method> <!-- campaign_deletion_With_futureStartDate -->
        <test-method status="PASS" signature="tearDown(org.testng.ITestResult)[pri:0, instance:tests.CampaignTests@38364841]" name="tearDown" is-config="true" duration-ms="43" started-at="2020-04-14T16:56:35Z" finished-at="2020-04-14T16:56:35Z">
          <params>
            <param index="0">
              <value>
                <![CDATA[[TestResult name=campaign_deletion_With_futureStartDate status=SUCCESS method=CampaignTests.campaign_deletion_With_futureStartDate()[pri:11, instance:tests.CampaignTests@38364841] output={null}]]]>
              </value>
            </param>
          </params>
          <reporter-output>
          </reporter-output>
        </test-method> <!-- tearDown -->
        <test-method status="PASS" signature="campaignCreationWithFutureStartDateAndFutureEndDate()[pri:12, instance:tests.CampaignTests@38364841]" name="campaignCreationWithFutureStartDateAndFutureEndDate" duration-ms="12532" started-at="2020-04-14T16:56:35Z" finished-at="2020-04-14T16:56:48Z">
          <reporter-output>
          </reporter-output>
        </test-method> <!-- campaignCreationWithFutureStartDateAndFutureEndDate -->
        <test-method status="PASS" signature="tearDown(org.testng.ITestResult)[pri:0, instance:tests.CampaignTests@38364841]" name="tearDown" is-config="true" duration-ms="59" started-at="2020-04-14T16:56:48Z" finished-at="2020-04-14T16:56:48Z">
          <params>
            <param index="0">
              <value>
                <![CDATA[[TestResult name=campaignCreationWithFutureStartDateAndFutureEndDate status=SUCCESS method=CampaignTests.campaignCreationWithFutureStartDateAndFutureEndDate()[pri:12, instance:tests.CampaignTests@38364841] output={null}]]]>
              </value>
            </param>
          </params>
          <reporter-output>
          </reporter-output>
        </test-method> <!-- tearDown -->
        <test-method status="PASS" signature="campaignUpdationWithFutureStartDateAndFutureEndDate()[pri:13, instance:tests.CampaignTests@38364841]" name="campaignUpdationWithFutureStartDateAndFutureEndDate" duration-ms="42158" started-at="2020-04-14T16:56:48Z" finished-at="2020-04-14T16:57:30Z">
          <reporter-output>
          </reporter-output>
        </test-method> <!-- campaignUpdationWithFutureStartDateAndFutureEndDate -->
        <test-method status="PASS" signature="tearDown(org.testng.ITestResult)[pri:0, instance:tests.CampaignTests@38364841]" name="tearDown" is-config="true" duration-ms="60" started-at="2020-04-14T16:57:30Z" finished-at="2020-04-14T16:57:30Z">
          <params>
            <param index="0">
              <value>
                <![CDATA[[TestResult name=campaignUpdationWithFutureStartDateAndFutureEndDate status=SUCCESS method=CampaignTests.campaignUpdationWithFutureStartDateAndFutureEndDate()[pri:13, instance:tests.CampaignTests@38364841] output={null}]]]>
              </value>
            </param>
          </params>
          <reporter-output>
          </reporter-output>
        </test-method> <!-- tearDown -->
        <test-method status="PASS" signature="campaign_deletion_With_futureStartDateAndFutureEndDate()[pri:14, instance:tests.CampaignTests@38364841]" name="campaign_deletion_With_futureStartDateAndFutureEndDate" duration-ms="5509" started-at="2020-04-14T16:57:30Z" finished-at="2020-04-14T16:57:35Z">
          <reporter-output>
          </reporter-output>
        </test-method> <!-- campaign_deletion_With_futureStartDateAndFutureEndDate -->
        <test-method status="PASS" signature="tearDown(org.testng.ITestResult)[pri:0, instance:tests.CampaignTests@38364841]" name="tearDown" is-config="true" duration-ms="42" started-at="2020-04-14T16:57:35Z" finished-at="2020-04-14T16:57:35Z">
          <params>
            <param index="0">
              <value>
                <![CDATA[[TestResult name=campaign_deletion_With_futureStartDateAndFutureEndDate status=SUCCESS method=CampaignTests.campaign_deletion_With_futureStartDateAndFutureEndDate()[pri:14, instance:tests.CampaignTests@38364841] output={null}]]]>
              </value>
            </param>
          </params>
          <reporter-output>
          </reporter-output>
        </test-method> <!-- tearDown -->
        <test-method status="PASS" signature="campaignCreationWithPastTime()[pri:15, instance:tests.CampaignTests@38364841]" name="campaignCreationWithPastTime" duration-ms="8619" started-at="2020-04-14T16:57:35Z" finished-at="2020-04-14T16:57:44Z">
          <reporter-output>
          </reporter-output>
        </test-method> <!-- campaignCreationWithPastTime -->
        <test-method status="PASS" signature="tearDown(org.testng.ITestResult)[pri:0, instance:tests.CampaignTests@38364841]" name="tearDown" is-config="true" duration-ms="67" started-at="2020-04-14T16:57:44Z" finished-at="2020-04-14T16:57:44Z">
          <params>
            <param index="0">
              <value>
                <![CDATA[[TestResult name=campaignCreationWithPastTime status=SUCCESS method=CampaignTests.campaignCreationWithPastTime()[pri:15, instance:tests.CampaignTests@38364841] output={null}]]]>
              </value>
            </param>
          </params>
          <reporter-output>
          </reporter-output>
        </test-method> <!-- tearDown -->
        <test-method status="PASS" signature="goToHomePage()[pri:0, instance:tests.CampaignTests@38364841]" name="goToHomePage" is-config="true" duration-ms="69693" started-at="2020-04-14T16:57:44Z" finished-at="2020-04-14T16:58:54Z">
          <reporter-output>
          </reporter-output>
        </test-method> <!-- goToHomePage -->
      </class> <!-- tests.CampaignTests -->
      <class name="tests.HomeTest">
        <test-method status="PASS" signature="validLogin()[pri:0, instance:tests.HomeTest@49070868]" name="validLogin" is-config="true" duration-ms="1802" started-at="2020-04-14T16:49:59Z" finished-at="2020-04-14T16:50:01Z">
          <reporter-output>
          </reporter-output>
        </test-method> <!-- validLogin -->
        <test-method status="PASS" signature="ui_verification()[pri:1, instance:tests.HomeTest@49070868]" name="ui_verification" duration-ms="9140" started-at="2020-04-14T16:50:01Z" finished-at="2020-04-14T16:50:10Z">
          <reporter-output>
          </reporter-output>
        </test-method> <!-- ui_verification -->
        <test-method status="PASS" signature="tearDown(org.testng.ITestResult)[pri:0, instance:tests.HomeTest@49070868]" name="tearDown" is-config="true" duration-ms="57" started-at="2020-04-14T16:50:10Z" finished-at="2020-04-14T16:50:10Z">
          <params>
            <param index="0">
              <value>
                <![CDATA[[TestResult name=ui_verification status=SUCCESS method=HomeTest.ui_verification()[pri:1, instance:tests.HomeTest@49070868] output={null}]]]>
              </value>
            </param>
          </params>
          <reporter-output>
          </reporter-output>
        </test-method> <!-- tearDown -->
        <test-method status="FAIL" signature="tiles_count_verification_UI()[pri:2, instance:tests.HomeTest@49070868]" name="tiles_count_verification_UI" duration-ms="10884" started-at="2020-04-14T16:50:10Z" finished-at="2020-04-14T16:50:21Z">
          <exception class="java.lang.AssertionError">
            <message>
              <![CDATA[The following asserts failed:
	total_call_count_from_ui is not matching with db expected [true] but found [false]]]>
            </message>
            <full-stacktrace>
              <![CDATA[java.lang.AssertionError: The following asserts failed:
	total_call_count_from_ui is not matching with db expected [true] but found [false]
	at org.testng.asserts.SoftAssert.assertAll(SoftAssert.java:43)
	at pom.HomePage.tilesCount(HomePage.java:493)
	at tests.HomeTest.tiles_count_verification_UI(HomeTest.java:55)
	at sun.reflect.NativeMethodAccessorImpl.invoke0(Native Method)
	at sun.reflect.NativeMethodAccessorImpl.invoke(Unknown Source)
	at sun.reflect.DelegatingMethodAccessorImpl.invoke(Unknown Source)
	at java.lang.reflect.Method.invoke(Unknown Source)
	at org.testng.internal.MethodInvocationHelper.invokeMethod(MethodInvocationHelper.java:86)
	at org.testng.internal.Invoker.invokeMethod(Invoker.java:643)
	at org.testng.internal.Invoker.invokeTestMethod(Invoker.java:820)
	at org.testng.internal.Invoker.invokeTestMethods(Invoker.java:1128)
	at org.testng.internal.TestMethodWorker.invokeTestMethods(TestMethodWorker.java:129)
	at org.testng.internal.TestMethodWorker.run(TestMethodWorker.java:112)
	at org.testng.TestRunner.privateRun(TestRunner.java:782)
	at org.testng.TestRunner.run(TestRunner.java:632)
	at org.testng.SuiteRunner.runTest(SuiteRunner.java:366)
	at org.testng.SuiteRunner.access$000(SuiteRunner.java:39)
	at org.testng.SuiteRunner$SuiteWorker.run(SuiteRunner.java:400)
	at org.testng.internal.thread.ThreadUtil$2.call(ThreadUtil.java:64)
	at java.util.concurrent.FutureTask.run(Unknown Source)
	at java.util.concurrent.ThreadPoolExecutor.runWorker(Unknown Source)
	at java.util.concurrent.ThreadPoolExecutor$Worker.run(Unknown Source)
	at java.lang.Thread.run(Unknown Source)
]]>
            </full-stacktrace>
          </exception> <!-- java.lang.AssertionError -->
          <reporter-output>
          </reporter-output>
        </test-method> <!-- tiles_count_verification_UI -->
        <test-method status="PASS" signature="tearDown(org.testng.ITestResult)[pri:0, instance:tests.HomeTest@49070868]" name="tearDown" is-config="true" duration-ms="14386" started-at="2020-04-14T16:50:21Z" finished-at="2020-04-14T16:50:35Z">
          <params>
            <param index="0">
              <value>
                <![CDATA[[TestResult name=tiles_count_verification_UI status=FAILURE method=HomeTest.tiles_count_verification_UI()[pri:2, instance:tests.HomeTest@49070868] output={null}]]]>
              </value>
            </param>
          </params>
          <reporter-output>
          </reporter-output>
        </test-method> <!-- tearDown -->
        <test-method status="PASS" signature="logOut()[pri:0, instance:tests.HomeTest@49070868]" name="logOut" is-config="true" duration-ms="4687" started-at="2020-04-14T16:50:35Z" finished-at="2020-04-14T16:50:40Z">
          <reporter-output>
          </reporter-output>
        </test-method> <!-- logOut -->
        <test-method status="PASS" signature="tearDown()[pri:0, instance:tests.HomeTest@49070868]" name="tearDown" is-config="true" duration-ms="920" started-at="2020-04-14T17:45:40Z" finished-at="2020-04-14T17:45:41Z">
          <reporter-output>
          </reporter-output>
        </test-method> <!-- tearDown -->
      </class> <!-- tests.HomeTest -->
      <class name="tests.GroupActivityReportTest">
        <test-method status="PASS" signature="goToGroupActivityReportPage()[pri:0, instance:tests.GroupActivityReportTest@1e9e725a]" name="goToGroupActivityReportPage" is-config="true" duration-ms="63022" started-at="2020-04-14T17:41:28Z" finished-at="2020-04-14T17:42:31Z">
          <reporter-output>
          </reporter-output>
        </test-method> <!-- goToGroupActivityReportPage -->
        <test-method status="PASS" signature="uiVerification()[pri:1, instance:tests.GroupActivityReportTest@1e9e725a]" name="uiVerification" duration-ms="3716" started-at="2020-04-14T17:42:31Z" finished-at="2020-04-14T17:42:34Z">
          <reporter-output>
          </reporter-output>
        </test-method> <!-- uiVerification -->
        <test-method status="PASS" signature="tearDown(org.testng.ITestResult)[pri:0, instance:tests.GroupActivityReportTest@1e9e725a]" name="tearDown" is-config="true" duration-ms="61" started-at="2020-04-14T17:42:34Z" finished-at="2020-04-14T17:42:34Z">
          <params>
            <param index="0">
              <value>
                <![CDATA[[TestResult name=uiVerification status=SUCCESS method=GroupActivityReportTest.uiVerification()[pri:1, instance:tests.GroupActivityReportTest@1e9e725a] output={null}]]]>
              </value>
            </param>
          </params>
          <reporter-output>
          </reporter-output>
        </test-method> <!-- tearDown -->
        <test-method status="PASS" signature="dateRangeFilterUIVerification()[pri:2, instance:tests.GroupActivityReportTest@1e9e725a]" name="dateRangeFilterUIVerification" duration-ms="2944" started-at="2020-04-14T17:42:34Z" finished-at="2020-04-14T17:42:37Z">
          <reporter-output>
          </reporter-output>
        </test-method> <!-- dateRangeFilterUIVerification -->
        <test-method status="PASS" signature="tearDown(org.testng.ITestResult)[pri:0, instance:tests.GroupActivityReportTest@1e9e725a]" name="tearDown" is-config="true" duration-ms="141" started-at="2020-04-14T17:42:37Z" finished-at="2020-04-14T17:42:37Z">
          <params>
            <param index="0">
              <value>
                <![CDATA[[TestResult name=dateRangeFilterUIVerification status=SUCCESS method=GroupActivityReportTest.dateRangeFilterUIVerification()[pri:2, instance:tests.GroupActivityReportTest@1e9e725a] output={null}]]]>
              </value>
            </param>
          </params>
          <reporter-output>
          </reporter-output>
        </test-method> <!-- tearDown -->
        <test-method status="FAIL" signature="tileCountVerification()[pri:3, instance:tests.GroupActivityReportTest@1e9e725a]" name="tileCountVerification" duration-ms="16023" started-at="2020-04-14T17:42:37Z" finished-at="2020-04-14T17:42:53Z">
          <exception class="java.lang.AssertionError">
            <message>
              <![CDATA[The following asserts failed:
	total_call_count_from_ui is not matching with db expected [true] but found [false]]]>
            </message>
            <full-stacktrace>
              <![CDATA[java.lang.AssertionError: The following asserts failed:
	total_call_count_from_ui is not matching with db expected [true] but found [false]
	at org.testng.asserts.SoftAssert.assertAll(SoftAssert.java:43)
	at pom.GroupActivityReportsPage.tileCountVerification(GroupActivityReportsPage.java:429)
	at tests.GroupActivityReportTest.tileCountVerification(GroupActivityReportTest.java:66)
	at sun.reflect.NativeMethodAccessorImpl.invoke0(Native Method)
	at sun.reflect.NativeMethodAccessorImpl.invoke(Unknown Source)
	at sun.reflect.DelegatingMethodAccessorImpl.invoke(Unknown Source)
	at java.lang.reflect.Method.invoke(Unknown Source)
	at org.testng.internal.MethodInvocationHelper.invokeMethod(MethodInvocationHelper.java:86)
	at org.testng.internal.Invoker.invokeMethod(Invoker.java:643)
	at org.testng.internal.Invoker.invokeTestMethod(Invoker.java:820)
	at org.testng.internal.Invoker.invokeTestMethods(Invoker.java:1128)
	at org.testng.internal.TestMethodWorker.invokeTestMethods(TestMethodWorker.java:129)
	at org.testng.internal.TestMethodWorker.run(TestMethodWorker.java:112)
	at org.testng.TestRunner.privateRun(TestRunner.java:782)
	at org.testng.TestRunner.run(TestRunner.java:632)
	at org.testng.SuiteRunner.runTest(SuiteRunner.java:366)
	at org.testng.SuiteRunner.access$000(SuiteRunner.java:39)
	at org.testng.SuiteRunner$SuiteWorker.run(SuiteRunner.java:400)
	at org.testng.internal.thread.ThreadUtil$2.call(ThreadUtil.java:64)
	at java.util.concurrent.FutureTask.run(Unknown Source)
	at java.util.concurrent.ThreadPoolExecutor.runWorker(Unknown Source)
	at java.util.concurrent.ThreadPoolExecutor$Worker.run(Unknown Source)
	at java.lang.Thread.run(Unknown Source)
]]>
            </full-stacktrace>
          </exception> <!-- java.lang.AssertionError -->
          <reporter-output>
          </reporter-output>
        </test-method> <!-- tileCountVerification -->
        <test-method status="PASS" signature="tearDown(org.testng.ITestResult)[pri:0, instance:tests.GroupActivityReportTest@1e9e725a]" name="tearDown" is-config="true" duration-ms="12565" started-at="2020-04-14T17:42:53Z" finished-at="2020-04-14T17:43:06Z">
          <params>
            <param index="0">
              <value>
                <![CDATA[[TestResult name=tileCountVerification status=FAILURE method=GroupActivityReportTest.tileCountVerification()[pri:3, instance:tests.GroupActivityReportTest@1e9e725a] output={null}]]]>
              </value>
            </param>
          </params>
          <reporter-output>
          </reporter-output>
        </test-method> <!-- tearDown -->
        <test-method status="PASS" signature="secondaryGroupingOptions()[pri:4, instance:tests.GroupActivityReportTest@1e9e725a]" name="secondaryGroupingOptions" duration-ms="248" started-at="2020-04-14T17:43:06Z" finished-at="2020-04-14T17:43:06Z">
          <reporter-output>
          </reporter-output>
        </test-method> <!-- secondaryGroupingOptions -->
        <test-method status="PASS" signature="tearDown(org.testng.ITestResult)[pri:0, instance:tests.GroupActivityReportTest@1e9e725a]" name="tearDown" is-config="true" duration-ms="44" started-at="2020-04-14T17:43:06Z" finished-at="2020-04-14T17:43:06Z">
          <params>
            <param index="0">
              <value>
                <![CDATA[[TestResult name=secondaryGroupingOptions status=SUCCESS method=GroupActivityReportTest.secondaryGroupingOptions()[pri:4, instance:tests.GroupActivityReportTest@1e9e725a] output={null}]]]>
              </value>
            </param>
          </params>
          <reporter-output>
          </reporter-output>
        </test-method> <!-- tearDown -->
        <test-method status="PASS" signature="tableCountVerification()[pri:5, instance:tests.GroupActivityReportTest@1e9e725a]" name="tableCountVerification" duration-ms="1124" started-at="2020-04-14T17:43:06Z" finished-at="2020-04-14T17:43:07Z">
          <reporter-output>
          </reporter-output>
        </test-method> <!-- tableCountVerification -->
        <test-method status="PASS" signature="tearDown(org.testng.ITestResult)[pri:0, instance:tests.GroupActivityReportTest@1e9e725a]" name="tearDown" is-config="true" duration-ms="51" started-at="2020-04-14T17:43:07Z" finished-at="2020-04-14T17:43:07Z">
          <params>
            <param index="0">
              <value>
                <![CDATA[[TestResult name=tableCountVerification status=SUCCESS method=GroupActivityReportTest.tableCountVerification()[pri:5, instance:tests.GroupActivityReportTest@1e9e725a] output={null}]]]>
              </value>
            </param>
          </params>
          <reporter-output>
          </reporter-output>
        </test-method> <!-- tearDown -->
        <test-method status="PASS" signature="paginationToolboxUIVerification()[pri:6, instance:tests.GroupActivityReportTest@1e9e725a]" name="paginationToolboxUIVerification" duration-ms="13" started-at="2020-04-14T17:43:07Z" finished-at="2020-04-14T17:43:07Z">
          <reporter-output>
          </reporter-output>
        </test-method> <!-- paginationToolboxUIVerification -->
        <test-method status="PASS" signature="tearDown(org.testng.ITestResult)[pri:0, instance:tests.GroupActivityReportTest@1e9e725a]" name="tearDown" is-config="true" duration-ms="41" started-at="2020-04-14T17:43:07Z" finished-at="2020-04-14T17:43:08Z">
          <params>
            <param index="0">
              <value>
                <![CDATA[[TestResult name=paginationToolboxUIVerification status=SUCCESS method=GroupActivityReportTest.paginationToolboxUIVerification()[pri:6, instance:tests.GroupActivityReportTest@1e9e725a] output={null}]]]>
              </value>
            </param>
          </params>
          <reporter-output>
          </reporter-output>
        </test-method> <!-- tearDown -->
        <test-method status="PASS" signature="paginationCountVerification()[pri:7, instance:tests.GroupActivityReportTest@1e9e725a]" name="paginationCountVerification" duration-ms="13" started-at="2020-04-14T17:43:08Z" finished-at="2020-04-14T17:43:08Z">
          <reporter-output>
          </reporter-output>
        </test-method> <!-- paginationCountVerification -->
        <test-method status="PASS" signature="tearDown(org.testng.ITestResult)[pri:0, instance:tests.GroupActivityReportTest@1e9e725a]" name="tearDown" is-config="true" duration-ms="49" started-at="2020-04-14T17:43:08Z" finished-at="2020-04-14T17:43:08Z">
          <params>
            <param index="0">
              <value>
                <![CDATA[[TestResult name=paginationCountVerification status=SUCCESS method=GroupActivityReportTest.paginationCountVerification()[pri:7, instance:tests.GroupActivityReportTest@1e9e725a] output={null}]]]>
              </value>
            </param>
          </params>
          <reporter-output>
          </reporter-output>
        </test-method> <!-- tearDown -->
        <test-method status="PASS" signature="defaultColumnPickerOptions()[pri:8, instance:tests.GroupActivityReportTest@1e9e725a]" name="defaultColumnPickerOptions" duration-ms="5144" started-at="2020-04-14T17:43:08Z" finished-at="2020-04-14T17:43:13Z">
          <reporter-output>
          </reporter-output>
        </test-method> <!-- defaultColumnPickerOptions -->
        <test-method status="PASS" signature="tearDown(org.testng.ITestResult)[pri:0, instance:tests.GroupActivityReportTest@1e9e725a]" name="tearDown" is-config="true" duration-ms="50" started-at="2020-04-14T17:43:13Z" finished-at="2020-04-14T17:43:13Z">
          <params>
            <param index="0">
              <value>
                <![CDATA[[TestResult name=defaultColumnPickerOptions status=SUCCESS method=GroupActivityReportTest.defaultColumnPickerOptions()[pri:8, instance:tests.GroupActivityReportTest@1e9e725a] output={null}]]]>
              </value>
            </param>
          </params>
          <reporter-output>
          </reporter-output>
        </test-method> <!-- tearDown -->
        <test-method status="PASS" signature="defaultColumnsDisplayed()[pri:9, instance:tests.GroupActivityReportTest@1e9e725a]" name="defaultColumnsDisplayed" duration-ms="2136" started-at="2020-04-14T17:43:13Z" finished-at="2020-04-14T17:43:15Z">
          <reporter-output>
          </reporter-output>
        </test-method> <!-- defaultColumnsDisplayed -->
        <test-method status="PASS" signature="tearDown(org.testng.ITestResult)[pri:0, instance:tests.GroupActivityReportTest@1e9e725a]" name="tearDown" is-config="true" duration-ms="52" started-at="2020-04-14T17:43:15Z" finished-at="2020-04-14T17:43:15Z">
          <params>
            <param index="0">
              <value>
                <![CDATA[[TestResult name=defaultColumnsDisplayed status=SUCCESS method=GroupActivityReportTest.defaultColumnsDisplayed()[pri:9, instance:tests.GroupActivityReportTest@1e9e725a] output={null}]]]>
              </value>
            </param>
          </params>
          <reporter-output>
          </reporter-output>
        </test-method> <!-- tearDown -->
        <test-method status="PASS" signature="allColumnPickerCheckboxesClickable()[pri:10, instance:tests.GroupActivityReportTest@1e9e725a]" name="allColumnPickerCheckboxesClickable" duration-ms="1186" started-at="2020-04-14T17:43:15Z" finished-at="2020-04-14T17:43:16Z">
          <reporter-output>
          </reporter-output>
        </test-method> <!-- allColumnPickerCheckboxesClickable -->
        <test-method status="PASS" signature="tearDown(org.testng.ITestResult)[pri:0, instance:tests.GroupActivityReportTest@1e9e725a]" name="tearDown" is-config="true" duration-ms="57" started-at="2020-04-14T17:43:16Z" finished-at="2020-04-14T17:43:16Z">
          <params>
            <param index="0">
              <value>
                <![CDATA[[TestResult name=allColumnPickerCheckboxesClickable status=SUCCESS method=GroupActivityReportTest.allColumnPickerCheckboxesClickable()[pri:10, instance:tests.GroupActivityReportTest@1e9e725a] output={null}]]]>
              </value>
            </param>
          </params>
          <reporter-output>
          </reporter-output>
        </test-method> <!-- tearDown -->
        <test-method status="PASS" signature="defaultSecondaryGroupingOption()[pri:11, instance:tests.GroupActivityReportTest@1e9e725a]" name="defaultSecondaryGroupingOption" duration-ms="90" started-at="2020-04-14T17:43:16Z" finished-at="2020-04-14T17:43:16Z">
          <reporter-output>
          </reporter-output>
        </test-method> <!-- defaultSecondaryGroupingOption -->
        <test-method status="PASS" signature="tearDown(org.testng.ITestResult)[pri:0, instance:tests.GroupActivityReportTest@1e9e725a]" name="tearDown" is-config="true" duration-ms="61" started-at="2020-04-14T17:43:16Z" finished-at="2020-04-14T17:43:16Z">
          <params>
            <param index="0">
              <value>
                <![CDATA[[TestResult name=defaultSecondaryGroupingOption status=SUCCESS method=GroupActivityReportTest.defaultSecondaryGroupingOption()[pri:11, instance:tests.GroupActivityReportTest@1e9e725a] output={null}]]]>
              </value>
            </param>
          </params>
          <reporter-output>
          </reporter-output>
        </test-method> <!-- tearDown -->
        <test-method status="PASS" signature="secondaryGroupingFeatureForNone()[pri:12, instance:tests.GroupActivityReportTest@1e9e725a]" name="secondaryGroupingFeatureForNone" duration-ms="9098" started-at="2020-04-14T17:43:16Z" finished-at="2020-04-14T17:43:25Z">
          <reporter-output>
          </reporter-output>
        </test-method> <!-- secondaryGroupingFeatureForNone -->
        <test-method status="PASS" signature="tearDown(org.testng.ITestResult)[pri:0, instance:tests.GroupActivityReportTest@1e9e725a]" name="tearDown" is-config="true" duration-ms="48" started-at="2020-04-14T17:43:25Z" finished-at="2020-04-14T17:43:26Z">
          <params>
            <param index="0">
              <value>
                <![CDATA[[TestResult name=secondaryGroupingFeatureForNone status=SUCCESS method=GroupActivityReportTest.secondaryGroupingFeatureForNone()[pri:12, instance:tests.GroupActivityReportTest@1e9e725a] output={null}]]]>
              </value>
            </param>
          </params>
          <reporter-output>
          </reporter-output>
        </test-method> <!-- tearDown -->
        <test-method status="PASS" signature="secondaryGroupingFeatureForTrackingNumber()[pri:13, instance:tests.GroupActivityReportTest@1e9e725a]" name="secondaryGroupingFeatureForTrackingNumber" duration-ms="14994" started-at="2020-04-14T17:43:26Z" finished-at="2020-04-14T17:43:40Z">
          <reporter-output>
          </reporter-output>
        </test-method> <!-- secondaryGroupingFeatureForTrackingNumber -->
        <test-method status="PASS" signature="tearDown(org.testng.ITestResult)[pri:0, instance:tests.GroupActivityReportTest@1e9e725a]" name="tearDown" is-config="true" duration-ms="59" started-at="2020-04-14T17:43:40Z" finished-at="2020-04-14T17:43:41Z">
          <params>
            <param index="0">
              <value>
                <![CDATA[[TestResult name=secondaryGroupingFeatureForTrackingNumber status=SUCCESS method=GroupActivityReportTest.secondaryGroupingFeatureForTrackingNumber()[pri:13, instance:tests.GroupActivityReportTest@1e9e725a] output={null}]]]>
              </value>
            </param>
          </params>
          <reporter-output>
          </reporter-output>
        </test-method> <!-- tearDown -->
        <test-method status="PASS" signature="secondaryGroupingFeatureForCampaign()[pri:14, instance:tests.GroupActivityReportTest@1e9e725a]" name="secondaryGroupingFeatureForCampaign" duration-ms="14247" started-at="2020-04-14T17:43:41Z" finished-at="2020-04-14T17:43:55Z">
          <reporter-output>
          </reporter-output>
        </test-method> <!-- secondaryGroupingFeatureForCampaign -->
        <test-method status="PASS" signature="tearDown(org.testng.ITestResult)[pri:0, instance:tests.GroupActivityReportTest@1e9e725a]" name="tearDown" is-config="true" duration-ms="56" started-at="2020-04-14T17:43:55Z" finished-at="2020-04-14T17:43:55Z">
          <params>
            <param index="0">
              <value>
                <![CDATA[[TestResult name=secondaryGroupingFeatureForCampaign status=SUCCESS method=GroupActivityReportTest.secondaryGroupingFeatureForCampaign()[pri:14, instance:tests.GroupActivityReportTest@1e9e725a] output={null}]]]>
              </value>
            </param>
          </params>
          <reporter-output>
          </reporter-output>
        </test-method> <!-- tearDown -->
        <test-method status="PASS" signature="secondaryGroupingFeatureForCampaignColumn()[pri:15, instance:tests.GroupActivityReportTest@1e9e725a]" name="secondaryGroupingFeatureForCampaignColumn" duration-ms="13037" started-at="2020-04-14T17:43:55Z" finished-at="2020-04-14T17:44:08Z">
          <reporter-output>
          </reporter-output>
        </test-method> <!-- secondaryGroupingFeatureForCampaignColumn -->
        <test-method status="PASS" signature="tearDown(org.testng.ITestResult)[pri:0, instance:tests.GroupActivityReportTest@1e9e725a]" name="tearDown" is-config="true" duration-ms="70" started-at="2020-04-14T17:44:08Z" finished-at="2020-04-14T17:44:08Z">
          <params>
            <param index="0">
              <value>
                <![CDATA[[TestResult name=secondaryGroupingFeatureForCampaignColumn status=SUCCESS method=GroupActivityReportTest.secondaryGroupingFeatureForCampaignColumn()[pri:15, instance:tests.GroupActivityReportTest@1e9e725a] output={null}]]]>
              </value>
            </param>
          </params>
          <reporter-output>
          </reporter-output>
        </test-method> <!-- tearDown -->
        <test-method status="PASS" signature="secondaryGroupingFeatureForTrackingumberColumn()[pri:16, instance:tests.GroupActivityReportTest@1e9e725a]" name="secondaryGroupingFeatureForTrackingumberColumn" duration-ms="12857" started-at="2020-04-14T17:44:08Z" finished-at="2020-04-14T17:44:21Z">
          <reporter-output>
          </reporter-output>
        </test-method> <!-- secondaryGroupingFeatureForTrackingumberColumn -->
        <test-method status="PASS" signature="tearDown(org.testng.ITestResult)[pri:0, instance:tests.GroupActivityReportTest@1e9e725a]" name="tearDown" is-config="true" duration-ms="62" started-at="2020-04-14T17:44:21Z" finished-at="2020-04-14T17:44:21Z">
          <params>
            <param index="0">
              <value>
                <![CDATA[[TestResult name=secondaryGroupingFeatureForTrackingumberColumn status=SUCCESS method=GroupActivityReportTest.secondaryGroupingFeatureForTrackingumberColumn()[pri:16, instance:tests.GroupActivityReportTest@1e9e725a] output={null}]]]>
              </value>
            </param>
          </params>
          <reporter-output>
          </reporter-output>
        </test-method> <!-- tearDown -->
        <test-method status="PASS" signature="advancedFilterUI()[pri:17, instance:tests.GroupActivityReportTest@1e9e725a]" name="advancedFilterUI" duration-ms="6663" started-at="2020-04-14T17:44:21Z" finished-at="2020-04-14T17:44:28Z">
          <reporter-output>
          </reporter-output>
        </test-method> <!-- advancedFilterUI -->
        <test-method status="PASS" signature="tearDown(org.testng.ITestResult)[pri:0, instance:tests.GroupActivityReportTest@1e9e725a]" name="tearDown" is-config="true" duration-ms="50" started-at="2020-04-14T17:44:28Z" finished-at="2020-04-14T17:44:28Z">
          <params>
            <param index="0">
              <value>
                <![CDATA[[TestResult name=advancedFilterUI status=SUCCESS method=GroupActivityReportTest.advancedFilterUI()[pri:17, instance:tests.GroupActivityReportTest@1e9e725a] output={null}]]]>
              </value>
            </param>
          </params>
          <reporter-output>
          </reporter-output>
        </test-method> <!-- tearDown -->
        <test-method status="PASS" signature="basicFilterForGroupName()[pri:18, instance:tests.GroupActivityReportTest@1e9e725a]" name="basicFilterForGroupName" duration-ms="8103" started-at="2020-04-14T17:44:28Z" finished-at="2020-04-14T17:44:36Z">
          <reporter-output>
          </reporter-output>
        </test-method> <!-- basicFilterForGroupName -->
        <test-method status="PASS" signature="tearDown(org.testng.ITestResult)[pri:0, instance:tests.GroupActivityReportTest@1e9e725a]" name="tearDown" is-config="true" duration-ms="65" started-at="2020-04-14T17:44:36Z" finished-at="2020-04-14T17:44:36Z">
          <params>
            <param index="0">
              <value>
                <![CDATA[[TestResult name=basicFilterForGroupName status=SUCCESS method=GroupActivityReportTest.basicFilterForGroupName()[pri:18, instance:tests.GroupActivityReportTest@1e9e725a] output={null}]]]>
              </value>
            </param>
          </params>
          <reporter-output>
          </reporter-output>
        </test-method> <!-- tearDown -->
        <test-method status="PASS" signature="advancedFilterForGroupName()[pri:19, instance:tests.GroupActivityReportTest@1e9e725a]" name="advancedFilterForGroupName" duration-ms="3974" started-at="2020-04-14T17:44:36Z" finished-at="2020-04-14T17:44:40Z">
          <reporter-output>
          </reporter-output>
        </test-method> <!-- advancedFilterForGroupName -->
        <test-method status="PASS" signature="tearDown(org.testng.ITestResult)[pri:0, instance:tests.GroupActivityReportTest@1e9e725a]" name="tearDown" is-config="true" duration-ms="47" started-at="2020-04-14T17:44:40Z" finished-at="2020-04-14T17:44:40Z">
          <params>
            <param index="0">
              <value>
                <![CDATA[[TestResult name=advancedFilterForGroupName status=SUCCESS method=GroupActivityReportTest.advancedFilterForGroupName()[pri:19, instance:tests.GroupActivityReportTest@1e9e725a] output={null}]]]>
              </value>
            </param>
          </params>
          <reporter-output>
          </reporter-output>
        </test-method> <!-- tearDown -->
        <test-method status="PASS" signature="advancedFilterForAnweredCalls()[pri:20, instance:tests.GroupActivityReportTest@1e9e725a]" name="advancedFilterForAnweredCalls" duration-ms="9687" started-at="2020-04-14T17:44:40Z" finished-at="2020-04-14T17:44:49Z">
          <reporter-output>
          </reporter-output>
        </test-method> <!-- advancedFilterForAnweredCalls -->
        <test-method status="PASS" signature="tearDown(org.testng.ITestResult)[pri:0, instance:tests.GroupActivityReportTest@1e9e725a]" name="tearDown" is-config="true" duration-ms="56" started-at="2020-04-14T17:44:49Z" finished-at="2020-04-14T17:44:50Z">
          <params>
            <param index="0">
              <value>
                <![CDATA[[TestResult name=advancedFilterForAnweredCalls status=SUCCESS method=GroupActivityReportTest.advancedFilterForAnweredCalls()[pri:20, instance:tests.GroupActivityReportTest@1e9e725a] output={null}]]]>
              </value>
            </param>
          </params>
          <reporter-output>
          </reporter-output>
        </test-method> <!-- tearDown -->
        <test-method status="PASS" signature="advancedFilterForCalls()[pri:21, instance:tests.GroupActivityReportTest@1e9e725a]" name="advancedFilterForCalls" duration-ms="11526" started-at="2020-04-14T17:44:50Z" finished-at="2020-04-14T17:45:01Z">
          <reporter-output>
          </reporter-output>
        </test-method> <!-- advancedFilterForCalls -->
        <test-method status="PASS" signature="tearDown(org.testng.ITestResult)[pri:0, instance:tests.GroupActivityReportTest@1e9e725a]" name="tearDown" is-config="true" duration-ms="121" started-at="2020-04-14T17:45:01Z" finished-at="2020-04-14T17:45:01Z">
          <params>
            <param index="0">
              <value>
                <![CDATA[[TestResult name=advancedFilterForCalls status=SUCCESS method=GroupActivityReportTest.advancedFilterForCalls()[pri:21, instance:tests.GroupActivityReportTest@1e9e725a] output={null}]]]>
              </value>
            </param>
          </params>
          <reporter-output>
          </reporter-output>
        </test-method> <!-- tearDown -->
        <test-method status="PASS" signature="advancedFilterForLeads()[pri:22, instance:tests.GroupActivityReportTest@1e9e725a]" name="advancedFilterForLeads" duration-ms="10494" started-at="2020-04-14T17:45:01Z" finished-at="2020-04-14T17:45:12Z">
          <reporter-output>
          </reporter-output>
        </test-method> <!-- advancedFilterForLeads -->
        <test-method status="PASS" signature="tearDown(org.testng.ITestResult)[pri:0, instance:tests.GroupActivityReportTest@1e9e725a]" name="tearDown" is-config="true" duration-ms="42" started-at="2020-04-14T17:45:12Z" finished-at="2020-04-14T17:45:12Z">
          <params>
            <param index="0">
              <value>
                <![CDATA[[TestResult name=advancedFilterForLeads status=SUCCESS method=GroupActivityReportTest.advancedFilterForLeads()[pri:22, instance:tests.GroupActivityReportTest@1e9e725a] output={null}]]]>
              </value>
            </param>
          </params>
          <reporter-output>
          </reporter-output>
        </test-method> <!-- tearDown -->
        <test-method status="PASS" signature="advancedFilterForConversion()[pri:23, instance:tests.GroupActivityReportTest@1e9e725a]" name="advancedFilterForConversion" duration-ms="10924" started-at="2020-04-14T17:45:12Z" finished-at="2020-04-14T17:45:23Z">
          <reporter-output>
          </reporter-output>
        </test-method> <!-- advancedFilterForConversion -->
        <test-method status="PASS" signature="tearDown(org.testng.ITestResult)[pri:0, instance:tests.GroupActivityReportTest@1e9e725a]" name="tearDown" is-config="true" duration-ms="46" started-at="2020-04-14T17:45:23Z" finished-at="2020-04-14T17:45:23Z">
          <params>
            <param index="0">
              <value>
                <![CDATA[[TestResult name=advancedFilterForConversion status=SUCCESS method=GroupActivityReportTest.advancedFilterForConversion()[pri:23, instance:tests.GroupActivityReportTest@1e9e725a] output={null}]]]>
              </value>
            </param>
          </params>
          <reporter-output>
          </reporter-output>
        </test-method> <!-- tearDown -->
        <test-method status="PASS" signature="dateRangeFilterForToday()[pri:24, instance:tests.GroupActivityReportTest@1e9e725a]" name="dateRangeFilterForToday" duration-ms="2683" started-at="2020-04-14T17:45:23Z" finished-at="2020-04-14T17:45:25Z">
          <reporter-output>
          </reporter-output>
        </test-method> <!-- dateRangeFilterForToday -->
        <test-method status="PASS" signature="tearDown(org.testng.ITestResult)[pri:0, instance:tests.GroupActivityReportTest@1e9e725a]" name="tearDown" is-config="true" duration-ms="107" started-at="2020-04-14T17:45:25Z" finished-at="2020-04-14T17:45:25Z">
          <params>
            <param index="0">
              <value>
                <![CDATA[[TestResult name=dateRangeFilterForToday status=SUCCESS method=GroupActivityReportTest.dateRangeFilterForToday()[pri:24, instance:tests.GroupActivityReportTest@1e9e725a] output={null}]]]>
              </value>
            </param>
          </params>
          <reporter-output>
          </reporter-output>
        </test-method> <!-- tearDown -->
        <test-method status="PASS" signature="dateRangeFilterForYesterday()[pri:25, instance:tests.GroupActivityReportTest@1e9e725a]" name="dateRangeFilterForYesterday" duration-ms="2680" started-at="2020-04-14T17:45:25Z" finished-at="2020-04-14T17:45:28Z">
          <reporter-output>
          </reporter-output>
        </test-method> <!-- dateRangeFilterForYesterday -->
        <test-method status="PASS" signature="tearDown(org.testng.ITestResult)[pri:0, instance:tests.GroupActivityReportTest@1e9e725a]" name="tearDown" is-config="true" duration-ms="55" started-at="2020-04-14T17:45:28Z" finished-at="2020-04-14T17:45:28Z">
          <params>
            <param index="0">
              <value>
                <![CDATA[[TestResult name=dateRangeFilterForYesterday status=SUCCESS method=GroupActivityReportTest.dateRangeFilterForYesterday()[pri:25, instance:tests.GroupActivityReportTest@1e9e725a] output={null}]]]>
              </value>
            </param>
          </params>
          <reporter-output>
          </reporter-output>
        </test-method> <!-- tearDown -->
        <test-method status="PASS" signature="dateRangeFilterForLast7Days()[pri:26, instance:tests.GroupActivityReportTest@1e9e725a]" name="dateRangeFilterForLast7Days" duration-ms="2537" started-at="2020-04-14T17:45:28Z" finished-at="2020-04-14T17:45:31Z">
          <reporter-output>
          </reporter-output>
        </test-method> <!-- dateRangeFilterForLast7Days -->
        <test-method status="PASS" signature="tearDown(org.testng.ITestResult)[pri:0, instance:tests.GroupActivityReportTest@1e9e725a]" name="tearDown" is-config="true" duration-ms="62" started-at="2020-04-14T17:45:31Z" finished-at="2020-04-14T17:45:31Z">
          <params>
            <param index="0">
              <value>
                <![CDATA[[TestResult name=dateRangeFilterForLast7Days status=SUCCESS method=GroupActivityReportTest.dateRangeFilterForLast7Days()[pri:26, instance:tests.GroupActivityReportTest@1e9e725a] output={null}]]]>
              </value>
            </param>
          </params>
          <reporter-output>
          </reporter-output>
        </test-method> <!-- tearDown -->
        <test-method status="PASS" signature="dateRangeFilterForLast30Days()[pri:27, instance:tests.GroupActivityReportTest@1e9e725a]" name="dateRangeFilterForLast30Days" duration-ms="2559" started-at="2020-04-14T17:45:31Z" finished-at="2020-04-14T17:45:33Z">
          <reporter-output>
          </reporter-output>
        </test-method> <!-- dateRangeFilterForLast30Days -->
        <test-method status="PASS" signature="tearDown(org.testng.ITestResult)[pri:0, instance:tests.GroupActivityReportTest@1e9e725a]" name="tearDown" is-config="true" duration-ms="58" started-at="2020-04-14T17:45:33Z" finished-at="2020-04-14T17:45:33Z">
          <params>
            <param index="0">
              <value>
                <![CDATA[[TestResult name=dateRangeFilterForLast30Days status=SUCCESS method=GroupActivityReportTest.dateRangeFilterForLast30Days()[pri:27, instance:tests.GroupActivityReportTest@1e9e725a] output={null}]]]>
              </value>
            </param>
          </params>
          <reporter-output>
          </reporter-output>
        </test-method> <!-- tearDown -->
        <test-method status="PASS" signature="logOut()[pri:0, instance:tests.GroupActivityReportTest@1e9e725a]" name="logOut" is-config="true" duration-ms="6695" started-at="2020-04-14T17:45:33Z" finished-at="2020-04-14T17:45:40Z">
          <reporter-output>
          </reporter-output>
        </test-method> <!-- logOut -->
      </class> <!-- tests.GroupActivityReportTest -->
      <class name="tests.CamapignUIVerificationTest">
        <test-method status="PASS" signature="goToCampaignPage()[pri:0, instance:tests.CamapignUIVerificationTest@6385cb26]" name="goToCampaignPage" is-config="true" duration-ms="2944" started-at="2020-04-14T16:50:40Z" finished-at="2020-04-14T16:50:43Z">
          <reporter-output>
          </reporter-output>
        </test-method> <!-- goToCampaignPage -->
        <test-method status="PASS" signature="CampaignAndTrackingNumberPage_UI_Verification()[pri:1, instance:tests.CamapignUIVerificationTest@6385cb26]" name="CampaignAndTrackingNumberPage_UI_Verification" duration-ms="9114" started-at="2020-04-14T16:50:43Z" finished-at="2020-04-14T16:50:52Z">
          <reporter-output>
          </reporter-output>
        </test-method> <!-- CampaignAndTrackingNumberPage_UI_Verification -->
        <test-method status="PASS" signature="tearDown(org.testng.ITestResult)[pri:0, instance:tests.CamapignUIVerificationTest@6385cb26]" name="tearDown" is-config="true" duration-ms="75" started-at="2020-04-14T16:50:52Z" finished-at="2020-04-14T16:50:52Z">
          <params>
            <param index="0">
              <value>
                <![CDATA[[TestResult name=CampaignAndTrackingNumberPage_UI_Verification status=SUCCESS method=CamapignUIVerificationTest.CampaignAndTrackingNumberPage_UI_Verification()[pri:1, instance:tests.CamapignUIVerificationTest@6385cb26] output={null}]]]>
              </value>
            </param>
          </params>
          <reporter-output>
          </reporter-output>
        </test-method> <!-- tearDown -->
        <test-method status="PASS" signature="defaultColumnsDisplayed()[pri:2, instance:tests.CamapignUIVerificationTest@6385cb26]" name="defaultColumnsDisplayed" duration-ms="9945" started-at="2020-04-14T16:50:52Z" finished-at="2020-04-14T16:51:02Z">
          <reporter-output>
          </reporter-output>
        </test-method> <!-- defaultColumnsDisplayed -->
        <test-method status="PASS" signature="tearDown(org.testng.ITestResult)[pri:0, instance:tests.CamapignUIVerificationTest@6385cb26]" name="tearDown" is-config="true" duration-ms="75" started-at="2020-04-14T16:51:02Z" finished-at="2020-04-14T16:51:02Z">
          <params>
            <param index="0">
              <value>
                <![CDATA[[TestResult name=defaultColumnsDisplayed status=SUCCESS method=CamapignUIVerificationTest.defaultColumnsDisplayed()[pri:2, instance:tests.CamapignUIVerificationTest@6385cb26] output={null}]]]>
              </value>
            </param>
          </params>
          <reporter-output>
          </reporter-output>
        </test-method> <!-- tearDown -->
        <test-method status="PASS" signature="allColumnsDisplayed()[pri:3, instance:tests.CamapignUIVerificationTest@6385cb26]" name="allColumnsDisplayed" duration-ms="78012" started-at="2020-04-14T16:51:02Z" finished-at="2020-04-14T16:52:20Z">
          <reporter-output>
          </reporter-output>
        </test-method> <!-- allColumnsDisplayed -->
        <test-method status="PASS" signature="tearDown(org.testng.ITestResult)[pri:0, instance:tests.CamapignUIVerificationTest@6385cb26]" name="tearDown" is-config="true" duration-ms="46" started-at="2020-04-14T16:52:20Z" finished-at="2020-04-14T16:52:20Z">
          <params>
            <param index="0">
              <value>
                <![CDATA[[TestResult name=allColumnsDisplayed status=SUCCESS method=CamapignUIVerificationTest.allColumnsDisplayed()[pri:3, instance:tests.CamapignUIVerificationTest@6385cb26] output={null}]]]>
              </value>
            </param>
          </params>
          <reporter-output>
          </reporter-output>
        </test-method> <!-- tearDown -->
        <test-method status="PASS" signature="goToHomePage()[pri:0, instance:tests.CamapignUIVerificationTest@6385cb26]" name="goToHomePage" is-config="true" duration-ms="65873" started-at="2020-04-14T16:52:20Z" finished-at="2020-04-14T16:53:26Z">
          <reporter-output>
          </reporter-output>
        </test-method> <!-- goToHomePage -->
      </class> <!-- tests.CamapignUIVerificationTest -->
      <class name="tests.TrackingNumberTest">
        <test-method status="PASS" signature="goToCampaignPage()[pri:0, instance:tests.TrackingNumberTest@28c4711c]" name="goToCampaignPage" is-config="true" duration-ms="3271" started-at="2020-04-14T16:58:54Z" finished-at="2020-04-14T16:58:57Z">
          <reporter-output>
          </reporter-output>
        </test-method> <!-- goToCampaignPage -->
        <test-method status="PASS" signature="trakingNumberPageUIVerification()[pri:0, instance:tests.TrackingNumberTest@28c4711c]" name="trakingNumberPageUIVerification" duration-ms="180724" started-at="2020-04-14T16:58:57Z" finished-at="2020-04-14T17:01:58Z">
          <reporter-output>
          </reporter-output>
        </test-method> <!-- trakingNumberPageUIVerification -->
        <test-method status="PASS" signature="tearDown(org.testng.ITestResult)[pri:0, instance:tests.TrackingNumberTest@28c4711c]" name="tearDown" is-config="true" duration-ms="77" started-at="2020-04-14T17:01:58Z" finished-at="2020-04-14T17:01:58Z">
          <params>
            <param index="0">
              <value>
                <![CDATA[[TestResult name=trakingNumberPageUIVerification status=SUCCESS method=TrackingNumberTest.trakingNumberPageUIVerification()[pri:0, instance:tests.TrackingNumberTest@28c4711c] output={null}]]]>
              </value>
            </param>
          </params>
          <reporter-output>
          </reporter-output>
        </test-method> <!-- tearDown -->
        <test-method status="PASS" signature="simpleTrakingNumberCreation()[pri:1, instance:tests.TrackingNumberTest@28c4711c]" name="simpleTrakingNumberCreation" duration-ms="86527" started-at="2020-04-14T17:01:58Z" finished-at="2020-04-14T17:03:24Z">
          <reporter-output>
          </reporter-output>
        </test-method> <!-- simpleTrakingNumberCreation -->
        <test-method status="PASS" signature="tearDown(org.testng.ITestResult)[pri:0, instance:tests.TrackingNumberTest@28c4711c]" name="tearDown" is-config="true" duration-ms="92" started-at="2020-04-14T17:03:24Z" finished-at="2020-04-14T17:03:25Z">
          <params>
            <param index="0">
              <value>
                <![CDATA[[TestResult name=simpleTrakingNumberCreation status=SUCCESS method=TrackingNumberTest.simpleTrakingNumberCreation()[pri:1, instance:tests.TrackingNumberTest@28c4711c] output={null}]]]>
              </value>
            </param>
          </params>
          <reporter-output>
          </reporter-output>
        </test-method> <!-- tearDown -->
        <test-method status="PASS" signature="simpleTrakingNumberUpdation()[pri:2, instance:tests.TrackingNumberTest@28c4711c]" name="simpleTrakingNumberUpdation" duration-ms="8266" started-at="2020-04-14T17:03:25Z" finished-at="2020-04-14T17:03:33Z">
          <reporter-output>
          </reporter-output>
        </test-method> <!-- simpleTrakingNumberUpdation -->
        <test-method status="PASS" signature="tearDown(org.testng.ITestResult)[pri:0, instance:tests.TrackingNumberTest@28c4711c]" name="tearDown" is-config="true" duration-ms="98" started-at="2020-04-14T17:03:33Z" finished-at="2020-04-14T17:03:33Z">
          <params>
            <param index="0">
              <value>
                <![CDATA[[TestResult name=simpleTrakingNumberUpdation status=SUCCESS method=TrackingNumberTest.simpleTrakingNumberUpdation()[pri:2, instance:tests.TrackingNumberTest@28c4711c] output={null}]]]>
              </value>
            </param>
          </params>
          <reporter-output>
          </reporter-output>
        </test-method> <!-- tearDown -->
        <test-method status="PASS" signature="simpleTrakingNumberDeletion()[pri:3, instance:tests.TrackingNumberTest@28c4711c]" name="simpleTrakingNumberDeletion" duration-ms="7066" started-at="2020-04-14T17:03:33Z" finished-at="2020-04-14T17:03:40Z">
          <reporter-output>
          </reporter-output>
        </test-method> <!-- simpleTrakingNumberDeletion -->
        <test-method status="PASS" signature="tearDown(org.testng.ITestResult)[pri:0, instance:tests.TrackingNumberTest@28c4711c]" name="tearDown" is-config="true" duration-ms="98" started-at="2020-04-14T17:03:40Z" finished-at="2020-04-14T17:03:40Z">
          <params>
            <param index="0">
              <value>
                <![CDATA[[TestResult name=simpleTrakingNumberDeletion status=SUCCESS method=TrackingNumberTest.simpleTrakingNumberDeletion()[pri:3, instance:tests.TrackingNumberTest@28c4711c] output={null}]]]>
              </value>
            </param>
          </params>
          <reporter-output>
          </reporter-output>
        </test-method> <!-- tearDown -->
        <test-method status="PASS" signature="numberPoolCreation()[pri:4, instance:tests.TrackingNumberTest@28c4711c]" name="numberPoolCreation" duration-ms="105981" started-at="2020-04-14T17:03:40Z" finished-at="2020-04-14T17:05:26Z">
          <reporter-output>
          </reporter-output>
        </test-method> <!-- numberPoolCreation -->
        <test-method status="PASS" signature="tearDown(org.testng.ITestResult)[pri:0, instance:tests.TrackingNumberTest@28c4711c]" name="tearDown" is-config="true" duration-ms="88" started-at="2020-04-14T17:05:26Z" finished-at="2020-04-14T17:05:26Z">
          <params>
            <param index="0">
              <value>
                <![CDATA[[TestResult name=numberPoolCreation status=SUCCESS method=TrackingNumberTest.numberPoolCreation()[pri:4, instance:tests.TrackingNumberTest@28c4711c] output={null}]]]>
              </value>
            </param>
          </params>
          <reporter-output>
[...]
	at org.openqa.selenium.support.ui.WebDriverWait.timeoutException(WebDriverWait.java:81)
	at org.openqa.selenium.support.ui.FluentWait.until(FluentWait.java:271)
	at pom.TrackingNumberSettingsReport_Page.basicFilterFeature(TrackingNumberSettingsReport_Page.java:401)
	at tests.TrackingNumberSettingsTest.basicFilterFeatureForGroupName(TrackingNumberSettingsTest.java:151)
	at sun.reflect.NativeMethodAccessorImpl.invoke0(Native Method)
	at sun.reflect.NativeMethodAccessorImpl.invoke(Unknown Source)
	at sun.reflect.DelegatingMethodAccessorImpl.invoke(Unknown Source)
	at java.lang.reflect.Method.invoke(Unknown Source)
	at org.testng.internal.MethodInvocationHelper.invokeMethod(MethodInvocationHelper.java:86)
	at org.testng.internal.Invoker.invokeMethod(Invoker.java:643)
	at org.testng.internal.Invoker.invokeTestMethod(Invoker.java:820)
	at org.testng.internal.Invoker.invokeTestMethods(Invoker.java:1128)
	at org.testng.internal.TestMethodWorker.invokeTestMethods(TestMethodWorker.java:129)
	at org.testng.internal.TestMethodWorker.run(TestMethodWorker.java:112)
	at org.testng.TestRunner.privateRun(TestRunner.java:782)
	at org.testng.TestRunner.run(TestRunner.java:632)
	at org.testng.SuiteRunner.runTest(SuiteRunner.java:366)
	at org.testng.SuiteRunner.access$000(SuiteRunner.java:39)
	at org.testng.SuiteRunner$SuiteWorker.run(SuiteRunner.java:400)
	at org.testng.internal.thread.ThreadUtil$2.call(ThreadUtil.java:64)
	at java.util.concurrent.FutureTask.run(Unknown Source)
	at java.util.concurrent.ThreadPoolExecutor.runWorker(Unknown Source)
	at java.util.concurrent.ThreadPoolExecutor$Worker.run(Unknown Source)
	at java.lang.Thread.run(Unknown Source)
Caused by: org.openqa.selenium.NoSuchElementException: no such element: Unable to locate element: {"method":"xpath","selector":"//span[@class='pull-left ng-binding'][contains(text(),'Showing')]"}
  (Session info: chrome=80.0.3987.163)
  (Driver info: chromedriver=2.36.540470 (e522d04694c7ebea4ba8821272dbef4f9b818c91),platform=Windows NT 10.0.18362 x86_64) (WARNING: The server did not provide any stacktrace information)
Command duration or timeout: 0 milliseconds
For documentation on this error, please visit: http://seleniumhq.org/exceptions/no_such_element.html
Build info: version: '3.11.0', revision: 'e59cfb3', time: '2018-03-11T20:26:55.152Z'
System info: host: 'LAPTOP-Q18VUQ5U', ip: '5.5.26.186', os.name: 'Windows 10', os.arch: 'amd64', os.version: '10.0', java.version: '1.8.0_201'
Driver info: org.openqa.selenium.chrome.ChromeDriver
Capabilities {acceptInsecureCerts: false, acceptSslCerts: false, applicationCacheEnabled: false, browserConnectionEnabled: false, browserName: chrome, chrome: {chromedriverVersion: 2.36.540470 (e522d04694c7eb..., userDataDir: C:\Users\PREETI~1\AppData\L...}, cssSelectorsEnabled: true, databaseEnabled: false, handlesAlerts: true, hasTouchScreen: false, javascriptEnabled: true, locationContextEnabled: true, mobileEmulationEnabled: false, nativeEvents: true, networkConnectionEnabled: false, pageLoadStrategy: normal, platform: XP, platformName: XP, rotatable: false, setWindowRect: true, takesHeapSnapshot: true, takesScreenshot: true, unexpectedAlertBehaviour: , unhandledPromptBehavior: , version: 80.0.3987.163, webStorageEnabled: true}
Session ID: 22d5c50d3fdf84183fc288eb1c239505
*** Element info: {Using=xpath, value=//span[@class='pull-left ng-binding'][contains(text(),'Showing')]}
	at sun.reflect.NativeConstructorAccessorImpl.newInstance0(Native Method)
	at sun.reflect.NativeConstructorAccessorImpl.newInstance(Unknown Source)
	at sun.reflect.DelegatingConstructorAccessorImpl.newInstance(Unknown Source)
	at java.lang.reflect.Constructor.newInstance(Unknown Source)
	at org.openqa.selenium.remote.ErrorHandler.createThrowable(ErrorHandler.java:214)
	at org.openqa.selenium.remote.ErrorHandler.throwIfResponseFailed(ErrorHandler.java:166)
	at org.openqa.selenium.remote.http.JsonHttpResponseCodec.reconstructValue(JsonHttpResponseCodec.java:40)
	at org.openqa.selenium.remote.http.AbstractHttpResponseCodec.decode(AbstractHttpResponseCodec.java:80)
	at org.openqa.selenium.remote.http.AbstractHttpResponseCodec.decode(AbstractHttpResponseCodec.java:44)
	at org.openqa.selenium.remote.HttpCommandExecutor.execute(HttpCommandExecutor.java:158)
	at org.openqa.selenium.remote.service.DriverCommandExecutor.execute(DriverCommandExecutor.java:83)
	at org.openqa.selenium.remote.RemoteWebDriver.execute(RemoteWebDriver.java:545)
	at org.openqa.selenium.remote.RemoteWebDriver.findElement(RemoteWebDriver.java:319)
	at org.openqa.selenium.remote.RemoteWebDriver.findElementByXPath(RemoteWebDriver.java:421)
	at org.openqa.selenium.By$ByXPath.findElement(By.java:361)
	at org.openqa.selenium.remote.RemoteWebDriver.findElement(RemoteWebDriver.java:311)
	at org.openqa.selenium.support.pagefactory.DefaultElementLocator.findElement(DefaultElementLocator.java:69)
	at org.openqa.selenium.support.pagefactory.internal.LocatingElementHandler.invoke(LocatingElementHandler.java:38)
	at com.sun.proxy.$Proxy16.isDisplayed(Unknown Source)
	at org.openqa.selenium.support.ui.ExpectedConditions.elementIfVisible(ExpectedConditions.java:315)
	at org.openqa.selenium.support.ui.ExpectedConditions.access$100(ExpectedConditions.java:44)
	at org.openqa.selenium.support.ui.ExpectedConditions$10.apply(ExpectedConditions.java:301)
	at org.openqa.selenium.support.ui.ExpectedConditions$10.apply(ExpectedConditions.java:298)
	at org.openqa.selenium.support.ui.FluentWait.until(FluentWait.java:248)
	... 22 more
]]>
            </full-stacktrace>
          </exception> <!-- org.openqa.selenium.TimeoutException -->
          <reporter-output>
          </reporter-output>
        </test-method> <!-- basicFilterFeatureForGroupName -->
        <test-method status="PASS" signature="tearDown(org.testng.ITestResult)[pri:0, instance:tests.TrackingNumberSettingsTest@146044d7]" name="tearDown" is-config="true" duration-ms="17829" started-at="2020-04-14T17:36:30Z" finished-at="2020-04-14T17:36:48Z">
          <params>
            <param index="0">
              <value>
                <![CDATA[[TestResult name=basicFilterFeatureForGroupName status=FAILURE method=TrackingNumberSettingsTest.basicFilterFeatureForGroupName()[pri:12, instance:tests.TrackingNumberSettingsTest@146044d7] output={null}]]]>
              </value>
            </param>
          </params>
          <reporter-output>
          </reporter-output>
        </test-method> <!-- tearDown -->
        <test-method status="PASS" signature="basicFilterFeatureForAdSource()[pri:13, instance:tests.TrackingNumberSettingsTest@146044d7]" name="basicFilterFeatureForAdSource" duration-ms="7741" started-at="2020-04-14T17:36:48Z" finished-at="2020-04-14T17:36:55Z">
          <reporter-output>
          </reporter-output>
        </test-method> <!-- basicFilterFeatureForAdSource -->
        <test-method status="PASS" signature="tearDown(org.testng.ITestResult)[pri:0, instance:tests.TrackingNumberSettingsTest@146044d7]" name="tearDown" is-config="true" duration-ms="47" started-at="2020-04-14T17:36:55Z" finished-at="2020-04-14T17:36:55Z">
          <params>
            <param index="0">
              <value>
                <![CDATA[[TestResult name=basicFilterFeatureForAdSource status=SUCCESS method=TrackingNumberSettingsTest.basicFilterFeatureForAdSource()[pri:13, instance:tests.TrackingNumberSettingsTest@146044d7] output={null}]]]>
              </value>
            </param>
          </params>
          <reporter-output>
          </reporter-output>
        </test-method> <!-- tearDown -->
        <test-method status="PASS" signature="basicFilterFeatureForCampaignName()[pri:14, instance:tests.TrackingNumberSettingsTest@146044d7]" name="basicFilterFeatureForCampaignName" duration-ms="8558" started-at="2020-04-14T17:36:55Z" finished-at="2020-04-14T17:37:04Z">
          <reporter-output>
          </reporter-output>
        </test-method> <!-- basicFilterFeatureForCampaignName -->
        <test-method status="PASS" signature="tearDown(org.testng.ITestResult)[pri:0, instance:tests.TrackingNumberSettingsTest@146044d7]" name="tearDown" is-config="true" duration-ms="53" started-at="2020-04-14T17:37:04Z" finished-at="2020-04-14T17:37:04Z">
          <params>
            <param index="0">
              <value>
                <![CDATA[[TestResult name=basicFilterFeatureForCampaignName status=SUCCESS method=TrackingNumberSettingsTest.basicFilterFeatureForCampaignName()[pri:14, instance:tests.TrackingNumberSettingsTest@146044d7] output={null}]]]>
              </value>
            </param>
          </params>
          <reporter-output>
          </reporter-output>
        </test-method> <!-- tearDown -->
        <test-method status="PASS" signature="advancedFilterForTrackingNumber()[pri:15, instance:tests.TrackingNumberSettingsTest@146044d7]" name="advancedFilterForTrackingNumber" duration-ms="3063" started-at="2020-04-14T17:37:04Z" finished-at="2020-04-14T17:37:07Z">
          <reporter-output>
          </reporter-output>
        </test-method> <!-- advancedFilterForTrackingNumber -->
        <test-method status="PASS" signature="tearDown(org.testng.ITestResult)[pri:0, instance:tests.TrackingNumberSettingsTest@146044d7]" name="tearDown" is-config="true" duration-ms="69" started-at="2020-04-14T17:37:07Z" finished-at="2020-04-14T17:37:07Z">
          <params>
            <param index="0">
              <value>
                <![CDATA[[TestResult name=advancedFilterForTrackingNumber status=SUCCESS method=TrackingNumberSettingsTest.advancedFilterForTrackingNumber()[pri:15, instance:tests.TrackingNumberSettingsTest@146044d7] output={null}]]]>
              </value>
            </param>
          </params>
          <reporter-output>
          </reporter-output>
        </test-method> <!-- tearDown -->
        <test-method status="PASS" signature="advancedFilterForCampaignName()[pri:16, instance:tests.TrackingNumberSettingsTest@146044d7]" name="advancedFilterForCampaignName" duration-ms="7517" started-at="2020-04-14T17:37:07Z" finished-at="2020-04-14T17:37:15Z">
          <reporter-output>
          </reporter-output>
        </test-method> <!-- advancedFilterForCampaignName -->
        <test-method status="PASS" signature="tearDown(org.testng.ITestResult)[pri:0, instance:tests.TrackingNumberSettingsTest@146044d7]" name="tearDown" is-config="true" duration-ms="51" started-at="2020-04-14T17:37:15Z" finished-at="2020-04-14T17:37:15Z">
          <params>
            <param index="0">
              <value>
                <![CDATA[[TestResult name=advancedFilterForCampaignName status=SUCCESS method=TrackingNumberSettingsTest.advancedFilterForCampaignName()[pri:16, instance:tests.TrackingNumberSettingsTest@146044d7] output={null}]]]>
              </value>
            </param>
          </params>
          <reporter-output>
          </reporter-output>
        </test-method> <!-- tearDown -->
        <test-method status="FAIL" signature="advancedFilterForGroupName()[pri:16, instance:tests.TrackingNumberSettingsTest@146044d7]" name="advancedFilterForGroupName" duration-ms="122816" started-at="2020-04-14T17:37:15Z" finished-at="2020-04-14T17:39:18Z">
          <exception class="org.openqa.selenium.TimeoutException">
            <message>
              <![CDATA[Expected condition failed: waiting for visibility of Proxy element for: DefaultElementLocator 'By.xpath: //span[@class='pull-left ng-binding'][contains(text(),'Showing')]' (tried for 60 second(s) with 500 milliseconds interval)]]>
            </message>
            <full-stacktrace>
              <![CDATA[org.openqa.selenium.TimeoutException: Expected condition failed: waiting for visibility of Proxy element for: DefaultElementLocator 'By.xpath: //span[@class='pull-left ng-binding'][contains(text(),'Showing')]' (tried for 60 second(s) with 500 milliseconds interval)
	at org.openqa.selenium.support.ui.WebDriverWait.timeoutException(WebDriverWait.java:81)
	at org.openqa.selenium.support.ui.FluentWait.until(FluentWait.java:271)
	at pom.TrackingNumberSettingsReport_Page.advancedFilterFeature(TrackingNumberSettingsReport_Page.java:466)
	at tests.TrackingNumberSettingsTest.advancedFilterForGroupName(TrackingNumberSettingsTest.java:190)
	at sun.reflect.NativeMethodAccessorImpl.invoke0(Native Method)
	at sun.reflect.NativeMethodAccessorImpl.invoke(Unknown Source)
	at sun.reflect.DelegatingMethodAccessorImpl.invoke(Unknown Source)
	at java.lang.reflect.Method.invoke(Unknown Source)
	at org.testng.internal.MethodInvocationHelper.invokeMethod(MethodInvocationHelper.java:86)
	at org.testng.internal.Invoker.invokeMethod(Invoker.java:643)
	at org.testng.internal.Invoker.invokeTestMethod(Invoker.java:820)
	at org.testng.internal.Invoker.invokeTestMethods(Invoker.java:1128)
	at org.testng.internal.TestMethodWorker.invokeTestMethods(TestMethodWorker.java:129)
	at org.testng.internal.TestMethodWorker.run(TestMethodWorker.java:112)
	at org.testng.TestRunner.privateRun(TestRunner.java:782)
	at org.testng.TestRunner.run(TestRunner.java:632)
	at org.testng.SuiteRunner.runTest(SuiteRunner.java:366)
	at org.testng.SuiteRunner.access$000(SuiteRunner.java:39)
	at org.testng.SuiteRunner$SuiteWorker.run(SuiteRunner.java:400)
	at org.testng.internal.thread.ThreadUtil$2.call(ThreadUtil.java:64)
	at java.util.concurrent.FutureTask.run(Unknown Source)
	at java.util.concurrent.ThreadPoolExecutor.runWorker(Unknown Source)
	at java.util.concurrent.ThreadPoolExecutor$Worker.run(Unknown Source)
	at java.lang.Thread.run(Unknown Source)
Caused by: org.openqa.selenium.NoSuchElementException: no such element: Unable to locate element: {"method":"xpath","selector":"//span[@class='pull-left ng-binding'][contains(text(),'Showing')]"}
  (Session info: chrome=80.0.3987.163)
  (Driver info: chromedriver=2.36.540470 (e522d04694c7ebea4ba8821272dbef4f9b818c91),platform=Windows NT 10.0.18362 x86_64) (WARNING: The server did not provide any stacktrace information)
Command duration or timeout: 0 milliseconds
For documentation on this error, please visit: http://seleniumhq.org/exceptions/no_such_element.html
Build info: version: '3.11.0', revision: 'e59cfb3', time: '2018-03-11T20:26:55.152Z'
System info: host: 'LAPTOP-Q18VUQ5U', ip: '5.5.26.186', os.name: 'Windows 10', os.arch: 'amd64', os.version: '10.0', java.version: '1.8.0_201'
Driver info: org.openqa.selenium.chrome.ChromeDriver
Capabilities {acceptInsecureCerts: false, acceptSslCerts: false, applicationCacheEnabled: false, browserConnectionEnabled: false, browserName: chrome, chrome: {chromedriverVersion: 2.36.540470 (e522d04694c7eb..., userDataDir: C:\Users\PREETI~1\AppData\L...}, cssSelectorsEnabled: true, databaseEnabled: false, handlesAlerts: true, hasTouchScreen: false, javascriptEnabled: true, locationContextEnabled: true, mobileEmulationEnabled: false, nativeEvents: true, networkConnectionEnabled: false, pageLoadStrategy: normal, platform: XP, platformName: XP, rotatable: false, setWindowRect: true, takesHeapSnapshot: true, takesScreenshot: true, unexpectedAlertBehaviour: , unhandledPromptBehavior: , version: 80.0.3987.163, webStorageEnabled: true}
Session ID: 22d5c50d3fdf84183fc288eb1c239505
*** Element info: {Using=xpath, value=//span[@class='pull-left ng-binding'][contains(text(),'Showing')]}
	at sun.reflect.NativeConstructorAccessorImpl.newInstance0(Native Method)
	at sun.reflect.NativeConstructorAccessorImpl.newInstance(Unknown Source)
	at sun.reflect.DelegatingConstructorAccessorImpl.newInstance(Unknown Source)
	at java.lang.reflect.Constructor.newInstance(Unknown Source)
	at org.openqa.selenium.remote.ErrorHandler.createThrowable(ErrorHandler.java:214)
	at org.openqa.selenium.remote.ErrorHandler.throwIfResponseFailed(ErrorHandler.java:166)
	at org.openqa.selenium.remote.http.JsonHttpResponseCodec.reconstructValue(JsonHttpResponseCodec.java:40)
	at org.openqa.selenium.remote.http.AbstractHttpResponseCodec.decode(AbstractHttpResponseCodec.java:80)
	at org.openqa.selenium.remote.http.AbstractHttpResponseCodec.decode(AbstractHttpResponseCodec.java:44)
	at org.openqa.selenium.remote.HttpCommandExecutor.execute(HttpCommandExecutor.java:158)
	at org.openqa.selenium.remote.service.DriverCommandExecutor.execute(DriverCommandExecutor.java:83)
	at org.openqa.selenium.remote.RemoteWebDriver.execute(RemoteWebDriver.java:545)
	at org.openqa.selenium.remote.RemoteWebDriver.findElement(RemoteWebDriver.java:319)
	at org.openqa.selenium.remote.RemoteWebDriver.findElementByXPath(RemoteWebDriver.java:421)
	at org.openqa.selenium.By$ByXPath.findElement(By.java:361)
	at org.openqa.selenium.remote.RemoteWebDriver.findElement(RemoteWebDriver.java:311)
	at org.openqa.selenium.support.pagefactory.DefaultElementLocator.findElement(DefaultElementLocator.java:69)
	at org.openqa.selenium.support.pagefactory.internal.LocatingElementHandler.invoke(LocatingElementHandler.java:38)
	at com.sun.proxy.$Proxy16.isDisplayed(Unknown Source)
	at org.openqa.selenium.support.ui.ExpectedConditions.elementIfVisible(ExpectedConditions.java:315)
	at org.openqa.selenium.support.ui.ExpectedConditions.access$100(ExpectedConditions.java:44)
	at org.openqa.selenium.support.ui.ExpectedConditions$10.apply(ExpectedConditions.java:301)
	at org.openqa.selenium.support.ui.ExpectedConditions$10.apply(ExpectedConditions.java:298)
	at org.openqa.selenium.support.ui.FluentWait.until(FluentWait.java:248)
	... 22 more
]]>
            </full-stacktrace>
          </exception> <!-- org.openqa.selenium.TimeoutException -->
          <reporter-output>
          </reporter-output>
        </test-method> <!-- advancedFilterForGroupName -->
        <test-method status="PASS" signature="tearDown(org.testng.ITestResult)[pri:0, instance:tests.TrackingNumberSettingsTest@146044d7]" name="tearDown" is-config="true" duration-ms="64750" started-at="2020-04-14T17:39:18Z" finished-at="2020-04-14T17:40:22Z">
          <params>
            <param index="0">
              <value>
                <![CDATA[[TestResult name=advancedFilterForGroupName status=FAILURE method=TrackingNumberSettingsTest.advancedFilterForGroupName()[pri:16, instance:tests.TrackingNumberSettingsTest@146044d7] output={null}]]]>
              </value>
            </param>
          </params>
          <reporter-output>
          </reporter-output>
        </test-method> <!-- tearDown -->
        <test-method status="PASS" signature="advancedFilterForTrackingNumberName()[pri:17, instance:tests.TrackingNumberSettingsTest@146044d7]" name="advancedFilterForTrackingNumberName" duration-ms="53857" started-at="2020-04-14T17:40:22Z" finished-at="2020-04-14T17:41:16Z">
          <reporter-output>
          </reporter-output>
        </test-method> <!-- advancedFilterForTrackingNumberName -->
        <test-method status="PASS" signature="tearDown(org.testng.ITestResult)[pri:0, instance:tests.TrackingNumberSettingsTest@146044d7]" name="tearDown" is-config="true" duration-ms="69" started-at="2020-04-14T17:41:16Z" finished-at="2020-04-14T17:41:16Z">
          <params>
            <param index="0">
              <value>
                <![CDATA[[TestResult name=advancedFilterForTrackingNumberName status=SUCCESS method=TrackingNumberSettingsTest.advancedFilterForTrackingNumberName()[pri:17, instance:tests.TrackingNumberSettingsTest@146044d7] output={null}]]]>
              </value>
            </param>
          </params>
          <reporter-output>
          </reporter-output>
        </test-method> <!-- tearDown -->
        <test-method status="PASS" signature="logOut()[pri:0, instance:tests.TrackingNumberSettingsTest@146044d7]" name="logOut" is-config="true" duration-ms="11209" started-at="2020-04-14T17:41:16Z" finished-at="2020-04-14T17:41:28Z">
          <reporter-output>
          </reporter-output>
        </test-method> <!-- logOut -->
      </class> <!-- tests.TrackingNumberSettingsTest -->
    </test> <!-- chrome test-1 -->
  </suite> <!-- Automation Suite-1 -->
</testng-results>
