<?xml version="1.0" encoding="UTF-8"?>
<testng-results skipped="0" failed="0" ignored="0" total="2" passed="2">
  <reporter-output>
  </reporter-output>
  <suite name="Automation Suite-1" duration-ms="118726" started-at="2020-01-17T09:28:29Z" finished-at="2020-01-17T09:30:27Z">
    <groups>
    </groups>
    <test name="chrome test" duration-ms="118726" started-at="2020-01-17T09:28:29Z" finished-at="2020-01-17T09:30:27Z">
      <class name="tests.HomeTest">
        <test-method status="PASS" signature="setUp(java.lang.String, java.lang.String)[pri:0, instance:tests.HomeTest@7bb58ca3]" name="setUp" is-config="true" duration-ms="55019" started-at="2020-01-17T09:28:29Z" finished-at="2020-01-17T09:29:24Z">
          <params>
            <param index="0">
              <value>
                <![CDATA[chrome]]>
              </value>
            </param>
            <param index="1">
              <value>
                <![CDATA[https://stag-5-cmo-1.convirza.com]]>
              </value>
            </param>
          </params>
          <reporter-output>
          </reporter-output>
        </test-method> <!-- setUp -->
        <test-method status="PASS" signature="validLogin()[pri:0, instance:tests.HomeTest@7bb58ca3]" name="validLogin" is-config="true" duration-ms="11032" started-at="2020-01-17T09:29:24Z" finished-at="2020-01-17T09:29:35Z">
          <reporter-output>
          </reporter-output>
        </test-method> <!-- validLogin -->
        <test-method status="PASS" signature="ui_verification()[pri:1, instance:tests.HomeTest@7bb58ca3]" name="ui_verification" duration-ms="44381" started-at="2020-01-17T09:29:35Z" finished-at="2020-01-17T09:30:19Z">
          <reporter-output>
          </reporter-output>
        </test-method> <!-- ui_verification -->
        <test-method status="PASS" signature="tearDown(org.testng.ITestResult)[pri:0, instance:tests.HomeTest@7bb58ca3]" name="tearDown" is-config="true" duration-ms="541" started-at="2020-01-17T09:30:19Z" finished-at="2020-01-17T09:30:20Z">
          <params>
            <param index="0">
              <value>
                <![CDATA[[TestResult name=ui_verification status=SUCCESS method=HomeTest.ui_verification()[pri:1, instance:tests.HomeTest@7bb58ca3] output={null}]]]>
              </value>
            </param>
          </params>
          <reporter-output>
          </reporter-output>
        </test-method> <!-- tearDown -->
        <test-method status="PASS" signature="count_verification_UI()[pri:2, instance:tests.HomeTest@7bb58ca3]" name="count_verification_UI" duration-ms="6873" started-at="2020-01-17T09:30:20Z" finished-at="2020-01-17T09:30:27Z">
          <reporter-output>
          </reporter-output>
        </test-method> <!-- count_verification_UI -->
        <test-method status="PASS" signature="tearDown(org.testng.ITestResult)[pri:0, instance:tests.HomeTest@7bb58ca3]" name="tearDown" is-config="true" duration-ms="129" started-at="2020-01-17T09:30:27Z" finished-at="2020-01-17T09:30:27Z">
          <params>
            <param index="0">
              <value>
                <![CDATA[[TestResult name=count_verification_UI status=SUCCESS method=HomeTest.count_verification_UI()[pri:2, instance:tests.HomeTest@7bb58ca3] output={null}]]]>
              </value>
            </param>
          </params>
          <reporter-output>
          </reporter-output>
        </test-method> <!-- tearDown -->
        <test-method status="PASS" signature="tearDown()[pri:0, instance:tests.HomeTest@7bb58ca3]" name="tearDown" is-config="true" duration-ms="720" started-at="2020-01-17T09:30:27Z" finished-at="2020-01-17T09:30:27Z">
          <reporter-output>
          </reporter-output>
        </test-method> <!-- tearDown -->
        <test-method status="PASS" signature="close_connection()[pri:0, instance:tests.HomeTest@7bb58ca3]" name="close_connection" is-config="true" duration-ms="7281" started-at="2020-01-17T09:30:27Z" finished-at="2020-01-17T09:30:35Z">
          <reporter-output>
          </reporter-output>
        </test-method> <!-- close_connection -->
      </class> <!-- tests.HomeTest -->
    </test> <!-- chrome test -->
  </suite> <!-- Automation Suite-1 -->
</testng-results>
