<?xml version="1.0" encoding="UTF-8"?>
<testng-results skipped="0" failed="0" total="2" passed="2">
  <reporter-output>
  </reporter-output>
  <suite name="Automation Suite-1" duration-ms="437426" started-at="2020-03-13T10:36:22Z" finished-at="2020-03-13T10:43:39Z">
    <groups>
    </groups>
    <test name="chrome test" duration-ms="437426" started-at="2020-03-13T10:36:22Z" finished-at="2020-03-13T10:43:39Z">
      <class name="tests.TrackingNumberTest">
        <test-method status="PASS" signature="setUp(java.lang.String, java.lang.String)[pri:0, instance:tests.TrackingNumberTest@6b0c2d26]" name="setUp" is-config="true" duration-ms="41473" started-at="2020-03-13T16:06:22Z" finished-at="2020-03-13T16:07:03Z">
          <params>
            <param index="0">
              <value>
                <![CDATA[chrome]]>
              </value>
            </param>
            <param index="1">
              <value>
                <![CDATA[https://stag-5-cmo-1.convirza.com]]>
              </value>
            </param>
          </params>
          <reporter-output>
          </reporter-output>
        </test-method> <!-- setUp -->
        <test-method status="PASS" signature="goToCampaignPage()[pri:0, instance:tests.TrackingNumberTest@6b0c2d26]" name="goToCampaignPage" is-config="true" duration-ms="3894" started-at="2020-03-13T16:07:03Z" finished-at="2020-03-13T16:07:07Z">
          <reporter-output>
          </reporter-output>
        </test-method> <!-- goToCampaignPage -->
        <test-method status="PASS" signature="IVRCreation()[pri:22, instance:tests.TrackingNumberTest@6b0c2d26]" name="IVRCreation" duration-ms="383750" started-at="2020-03-13T16:07:07Z" finished-at="2020-03-13T16:13:31Z">
          <reporter-output>
          </reporter-output>
        </test-method> <!-- IVRCreation -->
        <test-method status="PASS" signature="tearDown(org.testng.ITestResult)[pri:0, instance:tests.TrackingNumberTest@6b0c2d26]" name="tearDown" is-config="true" duration-ms="567" started-at="2020-03-13T16:13:31Z" finished-at="2020-03-13T16:13:32Z">
          <params>
            <param index="0">
              <value>
                <![CDATA[[TestResult name=IVRCreation status=SUCCESS method=TrackingNumberTest.IVRCreation()[pri:22, instance:tests.TrackingNumberTest@6b0c2d26] output={null}]]]>
              </value>
            </param>
          </params>
          <reporter-output>
          </reporter-output>
        </test-method> <!-- tearDown -->
        <test-method status="PASS" signature="IVRDeletion()[pri:23, instance:tests.TrackingNumberTest@6b0c2d26]" name="IVRDeletion" duration-ms="6663" started-at="2020-03-13T16:13:32Z" finished-at="2020-03-13T16:13:38Z">
          <reporter-output>
          </reporter-output>
        </test-method> <!-- IVRDeletion -->
        <test-method status="PASS" signature="tearDown(org.testng.ITestResult)[pri:0, instance:tests.TrackingNumberTest@6b0c2d26]" name="tearDown" is-config="true" duration-ms="110" started-at="2020-03-13T16:13:38Z" finished-at="2020-03-13T16:13:38Z">
          <params>
            <param index="0">
              <value>
                <![CDATA[[TestResult name=IVRDeletion status=SUCCESS method=TrackingNumberTest.IVRDeletion()[pri:23, instance:tests.TrackingNumberTest@6b0c2d26] output={null}]]]>
              </value>
            </param>
          </params>
          <reporter-output>
          </reporter-output>
        </test-method> <!-- tearDown -->
        <test-method status="PASS" signature="cleanUp()[pri:0, instance:tests.TrackingNumberTest@6b0c2d26]" name="cleanUp" is-config="true" duration-ms="1" started-at="2020-03-13T16:13:38Z" finished-at="2020-03-13T16:13:38Z">
          <reporter-output>
          </reporter-output>
        </test-method> <!-- cleanUp -->
        <test-method status="PASS" signature="tearDown()[pri:0, instance:tests.TrackingNumberTest@6b0c2d26]" name="tearDown" is-config="true" duration-ms="932" started-at="2020-03-13T16:13:38Z" finished-at="2020-03-13T16:13:39Z">
          <reporter-output>
          </reporter-output>
        </test-method> <!-- tearDown -->
        <test-method status="PASS" signature="close_connection()[pri:0, instance:tests.TrackingNumberTest@6b0c2d26]" name="close_connection" is-config="true" duration-ms="7216" started-at="2020-03-13T16:13:39Z" finished-at="2020-03-13T16:13:47Z">
          <reporter-output>
          </reporter-output>
        </test-method> <!-- close_connection -->
      </class> <!-- tests.TrackingNumberTest -->
    </test> <!-- chrome test -->
  </suite> <!-- Automation Suite-1 -->
</testng-results>
