<?xml version="1.0" encoding="UTF-8"?>
<testng-results skipped="0" failed="0" ignored="11" total="14" passed="3">
  <reporter-output>
  </reporter-output>
  <suite name="Automation Suite" duration-ms="117944" started-at="2019-12-11T15:44:39Z" finished-at="2019-12-11T15:46:37Z">
    <groups>
    </groups>
    <test name="Campaign" duration-ms="117944" started-at="2019-12-11T15:44:39Z" finished-at="2019-12-11T15:46:37Z">
      <class name="tests.CampaignTests">
        <test-method status="PASS" signature="setUp(java.lang.String, java.lang.String)[pri:0, instance:tests.CampaignTests@4d826d77]" name="setUp" is-config="true" duration-ms="46885" started-at="2019-12-11T15:44:39Z" finished-at="2019-12-11T15:45:26Z">
          <params>
            <param index="0">
              <value>
                <![CDATA[chrome]]>
              </value>
            </param>
            <param index="1">
              <value>
                <![CDATA[https://stag-7-cmo-1.convirza.com]]>
              </value>
            </param>
          </params>
          <reporter-output>
          </reporter-output>
        </test-method> <!-- setUp -->
        <test-method status="PASS" signature="createCampaignWithFutureStartDateAndFutureEndDate()[pri:12, instance:tests.CampaignTests@4d826d77]" name="createCampaignWithFutureStartDateAndFutureEndDate" duration-ms="29935" started-at="2019-12-11T15:45:26Z" finished-at="2019-12-11T15:45:56Z">
          <reporter-output>
          </reporter-output>
        </test-method> <!-- createCampaignWithFutureStartDateAndFutureEndDate -->
        <test-method status="PASS" signature="tearDown(org.testng.ITestResult)[pri:0, instance:tests.CampaignTests@4d826d77]" name="tearDown" is-config="true" duration-ms="798" started-at="2019-12-11T15:45:56Z" finished-at="2019-12-11T15:45:57Z">
          <params>
            <param index="0">
              <value>
                <![CDATA[[TestResult name=createCampaignWithFutureStartDateAndFutureEndDate status=SUCCESS method=CampaignTests.createCampaignWithFutureStartDateAndFutureEndDate()[pri:12, instance:tests.CampaignTests@4d826d77] output={null}]]]>
              </value>
            </param>
          </params>
          <reporter-output>
          </reporter-output>
        </test-method> <!-- tearDown -->
        <test-method status="PASS" signature="updateCampaignWithFutureStartDateAndFutureEndDate()[pri:13, instance:tests.CampaignTests@4d826d77]" name="updateCampaignWithFutureStartDateAndFutureEndDate" duration-ms="20836" started-at="2019-12-11T15:45:57Z" finished-at="2019-12-11T15:46:18Z">
          <reporter-output>
          </reporter-output>
        </test-method> <!-- updateCampaignWithFutureStartDateAndFutureEndDate -->
        <test-method status="PASS" signature="tearDown(org.testng.ITestResult)[pri:0, instance:tests.CampaignTests@4d826d77]" name="tearDown" is-config="true" duration-ms="168" started-at="2019-12-11T15:46:18Z" finished-at="2019-12-11T15:46:18Z">
          <params>
            <param index="0">
              <value>
                <![CDATA[[TestResult name=updateCampaignWithFutureStartDateAndFutureEndDate status=SUCCESS method=CampaignTests.updateCampaignWithFutureStartDateAndFutureEndDate()[pri:13, instance:tests.CampaignTests@4d826d77] output={null}]]]>
              </value>
            </param>
          </params>
          <reporter-output>
          </reporter-output>
        </test-method> <!-- tearDown -->
        <test-method status="PASS" signature="campaign_deletion_With_futureStartDateAndFutureEndDate()[pri:14, instance:tests.CampaignTests@4d826d77]" name="campaign_deletion_With_futureStartDateAndFutureEndDate" duration-ms="14783" started-at="2019-12-11T15:46:18Z" finished-at="2019-12-11T15:46:33Z">
          <reporter-output>
          </reporter-output>
        </test-method> <!-- campaign_deletion_With_futureStartDateAndFutureEndDate -->
        <test-method status="PASS" signature="tearDown(org.testng.ITestResult)[pri:0, instance:tests.CampaignTests@4d826d77]" name="tearDown" is-config="true" duration-ms="154" started-at="2019-12-11T15:46:33Z" finished-at="2019-12-11T15:46:33Z">
          <params>
            <param index="0">
              <value>
                <![CDATA[[TestResult name=campaign_deletion_With_futureStartDateAndFutureEndDate status=SUCCESS method=CampaignTests.campaign_deletion_With_futureStartDateAndFutureEndDate()[pri:14, instance:tests.CampaignTests@4d826d77] output={null}]]]>
              </value>
            </param>
          </params>
          <reporter-output>
          </reporter-output>
        </test-method> <!-- tearDown -->
        <test-method status="PASS" signature="tearDown()[pri:0, instance:tests.CampaignTests@4d826d77]" name="tearDown" is-config="true" duration-ms="4336" started-at="2019-12-11T15:46:33Z" finished-at="2019-12-11T15:46:37Z">
          <reporter-output>
          </reporter-output>
        </test-method> <!-- tearDown -->
        <test-method status="PASS" signature="close_connection()[pri:0, instance:tests.CampaignTests@4d826d77]" name="close_connection" is-config="true" duration-ms="6872" started-at="2019-12-11T15:46:37Z" finished-at="2019-12-11T15:46:44Z">
          <reporter-output>
          </reporter-output>
        </test-method> <!-- close_connection -->
      </class> <!-- tests.CampaignTests -->
    </test> <!-- Campaign -->
  </suite> <!-- Automation Suite -->
</testng-results>
