<?xml version="1.0" encoding="UTF-8"?>
<testng-results skipped="0" failed="0" total="12" passed="12">
  <reporter-output>
  </reporter-output>
  <suite name="Automation Suite-1" duration-ms="278535" started-at="2020-05-03T08:00:26Z" finished-at="2020-05-03T08:05:04Z">
    <groups>
    </groups>
    <test name="chrome test-1" duration-ms="278535" started-at="2020-05-03T08:00:26Z" finished-at="2020-05-03T08:05:04Z">
      <class name="tests.LoginTest">
        <test-method status="PASS" signature="testSetUp()[pri:0, instance:tests.LoginTest@442675e1]" name="testSetUp" is-config="true" duration-ms="16" started-at="2020-05-03T13:30:26Z" finished-at="2020-05-03T13:30:26Z">
          <reporter-output>
          </reporter-output>
        </test-method> <!-- testSetUp -->
        <test-method status="PASS" signature="setUp(java.lang.String, java.lang.String)[pri:0, instance:tests.LoginTest@442675e1]" name="setUp" is-config="true" duration-ms="243102" started-at="2020-05-03T13:30:26Z" finished-at="2020-05-03T13:34:29Z">
          <params>
            <param index="0">
              <value>
                <![CDATA[chrome]]>
              </value>
            </param>
            <param index="1">
              <value>
                <![CDATA[https://stag-5-cmo-1.convirza.com]]>
              </value>
            </param>
          </params>
          <reporter-output>
          </reporter-output>
        </test-method> <!-- setUp -->
        <test-method status="PASS" signature="login_page_UI_Verification()[pri:1, instance:tests.LoginTest@442675e1]" name="login_page_UI_Verification" duration-ms="2591" started-at="2020-05-03T13:34:29Z" finished-at="2020-05-03T13:34:31Z">
          <reporter-output>
          </reporter-output>
        </test-method> <!-- login_page_UI_Verification -->
        <test-method status="PASS" signature="tearDown(org.testng.ITestResult)[pri:0, instance:tests.LoginTest@442675e1]" name="tearDown" is-config="true" duration-ms="543" started-at="2020-05-03T13:34:31Z" finished-at="2020-05-03T13:34:32Z">
          <params>
            <param index="0">
              <value>
                <![CDATA[[TestResult name=login_page_UI_Verification status=SUCCESS method=LoginTest.login_page_UI_Verification()[pri:1, instance:tests.LoginTest@442675e1] output={null}]]]>
              </value>
            </param>
          </params>
          <reporter-output>
          </reporter-output>
        </test-method> <!-- tearDown -->
        <test-method status="PASS" signature="login_with_invalidate_cred()[pri:2, instance:tests.LoginTest@442675e1]" name="login_with_invalidate_cred" duration-ms="8444" started-at="2020-05-03T13:34:32Z" finished-at="2020-05-03T13:34:40Z">
          <reporter-output>
          </reporter-output>
        </test-method> <!-- login_with_invalidate_cred -->
        <test-method status="PASS" signature="tearDown(org.testng.ITestResult)[pri:0, instance:tests.LoginTest@442675e1]" name="tearDown" is-config="true" duration-ms="108" started-at="2020-05-03T13:34:40Z" finished-at="2020-05-03T13:34:41Z">
          <params>
            <param index="0">
              <value>
                <![CDATA[[TestResult name=login_with_invalidate_cred status=SUCCESS method=LoginTest.login_with_invalidate_cred()[pri:2, instance:tests.LoginTest@442675e1] output={null}]]]>
              </value>
            </param>
          </params>
          <reporter-output>
          </reporter-output>
        </test-method> <!-- tearDown -->
        <test-method status="PASS" signature="login_with_blank_username()[pri:3, instance:tests.LoginTest@442675e1]" name="login_with_blank_username" duration-ms="244" started-at="2020-05-03T13:34:41Z" finished-at="2020-05-03T13:34:41Z">
          <reporter-output>
          </reporter-output>
        </test-method> <!-- login_with_blank_username -->
        <test-method status="PASS" signature="tearDown(org.testng.ITestResult)[pri:0, instance:tests.LoginTest@442675e1]" name="tearDown" is-config="true" duration-ms="57" started-at="2020-05-03T13:34:41Z" finished-at="2020-05-03T13:34:41Z">
          <params>
            <param index="0">
              <value>
                <![CDATA[[TestResult name=login_with_blank_username status=SUCCESS method=LoginTest.login_with_blank_username()[pri:3, instance:tests.LoginTest@442675e1] output={null}]]]>
              </value>
            </param>
          </params>
          <reporter-output>
          </reporter-output>
        </test-method> <!-- tearDown -->
        <test-method status="PASS" signature="login_with_blank_password()[pri:4, instance:tests.LoginTest@442675e1]" name="login_with_blank_password" duration-ms="354" started-at="2020-05-03T13:34:41Z" finished-at="2020-05-03T13:34:41Z">
          <reporter-output>
          </reporter-output>
        </test-method> <!-- login_with_blank_password -->
        <test-method status="PASS" signature="tearDown(org.testng.ITestResult)[pri:0, instance:tests.LoginTest@442675e1]" name="tearDown" is-config="true" duration-ms="72" started-at="2020-05-03T13:34:41Z" finished-at="2020-05-03T13:34:41Z">
          <params>
            <param index="0">
              <value>
                <![CDATA[[TestResult name=login_with_blank_password status=SUCCESS method=LoginTest.login_with_blank_password()[pri:4, instance:tests.LoginTest@442675e1] output={null}]]]>
              </value>
            </param>
          </params>
          <reporter-output>
          </reporter-output>
        </test-method> <!-- tearDown -->
        <test-method status="PASS" signature="login_with_inactive_user()[pri:5, instance:tests.LoginTest@442675e1]" name="login_with_inactive_user" duration-ms="497" started-at="2020-05-03T13:34:41Z" finished-at="2020-05-03T13:34:42Z">
          <reporter-output>
          </reporter-output>
        </test-method> <!-- login_with_inactive_user -->
        <test-method status="PASS" signature="tearDown(org.testng.ITestResult)[pri:0, instance:tests.LoginTest@442675e1]" name="tearDown" is-config="true" duration-ms="51" started-at="2020-05-03T13:34:42Z" finished-at="2020-05-03T13:34:42Z">
          <params>
            <param index="0">
              <value>
                <![CDATA[[TestResult name=login_with_inactive_user status=SUCCESS method=LoginTest.login_with_inactive_user()[pri:5, instance:tests.LoginTest@442675e1] output={null}]]]>
              </value>
            </param>
          </params>
          <reporter-output>
          </reporter-output>
        </test-method> <!-- tearDown -->
        <test-method status="PASS" signature="login_with_deleted_user()[pri:6, instance:tests.LoginTest@442675e1]" name="login_with_deleted_user" duration-ms="525" started-at="2020-05-03T13:34:42Z" finished-at="2020-05-03T13:34:42Z">
          <reporter-output>
          </reporter-output>
        </test-method> <!-- login_with_deleted_user -->
        <test-method status="PASS" signature="tearDown(org.testng.ITestResult)[pri:0, instance:tests.LoginTest@442675e1]" name="tearDown" is-config="true" duration-ms="55" started-at="2020-05-03T13:34:42Z" finished-at="2020-05-03T13:34:42Z">
          <params>
            <param index="0">
              <value>
                <![CDATA[[TestResult name=login_with_deleted_user status=SUCCESS method=LoginTest.login_with_deleted_user()[pri:6, instance:tests.LoginTest@442675e1] output={null}]]]>
              </value>
            </param>
          </params>
          <reporter-output>
          </reporter-output>
        </test-method> <!-- tearDown -->
        <test-method status="PASS" signature="login_with_blank_username_and_password()[pri:7, instance:tests.LoginTest@442675e1]" name="login_with_blank_username_and_password" duration-ms="157" started-at="2020-05-03T13:34:42Z" finished-at="2020-05-03T13:34:43Z">
          <reporter-output>
          </reporter-output>
        </test-method> <!-- login_with_blank_username_and_password -->
        <test-method status="PASS" signature="tearDown(org.testng.ITestResult)[pri:0, instance:tests.LoginTest@442675e1]" name="tearDown" is-config="true" duration-ms="57" started-at="2020-05-03T13:34:43Z" finished-at="2020-05-03T13:34:43Z">
          <params>
            <param index="0">
              <value>
                <![CDATA[[TestResult name=login_with_blank_username_and_password status=SUCCESS method=LoginTest.login_with_blank_username_and_password()[pri:7, instance:tests.LoginTest@442675e1] output={null}]]]>
              </value>
            </param>
          </params>
          <reporter-output>
          </reporter-output>
        </test-method> <!-- tearDown -->
        <test-method status="PASS" signature="UIVerification_forgot_passowrd_page()[pri:8, instance:tests.LoginTest@442675e1]" name="UIVerification_forgot_passowrd_page" duration-ms="3321" started-at="2020-05-03T13:34:43Z" finished-at="2020-05-03T13:34:46Z">
          <reporter-output>
          </reporter-output>
        </test-method> <!-- UIVerification_forgot_passowrd_page -->
        <test-method status="PASS" signature="tearDown(org.testng.ITestResult)[pri:0, instance:tests.LoginTest@442675e1]" name="tearDown" is-config="true" duration-ms="63" started-at="2020-05-03T13:34:46Z" finished-at="2020-05-03T13:34:46Z">
          <params>
            <param index="0">
              <value>
                <![CDATA[[TestResult name=UIVerification_forgot_passowrd_page status=SUCCESS method=LoginTest.UIVerification_forgot_passowrd_page()[pri:8, instance:tests.LoginTest@442675e1] output={null}]]]>
              </value>
            </param>
          </params>
          <reporter-output>
          </reporter-output>
        </test-method> <!-- tearDown -->
        <test-method status="PASS" signature="next_button_with_no_email_ID()[pri:9, instance:tests.LoginTest@442675e1]" name="next_button_with_no_email_ID" duration-ms="401" started-at="2020-05-03T13:34:46Z" finished-at="2020-05-03T13:34:46Z">
          <reporter-output>
          </reporter-output>
        </test-method> <!-- next_button_with_no_email_ID -->
        <test-method status="PASS" signature="tearDown(org.testng.ITestResult)[pri:0, instance:tests.LoginTest@442675e1]" name="tearDown" is-config="true" duration-ms="80" started-at="2020-05-03T13:34:46Z" finished-at="2020-05-03T13:34:46Z">
          <params>
            <param index="0">
              <value>
                <![CDATA[[TestResult name=next_button_with_no_email_ID status=SUCCESS method=LoginTest.next_button_with_no_email_ID()[pri:9, instance:tests.LoginTest@442675e1] output={null}]]]>
              </value>
            </param>
          </params>
          <reporter-output>
          </reporter-output>
        </test-method> <!-- tearDown -->
        <test-method status="PASS" signature="reset_password()[pri:10, instance:tests.LoginTest@442675e1]" name="reset_password" duration-ms="1613" started-at="2020-05-03T13:34:46Z" finished-at="2020-05-03T13:34:48Z">
          <reporter-output>
          </reporter-output>
        </test-method> <!-- reset_password -->
        <test-method status="PASS" signature="tearDown(org.testng.ITestResult)[pri:0, instance:tests.LoginTest@442675e1]" name="tearDown" is-config="true" duration-ms="119" started-at="2020-05-03T13:34:48Z" finished-at="2020-05-03T13:34:48Z">
          <params>
            <param index="0">
              <value>
                <![CDATA[[TestResult name=reset_password status=SUCCESS method=LoginTest.reset_password()[pri:10, instance:tests.LoginTest@442675e1] output={null}]]]>
              </value>
            </param>
          </params>
          <reporter-output>
          </reporter-output>
        </test-method> <!-- tearDown -->
        <test-method status="PASS" signature="rememeber_me_functinonality()[pri:11, instance:tests.LoginTest@442675e1]" name="rememeber_me_functinonality" duration-ms="9068" started-at="2020-05-03T13:34:48Z" finished-at="2020-05-03T13:34:57Z">
          <reporter-output>
          </reporter-output>
        </test-method> <!-- rememeber_me_functinonality -->
        <test-method status="PASS" signature="tearDown(org.testng.ITestResult)[pri:0, instance:tests.LoginTest@442675e1]" name="tearDown" is-config="true" duration-ms="45" started-at="2020-05-03T13:34:57Z" finished-at="2020-05-03T13:34:57Z">
          <params>
            <param index="0">
              <value>
                <![CDATA[[TestResult name=rememeber_me_functinonality status=SUCCESS method=LoginTest.rememeber_me_functinonality()[pri:11, instance:tests.LoginTest@442675e1] output={null}]]]>
              </value>
            </param>
          </params>
          <reporter-output>
          </reporter-output>
        </test-method> <!-- tearDown -->
        <test-method status="PASS" signature="validLogin()[pri:12, instance:tests.LoginTest@442675e1]" name="validLogin" duration-ms="1816" started-at="2020-05-03T13:34:57Z" finished-at="2020-05-03T13:34:59Z">
          <reporter-output>
          </reporter-output>
        </test-method> <!-- validLogin -->
        <test-method status="PASS" signature="tearDown(org.testng.ITestResult)[pri:0, instance:tests.LoginTest@442675e1]" name="tearDown" is-config="true" duration-ms="61" started-at="2020-05-03T13:34:59Z" finished-at="2020-05-03T13:34:59Z">
          <params>
            <param index="0">
              <value>
                <![CDATA[[TestResult name=validLogin status=SUCCESS method=LoginTest.validLogin()[pri:12, instance:tests.LoginTest@442675e1] output={null}]]]>
              </value>
            </param>
          </params>
          <reporter-output>
          </reporter-output>
        </test-method> <!-- tearDown -->
        <test-method status="PASS" signature="tearDown()[pri:0, instance:tests.LoginTest@442675e1]" name="tearDown" is-config="true" duration-ms="5036" started-at="2020-05-03T13:34:59Z" finished-at="2020-05-03T13:35:04Z">
          <reporter-output>
          </reporter-output>
        </test-method> <!-- tearDown -->
        <test-method status="PASS" signature="close_connection()[pri:0, instance:tests.LoginTest@442675e1]" name="close_connection" is-config="true" duration-ms="11965" started-at="2020-05-03T13:35:04Z" finished-at="2020-05-03T13:35:16Z">
          <reporter-output>
          </reporter-output>
        </test-method> <!-- close_connection -->
      </class> <!-- tests.LoginTest -->
    </test> <!-- chrome test-1 -->
  </suite> <!-- Automation Suite-1 -->
</testng-results>
