<?xml version="1.0" encoding="UTF-8"?>
<testng-results skipped="0" failed="1" total="54" passed="53">
  <reporter-output>
  </reporter-output>
  <suite name="Automation Suite-1" duration-ms="1293224" started-at="2020-03-11T12:26:09Z" finished-at="2020-03-11T12:47:42Z">
    <groups>
    </groups>
    <test name="chrome test" duration-ms="1293224" started-at="2020-03-11T12:26:09Z" finished-at="2020-03-11T12:47:42Z">
      <class name="tests.LoginTest">
        <test-method status="PASS" signature="setUp(java.lang.String, java.lang.String)[pri:0, instance:tests.LoginTest@6b0c2d26]" name="setUp" is-config="true" duration-ms="45667" started-at="2020-03-11T17:56:09Z" finished-at="2020-03-11T17:56:55Z">
          <params>
            <param index="0">
              <value>
                <![CDATA[chrome]]>
              </value>
            </param>
            <param index="1">
              <value>
                <![CDATA[https://stag-5-cmo-1.convirza.com]]>
              </value>
            </param>
          </params>
          <reporter-output>
          </reporter-output>
        </test-method> <!-- setUp -->
        <test-method status="PASS" signature="login_page_UI_Verification()[pri:1, instance:tests.LoginTest@6b0c2d26]" name="login_page_UI_Verification" duration-ms="1641" started-at="2020-03-11T17:56:55Z" finished-at="2020-03-11T17:56:57Z">
          <reporter-output>
          </reporter-output>
        </test-method> <!-- login_page_UI_Verification -->
        <test-method status="PASS" signature="tearDown(org.testng.ITestResult)[pri:0, instance:tests.LoginTest@6b0c2d26]" name="tearDown" is-config="true" duration-ms="604" started-at="2020-03-11T17:56:57Z" finished-at="2020-03-11T17:56:57Z">
          <params>
            <param index="0">
              <value>
                <![CDATA[[TestResult name=login_page_UI_Verification status=SUCCESS method=LoginTest.login_page_UI_Verification()[pri:1, instance:tests.LoginTest@6b0c2d26] output={null}]]]>
              </value>
            </param>
          </params>
          <reporter-output>
          </reporter-output>
        </test-method> <!-- tearDown -->
        <test-method status="PASS" signature="login_with_invalidate_cred()[pri:2, instance:tests.LoginTest@6b0c2d26]" name="login_with_invalidate_cred" duration-ms="2205" started-at="2020-03-11T17:56:57Z" finished-at="2020-03-11T17:56:59Z">
          <reporter-output>
          </reporter-output>
        </test-method> <!-- login_with_invalidate_cred -->
        <test-method status="PASS" signature="tearDown(org.testng.ITestResult)[pri:0, instance:tests.LoginTest@6b0c2d26]" name="tearDown" is-config="true" duration-ms="101" started-at="2020-03-11T17:56:59Z" finished-at="2020-03-11T17:56:59Z">
          <params>
            <param index="0">
              <value>
                <![CDATA[[TestResult name=login_with_invalidate_cred status=SUCCESS method=LoginTest.login_with_invalidate_cred()[pri:2, instance:tests.LoginTest@6b0c2d26] output={null}]]]>
              </value>
            </param>
          </params>
          <reporter-output>
          </reporter-output>
        </test-method> <!-- tearDown -->
        <test-method status="PASS" signature="login_with_blank_username()[pri:3, instance:tests.LoginTest@6b0c2d26]" name="login_with_blank_username" duration-ms="358" started-at="2020-03-11T17:56:59Z" finished-at="2020-03-11T17:57:00Z">
          <reporter-output>
          </reporter-output>
        </test-method> <!-- login_with_blank_username -->
        <test-method status="PASS" signature="tearDown(org.testng.ITestResult)[pri:0, instance:tests.LoginTest@6b0c2d26]" name="tearDown" is-config="true" duration-ms="80" started-at="2020-03-11T17:57:00Z" finished-at="2020-03-11T17:57:00Z">
          <params>
            <param index="0">
              <value>
                <![CDATA[[TestResult name=login_with_blank_username status=SUCCESS method=LoginTest.login_with_blank_username()[pri:3, instance:tests.LoginTest@6b0c2d26] output={null}]]]>
              </value>
            </param>
          </params>
          <reporter-output>
          </reporter-output>
        </test-method> <!-- tearDown -->
        <test-method status="PASS" signature="login_with_blank_password()[pri:4, instance:tests.LoginTest@6b0c2d26]" name="login_with_blank_password" duration-ms="399" started-at="2020-03-11T17:57:00Z" finished-at="2020-03-11T17:57:00Z">
          <reporter-output>
          </reporter-output>
        </test-method> <!-- login_with_blank_password -->
        <test-method status="PASS" signature="tearDown(org.testng.ITestResult)[pri:0, instance:tests.LoginTest@6b0c2d26]" name="tearDown" is-config="true" duration-ms="85" started-at="2020-03-11T17:57:00Z" finished-at="2020-03-11T17:57:00Z">
          <params>
            <param index="0">
              <value>
                <![CDATA[[TestResult name=login_with_blank_password status=SUCCESS method=LoginTest.login_with_blank_password()[pri:4, instance:tests.LoginTest@6b0c2d26] output={null}]]]>
              </value>
            </param>
          </params>
          <reporter-output>
          </reporter-output>
        </test-method> <!-- tearDown -->
        <test-method status="PASS" signature="login_with_inactive_user()[pri:5, instance:tests.LoginTest@6b0c2d26]" name="login_with_inactive_user" duration-ms="562" started-at="2020-03-11T17:57:00Z" finished-at="2020-03-11T17:57:01Z">
          <reporter-output>
          </reporter-output>
        </test-method> <!-- login_with_inactive_user -->
        <test-method status="PASS" signature="tearDown(org.testng.ITestResult)[pri:0, instance:tests.LoginTest@6b0c2d26]" name="tearDown" is-config="true" duration-ms="103" started-at="2020-03-11T17:57:01Z" finished-at="2020-03-11T17:57:01Z">
          <params>
            <param index="0">
              <value>
                <![CDATA[[TestResult name=login_with_inactive_user status=SUCCESS method=LoginTest.login_with_inactive_user()[pri:5, instance:tests.LoginTest@6b0c2d26] output={null}]]]>
              </value>
            </param>
          </params>
          <reporter-output>
          </reporter-output>
        </test-method> <!-- tearDown -->
        <test-method status="PASS" signature="login_with_deleted_user()[pri:6, instance:tests.LoginTest@6b0c2d26]" name="login_with_deleted_user" duration-ms="562" started-at="2020-03-11T17:57:01Z" finished-at="2020-03-11T17:57:02Z">
          <reporter-output>
          </reporter-output>
        </test-method> <!-- login_with_deleted_user -->
        <test-method status="PASS" signature="tearDown(org.testng.ITestResult)[pri:0, instance:tests.LoginTest@6b0c2d26]" name="tearDown" is-config="true" duration-ms="94" started-at="2020-03-11T17:57:02Z" finished-at="2020-03-11T17:57:02Z">
          <params>
            <param index="0">
              <value>
                <![CDATA[[TestResult name=login_with_deleted_user status=SUCCESS method=LoginTest.login_with_deleted_user()[pri:6, instance:tests.LoginTest@6b0c2d26] output={null}]]]>
              </value>
            </param>
          </params>
          <reporter-output>
          </reporter-output>
        </test-method> <!-- tearDown -->
        <test-method status="PASS" signature="login_with_blank_username_and_password()[pri:7, instance:tests.LoginTest@6b0c2d26]" name="login_with_blank_username_and_password" duration-ms="181" started-at="2020-03-11T17:57:02Z" finished-at="2020-03-11T17:57:02Z">
          <reporter-output>
          </reporter-output>
        </test-method> <!-- login_with_blank_username_and_password -->
        <test-method status="PASS" signature="tearDown(org.testng.ITestResult)[pri:0, instance:tests.LoginTest@6b0c2d26]" name="tearDown" is-config="true" duration-ms="76" started-at="2020-03-11T17:57:02Z" finished-at="2020-03-11T17:57:02Z">
          <params>
            <param index="0">
              <value>
                <![CDATA[[TestResult name=login_with_blank_username_and_password status=SUCCESS method=LoginTest.login_with_blank_username_and_password()[pri:7, instance:tests.LoginTest@6b0c2d26] output={null}]]]>
              </value>
            </param>
          </params>
          <reporter-output>
          </reporter-output>
        </test-method> <!-- tearDown -->
        <test-method status="PASS" signature="UIVerification_forgot_passowrd_page()[pri:8, instance:tests.LoginTest@6b0c2d26]" name="UIVerification_forgot_passowrd_page" duration-ms="3357" started-at="2020-03-11T17:57:02Z" finished-at="2020-03-11T17:57:05Z">
          <reporter-output>
          </reporter-output>
        </test-method> <!-- UIVerification_forgot_passowrd_page -->
        <test-method status="PASS" signature="tearDown(org.testng.ITestResult)[pri:0, instance:tests.LoginTest@6b0c2d26]" name="tearDown" is-config="true" duration-ms="77" started-at="2020-03-11T17:57:05Z" finished-at="2020-03-11T17:57:05Z">
          <params>
            <param index="0">
              <value>
                <![CDATA[[TestResult name=UIVerification_forgot_passowrd_page status=SUCCESS method=LoginTest.UIVerification_forgot_passowrd_page()[pri:8, instance:tests.LoginTest@6b0c2d26] output={null}]]]>
              </value>
            </param>
          </params>
          <reporter-output>
          </reporter-output>
        </test-method> <!-- tearDown -->
        <test-method status="PASS" signature="next_button_with_no_email_ID()[pri:9, instance:tests.LoginTest@6b0c2d26]" name="next_button_with_no_email_ID" duration-ms="502" started-at="2020-03-11T17:57:05Z" finished-at="2020-03-11T17:57:06Z">
          <reporter-output>
          </reporter-output>
        </test-method> <!-- next_button_with_no_email_ID -->
        <test-method status="PASS" signature="tearDown(org.testng.ITestResult)[pri:0, instance:tests.LoginTest@6b0c2d26]" name="tearDown" is-config="true" duration-ms="85" started-at="2020-03-11T17:57:06Z" finished-at="2020-03-11T17:57:06Z">
          <params>
            <param index="0">
              <value>
                <![CDATA[[TestResult name=next_button_with_no_email_ID status=SUCCESS method=LoginTest.next_button_with_no_email_ID()[pri:9, instance:tests.LoginTest@6b0c2d26] output={null}]]]>
              </value>
            </param>
          </params>
          <reporter-output>
          </reporter-output>
        </test-method> <!-- tearDown -->
        <test-method status="PASS" signature="reset_password()[pri:10, instance:tests.LoginTest@6b0c2d26]" name="reset_password" duration-ms="1162" started-at="2020-03-11T17:57:06Z" finished-at="2020-03-11T17:57:07Z">
          <reporter-output>
          </reporter-output>
        </test-method> <!-- reset_password -->
        <test-method status="PASS" signature="tearDown(org.testng.ITestResult)[pri:0, instance:tests.LoginTest@6b0c2d26]" name="tearDown" is-config="true" duration-ms="68" started-at="2020-03-11T17:57:07Z" finished-at="2020-03-11T17:57:07Z">
          <params>
            <param index="0">
              <value>
                <![CDATA[[TestResult name=reset_password status=SUCCESS method=LoginTest.reset_password()[pri:10, instance:tests.LoginTest@6b0c2d26] output={null}]]]>
              </value>
            </param>
          </params>
          <reporter-output>
          </reporter-output>
        </test-method> <!-- tearDown -->
        <test-method status="PASS" signature="rememeber_me_functinonality()[pri:11, instance:tests.LoginTest@6b0c2d26]" name="rememeber_me_functinonality" duration-ms="6707" started-at="2020-03-11T17:57:07Z" finished-at="2020-03-11T17:57:14Z">
          <reporter-output>
          </reporter-output>
        </test-method> <!-- rememeber_me_functinonality -->
        <test-method status="PASS" signature="tearDown(org.testng.ITestResult)[pri:0, instance:tests.LoginTest@6b0c2d26]" name="tearDown" is-config="true" duration-ms="71" started-at="2020-03-11T17:57:14Z" finished-at="2020-03-11T17:57:14Z">
          <params>
            <param index="0">
              <value>
                <![CDATA[[TestResult name=rememeber_me_functinonality status=SUCCESS method=LoginTest.rememeber_me_functinonality()[pri:11, instance:tests.LoginTest@6b0c2d26] output={null}]]]>
              </value>
            </param>
          </params>
          <reporter-output>
          </reporter-output>
        </test-method> <!-- tearDown -->
        <test-method status="PASS" signature="validLogin()[pri:12, instance:tests.LoginTest@6b0c2d26]" name="validLogin" duration-ms="1751" started-at="2020-03-11T17:57:14Z" finished-at="2020-03-11T17:57:16Z">
          <reporter-output>
          </reporter-output>
        </test-method> <!-- validLogin -->
        <test-method status="PASS" signature="tearDown(org.testng.ITestResult)[pri:0, instance:tests.LoginTest@6b0c2d26]" name="tearDown" is-config="true" duration-ms="65" started-at="2020-03-11T17:57:16Z" finished-at="2020-03-11T17:57:16Z">
          <params>
            <param index="0">
              <value>
                <![CDATA[[TestResult name=validLogin status=SUCCESS method=LoginTest.validLogin()[pri:12, instance:tests.LoginTest@6b0c2d26] output={null}]]]>
              </value>
            </param>
          </params>
          <reporter-output>
          </reporter-output>
        </test-method> <!-- tearDown -->
        <test-method status="PASS" signature="tearDown()[pri:0, instance:tests.LoginTest@6b0c2d26]" name="tearDown" is-config="true" duration-ms="3639" started-at="2020-03-11T17:57:16Z" finished-at="2020-03-11T17:57:19Z">
          <reporter-output>
          </reporter-output>
        </test-method> <!-- tearDown -->
        <test-method status="PASS" signature="close_connection()[pri:0, instance:tests.LoginTest@6b0c2d26]" name="close_connection" is-config="true" duration-ms="9775" started-at="2020-03-11T18:17:42Z" finished-at="2020-03-11T18:17:52Z">
          <reporter-output>
          </reporter-output>
        </test-method> <!-- close_connection -->
      </class> <!-- tests.LoginTest -->
      <class name="tests.CampaignTests">
        <test-method status="PASS" signature="goToCampaignPage()[pri:0, instance:tests.CampaignTests@6e38921c]" name="goToCampaignPage" is-config="true" duration-ms="3113" started-at="2020-03-11T17:59:37Z" finished-at="2020-03-11T17:59:40Z">
          <reporter-output>
          </reporter-output>
        </test-method> <!-- goToCampaignPage -->
        <test-method status="PASS" signature="campaignBuilderPage_UI_Verification()[pri:1, instance:tests.CampaignTests@6e38921c]" name="campaignBuilderPage_UI_Verification" duration-ms="8017" started-at="2020-03-11T17:59:40Z" finished-at="2020-03-11T17:59:48Z">
          <reporter-output>
          </reporter-output>
        </test-method> <!-- campaignBuilderPage_UI_Verification -->
        <test-method status="PASS" signature="tearDown(org.testng.ITestResult)[pri:0, instance:tests.CampaignTests@6e38921c]" name="tearDown" is-config="true" duration-ms="71" started-at="2020-03-11T17:59:48Z" finished-at="2020-03-11T17:59:48Z">
          <params>
            <param index="0">
              <value>
                <![CDATA[[TestResult name=campaignBuilderPage_UI_Verification status=SUCCESS method=CampaignTests.campaignBuilderPage_UI_Verification()[pri:1, instance:tests.CampaignTests@6e38921c] output={null}]]]>
              </value>
            </param>
          </params>
          <reporter-output>
          </reporter-output>
        </test-method> <!-- tearDown -->
        <test-method status="PASS" signature="defaultCampaignOwnerValidation()[pri:2, instance:tests.CampaignTests@6e38921c]" name="defaultCampaignOwnerValidation" duration-ms="6579" started-at="2020-03-11T17:59:48Z" finished-at="2020-03-11T17:59:55Z">
          <reporter-output>
          </reporter-output>
        </test-method> <!-- defaultCampaignOwnerValidation -->
        <test-method status="PASS" signature="tearDown(org.testng.ITestResult)[pri:0, instance:tests.CampaignTests@6e38921c]" name="tearDown" is-config="true" duration-ms="62" started-at="2020-03-11T17:59:55Z" finished-at="2020-03-11T17:59:55Z">
          <params>
            <param index="0">
              <value>
                <![CDATA[[TestResult name=defaultCampaignOwnerValidation status=SUCCESS method=CampaignTests.defaultCampaignOwnerValidation()[pri:2, instance:tests.CampaignTests@6e38921c] output={null}]]]>
              </value>
            </param>
          </params>
          <reporter-output>
          </reporter-output>
        </test-method> <!-- tearDown -->
        <test-method status="PASS" signature="campaign_Creation_Without_externalID()[pri:3, instance:tests.CampaignTests@6e38921c]" name="campaign_Creation_Without_externalID" duration-ms="11977" started-at="2020-03-11T17:59:55Z" finished-at="2020-03-11T18:00:07Z">
          <reporter-output>
          </reporter-output>
        </test-method> <!-- campaign_Creation_Without_externalID -->
        <test-method status="PASS" signature="tearDown(org.testng.ITestResult)[pri:0, instance:tests.CampaignTests@6e38921c]" name="tearDown" is-config="true" duration-ms="103" started-at="2020-03-11T18:00:07Z" finished-at="2020-03-11T18:00:07Z">
          <params>
            <param index="0">
              <value>
                <![CDATA[[TestResult name=campaign_Creation_Without_externalID status=SUCCESS method=CampaignTests.campaign_Creation_Without_externalID()[pri:3, instance:tests.CampaignTests@6e38921c] output={null}]]]>
              </value>
            </param>
          </params>
          <reporter-output>
          </reporter-output>
        </test-method> <!-- tearDown -->
        <test-method status="PASS" signature="campaign_updation_Without_externalID()[pri:4, instance:tests.CampaignTests@6e38921c]" name="campaign_updation_Without_externalID" duration-ms="16142" started-at="2020-03-11T18:00:07Z" finished-at="2020-03-11T18:00:23Z">
          <reporter-output>
          </reporter-output>
        </test-method> <!-- campaign_updation_Without_externalID -->
        <test-method status="PASS" signature="tearDown(org.testng.ITestResult)[pri:0, instance:tests.CampaignTests@6e38921c]" name="tearDown" is-config="true" duration-ms="113" started-at="2020-03-11T18:00:23Z" finished-at="2020-03-11T18:00:23Z">
          <params>
            <param index="0">
              <value>
                <![CDATA[[TestResult name=campaign_updation_Without_externalID status=SUCCESS method=CampaignTests.campaign_updation_Without_externalID()[pri:4, instance:tests.CampaignTests@6e38921c] output={null}]]]>
              </value>
            </param>
          </params>
          <reporter-output>
          </reporter-output>
        </test-method> <!-- tearDown -->
        <test-method status="PASS" signature="campaign_deletion_Without_externalID()[pri:5, instance:tests.CampaignTests@6e38921c]" name="campaign_deletion_Without_externalID" duration-ms="4933" started-at="2020-03-11T18:00:23Z" finished-at="2020-03-11T18:00:28Z">
          <reporter-output>
          </reporter-output>
        </test-method> <!-- campaign_deletion_Without_externalID -->
        <test-method status="PASS" signature="tearDown(org.testng.ITestResult)[pri:0, instance:tests.CampaignTests@6e38921c]" name="tearDown" is-config="true" duration-ms="96" started-at="2020-03-11T18:00:28Z" finished-at="2020-03-11T18:00:28Z">
          <params>
            <param index="0">
              <value>
                <![CDATA[[TestResult name=campaign_deletion_Without_externalID status=SUCCESS method=CampaignTests.campaign_deletion_Without_externalID()[pri:5, instance:tests.CampaignTests@6e38921c] output={null}]]]>
              </value>
            </param>
          </params>
          <reporter-output>
          </reporter-output>
        </test-method> <!-- tearDown -->
        <test-method status="PASS" signature="campaign_Creation_With_externalID()[pri:6, instance:tests.CampaignTests@6e38921c]" name="campaign_Creation_With_externalID" duration-ms="13878" started-at="2020-03-11T18:00:28Z" finished-at="2020-03-11T18:00:42Z">
          <reporter-output>
          </reporter-output>
        </test-method> <!-- campaign_Creation_With_externalID -->
        <test-method status="PASS" signature="tearDown(org.testng.ITestResult)[pri:0, instance:tests.CampaignTests@6e38921c]" name="tearDown" is-config="true" duration-ms="142" started-at="2020-03-11T18:00:42Z" finished-at="2020-03-11T18:00:42Z">
          <params>
            <param index="0">
              <value>
                <![CDATA[[TestResult name=campaign_Creation_With_externalID status=SUCCESS method=CampaignTests.campaign_Creation_With_externalID()[pri:6, instance:tests.CampaignTests@6e38921c] output={null}]]]>
              </value>
            </param>
          </params>
          <reporter-output>
          </reporter-output>
        </test-method> <!-- tearDown -->
        <test-method status="PASS" signature="campaign_updation_With_externalID()[pri:7, instance:tests.CampaignTests@6e38921c]" name="campaign_updation_With_externalID" duration-ms="12231" started-at="2020-03-11T18:00:42Z" finished-at="2020-03-11T18:00:54Z">
          <reporter-output>
          </reporter-output>
        </test-method> <!-- campaign_updation_With_externalID -->
        <test-method status="PASS" signature="tearDown(org.testng.ITestResult)[pri:0, instance:tests.CampaignTests@6e38921c]" name="tearDown" is-config="true" duration-ms="149" started-at="2020-03-11T18:00:55Z" finished-at="2020-03-11T18:00:55Z">
          <params>
            <param index="0">
              <value>
                <![CDATA[[TestResult name=campaign_updation_With_externalID status=SUCCESS method=CampaignTests.campaign_updation_With_externalID()[pri:7, instance:tests.CampaignTests@6e38921c] output={null}]]]>
              </value>
            </param>
          </params>
          <reporter-output>
          </reporter-output>
        </test-method> <!-- tearDown -->
        <test-method status="PASS" signature="campaign_deletion_With_externalID()[pri:8, instance:tests.CampaignTests@6e38921c]" name="campaign_deletion_With_externalID" duration-ms="5069" started-at="2020-03-11T18:00:55Z" finished-at="2020-03-11T18:01:00Z">
          <reporter-output>
          </reporter-output>
        </test-method> <!-- campaign_deletion_With_externalID -->
        <test-method status="PASS" signature="tearDown(org.testng.ITestResult)[pri:0, instance:tests.CampaignTests@6e38921c]" name="tearDown" is-config="true" duration-ms="127" started-at="2020-03-11T18:01:00Z" finished-at="2020-03-11T18:01:00Z">
          <params>
            <param index="0">
              <value>
                <![CDATA[[TestResult name=campaign_deletion_With_externalID status=SUCCESS method=CampaignTests.campaign_deletion_With_externalID()[pri:8, instance:tests.CampaignTests@6e38921c] output={null}]]]>
              </value>
            </param>
          </params>
          <reporter-output>
          </reporter-output>
        </test-method> <!-- tearDown -->
        <test-method status="PASS" signature="createCampaignWithFutureStartDateAndNeverEndDate()[pri:9, instance:tests.CampaignTests@6e38921c]" name="createCampaignWithFutureStartDateAndNeverEndDate" duration-ms="13623" started-at="2020-03-11T18:01:00Z" finished-at="2020-03-11T18:01:13Z">
          <reporter-output>
          </reporter-output>
        </test-method> <!-- createCampaignWithFutureStartDateAndNeverEndDate -->
        <test-method status="PASS" signature="tearDown(org.testng.ITestResult)[pri:0, instance:tests.CampaignTests@6e38921c]" name="tearDown" is-config="true" duration-ms="73" started-at="2020-03-11T18:01:13Z" finished-at="2020-03-11T18:01:14Z">
          <params>
            <param index="0">
              <value>
                <![CDATA[[TestResult name=createCampaignWithFutureStartDateAndNeverEndDate status=SUCCESS method=CampaignTests.createCampaignWithFutureStartDateAndNeverEndDate()[pri:9, instance:tests.CampaignTests@6e38921c] output={null}]]]>
              </value>
            </param>
          </params>
          <reporter-output>
          </reporter-output>
        </test-method> <!-- tearDown -->
        <test-method status="PASS" signature="updateCampaignWithFutureStartDateAndNeverEndDate()[pri:10, instance:tests.CampaignTests@6e38921c]" name="updateCampaignWithFutureStartDateAndNeverEndDate" duration-ms="12799" started-at="2020-03-11T18:01:14Z" finished-at="2020-03-11T18:01:26Z">
          <reporter-output>
          </reporter-output>
        </test-method> <!-- updateCampaignWithFutureStartDateAndNeverEndDate -->
        <test-method status="PASS" signature="tearDown(org.testng.ITestResult)[pri:0, instance:tests.CampaignTests@6e38921c]" name="tearDown" is-config="true" duration-ms="103" started-at="2020-03-11T18:01:26Z" finished-at="2020-03-11T18:01:26Z">
          <params>
            <param index="0">
              <value>
                <![CDATA[[TestResult name=updateCampaignWithFutureStartDateAndNeverEndDate status=SUCCESS method=CampaignTests.updateCampaignWithFutureStartDateAndNeverEndDate()[pri:10, instance:tests.CampaignTests@6e38921c] output={null}]]]>
              </value>
            </param>
          </params>
          <reporter-output>
          </reporter-output>
        </test-method> <!-- tearDown -->
        <test-method status="PASS" signature="campaign_deletion_With_futureStartDate()[pri:11, instance:tests.CampaignTests@6e38921c]" name="campaign_deletion_With_futureStartDate" duration-ms="5004" started-at="2020-03-11T18:01:26Z" finished-at="2020-03-11T18:01:31Z">
          <reporter-output>
          </reporter-output>
        </test-method> <!-- campaign_deletion_With_futureStartDate -->
        <test-method status="PASS" signature="tearDown(org.testng.ITestResult)[pri:0, instance:tests.CampaignTests@6e38921c]" name="tearDown" is-config="true" duration-ms="102" started-at="2020-03-11T18:01:31Z" finished-at="2020-03-11T18:01:32Z">
          <params>
            <param index="0">
              <value>
                <![CDATA[[TestResult name=campaign_deletion_With_futureStartDate status=SUCCESS method=CampaignTests.campaign_deletion_With_futureStartDate()[pri:11, instance:tests.CampaignTests@6e38921c] output={null}]]]>
              </value>
            </param>
          </params>
          <reporter-output>
          </reporter-output>
        </test-method> <!-- tearDown -->
        <test-method status="PASS" signature="createCampaignWithFutureStartDateAndFutureEndDate()[pri:12, instance:tests.CampaignTests@6e38921c]" name="createCampaignWithFutureStartDateAndFutureEndDate" duration-ms="14017" started-at="2020-03-11T18:01:32Z" finished-at="2020-03-11T18:01:46Z">
          <reporter-output>
          </reporter-output>
        </test-method> <!-- createCampaignWithFutureStartDateAndFutureEndDate -->
        <test-method status="PASS" signature="tearDown(org.testng.ITestResult)[pri:0, instance:tests.CampaignTests@6e38921c]" name="tearDown" is-config="true" duration-ms="77" started-at="2020-03-11T18:01:46Z" finished-at="2020-03-11T18:01:46Z">
          <params>
            <param index="0">
              <value>
                <![CDATA[[TestResult name=createCampaignWithFutureStartDateAndFutureEndDate status=SUCCESS method=CampaignTests.createCampaignWithFutureStartDateAndFutureEndDate()[pri:12, instance:tests.CampaignTests@6e38921c] output={null}]]]>
              </value>
            </param>
          </params>
          <reporter-output>
          </reporter-output>
        </test-method> <!-- tearDown -->
        <test-method status="PASS" signature="updateCampaignWithFutureStartDateAndFutureEndDate()[pri:13, instance:tests.CampaignTests@6e38921c]" name="updateCampaignWithFutureStartDateAndFutureEndDate" duration-ms="13738" started-at="2020-03-11T18:01:46Z" finished-at="2020-03-11T18:01:59Z">
          <reporter-output>
          </reporter-output>
        </test-method> <!-- updateCampaignWithFutureStartDateAndFutureEndDate -->
        <test-method status="PASS" signature="tearDown(org.testng.ITestResult)[pri:0, instance:tests.CampaignTests@6e38921c]" name="tearDown" is-config="true" duration-ms="89" started-at="2020-03-11T18:01:59Z" finished-at="2020-03-11T18:01:59Z">
          <params>
            <param index="0">
              <value>
                <![CDATA[[TestResult name=updateCampaignWithFutureStartDateAndFutureEndDate status=SUCCESS method=CampaignTests.updateCampaignWithFutureStartDateAndFutureEndDate()[pri:13, instance:tests.CampaignTests@6e38921c] output={null}]]]>
              </value>
            </param>
          </params>
          <reporter-output>
          </reporter-output>
        </test-method> <!-- tearDown -->
        <test-method status="PASS" signature="campaign_deletion_With_futureStartDateAndFutureEndDate()[pri:14, instance:tests.CampaignTests@6e38921c]" name="campaign_deletion_With_futureStartDateAndFutureEndDate" duration-ms="4776" started-at="2020-03-11T18:01:59Z" finished-at="2020-03-11T18:02:04Z">
          <reporter-output>
          </reporter-output>
        </test-method> <!-- campaign_deletion_With_futureStartDateAndFutureEndDate -->
        <test-method status="PASS" signature="tearDown(org.testng.ITestResult)[pri:0, instance:tests.CampaignTests@6e38921c]" name="tearDown" is-config="true" duration-ms="110" started-at="2020-03-11T18:02:04Z" finished-at="2020-03-11T18:02:04Z">
          <params>
            <param index="0">
              <value>
                <![CDATA[[TestResult name=campaign_deletion_With_futureStartDateAndFutureEndDate status=SUCCESS method=CampaignTests.campaign_deletion_With_futureStartDateAndFutureEndDate()[pri:14, instance:tests.CampaignTests@6e38921c] output={null}]]]>
              </value>
            </param>
          </params>
          <reporter-output>
          </reporter-output>
        </test-method> <!-- tearDown -->
        <test-method status="PASS" signature="createCampaignWithPastTime()[pri:15, instance:tests.CampaignTests@6e38921c]" name="createCampaignWithPastTime" duration-ms="9126" started-at="2020-03-11T18:02:04Z" finished-at="2020-03-11T18:02:14Z">
          <reporter-output>
          </reporter-output>
        </test-method> <!-- createCampaignWithPastTime -->
        <test-method status="PASS" signature="tearDown(org.testng.ITestResult)[pri:0, instance:tests.CampaignTests@6e38921c]" name="tearDown" is-config="true" duration-ms="114" started-at="2020-03-11T18:02:14Z" finished-at="2020-03-11T18:02:14Z">
          <params>
            <param index="0">
              <value>
                <![CDATA[[TestResult name=createCampaignWithPastTime status=SUCCESS method=CampaignTests.createCampaignWithPastTime()[pri:15, instance:tests.CampaignTests@6e38921c] output={null}]]]>
              </value>
            </param>
          </params>
          <reporter-output>
          </reporter-output>
        </test-method> <!-- tearDown -->
        <test-method status="PASS" signature="goToHomePage()[pri:0, instance:tests.CampaignTests@6e38921c]" name="goToHomePage" is-config="true" duration-ms="6150" started-at="2020-03-11T18:02:14Z" finished-at="2020-03-11T18:02:20Z">
          <reporter-output>
          </reporter-output>
        </test-method> <!-- goToHomePage -->
      </class> <!-- tests.CampaignTests -->
      <class name="tests.HomeTest">
        <test-method status="PASS" signature="validLogin()[pri:0, instance:tests.HomeTest@3d3fcdb0]" name="validLogin" is-config="true" duration-ms="1817" started-at="2020-03-11T17:57:19Z" finished-at="2020-03-11T17:57:21Z">
          <reporter-output>
          </reporter-output>
        </test-method> <!-- validLogin -->
        <test-method status="PASS" signature="ui_verification()[pri:1, instance:tests.HomeTest@3d3fcdb0]" name="ui_verification" duration-ms="9920" started-at="2020-03-11T17:57:21Z" finished-at="2020-03-11T17:57:31Z">
          <reporter-output>
          </reporter-output>
        </test-method> <!-- ui_verification -->
        <test-method status="PASS" signature="tearDown(org.testng.ITestResult)[pri:0, instance:tests.HomeTest@3d3fcdb0]" name="tearDown" is-config="true" duration-ms="104" started-at="2020-03-11T17:57:31Z" finished-at="2020-03-11T17:57:31Z">
          <params>
            <param index="0">
              <value>
                <![CDATA[[TestResult name=ui_verification status=SUCCESS method=HomeTest.ui_verification()[pri:1, instance:tests.HomeTest@3d3fcdb0] output={null}]]]>
              </value>
            </param>
          </params>
          <reporter-output>
          </reporter-output>
        </test-method> <!-- tearDown -->
        <test-method status="FAIL" signature="tiles_count_verification_UI()[pri:2, instance:tests.HomeTest@3d3fcdb0]" name="tiles_count_verification_UI" duration-ms="7204" started-at="2020-03-11T17:57:31Z" finished-at="2020-03-11T17:57:39Z">
          <exception class="java.lang.AssertionError">
            <message>
              <![CDATA[The following asserts failed:
	total_call_count_from_ui is not matching with db expected [true] but found [false],
	answered_calls_count_from_ui is not matching with db expected [true] but found [false],
	AVG CALL DURATION from ui is not matching with db expected [true] but found [false]]]>
            </message>
            <full-stacktrace>
              <![CDATA[java.lang.AssertionError: The following asserts failed:
	total_call_count_from_ui is not matching with db expected [true] but found [false],
	answered_calls_count_from_ui is not matching with db expected [true] but found [false],
	AVG CALL DURATION from ui is not matching with db expected [true] but found [false]
	at org.testng.asserts.SoftAssert.assertAll(SoftAssert.java:43)
	at pom.HomePage.tilesCount(HomePage.java:469)
	at tests.HomeTest.tiles_count_verification_UI(HomeTest.java:55)
	at sun.reflect.NativeMethodAccessorImpl.invoke0(Native Method)
	at sun.reflect.NativeMethodAccessorImpl.invoke(Unknown Source)
	at sun.reflect.DelegatingMethodAccessorImpl.invoke(Unknown Source)
	at java.lang.reflect.Method.invoke(Unknown Source)
	at org.testng.internal.MethodInvocationHelper.invokeMethod(MethodInvocationHelper.java:86)
	at org.testng.internal.Invoker.invokeMethod(Invoker.java:643)
	at org.testng.internal.Invoker.invokeTestMethod(Invoker.java:820)
	at org.testng.internal.Invoker.invokeTestMethods(Invoker.java:1128)
	at org.testng.internal.TestMethodWorker.invokeTestMethods(TestMethodWorker.java:129)
	at org.testng.internal.TestMethodWorker.run(TestMethodWorker.java:112)
	at org.testng.TestRunner.privateRun(TestRunner.java:782)
	at org.testng.TestRunner.run(TestRunner.java:632)
	at org.testng.SuiteRunner.runTest(SuiteRunner.java:366)
	at org.testng.SuiteRunner.access$000(SuiteRunner.java:39)
	at org.testng.SuiteRunner$SuiteWorker.run(SuiteRunner.java:400)
	at org.testng.internal.thread.ThreadUtil$2.call(ThreadUtil.java:64)
	at java.util.concurrent.FutureTask.run(Unknown Source)
	at java.util.concurrent.ThreadPoolExecutor.runWorker(Unknown Source)
	at java.util.concurrent.ThreadPoolExecutor$Worker.run(Unknown Source)
	at java.lang.Thread.run(Unknown Source)
]]>
            </full-stacktrace>
          </exception> <!-- java.lang.AssertionError -->
          <reporter-output>
          </reporter-output>
        </test-method> <!-- tiles_count_verification_UI -->
        <test-method status="PASS" signature="tearDown(org.testng.ITestResult)[pri:0, instance:tests.HomeTest@3d3fcdb0]" name="tearDown" is-config="true" duration-ms="11377" started-at="2020-03-11T17:57:39Z" finished-at="2020-03-11T17:57:50Z">
          <params>
            <param index="0">
              <value>
                <![CDATA[[TestResult name=tiles_count_verification_UI status=FAILURE method=HomeTest.tiles_count_verification_UI()[pri:2, instance:tests.HomeTest@3d3fcdb0] output={null}]]]>
              </value>
            </param>
          </params>
          <reporter-output>
          </reporter-output>
        </test-method> <!-- tearDown -->
        <test-method status="PASS" signature="tearDown()[pri:0, instance:tests.HomeTest@3d3fcdb0]" name="tearDown" is-config="true" duration-ms="4612" started-at="2020-03-11T17:57:50Z" finished-at="2020-03-11T17:57:55Z">
          <reporter-output>
          </reporter-output>
        </test-method> <!-- tearDown -->
      </class> <!-- tests.HomeTest -->
      <class name="tests.CamapignUIVerificationTest">
        <test-method status="PASS" signature="goToCampaignPage()[pri:0, instance:tests.CamapignUIVerificationTest@641147d0]" name="goToCampaignPage" is-config="true" duration-ms="3273" started-at="2020-03-11T17:57:55Z" finished-at="2020-03-11T17:57:58Z">
          <reporter-output>
          </reporter-output>
        </test-method> <!-- goToCampaignPage -->
        <test-method status="PASS" signature="CampaignAndTrackingNumberPage_UI_Verification()[pri:1, instance:tests.CamapignUIVerificationTest@641147d0]" name="CampaignAndTrackingNumberPage_UI_Verification" duration-ms="8085" started-at="2020-03-11T17:57:58Z" finished-at="2020-03-11T17:58:06Z">
          <reporter-output>
          </reporter-output>
        </test-method> <!-- CampaignAndTrackingNumberPage_UI_Verification -->
        <test-method status="PASS" signature="tearDown(org.testng.ITestResult)[pri:0, instance:tests.CamapignUIVerificationTest@641147d0]" name="tearDown" is-config="true" duration-ms="94" started-at="2020-03-11T17:58:06Z" finished-at="2020-03-11T17:58:06Z">
          <params>
            <param index="0">
              <value>
                <![CDATA[[TestResult name=CampaignAndTrackingNumberPage_UI_Verification status=SUCCESS method=CamapignUIVerificationTest.CampaignAndTrackingNumberPage_UI_Verification()[pri:1, instance:tests.CamapignUIVerificationTest@641147d0] output={null}]]]>
              </value>
            </param>
          </params>
          <reporter-output>
          </reporter-output>
        </test-method> <!-- tearDown -->
        <test-method status="PASS" signature="defaultColumnsDisplayed()[pri:2, instance:tests.CamapignUIVerificationTest@641147d0]" name="defaultColumnsDisplayed" duration-ms="9527" started-at="2020-03-11T17:58:06Z" finished-at="2020-03-11T17:58:15Z">
          <reporter-output>
          </reporter-output>
        </test-method> <!-- defaultColumnsDisplayed -->
        <test-method status="PASS" signature="tearDown(org.testng.ITestResult)[pri:0, instance:tests.CamapignUIVerificationTest@641147d0]" name="tearDown" is-config="true" duration-ms="63" started-at="2020-03-11T17:58:15Z" finished-at="2020-03-11T17:58:16Z">
          <params>
            <param index="0">
              <value>
                <![CDATA[[TestResult name=defaultColumnsDisplayed status=SUCCESS method=CamapignUIVerificationTest.defaultColumnsDisplayed()[pri:2, instance:tests.CamapignUIVerificationTest@641147d0] output={null}]]]>
              </value>
            </param>
          </params>
          <reporter-output>
          </reporter-output>
        </test-method> <!-- tearDown -->
        <test-method status="PASS" signature="allColumnsDisplayed()[pri:3, instance:tests.CamapignUIVerificationTest@641147d0]" name="allColumnsDisplayed" duration-ms="74940" started-at="2020-03-11T17:58:16Z" finished-at="2020-03-11T17:59:30Z">
          <reporter-output>
          </reporter-output>
        </test-method> <!-- allColumnsDisplayed -->
        <test-method status="PASS" signature="tearDown(org.testng.ITestResult)[pri:0, instance:tests.CamapignUIVerificationTest@641147d0]" name="tearDown" is-config="true" duration-ms="50" started-at="2020-03-11T17:59:31Z" finished-at="2020-03-11T17:59:31Z">
          <params>
            <param index="0">
              <value>
                <![CDATA[[TestResult name=allColumnsDisplayed status=SUCCESS method=CamapignUIVerificationTest.allColumnsDisplayed()[pri:3, instance:tests.CamapignUIVerificationTest@641147d0] output={null}]]]>
              </value>
            </param>
          </params>
          <reporter-output>
          </reporter-output>
        </test-method> <!-- tearDown -->
        <test-method status="PASS" signature="goToHomePage()[pri:0, instance:tests.CamapignUIVerificationTest@641147d0]" name="goToHomePage" is-config="true" duration-ms="6472" started-at="2020-03-11T17:59:31Z" finished-at="2020-03-11T17:59:37Z">
          <reporter-output>
          </reporter-output>
        </test-method> <!-- goToHomePage -->
        <test-method status="PASS" signature="tearDown()[pri:0, instance:tests.CamapignUIVerificationTest@641147d0]" name="tearDown" is-config="true" duration-ms="846" started-at="2020-03-11T18:17:42Z" finished-at="2020-03-11T18:17:42Z">
          <reporter-output>
          </reporter-output>
        </test-method> <!-- tearDown -->
      </class> <!-- tests.CamapignUIVerificationTest -->
      <class name="tests.TrackingNumberTest">
        <test-method status="PASS" signature="goToCampaignPage()[pri:0, instance:tests.TrackingNumberTest@64d7f7e0]" name="goToCampaignPage" is-config="true" duration-ms="3121" started-at="2020-03-11T18:02:20Z" finished-at="2020-03-11T18:02:23Z">
          <reporter-output>
          </reporter-output>
        </test-method> <!-- goToCampaignPage -->
        <test-method status="PASS" signature="trakingNumberPageUIVerification()[pri:0, instance:tests.TrackingNumberTest@64d7f7e0]" name="trakingNumberPageUIVerification" duration-ms="146639" started-at="2020-03-11T18:02:23Z" finished-at="2020-03-11T18:04:50Z">
          <reporter-output>
          </reporter-output>
        </test-method> <!-- trakingNumberPageUIVerification -->
        <test-method status="PASS" signature="tearDown(org.testng.ITestResult)[pri:0, instance:tests.TrackingNumberTest@64d7f7e0]" name="tearDown" is-config="true" duration-ms="64" started-at="2020-03-11T18:04:50Z" finished-at="2020-03-11T18:04:50Z">
          <params>
            <param index="0">
              <value>
                <![CDATA[[TestResult name=trakingNumberPageUIVerification status=SUCCESS method=TrackingNumberTest.trakingNumberPageUIVerification()[pri:0, instance:tests.TrackingNumberTest@64d7f7e0] output={null}]]]>
              </value>
            </param>
          </params>
          <reporter-output>
          </reporter-output>
        </test-method> <!-- tearDown -->
        <test-method status="PASS" signature="simpleTrakingNumberCreation()[pri:1, instance:tests.TrackingNumberTest@64d7f7e0]" name="simpleTrakingNumberCreation" duration-ms="84417" started-at="2020-03-11T18:04:50Z" finished-at="2020-03-11T18:06:14Z">
          <reporter-output>
          </reporter-output>
        </test-method> <!-- simpleTrakingNumberCreation -->
        <test-method status="PASS" signature="tearDown(org.testng.ITestResult)[pri:0, instance:tests.TrackingNumberTest@64d7f7e0]" name="tearDown" is-config="true" duration-ms="55" started-at="2020-03-11T18:06:14Z" finished-at="2020-03-11T18:06:14Z">
          <params>
            <param index="0">
              <value>
                <![CDATA[[TestResult name=simpleTrakingNumberCreation status=SUCCESS method=TrackingNumberTest.simpleTrakingNumberCreation()[pri:1, instance:tests.TrackingNumberTest@64d7f7e0] output={null}]]]>
              </value>
            </param>
          </params>
          <reporter-output>
          </reporter-output>
        </test-method> <!-- tearDown -->
        <test-method status="PASS" signature="simpleTrakingNumberUpdation()[pri:2, instance:tests.TrackingNumberTest@64d7f7e0]" name="simpleTrakingNumberUpdation" duration-ms="7957" started-at="2020-03-11T18:06:14Z" finished-at="2020-03-11T18:06:22Z">
          <reporter-output>
          </reporter-output>
        </test-method> <!-- simpleTrakingNumberUpdation -->
        <test-method status="PASS" signature="tearDown(org.testng.ITestResult)[pri:0, instance:tests.TrackingNumberTest@64d7f7e0]" name="tearDown" is-config="true" duration-ms="97" started-at="2020-03-11T18:06:22Z" finished-at="2020-03-11T18:06:22Z">
          <params>
            <param index="0">
              <value>
                <![CDATA[[TestResult name=simpleTrakingNumberUpdation status=SUCCESS method=TrackingNumberTest.simpleTrakingNumberUpdation()[pri:2, instance:tests.TrackingNumberTest@64d7f7e0] output={null}]]]>
              </value>
            </param>
          </params>
          <reporter-output>
          </reporter-output>
        </test-method> <!-- tearDown -->
        <test-method status="PASS" signature="simpleTrakingNumberDeletion()[pri:3, instance:tests.TrackingNumberTest@64d7f7e0]" name="simpleTrakingNumberDeletion" duration-ms="6694" started-at="2020-03-11T18:06:22Z" finished-at="2020-03-11T18:06:29Z">
          <reporter-output>
          </reporter-output>
        </test-method> <!-- simpleTrakingNumberDeletion -->
        <test-method status="PASS" signature="tearDown(org.testng.ITestResult)[pri:0, instance:tests.TrackingNumberTest@64d7f7e0]" name="tearDown" is-config="true" duration-ms="136" started-at="2020-03-11T18:06:29Z" finished-at="2020-03-11T18:06:29Z">
          <params>
            <param index="0">
              <value>
                <![CDATA[[TestResult name=simpleTrakingNumberDeletion status=SUCCESS method=TrackingNumberTest.simpleTrakingNumberDeletion()[pri:3, instance:tests.TrackingNumberTest@64d7f7e0] output={null}]]]>
              </value>
            </param>
          </params>
          <reporter-output>
          </reporter-output>
        </test-method> <!-- tearDown -->
        <test-method status="PASS" signature="numberPoolCreation()[pri:4, instance:tests.TrackingNumberTest@64d7f7e0]" name="numberPoolCreation" duration-ms="95766" started-at="2020-03-11T18:06:29Z" finished-at="2020-03-11T18:08:05Z">
          <reporter-output>
          </reporter-output>
        </test-method> <!-- numberPoolCreation -->
        <test-method status="PASS" signature="tearDown(org.testng.ITestResult)[pri:0, instance:tests.TrackingNumberTest@64d7f7e0]" name="tearDown" is-config="true" duration-ms="115" started-at="2020-03-11T18:08:05Z" finished-at="2020-03-11T18:08:05Z">
          <params>
            <param index="0">
              <value>
                <![CDATA[[TestResult name=numberPoolCreation status=SUCCESS method=TrackingNumberTest.numberPoolCreation()[pri:4, instance:tests.TrackingNumberTest@64d7f7e0] output={null}]]]>
              </value>
            </param>
          </params>
          <reporter-output>
          </reporter-output>
        </test-method> <!-- tearDown -->
        <test-method status="PASS" signature="numberPoolUpdation()[pri:5, instance:tests.TrackingNumberTest@64d7f7e0]" name="numberPoolUpdation" duration-ms="8053" started-at="2020-03-11T18:08:05Z" finished-at="2020-03-11T18:08:13Z">
          <reporter-output>
          </reporter-output>
        </test-method> <!-- numberPoolUpdation -->
        <test-method status="PASS" signature="tearDown(org.testng.ITestResult)[pri:0, instance:tests.TrackingNumberTest@64d7f7e0]" name="tearDown" is-config="true" duration-ms="60" started-at="2020-03-11T18:08:13Z" finished-at="2020-03-11T18:08:13Z">
          <params>
            <param index="0">
              <value>
                <![CDATA[[TestResult name=numberPoolUpdation status=SUCCESS method=TrackingNumberTest.numberPoolUpdation()[pri:5, instance:tests.TrackingNumberTest@64d7f7e0] output={null}]]]>
              </value>
            </param>
          </params>
          <reporter-output>
          </reporter-output>
        </test-method> <!-- tearDown -->
        <test-method status="PASS" signature="numberPoolDeletion()[pri:6, instance:tests.TrackingNumberTest@64d7f7e0]" name="numberPoolDeletion" duration-ms="6863" started-at="2020-03-11T18:08:13Z" finished-at="2020-03-11T18:08:20Z">
          <reporter-output>
          </reporter-output>
        </test-method> <!-- numberPoolDeletion -->
        <test-method status="PASS" signature="tearDown(org.testng.ITestResult)[pri:0, instance:tests.TrackingNumberTest@64d7f7e0]" name="tearDown" is-config="true" duration-ms="49" started-at="2020-03-11T18:08:20Z" finished-at="2020-03-11T18:08:20Z">
          <params>
            <param index="0">
              <value>
                <![CDATA[[TestResult name=numberPoolDeletion status=SUCCESS method=TrackingNumberTest.numberPoolDeletion()[pri:6, instance:tests.TrackingNumberTest@64d7f7e0] output={null}]]]>
              </value>
            </param>
          </params>
          <reporter-output>
          </reporter-output>
        </test-method> <!-- tearDown -->
        <test-method status="PASS" signature="reserveNumberCreation()[pri:7, instance:tests.TrackingNumberTest@64d7f7e0]" name="reserveNumberCreation" duration-ms="22680" started-at="2020-03-11T18:08:20Z" finished-at="2020-03-11T18:08:43Z">
          <reporter-output>
          </reporter-output>
        </test-method> <!-- reserveNumberCreation -->
        <test-method status="PASS" signature="tearDown(org.testng.ITestResult)[pri:0, instance:tests.TrackingNumberTest@64d7f7e0]" name="tearDown" is-config="true" duration-ms="66" started-at="2020-03-11T18:08:43Z" finished-at="2020-03-11T18:08:43Z">
          <params>
            <param index="0">
              <value>
                <![CDATA[[TestResult name=reserveNumberCreation status=SUCCESS method=TrackingNumberTest.reserveNumberCreation()[pri:7, instance:tests.TrackingNumberTest@64d7f7e0] output={null}]]]>
              </value>
            </param>
          </params>
          <reporter-output>
          </reporter-output>
        </test-method> <!-- tearDown -->
        <test-method status="PASS" signature="reserveNumberUpdation()[pri:8, instance:tests.TrackingNumberTest@64d7f7e0]" name="reserveNumberUpdation" duration-ms="7462" started-at="2020-03-11T18:08:43Z" finished-at="2020-03-11T18:08:50Z">
          <reporter-output>
          </reporter-output>
        </test-method> <!-- reserveNumberUpdation -->
        <test-method status="PASS" signature="tearDown(org.testng.ITestResult)[pri:0, instance:tests.TrackingNumberTest@64d7f7e0]" name="tearDown" is-config="true" duration-ms="140" started-at="2020-03-11T18:08:50Z" finished-at="2020-03-11T18:08:50Z">
          <params>
            <param index="0">
              <value>
                <![CDATA[[TestResult name=reserveNumberUpdation status=SUCCESS method=TrackingNumberTest.reserveNumberUpdation()[pri:8, instance:tests.TrackingNumberTest@64d7f7e0] output={null}]]]>
              </value>
            </param>
          </params>
          <reporter-output>
          </reporter-output>
        </test-method> <!-- tearDown -->
        <test-method status="PASS" signature="reserveNumberDeletion()[pri:9, instance:tests.TrackingNumberTest@64d7f7e0]" name="reserveNumberDeletion" duration-ms="6814" started-at="2020-03-11T18:08:50Z" finished-at="2020-03-11T18:08:57Z">
          <reporter-output>
          </reporter-output>
        </test-method> <!-- reserveNumberDeletion -->
        <test-method status="PASS" signature="tearDown(org.testng.ITestResult)[pri:0, instance:tests.TrackingNumberTest@64d7f7e0]" name="tearDown" is-config="true" duration-ms="152" started-at="2020-03-11T18:08:57Z" finished-at="2020-03-11T18:08:57Z">
          <params>
            <param index="0">
              <value>
                <![CDATA[[TestResult name=reserveNumberDeletion status=SUCCESS method=TrackingNumberTest.reserveNumberDeletion()[pri:9, instance:tests.TrackingNumberTest@64d7f7e0] output={null}]]]>
              </value>
            </param>
          </params>
          <reporter-output>
          </reporter-output>
        </test-method> <!-- tearDown -->
        <test-method status="PASS" signature="GeoRouteTrakingNumberCreation()[pri:10, instance:tests.TrackingNumberTest@64d7f7e0]" name="GeoRouteTrakingNumberCreation" duration-ms="84805" started-at="2020-03-11T18:08:57Z" finished-at="2020-03-11T18:10:22Z">
          <reporter-output>
          </reporter-output>
        </test-method> <!-- GeoRouteTrakingNumberCreation -->
        <test-method status="PASS" signature="tearDown(org.testng.ITestResult)[pri:0, instance:tests.TrackingNumberTest@64d7f7e0]" name="tearDown" is-config="true" duration-ms="115" started-at="2020-03-11T18:10:22Z" finished-at="2020-03-11T18:10:22Z">
          <params>
            <param index="0">
              <value>
                <![CDATA[[TestResult name=GeoRouteTrakingNumberCreation status=SUCCESS method=TrackingNumberTest.GeoRouteTrakingNumberCreation()[pri:10, instance:tests.TrackingNumberTest@64d7f7e0] output={null}]]]>
              </value>
            </param>
          </params>
          <reporter-output>
          </reporter-output>
        </test-method> <!-- tearDown -->
        <test-method status="PASS" signature="GeoRouteTrakingNumberDeletion()[pri:11, instance:tests.TrackingNumberTest@64d7f7e0]" name="GeoRouteTrakingNumberDeletion" duration-ms="6941" started-at="2020-03-11T18:10:22Z" finished-at="2020-03-11T18:10:29Z">
          <reporter-output>
          </reporter-output>
        </test-method> <!-- GeoRouteTrakingNumberDeletion -->
        <test-method status="PASS" signature="tearDown(org.testng.ITestResult)[pri:0, instance:tests.TrackingNumberTest@64d7f7e0]" name="tearDown" is-config="true" duration-ms="93" started-at="2020-03-11T18:10:29Z" finished-at="2020-03-11T18:10:29Z">
          <params>
            <param index="0">
              <value>
                <![CDATA[[TestResult name=GeoRouteTrakingNumberDeletion status=SUCCESS method=TrackingNumberTest.GeoRouteTrakingNumberDeletion()[pri:11, instance:tests.TrackingNumberTest@64d7f7e0] output={null}]]]>
              </value>
            </param>
          </params>
          <reporter-output>
          </reporter-output>
        </test-method> <!-- tearDown -->
        <test-method status="PASS" signature="percentTrakingNumberCreation()[pri:12, instance:tests.TrackingNumberTest@64d7f7e0]" name="percentTrakingNumberCreation" duration-ms="84277" started-at="2020-03-11T18:10:29Z" finished-at="2020-03-11T18:11:53Z">
          <reporter-output>
          </reporter-output>
        </test-method> <!-- percentTrakingNumberCreation -->
        <test-method status="PASS" signature="tearDown(org.testng.ITestResult)[pri:0, instance:tests.TrackingNumberTest@64d7f7e0]" name="tearDown" is-config="true" duration-ms="87" started-at="2020-03-11T18:11:53Z" finished-at="2020-03-11T18:11:54Z">
          <params>
            <param index="0">
              <value>
                <![CDATA[[TestResult name=percentTrakingNumberCreation status=SUCCESS method=TrackingNumberTest.percentTrakingNumberCreation()[pri:12, instance:tests.TrackingNumberTest@64d7f7e0] output={null}]]]>
              </value>
            </param>
          </params>
          <reporter-output>
          </reporter-output>
        </test-method> <!-- tearDown -->
        <test-method status="PASS" signature="percentTrakingNumberDeletion()[pri:13, instance:tests.TrackingNumberTest@64d7f7e0]" name="percentTrakingNumberDeletion" duration-ms="6807" started-at="2020-03-11T18:11:54Z" finished-at="2020-03-11T18:12:00Z">
          <reporter-output>
          </reporter-output>
        </test-method> <!-- percentTrakingNumberDeletion -->
        <test-method status="PASS" signature="tearDown(org.testng.ITestResult)[pri:0, instance:tests.TrackingNumberTest@64d7f7e0]" name="tearDown" is-config="true" duration-ms="122" started-at="2020-03-11T18:12:00Z" finished-at="2020-03-11T18:12:00Z">
          <params>
            <param index="0">
              <value>
                <![CDATA[[TestResult name=percentTrakingNumberDeletion status=SUCCESS method=TrackingNumberTest.percentTrakingNumberDeletion()[pri:13, instance:tests.TrackingNumberTest@64d7f7e0] output={null}]]]>
              </value>
            </param>
          </params>
          <reporter-output>
          </reporter-output>
        </test-method> <!-- tearDown -->
        <test-method status="PASS" signature="outboundTrakingNumberCreation()[pri:14, instance:tests.TrackingNumberTest@64d7f7e0]" name="outboundTrakingNumberCreation" duration-ms="73435" started-at="2020-03-11T18:12:00Z" finished-at="2020-03-11T18:13:14Z">
          <reporter-output>
          </reporter-output>
        </test-method> <!-- outboundTrakingNumberCreation -->
        <test-method status="PASS" signature="tearDown(org.testng.ITestResult)[pri:0, instance:tests.TrackingNumberTest@64d7f7e0]" name="tearDown" is-config="true" duration-ms="138" started-at="2020-03-11T18:13:14Z" finished-at="2020-03-11T18:13:14Z">
          <params>
            <param index="0">
              <value>
                <![CDATA[[TestResult name=outboundTrakingNumberCreation status=SUCCESS method=TrackingNumberTest.outboundTrakingNumberCreation()[pri:14, instance:tests.TrackingNumberTest@64d7f7e0] output={null}]]]>
              </value>
            </param>
          </params>
          <reporter-output>
          </reporter-output>
        </test-method> <!-- tearDown -->
        <test-method status="PASS" signature="outboundTrakingNumberDeletion()[pri:15, instance:tests.TrackingNumberTest@64d7f7e0]" name="outboundTrakingNumberDeletion" duration-ms="11880" started-at="2020-03-11T18:13:14Z" finished-at="2020-03-11T18:13:26Z">
          <reporter-output>
          </reporter-output>
        </test-method> <!-- outboundTrakingNumberDeletion -->
        <test-method status="PASS" signature="tearDown(org.testng.ITestResult)[pri:0, instance:tests.TrackingNumberTest@64d7f7e0]" name="tearDown" is-config="true" duration-ms="49" started-at="2020-03-11T18:13:26Z" finished-at="2020-03-11T18:13:26Z">
          <params>
            <param index="0">
              <value>
                <![CDATA[[TestResult name=outboundTrakingNumberDeletion status=SUCCESS method=TrackingNumberTest.outboundTrakingNumberDeletion()[pri:15, instance:tests.TrackingNumberTest@64d7f7e0] output={null}]]]>
              </value>
            </param>
          </params>
          <reporter-output>
          </reporter-output>
        </test-method> <!-- tearDown -->
        <test-method status="PASS" signature="hangupTrakingNumberCreation()[pri:16, instance:tests.TrackingNumberTest@64d7f7e0]" name="hangupTrakingNumberCreation" duration-ms="67605" started-at="2020-03-11T18:13:26Z" finished-at="2020-03-11T18:14:34Z">
          <reporter-output>
          </reporter-output>
        </test-method> <!-- hangupTrakingNumberCreation -->
        <test-method status="PASS" signature="tearDown(org.testng.ITestResult)[pri:0, instance:tests.TrackingNumberTest@64d7f7e0]" name="tearDown" is-config="true" duration-ms="138" started-at="2020-03-11T18:14:34Z" finished-at="2020-03-11T18:14:34Z">
          <params>
            <param index="0">
              <value>
                <![CDATA[[TestResult name=hangupTrakingNumberCreation status=SUCCESS method=TrackingNumberTest.hangupTrakingNumberCreation()[pri:16, instance:tests.TrackingNumberTest@64d7f7e0] output={null}]]]>
              </value>
            </param>
          </params>
          <reporter-output>
          </reporter-output>
        </test-method> <!-- tearDown -->
        <test-method status="PASS" signature="hangupTrakingNumberDeletion()[pri:17, instance:tests.TrackingNumberTest@64d7f7e0]" name="hangupTrakingNumberDeletion" duration-ms="12797" started-at="2020-03-11T18:14:34Z" finished-at="2020-03-11T18:14:47Z">
          <reporter-output>
          </reporter-output>
        </test-method> <!-- hangupTrakingNumberDeletion -->
        <test-method status="PASS" signature="tearDown(org.testng.ITestResult)[pri:0, instance:tests.TrackingNumberTest@64d7f7e0]" name="tearDown" is-config="true" duration-ms="59" started-at="2020-03-11T18:14:47Z" finished-at="2020-03-11T18:14:47Z">
          <params>
            <param index="0">
              <value>
                <![CDATA[[TestResult name=hangupTrakingNumberDeletion status=SUCCESS method=TrackingNumberTest.hangupTrakingNumberDeletion()[pri:17, instance:tests.TrackingNumberTest@64d7f7e0] output={null}]]]>
              </value>
            </param>
          </params>
          <reporter-output>
          </reporter-output>
        </test-method> <!-- tearDown -->
        <test-method status="PASS" signature="voicemailTrakingNumberCreation()[pri:18, instance:tests.TrackingNumberTest@64d7f7e0]" name="voicemailTrakingNumberCreation" duration-ms="67967" started-at="2020-03-11T18:14:47Z" finished-at="2020-03-11T18:15:55Z">
          <reporter-output>
          </reporter-output>
        </test-method> <!-- voicemailTrakingNumberCreation -->
        <test-method status="PASS" signature="tearDown(org.testng.ITestResult)[pri:0, instance:tests.TrackingNumberTest@64d7f7e0]" name="tearDown" is-config="true" duration-ms="126" started-at="2020-03-11T18:15:55Z" finished-at="2020-03-11T18:15:55Z">
          <params>
            <param index="0">
              <value>
                <![CDATA[[TestResult name=voicemailTrakingNumberCreation status=SUCCESS method=TrackingNumberTest.voicemailTrakingNumberCreation()[pri:18, instance:tests.TrackingNumberTest@64d7f7e0] output={null}]]]>
              </value>
            </param>
          </params>
          <reporter-output>
          </reporter-output>
        </test-method> <!-- tearDown -->
        <test-method status="PASS" signature="voicemailTrakingNumberDeletion()[pri:19, instance:tests.TrackingNumberTest@64d7f7e0]" name="voicemailTrakingNumberDeletion" duration-ms="13782" started-at="2020-03-11T18:15:55Z" finished-at="2020-03-11T18:16:08Z">
          <reporter-output>
          </reporter-output>
        </test-method> <!-- voicemailTrakingNumberDeletion -->
        <test-method status="PASS" signature="tearDown(org.testng.ITestResult)[pri:0, instance:tests.TrackingNumberTest@64d7f7e0]" name="tearDown" is-config="true" duration-ms="49" started-at="2020-03-11T18:16:08Z" finished-at="2020-03-11T18:16:08Z">
          <params>
            <param index="0">
              <value>
                <![CDATA[[TestResult name=voicemailTrakingNumberDeletion status=SUCCESS method=TrackingNumberTest.voicemailTrakingNumberDeletion()[pri:19, instance:tests.TrackingNumberTest@64d7f7e0] output={null}]]]>
              </value>
            </param>
          </params>
          <reporter-output>
          </reporter-output>
        </test-method> <!-- tearDown -->
        <test-method status="PASS" signature="scheduleTrakingNumberCreation()[pri:20, instance:tests.TrackingNumberTest@64d7f7e0]" name="scheduleTrakingNumberCreation" duration-ms="86082" started-at="2020-03-11T18:16:08Z" finished-at="2020-03-11T18:17:35Z">
          <reporter-output>
          </reporter-output>
        </test-method> <!-- scheduleTrakingNumberCreation -->
        <test-method status="PASS" signature="tearDown(org.testng.ITestResult)[pri:0, instance:tests.TrackingNumberTest@64d7f7e0]" name="tearDown" is-config="true" duration-ms="67" started-at="2020-03-11T18:17:35Z" finished-at="2020-03-11T18:17:35Z">
          <params>
            <param index="0">
              <value>
                <![CDATA[[TestResult name=scheduleTrakingNumberCreation status=SUCCESS method=TrackingNumberTest.scheduleTrakingNumberCreation()[pri:20, instance:tests.TrackingNumberTest@64d7f7e0] output={null}]]]>
              </value>
            </param>
          </params>
          <reporter-output>
          </reporter-output>
        </test-method> <!-- tearDown -->
        <test-method status="PASS" signature="scheduleTrakingNumberDeletion()[pri:21, instance:tests.TrackingNumberTest@64d7f7e0]" name="scheduleTrakingNumberDeletion" duration-ms="6855" started-at="2020-03-11T18:17:35Z" finished-at="2020-03-11T18:17:41Z">
          <reporter-output>
          </reporter-output>
        </test-method> <!-- scheduleTrakingNumberDeletion -->
        <test-method status="PASS" signature="tearDown(org.testng.ITestResult)[pri:0, instance:tests.TrackingNumberTest@64d7f7e0]" name="tearDown" is-config="true" duration-ms="90" started-at="2020-03-11T18:17:42Z" finished-at="2020-03-11T18:17:42Z">
          <params>
            <param index="0">
              <value>
                <![CDATA[[TestResult name=scheduleTrakingNumberDeletion status=SUCCESS method=TrackingNumberTest.scheduleTrakingNumberDeletion()[pri:21, instance:tests.TrackingNumberTest@64d7f7e0] output={null}]]]>
              </value>
            </param>
          </params>
          <reporter-output>
          </reporter-output>
        </test-method> <!-- tearDown -->
        <test-method status="PASS" signature="cleanUp()[pri:0, instance:tests.TrackingNumberTest@64d7f7e0]" name="cleanUp" is-config="true" duration-ms="0" started-at="2020-03-11T18:17:42Z" finished-at="2020-03-11T18:17:42Z">
          <reporter-output>
          </reporter-output>
        </test-method> <!-- cleanUp -->
      </class> <!-- tests.TrackingNumberTest -->
    </test> <!-- chrome test -->
  </suite> <!-- Automation Suite-1 -->
</testng-results>
