<?xml version="1.0" encoding="UTF-8"?>
<testng-results skipped="0" failed="0" ignored="0" total="3" passed="3">
  <reporter-output>
  </reporter-output>
  <suite name="Suite" duration-ms="61186" started-at="2019-11-07T16:14:03Z" finished-at="2019-11-07T16:15:04Z">
    <groups>
    </groups>
    <test name="LoginAndCampaign" duration-ms="61186" started-at="2019-11-07T16:14:03Z" finished-at="2019-11-07T16:15:04Z">
      <class name="tests.CampaignTests">
        <test-method status="PASS" signature="setUp(java.lang.String, java.lang.String)[pri:0, instance:tests.CampaignTests@c540f5a]" name="setUp" is-config="true" duration-ms="19103" started-at="2019-11-07T16:14:03Z" finished-at="2019-11-07T16:14:22Z">
          <params>
            <param index="0">
              <value>
                <![CDATA[chrome]]>
              </value>
            </param>
            <param index="1">
              <value>
                <![CDATA[https://stag-7-cmo-1.convirza.com]]>
              </value>
            </param>
          </params>
          <reporter-output>
          </reporter-output>
        </test-method> <!-- setUp -->
        <test-method status="PASS" signature="test1()[pri:1, instance:tests.CampaignTests@c540f5a]" name="test1" duration-ms="11071" started-at="2019-11-07T16:14:22Z" finished-at="2019-11-07T16:14:33Z">
          <reporter-output>
          </reporter-output>
        </test-method> <!-- test1 -->
        <test-method status="PASS" signature="tearDown(org.testng.ITestResult)[pri:0, instance:tests.CampaignTests@c540f5a]" name="tearDown" is-config="true" duration-ms="543" started-at="2019-11-07T16:14:33Z" finished-at="2019-11-07T16:14:34Z">
          <params>
            <param index="0">
              <value>
                <![CDATA[[TestResult name=test1 status=SUCCESS method=CampaignTests.test1()[pri:1, instance:tests.CampaignTests@c540f5a] output={null}]]]>
              </value>
            </param>
          </params>
          <reporter-output>
          </reporter-output>
        </test-method> <!-- tearDown -->
        <test-method status="PASS" signature="test2()[pri:2, instance:tests.CampaignTests@c540f5a]" name="test2" duration-ms="5704" started-at="2019-11-07T16:14:34Z" finished-at="2019-11-07T16:14:40Z">
          <reporter-output>
          </reporter-output>
        </test-method> <!-- test2 -->
        <test-method status="PASS" signature="tearDown(org.testng.ITestResult)[pri:0, instance:tests.CampaignTests@c540f5a]" name="tearDown" is-config="true" duration-ms="155" started-at="2019-11-07T16:14:40Z" finished-at="2019-11-07T16:14:40Z">
          <params>
            <param index="0">
              <value>
                <![CDATA[[TestResult name=test2 status=SUCCESS method=CampaignTests.test2()[pri:2, instance:tests.CampaignTests@c540f5a] output={null}]]]>
              </value>
            </param>
          </params>
          <reporter-output>
          </reporter-output>
        </test-method> <!-- tearDown -->
        <test-method status="PASS" signature="test3()[pri:3, instance:tests.CampaignTests@c540f5a]" name="test3" duration-ms="22249" started-at="2019-11-07T16:14:40Z" finished-at="2019-11-07T16:15:02Z">
          <reporter-output>
          </reporter-output>
        </test-method> <!-- test3 -->
        <test-method status="PASS" signature="tearDown(org.testng.ITestResult)[pri:0, instance:tests.CampaignTests@c540f5a]" name="tearDown" is-config="true" duration-ms="124" started-at="2019-11-07T16:15:02Z" finished-at="2019-11-07T16:15:02Z">
          <params>
            <param index="0">
              <value>
                <![CDATA[[TestResult name=test3 status=SUCCESS method=CampaignTests.test3()[pri:3, instance:tests.CampaignTests@c540f5a] output={null}]]]>
              </value>
            </param>
          </params>
          <reporter-output>
          </reporter-output>
        </test-method> <!-- tearDown -->
        <test-method status="PASS" signature="tearDown()[pri:0, instance:tests.CampaignTests@c540f5a]" name="tearDown" is-config="true" duration-ms="2198" started-at="2019-11-07T16:15:02Z" finished-at="2019-11-07T16:15:04Z">
          <reporter-output>
          </reporter-output>
        </test-method> <!-- tearDown -->
        <test-method status="PASS" signature="close_connection()[pri:0, instance:tests.CampaignTests@c540f5a]" name="close_connection" is-config="true" duration-ms="6399" started-at="2019-11-07T16:15:04Z" finished-at="2019-11-07T16:15:11Z">
          <reporter-output>
          </reporter-output>
        </test-method> <!-- close_connection -->
      </class> <!-- tests.CampaignTests -->
    </test> <!-- LoginAndCampaign -->
  </suite> <!-- Suite -->
</testng-results>
