<?xml version="1.0" encoding="UTF-8"?>
<testng-results skipped="0" failed="0" total="1" passed="1">
  <reporter-output>
  </reporter-output>
  <suite name="Default suite" duration-ms="24261" started-at="2020-02-25T10:30:58Z" finished-at="2020-02-25T10:31:23Z">
    <groups>
    </groups>
    <test name="Default test" duration-ms="24261" started-at="2020-02-25T10:30:58Z" finished-at="2020-02-25T10:31:23Z">
      <class name="reservenumber.ReserveNumber">
        <test-method status="PASS" signature="makeNumberReseve()[pri:0, instance:reservenumber.ReserveNumber@4dfa3a9d]" name="makeNumberReseve" duration-ms="24223" started-at="2020-02-25T16:00:58Z" finished-at="2020-02-25T16:01:23Z">
          <reporter-output>
          </reporter-output>
        </test-method> <!-- makeNumberReseve -->
      </class> <!-- reservenumber.ReserveNumber -->
    </test> <!-- Default test -->
  </suite> <!-- Default suite -->
</testng-results>
