<?xml version="1.0" encoding="UTF-8"?>
<testng-results skipped="0" failed="0" total="1" passed="1">
  <reporter-output>
  </reporter-output>
  <suite name="Automation Suite-1" duration-ms="140913" started-at="2020-02-17T12:42:03Z" finished-at="2020-02-17T12:44:24Z">
    <groups>
    </groups>
    <test name="chrome test" duration-ms="140913" started-at="2020-02-17T12:42:03Z" finished-at="2020-02-17T12:44:24Z">
      <class name="tests.TrackingNumberTest">
        <test-method status="PASS" signature="setUp(java.lang.String, java.lang.String)[pri:0, instance:tests.TrackingNumberTest@6b67034]" name="setUp" is-config="true" duration-ms="39878" started-at="2020-02-17T18:12:03Z" finished-at="2020-02-17T18:12:43Z">
          <params>
            <param index="0">
              <value>
                <![CDATA[chrome]]>
              </value>
            </param>
            <param index="1">
              <value>
                <![CDATA[https://stag-6-cmo-1.convirza.com]]>
              </value>
            </param>
          </params>
          <reporter-output>
          </reporter-output>
        </test-method> <!-- setUp -->
        <test-method status="PASS" signature="goToCampaignPage()[pri:0, instance:tests.TrackingNumberTest@6b67034]" name="goToCampaignPage" is-config="true" duration-ms="4220" started-at="2020-02-17T18:12:43Z" finished-at="2020-02-17T18:12:47Z">
          <reporter-output>
          </reporter-output>
        </test-method> <!-- goToCampaignPage -->
        <test-method status="PASS" signature="trakingNumberCreation()[pri:1, instance:tests.TrackingNumberTest@6b67034]" name="trakingNumberCreation" duration-ms="95215" started-at="2020-02-17T18:12:47Z" finished-at="2020-02-17T18:14:22Z">
          <reporter-output>
          </reporter-output>
        </test-method> <!-- trakingNumberCreation -->
        <test-method status="PASS" signature="tearDown(org.testng.ITestResult)[pri:0, instance:tests.TrackingNumberTest@6b67034]" name="tearDown" is-config="true" duration-ms="731" started-at="2020-02-17T18:14:22Z" finished-at="2020-02-17T18:14:23Z">
          <params>
            <param index="0">
              <value>
                <![CDATA[[TestResult name=trakingNumberCreation status=SUCCESS method=TrackingNumberTest.trakingNumberCreation()[pri:1, instance:tests.TrackingNumberTest@6b67034] output={null}]]]>
              </value>
            </param>
          </params>
          <reporter-output>
          </reporter-output>
        </test-method> <!-- tearDown -->
        <test-method status="PASS" signature="tearDown()[pri:0, instance:tests.TrackingNumberTest@6b67034]" name="tearDown" is-config="true" duration-ms="848" started-at="2020-02-17T18:14:23Z" finished-at="2020-02-17T18:14:24Z">
          <reporter-output>
          </reporter-output>
        </test-method> <!-- tearDown -->
        <test-method status="PASS" signature="close_connection()[pri:0, instance:tests.TrackingNumberTest@6b67034]" name="close_connection" is-config="true" duration-ms="6343" started-at="2020-02-17T18:14:24Z" finished-at="2020-02-17T18:14:30Z">
          <reporter-output>
          </reporter-output>
        </test-method> <!-- close_connection -->
      </class> <!-- tests.TrackingNumberTest -->
    </test> <!-- chrome test -->
  </suite> <!-- Automation Suite-1 -->
</testng-results>
