<?xml version="1.0" encoding="UTF-8"?>
<testng-results skipped="0" failed="0" total="3" passed="3">
	<reporter-output>
	</reporter-output>
	<suite name="Automation Suite-1" duration-ms="371657"
		started-at="2020-05-04T05:57:53Z" finished-at="2020-05-04T06:04:05Z">
		<groups>
		</groups>
		<test name="chrome test-1" duration-ms="371657" started-at="2020-05-04T05:57:53Z"
			finished-at="2020-05-04T06:04:05Z">
			<class name="tests.CallLogsTest">
				<test-method status="PASS"
					signature="testSetUp()[pri:0, instance:tests.CallLogsTest@3c0a50da]"
					name="testSetUp" is-config="true" duration-ms="15"
					started-at="2020-05-04T11:27:53Z" finished-at="2020-05-04T11:27:53Z">
					<reporter-output>
					</reporter-output>
				</test-method> <!-- testSetUp -->
				<test-method status="PASS"
					signature="setUp(java.lang.String, java.lang.String)[pri:0, instance:tests.CallLogsTest@3c0a50da]"
					name="setUp" is-config="true" duration-ms="43128" started-at="2020-05-04T11:27:53Z"
					finished-at="2020-05-04T11:28:37Z">
					<params>
						<param index="0">
							<value>
                <![CDATA[chrome]]>
							</value>
						</param>
						<param index="1">
							<value>
                <![CDATA[https://stag-5-cmo-1.convirza.com]]>
							</value>
						</param>
					</params>
					<reporter-output>
					</reporter-output>
				</test-method> <!-- setUp -->
				<test-method status="PASS"
					signature="goToLookerReports()[pri:0, instance:tests.CallLogsTest@3c0a50da]"
					name="goToLookerReports" is-config="true" duration-ms="82603"
					started-at="2020-05-04T11:28:37Z" finished-at="2020-05-04T11:29:59Z">
					<reporter-output>
					</reporter-output>
				</test-method> <!-- goToLookerReports -->
				<test-method status="PASS"
					signature="filterFeatureForHuntTypeTest()[pri:14, instance:tests.CallLogsTest@3c0a50da]"
					name="filterFeatureForHuntTypeTest" duration-ms="73501"
					started-at="2020-05-04T11:29:59Z" finished-at="2020-05-04T11:31:13Z">
					<reporter-output>
					</reporter-output>
				</test-method> <!-- filterFeatureForHuntTypeTest -->
				<test-method status="PASS"
					signature="tearDown(org.testng.ITestResult)[pri:0, instance:tests.CallLogsTest@3c0a50da]"
					name="tearDown" is-config="true" duration-ms="501" started-at="2020-05-04T11:31:13Z"
					finished-at="2020-05-04T11:31:13Z">
					<params>
						<param index="0">
							<value>
                <![CDATA[[TestResult name=filterFeatureForHuntTypeTest status=SUCCESS method=CallLogsTest.filterFeatureForHuntTypeTest()[pri:14, instance:tests.CallLogsTest@3c0a50da] output={null}]]]>
							</value>
						</param>
					</params>
					<reporter-output>
					</reporter-output>
				</test-method> <!-- tearDown -->
				<test-method status="PASS"
					signature="filterFeatureForGroupTest()[pri:15, instance:tests.CallLogsTest@3c0a50da]"
					name="filterFeatureForGroupTest" duration-ms="11495" started-at="2020-05-04T11:31:13Z"
					finished-at="2020-05-04T11:31:25Z">
					<reporter-output>
					</reporter-output>
				</test-method> <!-- filterFeatureForGroupTest -->
				<test-method status="PASS"
					signature="tearDown(org.testng.ITestResult)[pri:0, instance:tests.CallLogsTest@3c0a50da]"
					name="tearDown" is-config="true" duration-ms="92" started-at="2020-05-04T11:31:25Z"
					finished-at="2020-05-04T11:31:25Z">
					<params>
						<param index="0">
							<value>
                <![CDATA[[TestResult name=filterFeatureForGroupTest status=SUCCESS method=CallLogsTest.filterFeatureForGroupTest()[pri:15, instance:tests.CallLogsTest@3c0a50da] output={null}]]]>
							</value>
						</param>
					</params>
					<reporter-output>
					</reporter-output>
				</test-method> <!-- tearDown -->
				<test-method status="PASS"
					signature="filterFeatureForCampaignTest()[pri:16, instance:tests.CallLogsTest@3c0a50da]"
					name="filterFeatureForCampaignTest" duration-ms="14687"
					started-at="2020-05-04T11:31:25Z" finished-at="2020-05-04T11:31:39Z">
					<reporter-output>
					</reporter-output>
				</test-method> <!-- filterFeatureForCampaignTest -->
				<test-method status="PASS"
					signature="tearDown(org.testng.ITestResult)[pri:0, instance:tests.CallLogsTest@3c0a50da]"
					name="tearDown" is-config="true" duration-ms="68" started-at="2020-05-04T11:31:39Z"
					finished-at="2020-05-04T11:31:40Z">
					<params>
						<param index="0">
							<value>
                <![CDATA[[TestResult name=filterFeatureForCampaignTest status=SUCCESS method=CallLogsTest.filterFeatureForCampaignTest()[pri:16, instance:tests.CallLogsTest@3c0a50da] output={null}]]]>
							</value>
						</param>
					</params>
					<reporter-output>
					</reporter-output>
				</test-method> <!-- tearDown -->
				<test-method status="PASS"
					signature="goBackToHomePage()[pri:0, instance:tests.CallLogsTest@3c0a50da]"
					name="goBackToHomePage" is-config="true" duration-ms="144632"
					started-at="2020-05-04T11:31:40Z" finished-at="2020-05-04T11:34:04Z">
					<reporter-output>
					</reporter-output>
				</test-method> <!-- goBackToHomePage -->
				<test-method status="PASS"
					signature="tearDown()[pri:0, instance:tests.CallLogsTest@3c0a50da]"
					name="tearDown" is-config="true" duration-ms="919" started-at="2020-05-04T11:34:04Z"
					finished-at="2020-05-04T11:34:05Z">
					<reporter-output>
					</reporter-output>
				</test-method> <!-- tearDown -->
				<test-method status="PASS"
					signature="close_connection()[pri:0, instance:tests.CallLogsTest@3c0a50da]"
					name="close_connection" is-config="true" duration-ms="7611"
					started-at="2020-05-04T11:34:05Z" finished-at="2020-05-04T11:34:13Z">
					<reporter-output>
					</reporter-output>
				</test-method> <!-- close_connection -->
			</class> <!-- tests.CallLogsTest -->
		</test> <!-- chrome test-1 -->
	</suite> <!-- Automation Suite-1 -->
</testng-results>
