<?xml version="1.0" encoding="UTF-8"?>
<testng-results skipped="0" failed="1" ignored="1" total="3" passed="1">
  <reporter-output>
  </reporter-output>
  <suite name="Suite" duration-ms="52923" started-at="2019-11-07T07:53:16Z" finished-at="2019-11-07T07:54:08Z">
    <groups>
    </groups>
    <test name="LoginAndCampaign" duration-ms="52923" started-at="2019-11-07T07:53:16Z" finished-at="2019-11-07T07:54:08Z">
      <class name="tests.ExecuteTests">
        <test-method status="PASS" signature="setUp(java.lang.String, java.lang.String)[pri:0, instance:tests.ExecuteTests@c540f5a]" name="setUp" is-config="true" duration-ms="22392" started-at="2019-11-07T07:53:16Z" finished-at="2019-11-07T07:53:38Z">
          <params>
            <param index="0">
              <value>
                <![CDATA[chrome]]>
              </value>
            </param>
            <param index="1">
              <value>
                <![CDATA[https://stag-7-cmo-1.convirza.com]]>
              </value>
            </param>
          </params>
          <reporter-output>
          </reporter-output>
        </test-method> <!-- setUp -->
        <test-method status="PASS" signature="test1()[pri:1, instance:tests.ExecuteTests@c540f5a]" name="test1" duration-ms="9020" started-at="2019-11-07T07:53:38Z" finished-at="2019-11-07T07:53:47Z">
          <reporter-output>
          </reporter-output>
        </test-method> <!-- test1 -->
        <test-method status="PASS" signature="tearDown(org.testng.ITestResult)[pri:0, instance:tests.ExecuteTests@c540f5a]" name="tearDown" is-config="true" duration-ms="702" started-at="2019-11-07T07:53:47Z" finished-at="2019-11-07T07:53:48Z">
          <params>
            <param index="0">
              <value>
                <![CDATA[[TestResult name=test1 status=SUCCESS method=ExecuteTests.test1()[pri:1, instance:tests.ExecuteTests@c540f5a] output={null}]]]>
              </value>
            </param>
          </params>
          <reporter-output>
          </reporter-output>
        </test-method> <!-- tearDown -->
        <test-method status="FAIL" signature="test2()[pri:2, instance:tests.ExecuteTests@c540f5a]" name="test2" duration-ms="3741" started-at="2019-11-07T07:53:48Z" finished-at="2019-11-07T07:53:51Z">
          <exception class="java.lang.AssertionError">
            <message>
              <![CDATA[The following asserts failed:
 label-- Campaign Name is not displayed expected [true] but found [false],
 label-- Campaign External ID is not displayed expected [true] but found [false],
 label-- Campaign Owner is not displayed expected [true] but found [false],
 label-- Active? is not displayed expected [true] but found [false],
 label-- Start Date and Time (ET) is not displayed expected [true] but found [false],
 label-- End Date and Time (ET) is not displayed expected [true] but found [false],
campaignID_TextBox_placeholder is not displayed expected [campaignID_TextBox_placeholder] but found [Type Campaign External ID (Optional)]]]>
            </message>
            <full-stacktrace>
              <![CDATA[java.lang.AssertionError: The following asserts failed:
 label-- Campaign Name is not displayed expected [true] but found [false],
 label-- Campaign External ID is not displayed expected [true] but found [false],
 label-- Campaign Owner is not displayed expected [true] but found [false],
 label-- Active? is not displayed expected [true] but found [false],
 label-- Start Date and Time (ET) is not displayed expected [true] but found [false],
 label-- End Date and Time (ET) is not displayed expected [true] but found [false],
campaignID_TextBox_placeholder is not displayed expected [campaignID_TextBox_placeholder] but found [Type Campaign External ID (Optional)]
at org.testng.asserts.SoftAssert.assertAll(SoftAssert.java:43)
at pom.campaignBuilderPage.campaignBuilderPageUIVerification(campaignBuilderPage.java:190)
at tests.ExecuteTests.test2(ExecuteTests.java:35)
at sun.reflect.NativeMethodAccessorImpl.invoke0(Native Method)
at sun.reflect.NativeMethodAccessorImpl.invoke(Unknown Source)
at sun.reflect.DelegatingMethodAccessorImpl.invoke(Unknown Source)
at java.lang.reflect.Method.invoke(Unknown Source)
at org.testng.internal.MethodInvocationHelper.invokeMethod(MethodInvocationHelper.java:124)
at org.testng.internal.Invoker.invokeMethod(Invoker.java:580)
at org.testng.internal.Invoker.invokeTestMethod(Invoker.java:716)
at org.testng.internal.Invoker.invokeTestMethods(Invoker.java:988)
at org.testng.internal.TestMethodWorker.invokeTestMethods(TestMethodWorker.java:125)
at org.testng.internal.TestMethodWorker.run(TestMethodWorker.java:109)
at org.testng.TestRunner.privateRun(TestRunner.java:648)
at org.testng.TestRunner.run(TestRunner.java:505)
at org.testng.SuiteRunner.runTest(SuiteRunner.java:455)
at org.testng.SuiteRunner.runSequentially(SuiteRunner.java:450)
at org.testng.SuiteRunner.privateRun(SuiteRunner.java:415)
at org.testng.SuiteRunner.run(SuiteRunner.java:364)
at org.testng.SuiteRunnerWorker.runSuite(SuiteRunnerWorker.java:52)
at org.testng.SuiteRunnerWorker.run(SuiteRunnerWorker.java:84)
at org.testng.TestNG.runSuitesSequentially(TestNG.java:1208)
at org.testng.TestNG.runSuitesLocally(TestNG.java:1137)
at org.testng.TestNG.runSuites(TestNG.java:1049)
at org.testng.TestNG.run(TestNG.java:1017)
at org.testng.remote.AbstractRemoteTestNG.run(AbstractRemoteTestNG.java:114)
at org.testng.remote.RemoteTestNG.initAndRun(RemoteTestNG.java:251)
at org.testng.remote.RemoteTestNG.main(RemoteTestNG.java:77)
]]>
            </full-stacktrace>
          </exception> <!-- java.lang.AssertionError -->
          <reporter-output>
          </reporter-output>
        </test-method> <!-- test2 -->
        <test-method status="PASS" signature="tearDown(org.testng.ITestResult)[pri:0, instance:tests.ExecuteTests@c540f5a]" name="tearDown" is-config="true" duration-ms="16946" started-at="2019-11-07T07:53:51Z" finished-at="2019-11-07T07:54:08Z">
          <params>
            <param index="0">
              <value>
                <![CDATA[[TestResult name=test2 status=FAILURE method=ExecuteTests.test2()[pri:2, instance:tests.ExecuteTests@c540f5a] output={null}]]]>
              </value>
            </param>
          </params>
          <reporter-output>
          </reporter-output>
        </test-method> <!-- tearDown -->
        <test-method status="PASS" signature="tearDown()[pri:0, instance:tests.ExecuteTests@c540f5a]" name="tearDown" is-config="true" duration-ms="101" started-at="2019-11-07T07:54:08Z" finished-at="2019-11-07T07:54:08Z">
          <reporter-output>
          </reporter-output>
        </test-method> <!-- tearDown -->
        <test-method status="PASS" signature="close_connection()[pri:0, instance:tests.ExecuteTests@c540f5a]" name="close_connection" is-config="true" duration-ms="7337" started-at="2019-11-07T07:54:09Z" finished-at="2019-11-07T07:54:16Z">
          <reporter-output>
          </reporter-output>
        </test-method> <!-- close_connection -->
      </class> <!-- tests.ExecuteTests -->
    </test> <!-- LoginAndCampaign -->
  </suite> <!-- Suite -->
</testng-results>
