<?xml version="1.0" encoding="UTF-8"?>
<testng-results skipped="0" failed="1" ignored="0" total="2" passed="1">
  <reporter-output>
  </reporter-output>
  <suite name="Automation Suite-1" duration-ms="149374" started-at="2020-01-16T16:29:55Z" finished-at="2020-01-16T16:32:24Z">
    <groups>
    </groups>
    <test name="chrome test" duration-ms="149374" started-at="2020-01-16T16:29:55Z" finished-at="2020-01-16T16:32:24Z">
      <class name="tests.HomeTest">
        <test-method status="PASS" signature="setUp(java.lang.String, java.lang.String)[pri:0, instance:tests.HomeTest@7bb58ca3]" name="setUp" is-config="true" duration-ms="71399" started-at="2020-01-16T16:29:55Z" finished-at="2020-01-16T16:31:06Z">
          <params>
            <param index="0">
              <value>
                <![CDATA[chrome]]>
              </value>
            </param>
            <param index="1">
              <value>
                <![CDATA[https://stag-5-cmo-1.convirza.com]]>
              </value>
            </param>
          </params>
          <reporter-output>
          </reporter-output>
        </test-method> <!-- setUp -->
        <test-method status="PASS" signature="validLogin()[pri:0, instance:tests.HomeTest@7bb58ca3]" name="validLogin" is-config="true" duration-ms="5209" started-at="2020-01-16T16:31:06Z" finished-at="2020-01-16T16:31:11Z">
          <reporter-output>
          </reporter-output>
        </test-method> <!-- validLogin -->
        <test-method status="PASS" signature="ui_verification()[pri:1, instance:tests.HomeTest@7bb58ca3]" name="ui_verification" duration-ms="45985" started-at="2020-01-16T16:31:11Z" finished-at="2020-01-16T16:31:57Z">
          <reporter-output>
          </reporter-output>
        </test-method> <!-- ui_verification -->
        <test-method status="PASS" signature="tearDown(org.testng.ITestResult)[pri:0, instance:tests.HomeTest@7bb58ca3]" name="tearDown" is-config="true" duration-ms="846" started-at="2020-01-16T16:31:57Z" finished-at="2020-01-16T16:31:58Z">
          <params>
            <param index="0">
              <value>
                <![CDATA[[TestResult name=ui_verification status=SUCCESS method=HomeTest.ui_verification()[pri:1, instance:tests.HomeTest@7bb58ca3] output={null}]]]>
              </value>
            </param>
          </params>
          <reporter-output>
          </reporter-output>
        </test-method> <!-- tearDown -->
        <test-method status="FAIL" signature="count_verification_UI()[pri:2, instance:tests.HomeTest@7bb58ca3]" name="count_verification_UI" duration-ms="7897" started-at="2020-01-16T16:31:58Z" finished-at="2020-01-16T16:32:06Z">
          <exception class="java.lang.AssertionError">
            <message>
              <![CDATA[The following asserts failed:
conversion rate is incorrect.. expected [true] but found [false]]]>
            </message>
            <full-stacktrace>
              <![CDATA[java.lang.AssertionError: The following asserts failed:
conversion rate is incorrect.. expected [true] but found [false]
at org.testng.asserts.SoftAssert.assertAll(SoftAssert.java:43)
at pom.HomePage.tilesCount(HomePage.java:403)
at tests.HomeTest.count_verification_UI(HomeTest.java:43)
at sun.reflect.NativeMethodAccessorImpl.invoke0(Native Method)
at sun.reflect.NativeMethodAccessorImpl.invoke(Unknown Source)
at sun.reflect.DelegatingMethodAccessorImpl.invoke(Unknown Source)
at java.lang.reflect.Method.invoke(Unknown Source)
at org.testng.internal.MethodInvocationHelper.invokeMethod(MethodInvocationHelper.java:124)
at org.testng.internal.Invoker.invokeMethod(Invoker.java:580)
at org.testng.internal.Invoker.invokeTestMethod(Invoker.java:716)
at org.testng.internal.Invoker.invokeTestMethods(Invoker.java:988)
at org.testng.internal.TestMethodWorker.invokeTestMethods(TestMethodWorker.java:125)
at org.testng.internal.TestMethodWorker.run(TestMethodWorker.java:109)
at org.testng.TestRunner.privateRun(TestRunner.java:648)
at org.testng.TestRunner.run(TestRunner.java:505)
at org.testng.SuiteRunner.runTest(SuiteRunner.java:455)
at org.testng.SuiteRunner.access$000(SuiteRunner.java:40)
at org.testng.SuiteRunner$SuiteWorker.run(SuiteRunner.java:489)
at org.testng.internal.thread.ThreadUtil$1.call(ThreadUtil.java:52)
at java.util.concurrent.FutureTask.run(Unknown Source)
at java.util.concurrent.ThreadPoolExecutor.runWorker(Unknown Source)
at java.util.concurrent.ThreadPoolExecutor$Worker.run(Unknown Source)
at java.lang.Thread.run(Unknown Source)
]]>
            </full-stacktrace>
          </exception> <!-- java.lang.AssertionError -->
          <reporter-output>
          </reporter-output>
        </test-method> <!-- count_verification_UI -->
        <test-method status="PASS" signature="tearDown(org.testng.ITestResult)[pri:0, instance:tests.HomeTest@7bb58ca3]" name="tearDown" is-config="true" duration-ms="17262" started-at="2020-01-16T16:32:06Z" finished-at="2020-01-16T16:32:23Z">
          <params>
            <param index="0">
              <value>
                <![CDATA[[TestResult name=count_verification_UI status=FAILURE method=HomeTest.count_verification_UI()[pri:2, instance:tests.HomeTest@7bb58ca3] output={null}]]]>
              </value>
            </param>
          </params>
          <reporter-output>
          </reporter-output>
        </test-method> <!-- tearDown -->
        <test-method status="PASS" signature="tearDown()[pri:0, instance:tests.HomeTest@7bb58ca3]" name="tearDown" is-config="true" duration-ms="734" started-at="2020-01-16T16:32:23Z" finished-at="2020-01-16T16:32:24Z">
          <reporter-output>
          </reporter-output>
        </test-method> <!-- tearDown -->
        <test-method status="PASS" signature="close_connection()[pri:0, instance:tests.HomeTest@7bb58ca3]" name="close_connection" is-config="true" duration-ms="8034" started-at="2020-01-16T16:32:24Z" finished-at="2020-01-16T16:32:32Z">
          <reporter-output>
          </reporter-output>
        </test-method> <!-- close_connection -->
      </class> <!-- tests.HomeTest -->
    </test> <!-- chrome test -->
  </suite> <!-- Automation Suite-1 -->
</testng-results>
