<?xml version="1.0" encoding="UTF-8"?>
<testng-results skipped="0" failed="0" total="10" passed="10">
  <reporter-output>
  </reporter-output>
  <suite name="Automation Suite-1" duration-ms="370072" started-at="2020-03-21T14:39:44Z" finished-at="2020-03-21T14:45:54Z">
    <groups>
    </groups>
    <test name="chrome test" duration-ms="370072" started-at="2020-03-21T14:39:44Z" finished-at="2020-03-21T14:45:54Z">
      <class name="tests.CallDetailReportTest">
        <test-method status="PASS" signature="setUp(java.lang.String, java.lang.String)[pri:0, instance:tests.CallDetailReportTest@442675e1]" name="setUp" is-config="true" duration-ms="195456" started-at="2020-03-21T20:09:44Z" finished-at="2020-03-21T20:12:59Z">
          <params>
            <param index="0">
              <value>
                <![CDATA[chrome]]>
              </value>
            </param>
            <param index="1">
              <value>
                <![CDATA[https://stag-5-cmo-1.convirza.com]]>
              </value>
            </param>
          </params>
          <reporter-output>
          </reporter-output>
        </test-method> <!-- setUp -->
        <test-method status="PASS" signature="goToCallDetailsReportPage()[pri:0, instance:tests.CallDetailReportTest@442675e1]" name="goToCallDetailsReportPage" is-config="true" duration-ms="10944" started-at="2020-03-21T20:12:59Z" finished-at="2020-03-21T20:13:10Z">
          <reporter-output>
          </reporter-output>
        </test-method> <!-- goToCallDetailsReportPage -->
        <test-method status="PASS" signature="uiVerification()[pri:1, instance:tests.CallDetailReportTest@442675e1]" name="uiVerification" duration-ms="8406" started-at="2020-03-21T20:13:10Z" finished-at="2020-03-21T20:13:19Z">
          <reporter-output>
          </reporter-output>
        </test-method> <!-- uiVerification -->
        <test-method status="PASS" signature="tearDown(org.testng.ITestResult)[pri:0, instance:tests.CallDetailReportTest@442675e1]" name="tearDown" is-config="true" duration-ms="755" started-at="2020-03-21T20:13:19Z" finished-at="2020-03-21T20:13:19Z">
          <params>
            <param index="0">
              <value>
                <![CDATA[[TestResult name=uiVerification status=SUCCESS method=CallDetailReportTest.uiVerification()[pri:1, instance:tests.CallDetailReportTest@442675e1] output={null}]]]>
              </value>
            </param>
          </params>
          <reporter-output>
          </reporter-output>
        </test-method> <!-- tearDown -->
        <test-method status="PASS" signature="paginationUI()[pri:2, instance:tests.CallDetailReportTest@442675e1]" name="paginationUI" duration-ms="287" started-at="2020-03-21T20:13:19Z" finished-at="2020-03-21T20:13:20Z">
          <reporter-output>
          </reporter-output>
        </test-method> <!-- paginationUI -->
        <test-method status="PASS" signature="tearDown(org.testng.ITestResult)[pri:0, instance:tests.CallDetailReportTest@442675e1]" name="tearDown" is-config="true" duration-ms="170" started-at="2020-03-21T20:13:20Z" finished-at="2020-03-21T20:13:20Z">
          <params>
            <param index="0">
              <value>
                <![CDATA[[TestResult name=paginationUI status=SUCCESS method=CallDetailReportTest.paginationUI()[pri:2, instance:tests.CallDetailReportTest@442675e1] output={null}]]]>
              </value>
            </param>
          </params>
          <reporter-output>
          </reporter-output>
        </test-method> <!-- tearDown -->
        <test-method status="PASS" signature="paginationCount()[pri:3, instance:tests.CallDetailReportTest@442675e1]" name="paginationCount" duration-ms="2567" started-at="2020-03-21T20:13:20Z" finished-at="2020-03-21T20:13:22Z">
          <reporter-output>
          </reporter-output>
        </test-method> <!-- paginationCount -->
        <test-method status="PASS" signature="tearDown(org.testng.ITestResult)[pri:0, instance:tests.CallDetailReportTest@442675e1]" name="tearDown" is-config="true" duration-ms="117" started-at="2020-03-21T20:13:22Z" finished-at="2020-03-21T20:13:23Z">
          <params>
            <param index="0">
              <value>
                <![CDATA[[TestResult name=paginationCount status=SUCCESS method=CallDetailReportTest.paginationCount()[pri:3, instance:tests.CallDetailReportTest@442675e1] output={null}]]]>
              </value>
            </param>
          </params>
          <reporter-output>
          </reporter-output>
        </test-method> <!-- tearDown -->
        <test-method status="PASS" signature="tableCount()[pri:4, instance:tests.CallDetailReportTest@442675e1]" name="tableCount" duration-ms="1347" started-at="2020-03-21T20:13:23Z" finished-at="2020-03-21T20:13:24Z">
          <reporter-output>
          </reporter-output>
        </test-method> <!-- tableCount -->
        <test-method status="PASS" signature="tearDown(org.testng.ITestResult)[pri:0, instance:tests.CallDetailReportTest@442675e1]" name="tearDown" is-config="true" duration-ms="91" started-at="2020-03-21T20:13:24Z" finished-at="2020-03-21T20:13:24Z">
          <params>
            <param index="0">
              <value>
                <![CDATA[[TestResult name=tableCount status=SUCCESS method=CallDetailReportTest.tableCount()[pri:4, instance:tests.CallDetailReportTest@442675e1] output={null}]]]>
              </value>
            </param>
          </params>
          <reporter-output>
          </reporter-output>
        </test-method> <!-- tearDown -->
        <test-method status="PASS" signature="defaultColumnPickerOptions()[pri:5, instance:tests.CallDetailReportTest@442675e1]" name="defaultColumnPickerOptions" duration-ms="24994" started-at="2020-03-21T20:13:24Z" finished-at="2020-03-21T20:13:49Z">
          <reporter-output>
          </reporter-output>
        </test-method> <!-- defaultColumnPickerOptions -->
        <test-method status="PASS" signature="tearDown(org.testng.ITestResult)[pri:0, instance:tests.CallDetailReportTest@442675e1]" name="tearDown" is-config="true" duration-ms="71" started-at="2020-03-21T20:13:49Z" finished-at="2020-03-21T20:13:49Z">
          <params>
            <param index="0">
              <value>
                <![CDATA[[TestResult name=defaultColumnPickerOptions status=SUCCESS method=CallDetailReportTest.defaultColumnPickerOptions()[pri:5, instance:tests.CallDetailReportTest@442675e1] output={null}]]]>
              </value>
            </param>
          </params>
          <reporter-output>
          </reporter-output>
        </test-method> <!-- tearDown -->
        <test-method status="PASS" signature="defaultColumnsDisplayed()[pri:6, instance:tests.CallDetailReportTest@442675e1]" name="defaultColumnsDisplayed" duration-ms="9441" started-at="2020-03-21T20:13:49Z" finished-at="2020-03-21T20:13:59Z">
          <reporter-output>
          </reporter-output>
        </test-method> <!-- defaultColumnsDisplayed -->
        <test-method status="PASS" signature="tearDown(org.testng.ITestResult)[pri:0, instance:tests.CallDetailReportTest@442675e1]" name="tearDown" is-config="true" duration-ms="92" started-at="2020-03-21T20:13:59Z" finished-at="2020-03-21T20:13:59Z">
          <params>
            <param index="0">
              <value>
                <![CDATA[[TestResult name=defaultColumnsDisplayed status=SUCCESS method=CallDetailReportTest.defaultColumnsDisplayed()[pri:6, instance:tests.CallDetailReportTest@442675e1] output={null}]]]>
              </value>
            </param>
          </params>
          <reporter-output>
          </reporter-output>
        </test-method> <!-- tearDown -->
        <test-method status="PASS" signature="allColumnPickerCheckboxesClickable()[pri:7, instance:tests.CallDetailReportTest@442675e1]" name="allColumnPickerCheckboxesClickable" duration-ms="3457" started-at="2020-03-21T20:13:59Z" finished-at="2020-03-21T20:14:02Z">
          <reporter-output>
          </reporter-output>
        </test-method> <!-- allColumnPickerCheckboxesClickable -->
        <test-method status="PASS" signature="tearDown(org.testng.ITestResult)[pri:0, instance:tests.CallDetailReportTest@442675e1]" name="tearDown" is-config="true" duration-ms="82" started-at="2020-03-21T20:14:02Z" finished-at="2020-03-21T20:14:02Z">
          <params>
            <param index="0">
              <value>
                <![CDATA[[TestResult name=allColumnPickerCheckboxesClickable status=SUCCESS method=CallDetailReportTest.allColumnPickerCheckboxesClickable()[pri:7, instance:tests.CallDetailReportTest@442675e1] output={null}]]]>
              </value>
            </param>
          </params>
          <reporter-output>
          </reporter-output>
        </test-method> <!-- tearDown -->
        <test-method status="PASS" signature="columnPickerFeature()[pri:8, instance:tests.CallDetailReportTest@442675e1]" name="columnPickerFeature" duration-ms="44607" started-at="2020-03-21T20:14:02Z" finished-at="2020-03-21T20:14:47Z">
          <reporter-output>
          </reporter-output>
        </test-method> <!-- columnPickerFeature -->
        <test-method status="PASS" signature="tearDown(org.testng.ITestResult)[pri:0, instance:tests.CallDetailReportTest@442675e1]" name="tearDown" is-config="true" duration-ms="64" started-at="2020-03-21T20:14:47Z" finished-at="2020-03-21T20:14:47Z">
          <params>
            <param index="0">
              <value>
                <![CDATA[[TestResult name=columnPickerFeature status=SUCCESS method=CallDetailReportTest.columnPickerFeature()[pri:8, instance:tests.CallDetailReportTest@442675e1] output={null}]]]>
              </value>
            </param>
          </params>
          <reporter-output>
          </reporter-output>
        </test-method> <!-- tearDown -->
        <test-method status="PASS" signature="advancedFilterUI()[pri:9, instance:tests.CallDetailReportTest@442675e1]" name="advancedFilterUI" duration-ms="43112" started-at="2020-03-21T20:14:47Z" finished-at="2020-03-21T20:15:30Z">
          <reporter-output>
          </reporter-output>
        </test-method> <!-- advancedFilterUI -->
        <test-method status="PASS" signature="tearDown(org.testng.ITestResult)[pri:0, instance:tests.CallDetailReportTest@442675e1]" name="tearDown" is-config="true" duration-ms="80" started-at="2020-03-21T20:15:30Z" finished-at="2020-03-21T20:15:30Z">
          <params>
            <param index="0">
              <value>
                <![CDATA[[TestResult name=advancedFilterUI status=SUCCESS method=CallDetailReportTest.advancedFilterUI()[pri:9, instance:tests.CallDetailReportTest@442675e1] output={null}]]]>
              </value>
            </param>
          </params>
          <reporter-output>
          </reporter-output>
        </test-method> <!-- tearDown -->
        <test-method status="PASS" signature="filterForCampaign()[pri:10, instance:tests.CallDetailReportTest@442675e1]" name="filterForCampaign" duration-ms="7873" started-at="2020-03-21T20:15:30Z" finished-at="2020-03-21T20:15:38Z">
          <reporter-output>
          </reporter-output>
        </test-method> <!-- filterForCampaign -->
        <test-method status="PASS" signature="tearDown(org.testng.ITestResult)[pri:0, instance:tests.CallDetailReportTest@442675e1]" name="tearDown" is-config="true" duration-ms="54" started-at="2020-03-21T20:15:38Z" finished-at="2020-03-21T20:15:38Z">
          <params>
            <param index="0">
              <value>
                <![CDATA[[TestResult name=filterForCampaign status=SUCCESS method=CallDetailReportTest.filterForCampaign()[pri:10, instance:tests.CallDetailReportTest@442675e1] output={null}]]]>
              </value>
            </param>
          </params>
          <reporter-output>
          </reporter-output>
        </test-method> <!-- tearDown -->
        <test-method status="PASS" signature="tearDown()[pri:0, instance:tests.CallDetailReportTest@442675e1]" name="tearDown" is-config="true" duration-ms="15952" started-at="2020-03-21T20:15:38Z" finished-at="2020-03-21T20:15:54Z">
          <reporter-output>
          </reporter-output>
        </test-method> <!-- tearDown -->
        <test-method status="PASS" signature="close_connection()[pri:0, instance:tests.CallDetailReportTest@442675e1]" name="close_connection" is-config="true" duration-ms="17432" started-at="2020-03-21T20:15:54Z" finished-at="2020-03-21T20:16:11Z">
          <reporter-output>
          </reporter-output>
        </test-method> <!-- close_connection -->
      </class> <!-- tests.CallDetailReportTest -->
    </test> <!-- chrome test -->
  </suite> <!-- Automation Suite-1 -->
</testng-results>
