<?xml version="1.0" encoding="UTF-8"?>
<testng-results skipped="0" failed="0" total="33" passed="33">
  <reporter-output>
  </reporter-output>
  <suite name="Automation Suite-1" duration-ms="470983" started-at="2020-02-18T14:06:28Z" finished-at="2020-02-18T14:14:19Z">
    <groups>
    </groups>
    <test name="chrome test" duration-ms="470983" started-at="2020-02-18T14:06:28Z" finished-at="2020-02-18T14:14:19Z">
      <class name="tests.LoginTest">
        <test-method status="PASS" signature="setUp(java.lang.String, java.lang.String)[pri:0, instance:tests.LoginTest@49e202ad]" name="setUp" is-config="true" duration-ms="45217" started-at="2020-02-18T19:36:28Z" finished-at="2020-02-18T19:37:13Z">
          <params>
            <param index="0">
              <value>
                <![CDATA[chrome]]>
              </value>
            </param>
            <param index="1">
              <value>
                <![CDATA[https://stag-6-cmo-1.convirza.com]]>
              </value>
            </param>
          </params>
          <reporter-output>
          </reporter-output>
        </test-method> <!-- setUp -->
        <test-method status="PASS" signature="login_page_UI_Verification()[pri:1, instance:tests.LoginTest@49e202ad]" name="login_page_UI_Verification" duration-ms="1460" started-at="2020-02-18T19:37:13Z" finished-at="2020-02-18T19:37:14Z">
          <reporter-output>
          </reporter-output>
        </test-method> <!-- login_page_UI_Verification -->
        <test-method status="PASS" signature="tearDown(org.testng.ITestResult)[pri:0, instance:tests.LoginTest@49e202ad]" name="tearDown" is-config="true" duration-ms="611" started-at="2020-02-18T19:37:14Z" finished-at="2020-02-18T19:37:15Z">
          <params>
            <param index="0">
              <value>
                <![CDATA[[TestResult name=login_page_UI_Verification status=SUCCESS method=LoginTest.login_page_UI_Verification()[pri:1, instance:tests.LoginTest@49e202ad] output={null}]]]>
              </value>
            </param>
          </params>
          <reporter-output>
          </reporter-output>
        </test-method> <!-- tearDown -->
        <test-method status="PASS" signature="login_with_invalidate_cred()[pri:2, instance:tests.LoginTest@49e202ad]" name="login_with_invalidate_cred" duration-ms="2072" started-at="2020-02-18T19:37:15Z" finished-at="2020-02-18T19:37:17Z">
          <reporter-output>
          </reporter-output>
        </test-method> <!-- login_with_invalidate_cred -->
        <test-method status="PASS" signature="tearDown(org.testng.ITestResult)[pri:0, instance:tests.LoginTest@49e202ad]" name="tearDown" is-config="true" duration-ms="167" started-at="2020-02-18T19:37:17Z" finished-at="2020-02-18T19:37:17Z">
          <params>
            <param index="0">
              <value>
                <![CDATA[[TestResult name=login_with_invalidate_cred status=SUCCESS method=LoginTest.login_with_invalidate_cred()[pri:2, instance:tests.LoginTest@49e202ad] output={null}]]]>
              </value>
            </param>
          </params>
          <reporter-output>
          </reporter-output>
        </test-method> <!-- tearDown -->
        <test-method status="PASS" signature="login_with_blank_username()[pri:3, instance:tests.LoginTest@49e202ad]" name="login_with_blank_username" duration-ms="300" started-at="2020-02-18T19:37:17Z" finished-at="2020-02-18T19:37:18Z">
          <reporter-output>
          </reporter-output>
        </test-method> <!-- login_with_blank_username -->
        <test-method status="PASS" signature="tearDown(org.testng.ITestResult)[pri:0, instance:tests.LoginTest@49e202ad]" name="tearDown" is-config="true" duration-ms="85" started-at="2020-02-18T19:37:18Z" finished-at="2020-02-18T19:37:18Z">
          <params>
            <param index="0">
              <value>
                <![CDATA[[TestResult name=login_with_blank_username status=SUCCESS method=LoginTest.login_with_blank_username()[pri:3, instance:tests.LoginTest@49e202ad] output={null}]]]>
              </value>
            </param>
          </params>
          <reporter-output>
          </reporter-output>
        </test-method> <!-- tearDown -->
        <test-method status="PASS" signature="login_with_blank_password()[pri:4, instance:tests.LoginTest@49e202ad]" name="login_with_blank_password" duration-ms="440" started-at="2020-02-18T19:37:18Z" finished-at="2020-02-18T19:37:18Z">
          <reporter-output>
          </reporter-output>
        </test-method> <!-- login_with_blank_password -->
        <test-method status="PASS" signature="tearDown(org.testng.ITestResult)[pri:0, instance:tests.LoginTest@49e202ad]" name="tearDown" is-config="true" duration-ms="124" started-at="2020-02-18T19:37:18Z" finished-at="2020-02-18T19:37:18Z">
          <params>
            <param index="0">
              <value>
                <![CDATA[[TestResult name=login_with_blank_password status=SUCCESS method=LoginTest.login_with_blank_password()[pri:4, instance:tests.LoginTest@49e202ad] output={null}]]]>
              </value>
            </param>
          </params>
          <reporter-output>
          </reporter-output>
        </test-method> <!-- tearDown -->
        <test-method status="PASS" signature="login_with_inactive_user()[pri:5, instance:tests.LoginTest@49e202ad]" name="login_with_inactive_user" duration-ms="650" started-at="2020-02-18T19:37:18Z" finished-at="2020-02-18T19:37:19Z">
          <reporter-output>
          </reporter-output>
        </test-method> <!-- login_with_inactive_user -->
        <test-method status="PASS" signature="tearDown(org.testng.ITestResult)[pri:0, instance:tests.LoginTest@49e202ad]" name="tearDown" is-config="true" duration-ms="126" started-at="2020-02-18T19:37:19Z" finished-at="2020-02-18T19:37:19Z">
          <params>
            <param index="0">
              <value>
                <![CDATA[[TestResult name=login_with_inactive_user status=SUCCESS method=LoginTest.login_with_inactive_user()[pri:5, instance:tests.LoginTest@49e202ad] output={null}]]]>
              </value>
            </param>
          </params>
          <reporter-output>
          </reporter-output>
        </test-method> <!-- tearDown -->
        <test-method status="PASS" signature="login_with_deleted_user()[pri:6, instance:tests.LoginTest@49e202ad]" name="login_with_deleted_user" duration-ms="544" started-at="2020-02-18T19:37:19Z" finished-at="2020-02-18T19:37:20Z">
          <reporter-output>
          </reporter-output>
        </test-method> <!-- login_with_deleted_user -->
        <test-method status="PASS" signature="tearDown(org.testng.ITestResult)[pri:0, instance:tests.LoginTest@49e202ad]" name="tearDown" is-config="true" duration-ms="87" started-at="2020-02-18T19:37:20Z" finished-at="2020-02-18T19:37:20Z">
          <params>
            <param index="0">
              <value>
                <![CDATA[[TestResult name=login_with_deleted_user status=SUCCESS method=LoginTest.login_with_deleted_user()[pri:6, instance:tests.LoginTest@49e202ad] output={null}]]]>
              </value>
            </param>
          </params>
          <reporter-output>
          </reporter-output>
        </test-method> <!-- tearDown -->
        <test-method status="PASS" signature="login_with_blank_username_and_password()[pri:7, instance:tests.LoginTest@49e202ad]" name="login_with_blank_username_and_password" duration-ms="195" started-at="2020-02-18T19:37:20Z" finished-at="2020-02-18T19:37:20Z">
          <reporter-output>
          </reporter-output>
        </test-method> <!-- login_with_blank_username_and_password -->
        <test-method status="PASS" signature="tearDown(org.testng.ITestResult)[pri:0, instance:tests.LoginTest@49e202ad]" name="tearDown" is-config="true" duration-ms="106" started-at="2020-02-18T19:37:20Z" finished-at="2020-02-18T19:37:20Z">
          <params>
            <param index="0">
              <value>
                <![CDATA[[TestResult name=login_with_blank_username_and_password status=SUCCESS method=LoginTest.login_with_blank_username_and_password()[pri:7, instance:tests.LoginTest@49e202ad] output={null}]]]>
              </value>
            </param>
          </params>
          <reporter-output>
          </reporter-output>
        </test-method> <!-- tearDown -->
        <test-method status="PASS" signature="UIVerification_forgot_passowrd_page()[pri:8, instance:tests.LoginTest@49e202ad]" name="UIVerification_forgot_passowrd_page" duration-ms="2735" started-at="2020-02-18T19:37:20Z" finished-at="2020-02-18T19:37:23Z">
          <reporter-output>
          </reporter-output>
        </test-method> <!-- UIVerification_forgot_passowrd_page -->
        <test-method status="PASS" signature="tearDown(org.testng.ITestResult)[pri:0, instance:tests.LoginTest@49e202ad]" name="tearDown" is-config="true" duration-ms="107" started-at="2020-02-18T19:37:23Z" finished-at="2020-02-18T19:37:23Z">
          <params>
            <param index="0">
              <value>
                <![CDATA[[TestResult name=UIVerification_forgot_passowrd_page status=SUCCESS method=LoginTest.UIVerification_forgot_passowrd_page()[pri:8, instance:tests.LoginTest@49e202ad] output={null}]]]>
              </value>
            </param>
          </params>
          <reporter-output>
          </reporter-output>
        </test-method> <!-- tearDown -->
        <test-method status="PASS" signature="next_button_with_no_email_ID()[pri:9, instance:tests.LoginTest@49e202ad]" name="next_button_with_no_email_ID" duration-ms="398" started-at="2020-02-18T19:37:23Z" finished-at="2020-02-18T19:37:23Z">
          <reporter-output>
          </reporter-output>
        </test-method> <!-- next_button_with_no_email_ID -->
        <test-method status="PASS" signature="tearDown(org.testng.ITestResult)[pri:0, instance:tests.LoginTest@49e202ad]" name="tearDown" is-config="true" duration-ms="281" started-at="2020-02-18T19:37:23Z" finished-at="2020-02-18T19:37:23Z">
          <params>
            <param index="0">
              <value>
                <![CDATA[[TestResult name=next_button_with_no_email_ID status=SUCCESS method=LoginTest.next_button_with_no_email_ID()[pri:9, instance:tests.LoginTest@49e202ad] output={null}]]]>
              </value>
            </param>
          </params>
          <reporter-output>
          </reporter-output>
        </test-method> <!-- tearDown -->
        <test-method status="PASS" signature="reset_password()[pri:10, instance:tests.LoginTest@49e202ad]" name="reset_password" duration-ms="1197" started-at="2020-02-18T19:37:23Z" finished-at="2020-02-18T19:37:25Z">
          <reporter-output>
          </reporter-output>
        </test-method> <!-- reset_password -->
        <test-method status="PASS" signature="tearDown(org.testng.ITestResult)[pri:0, instance:tests.LoginTest@49e202ad]" name="tearDown" is-config="true" duration-ms="199" started-at="2020-02-18T19:37:25Z" finished-at="2020-02-18T19:37:25Z">
          <params>
            <param index="0">
              <value>
                <![CDATA[[TestResult name=reset_password status=SUCCESS method=LoginTest.reset_password()[pri:10, instance:tests.LoginTest@49e202ad] output={null}]]]>
              </value>
            </param>
          </params>
          <reporter-output>
          </reporter-output>
        </test-method> <!-- tearDown -->
        <test-method status="PASS" signature="rememeber_me_functinonality()[pri:11, instance:tests.LoginTest@49e202ad]" name="rememeber_me_functinonality" duration-ms="7144" started-at="2020-02-18T19:37:25Z" finished-at="2020-02-18T19:37:32Z">
          <reporter-output>
          </reporter-output>
        </test-method> <!-- rememeber_me_functinonality -->
        <test-method status="PASS" signature="tearDown(org.testng.ITestResult)[pri:0, instance:tests.LoginTest@49e202ad]" name="tearDown" is-config="true" duration-ms="108" started-at="2020-02-18T19:37:32Z" finished-at="2020-02-18T19:37:32Z">
          <params>
            <param index="0">
              <value>
                <![CDATA[[TestResult name=rememeber_me_functinonality status=SUCCESS method=LoginTest.rememeber_me_functinonality()[pri:11, instance:tests.LoginTest@49e202ad] output={null}]]]>
              </value>
            </param>
          </params>
          <reporter-output>
          </reporter-output>
        </test-method> <!-- tearDown -->
        <test-method status="PASS" signature="validLogin()[pri:12, instance:tests.LoginTest@49e202ad]" name="validLogin" duration-ms="1826" started-at="2020-02-18T19:37:32Z" finished-at="2020-02-18T19:37:34Z">
          <reporter-output>
          </reporter-output>
        </test-method> <!-- validLogin -->
        <test-method status="PASS" signature="tearDown(org.testng.ITestResult)[pri:0, instance:tests.LoginTest@49e202ad]" name="tearDown" is-config="true" duration-ms="123" started-at="2020-02-18T19:37:34Z" finished-at="2020-02-18T19:37:34Z">
          <params>
            <param index="0">
              <value>
                <![CDATA[[TestResult name=validLogin status=SUCCESS method=LoginTest.validLogin()[pri:12, instance:tests.LoginTest@49e202ad] output={null}]]]>
              </value>
            </param>
          </params>
          <reporter-output>
          </reporter-output>
        </test-method> <!-- tearDown -->
        <test-method status="PASS" signature="tearDown()[pri:0, instance:tests.LoginTest@49e202ad]" name="tearDown" is-config="true" duration-ms="4467" started-at="2020-02-18T19:37:34Z" finished-at="2020-02-18T19:37:39Z">
          <reporter-output>
          </reporter-output>
        </test-method> <!-- tearDown -->
        <test-method status="PASS" signature="close_connection()[pri:0, instance:tests.LoginTest@49e202ad]" name="close_connection" is-config="true" duration-ms="8103" started-at="2020-02-18T19:44:19Z" finished-at="2020-02-18T19:44:27Z">
          <reporter-output>
          </reporter-output>
        </test-method> <!-- close_connection -->
      </class> <!-- tests.LoginTest -->
      <class name="tests.CampaignTests">
        <test-method status="PASS" signature="goToCampaignPage()[pri:0, instance:tests.CampaignTests@3d3fcdb0]" name="goToCampaignPage" is-config="true" duration-ms="3158" started-at="2020-02-18T19:39:35Z" finished-at="2020-02-18T19:39:38Z">
          <reporter-output>
          </reporter-output>
        </test-method> <!-- goToCampaignPage -->
        <test-method status="PASS" signature="campaignBuilderPage_UI_Verification()[pri:1, instance:tests.CampaignTests@3d3fcdb0]" name="campaignBuilderPage_UI_Verification" duration-ms="7307" started-at="2020-02-18T19:39:38Z" finished-at="2020-02-18T19:39:46Z">
          <reporter-output>
          </reporter-output>
        </test-method> <!-- campaignBuilderPage_UI_Verification -->
        <test-method status="PASS" signature="tearDown(org.testng.ITestResult)[pri:0, instance:tests.CampaignTests@3d3fcdb0]" name="tearDown" is-config="true" duration-ms="99" started-at="2020-02-18T19:39:46Z" finished-at="2020-02-18T19:39:46Z">
          <params>
            <param index="0">
              <value>
                <![CDATA[[TestResult name=campaignBuilderPage_UI_Verification status=SUCCESS method=CampaignTests.campaignBuilderPage_UI_Verification()[pri:1, instance:tests.CampaignTests@3d3fcdb0] output={null}]]]>
              </value>
            </param>
          </params>
          <reporter-output>
          </reporter-output>
        </test-method> <!-- tearDown -->
        <test-method status="PASS" signature="defaultCampaignOwnerValidation()[pri:2, instance:tests.CampaignTests@3d3fcdb0]" name="defaultCampaignOwnerValidation" duration-ms="6300" started-at="2020-02-18T19:39:46Z" finished-at="2020-02-18T19:39:52Z">
          <reporter-output>
          </reporter-output>
        </test-method> <!-- defaultCampaignOwnerValidation -->
        <test-method status="PASS" signature="tearDown(org.testng.ITestResult)[pri:0, instance:tests.CampaignTests@3d3fcdb0]" name="tearDown" is-config="true" duration-ms="159" started-at="2020-02-18T19:39:52Z" finished-at="2020-02-18T19:39:52Z">
          <params>
            <param index="0">
              <value>
                <![CDATA[[TestResult name=defaultCampaignOwnerValidation status=SUCCESS method=CampaignTests.defaultCampaignOwnerValidation()[pri:2, instance:tests.CampaignTests@3d3fcdb0] output={null}]]]>
              </value>
            </param>
          </params>
          <reporter-output>
          </reporter-output>
        </test-method> <!-- tearDown -->
        <test-method status="PASS" signature="campaign_Creation_Without_externalID()[pri:3, instance:tests.CampaignTests@3d3fcdb0]" name="campaign_Creation_Without_externalID" duration-ms="12163" started-at="2020-02-18T19:39:52Z" finished-at="2020-02-18T19:40:04Z">
          <reporter-output>
          </reporter-output>
        </test-method> <!-- campaign_Creation_Without_externalID -->
        <test-method status="PASS" signature="tearDown(org.testng.ITestResult)[pri:0, instance:tests.CampaignTests@3d3fcdb0]" name="tearDown" is-config="true" duration-ms="82" started-at="2020-02-18T19:40:04Z" finished-at="2020-02-18T19:40:05Z">
          <params>
            <param index="0">
              <value>
                <![CDATA[[TestResult name=campaign_Creation_Without_externalID status=SUCCESS method=CampaignTests.campaign_Creation_Without_externalID()[pri:3, instance:tests.CampaignTests@3d3fcdb0] output={null}]]]>
              </value>
            </param>
          </params>
          <reporter-output>
          </reporter-output>
        </test-method> <!-- tearDown -->
        <test-method status="PASS" signature="campaign_updation_Without_externalID()[pri:4, instance:tests.CampaignTests@3d3fcdb0]" name="campaign_updation_Without_externalID" duration-ms="16091" started-at="2020-02-18T19:40:05Z" finished-at="2020-02-18T19:40:21Z">
          <reporter-output>
          </reporter-output>
        </test-method> <!-- campaign_updation_Without_externalID -->
        <test-method status="PASS" signature="tearDown(org.testng.ITestResult)[pri:0, instance:tests.CampaignTests@3d3fcdb0]" name="tearDown" is-config="true" duration-ms="115" started-at="2020-02-18T19:40:21Z" finished-at="2020-02-18T19:40:21Z">
          <params>
            <param index="0">
              <value>
                <![CDATA[[TestResult name=campaign_updation_Without_externalID status=SUCCESS method=CampaignTests.campaign_updation_Without_externalID()[pri:4, instance:tests.CampaignTests@3d3fcdb0] output={null}]]]>
              </value>
            </param>
          </params>
          <reporter-output>
          </reporter-output>
        </test-method> <!-- tearDown -->
        <test-method status="PASS" signature="campaign_deletion_Without_externalID()[pri:5, instance:tests.CampaignTests@3d3fcdb0]" name="campaign_deletion_Without_externalID" duration-ms="4351" started-at="2020-02-18T19:40:21Z" finished-at="2020-02-18T19:40:25Z">
          <reporter-output>
          </reporter-output>
        </test-method> <!-- campaign_deletion_Without_externalID -->
        <test-method status="PASS" signature="tearDown(org.testng.ITestResult)[pri:0, instance:tests.CampaignTests@3d3fcdb0]" name="tearDown" is-config="true" duration-ms="95" started-at="2020-02-18T19:40:25Z" finished-at="2020-02-18T19:40:25Z">
          <params>
            <param index="0">
              <value>
                <![CDATA[[TestResult name=campaign_deletion_Without_externalID status=SUCCESS method=CampaignTests.campaign_deletion_Without_externalID()[pri:5, instance:tests.CampaignTests@3d3fcdb0] output={null}]]]>
              </value>
            </param>
          </params>
          <reporter-output>
          </reporter-output>
        </test-method> <!-- tearDown -->
        <test-method status="PASS" signature="campaign_Creation_With_externalID()[pri:6, instance:tests.CampaignTests@3d3fcdb0]" name="campaign_Creation_With_externalID" duration-ms="13352" started-at="2020-02-18T19:40:25Z" finished-at="2020-02-18T19:40:39Z">
          <reporter-output>
          </reporter-output>
        </test-method> <!-- campaign_Creation_With_externalID -->
        <test-method status="PASS" signature="tearDown(org.testng.ITestResult)[pri:0, instance:tests.CampaignTests@3d3fcdb0]" name="tearDown" is-config="true" duration-ms="83" started-at="2020-02-18T19:40:39Z" finished-at="2020-02-18T19:40:39Z">
          <params>
            <param index="0">
              <value>
                <![CDATA[[TestResult name=campaign_Creation_With_externalID status=SUCCESS method=CampaignTests.campaign_Creation_With_externalID()[pri:6, instance:tests.CampaignTests@3d3fcdb0] output={null}]]]>
              </value>
            </param>
          </params>
          <reporter-output>
          </reporter-output>
        </test-method> <!-- tearDown -->
        <test-method status="PASS" signature="campaign_updation_With_externalID()[pri:7, instance:tests.CampaignTests@3d3fcdb0]" name="campaign_updation_With_externalID" duration-ms="11474" started-at="2020-02-18T19:40:39Z" finished-at="2020-02-18T19:40:50Z">
          <reporter-output>
          </reporter-output>
        </test-method> <!-- campaign_updation_With_externalID -->
        <test-method status="PASS" signature="tearDown(org.testng.ITestResult)[pri:0, instance:tests.CampaignTests@3d3fcdb0]" name="tearDown" is-config="true" duration-ms="89" started-at="2020-02-18T19:40:50Z" finished-at="2020-02-18T19:40:50Z">
          <params>
            <param index="0">
              <value>
                <![CDATA[[TestResult name=campaign_updation_With_externalID status=SUCCESS method=CampaignTests.campaign_updation_With_externalID()[pri:7, instance:tests.CampaignTests@3d3fcdb0] output={null}]]]>
              </value>
            </param>
          </params>
          <reporter-output>
          </reporter-output>
        </test-method> <!-- tearDown -->
        <test-method status="PASS" signature="campaign_deletion_With_externalID()[pri:8, instance:tests.CampaignTests@3d3fcdb0]" name="campaign_deletion_With_externalID" duration-ms="4837" started-at="2020-02-18T19:40:50Z" finished-at="2020-02-18T19:40:55Z">
          <reporter-output>
          </reporter-output>
        </test-method> <!-- campaign_deletion_With_externalID -->
        <test-method status="PASS" signature="tearDown(org.testng.ITestResult)[pri:0, instance:tests.CampaignTests@3d3fcdb0]" name="tearDown" is-config="true" duration-ms="80" started-at="2020-02-18T19:40:55Z" finished-at="2020-02-18T19:40:55Z">
          <params>
            <param index="0">
              <value>
                <![CDATA[[TestResult name=campaign_deletion_With_externalID status=SUCCESS method=CampaignTests.campaign_deletion_With_externalID()[pri:8, instance:tests.CampaignTests@3d3fcdb0] output={null}]]]>
              </value>
            </param>
          </params>
          <reporter-output>
          </reporter-output>
        </test-method> <!-- tearDown -->
        <test-method status="PASS" signature="createCampaignWithFutureStartDateAndNeverEndDate()[pri:9, instance:tests.CampaignTests@3d3fcdb0]" name="createCampaignWithFutureStartDateAndNeverEndDate" duration-ms="13137" started-at="2020-02-18T19:40:55Z" finished-at="2020-02-18T19:41:08Z">
          <reporter-output>
          </reporter-output>
        </test-method> <!-- createCampaignWithFutureStartDateAndNeverEndDate -->
        <test-method status="PASS" signature="tearDown(org.testng.ITestResult)[pri:0, instance:tests.CampaignTests@3d3fcdb0]" name="tearDown" is-config="true" duration-ms="80" started-at="2020-02-18T19:41:08Z" finished-at="2020-02-18T19:41:08Z">
          <params>
            <param index="0">
              <value>
                <![CDATA[[TestResult name=createCampaignWithFutureStartDateAndNeverEndDate status=SUCCESS method=CampaignTests.createCampaignWithFutureStartDateAndNeverEndDate()[pri:9, instance:tests.CampaignTests@3d3fcdb0] output={null}]]]>
              </value>
            </param>
          </params>
          <reporter-output>
          </reporter-output>
        </test-method> <!-- tearDown -->
        <test-method status="PASS" signature="updateCampaignWithFutureStartDateAndNeverEndDate()[pri:10, instance:tests.CampaignTests@3d3fcdb0]" name="updateCampaignWithFutureStartDateAndNeverEndDate" duration-ms="12443" started-at="2020-02-18T19:41:08Z" finished-at="2020-02-18T19:41:21Z">
          <reporter-output>
          </reporter-output>
        </test-method> <!-- updateCampaignWithFutureStartDateAndNeverEndDate -->
        <test-method status="PASS" signature="tearDown(org.testng.ITestResult)[pri:0, instance:tests.CampaignTests@3d3fcdb0]" name="tearDown" is-config="true" duration-ms="82" started-at="2020-02-18T19:41:21Z" finished-at="2020-02-18T19:41:21Z">
          <params>
            <param index="0">
              <value>
                <![CDATA[[TestResult name=updateCampaignWithFutureStartDateAndNeverEndDate status=SUCCESS method=CampaignTests.updateCampaignWithFutureStartDateAndNeverEndDate()[pri:10, instance:tests.CampaignTests@3d3fcdb0] output={null}]]]>
              </value>
            </param>
          </params>
          <reporter-output>
          </reporter-output>
        </test-method> <!-- tearDown -->
        <test-method status="PASS" signature="campaign_deletion_With_futureStartDate()[pri:11, instance:tests.CampaignTests@3d3fcdb0]" name="campaign_deletion_With_futureStartDate" duration-ms="4072" started-at="2020-02-18T19:41:21Z" finished-at="2020-02-18T19:41:25Z">
          <reporter-output>
          </reporter-output>
        </test-method> <!-- campaign_deletion_With_futureStartDate -->
        <test-method status="PASS" signature="tearDown(org.testng.ITestResult)[pri:0, instance:tests.CampaignTests@3d3fcdb0]" name="tearDown" is-config="true" duration-ms="82" started-at="2020-02-18T19:41:25Z" finished-at="2020-02-18T19:41:25Z">
          <params>
            <param index="0">
              <value>
                <![CDATA[[TestResult name=campaign_deletion_With_futureStartDate status=SUCCESS method=CampaignTests.campaign_deletion_With_futureStartDate()[pri:11, instance:tests.CampaignTests@3d3fcdb0] output={null}]]]>
              </value>
            </param>
          </params>
          <reporter-output>
          </reporter-output>
        </test-method> <!-- tearDown -->
        <test-method status="PASS" signature="createCampaignWithFutureStartDateAndFutureEndDate()[pri:12, instance:tests.CampaignTests@3d3fcdb0]" name="createCampaignWithFutureStartDateAndFutureEndDate" duration-ms="13799" started-at="2020-02-18T19:41:25Z" finished-at="2020-02-18T19:41:39Z">
          <reporter-output>
          </reporter-output>
        </test-method> <!-- createCampaignWithFutureStartDateAndFutureEndDate -->
        <test-method status="PASS" signature="tearDown(org.testng.ITestResult)[pri:0, instance:tests.CampaignTests@3d3fcdb0]" name="tearDown" is-config="true" duration-ms="79" started-at="2020-02-18T19:41:39Z" finished-at="2020-02-18T19:41:39Z">
          <params>
            <param index="0">
              <value>
                <![CDATA[[TestResult name=createCampaignWithFutureStartDateAndFutureEndDate status=SUCCESS method=CampaignTests.createCampaignWithFutureStartDateAndFutureEndDate()[pri:12, instance:tests.CampaignTests@3d3fcdb0] output={null}]]]>
              </value>
            </param>
          </params>
          <reporter-output>
          </reporter-output>
        </test-method> <!-- tearDown -->
        <test-method status="PASS" signature="updateCampaignWithFutureStartDateAndFutureEndDate()[pri:13, instance:tests.CampaignTests@3d3fcdb0]" name="updateCampaignWithFutureStartDateAndFutureEndDate" duration-ms="14078" started-at="2020-02-18T19:41:39Z" finished-at="2020-02-18T19:41:53Z">
          <reporter-output>
          </reporter-output>
        </test-method> <!-- updateCampaignWithFutureStartDateAndFutureEndDate -->
        <test-method status="PASS" signature="tearDown(org.testng.ITestResult)[pri:0, instance:tests.CampaignTests@3d3fcdb0]" name="tearDown" is-config="true" duration-ms="73" started-at="2020-02-18T19:41:53Z" finished-at="2020-02-18T19:41:53Z">
          <params>
            <param index="0">
              <value>
                <![CDATA[[TestResult name=updateCampaignWithFutureStartDateAndFutureEndDate status=SUCCESS method=CampaignTests.updateCampaignWithFutureStartDateAndFutureEndDate()[pri:13, instance:tests.CampaignTests@3d3fcdb0] output={null}]]]>
              </value>
            </param>
          </params>
          <reporter-output>
          </reporter-output>
        </test-method> <!-- tearDown -->
        <test-method status="PASS" signature="campaign_deletion_With_futureStartDateAndFutureEndDate()[pri:14, instance:tests.CampaignTests@3d3fcdb0]" name="campaign_deletion_With_futureStartDateAndFutureEndDate" duration-ms="4115" started-at="2020-02-18T19:41:53Z" finished-at="2020-02-18T19:41:57Z">
          <reporter-output>
          </reporter-output>
        </test-method> <!-- campaign_deletion_With_futureStartDateAndFutureEndDate -->
        <test-method status="PASS" signature="tearDown(org.testng.ITestResult)[pri:0, instance:tests.CampaignTests@3d3fcdb0]" name="tearDown" is-config="true" duration-ms="71" started-at="2020-02-18T19:41:57Z" finished-at="2020-02-18T19:41:57Z">
          <params>
            <param index="0">
              <value>
                <![CDATA[[TestResult name=campaign_deletion_With_futureStartDateAndFutureEndDate status=SUCCESS method=CampaignTests.campaign_deletion_With_futureStartDateAndFutureEndDate()[pri:14, instance:tests.CampaignTests@3d3fcdb0] output={null}]]]>
              </value>
            </param>
          </params>
          <reporter-output>
          </reporter-output>
        </test-method> <!-- tearDown -->
        <test-method status="PASS" signature="createCampaignWithPastTime()[pri:15, instance:tests.CampaignTests@3d3fcdb0]" name="createCampaignWithPastTime" duration-ms="8568" started-at="2020-02-18T19:41:57Z" finished-at="2020-02-18T19:42:06Z">
          <reporter-output>
          </reporter-output>
        </test-method> <!-- createCampaignWithPastTime -->
        <test-method status="PASS" signature="tearDown(org.testng.ITestResult)[pri:0, instance:tests.CampaignTests@3d3fcdb0]" name="tearDown" is-config="true" duration-ms="75" started-at="2020-02-18T19:42:06Z" finished-at="2020-02-18T19:42:06Z">
          <params>
            <param index="0">
              <value>
                <![CDATA[[TestResult name=createCampaignWithPastTime status=SUCCESS method=CampaignTests.createCampaignWithPastTime()[pri:15, instance:tests.CampaignTests@3d3fcdb0] output={null}]]]>
              </value>
            </param>
          </params>
          <reporter-output>
          </reporter-output>
        </test-method> <!-- tearDown -->
        <test-method status="PASS" signature="goToHomePage()[pri:0, instance:tests.CampaignTests@3d3fcdb0]" name="goToHomePage" is-config="true" duration-ms="6122" started-at="2020-02-18T19:42:06Z" finished-at="2020-02-18T19:42:12Z">
          <reporter-output>
          </reporter-output>
        </test-method> <!-- goToHomePage -->
      </class> <!-- tests.CampaignTests -->
      <class name="tests.HomeTest">
        <test-method status="PASS" signature="validLogin()[pri:0, instance:tests.HomeTest@1c72da34]" name="validLogin" is-config="true" duration-ms="1887" started-at="2020-02-18T19:37:39Z" finished-at="2020-02-18T19:37:40Z">
          <reporter-output>
          </reporter-output>
        </test-method> <!-- validLogin -->
        <test-method status="PASS" signature="ui_verification()[pri:1, instance:tests.HomeTest@1c72da34]" name="ui_verification" duration-ms="9809" started-at="2020-02-18T19:37:40Z" finished-at="2020-02-18T19:37:50Z">
          <reporter-output>
          </reporter-output>
        </test-method> <!-- ui_verification -->
        <test-method status="PASS" signature="tearDown(org.testng.ITestResult)[pri:0, instance:tests.HomeTest@1c72da34]" name="tearDown" is-config="true" duration-ms="103" started-at="2020-02-18T19:37:50Z" finished-at="2020-02-18T19:37:50Z">
          <params>
            <param index="0">
              <value>
                <![CDATA[[TestResult name=ui_verification status=SUCCESS method=HomeTest.ui_verification()[pri:1, instance:tests.HomeTest@1c72da34] output={null}]]]>
              </value>
            </param>
          </params>
          <reporter-output>
          </reporter-output>
        </test-method> <!-- tearDown -->
        <test-method status="PASS" signature="tiles_count_verification_UI()[pri:2, instance:tests.HomeTest@1c72da34]" name="tiles_count_verification_UI" duration-ms="7401" started-at="2020-02-18T19:37:50Z" finished-at="2020-02-18T19:37:58Z">
          <reporter-output>
          </reporter-output>
        </test-method> <!-- tiles_count_verification_UI -->
        <test-method status="PASS" signature="tearDown(org.testng.ITestResult)[pri:0, instance:tests.HomeTest@1c72da34]" name="tearDown" is-config="true" duration-ms="99" started-at="2020-02-18T19:37:58Z" finished-at="2020-02-18T19:37:58Z">
          <params>
            <param index="0">
              <value>
                <![CDATA[[TestResult name=tiles_count_verification_UI status=SUCCESS method=HomeTest.tiles_count_verification_UI()[pri:2, instance:tests.HomeTest@1c72da34] output={null}]]]>
              </value>
            </param>
          </params>
          <reporter-output>
          </reporter-output>
        </test-method> <!-- tearDown -->
        <test-method status="PASS" signature="tearDown()[pri:0, instance:tests.HomeTest@1c72da34]" name="tearDown" is-config="true" duration-ms="3682" started-at="2020-02-18T19:37:58Z" finished-at="2020-02-18T19:38:02Z">
          <reporter-output>
          </reporter-output>
        </test-method> <!-- tearDown -->
      </class> <!-- tests.HomeTest -->
      <class name="tests.CamapignUIVerificationTest">
        <test-method status="PASS" signature="goToCampaignPage()[pri:0, instance:tests.CamapignUIVerificationTest@6b0c2d26]" name="goToCampaignPage" is-config="true" duration-ms="3667" started-at="2020-02-18T19:38:02Z" finished-at="2020-02-18T19:38:05Z">
          <reporter-output>
          </reporter-output>
        </test-method> <!-- goToCampaignPage -->
        <test-method status="PASS" signature="CampaignAndTrackingNumberPage_UI_Verification()[pri:1, instance:tests.CamapignUIVerificationTest@6b0c2d26]" name="CampaignAndTrackingNumberPage_UI_Verification" duration-ms="7348" started-at="2020-02-18T19:38:05Z" finished-at="2020-02-18T19:38:13Z">
          <reporter-output>
          </reporter-output>
        </test-method> <!-- CampaignAndTrackingNumberPage_UI_Verification -->
        <test-method status="PASS" signature="tearDown(org.testng.ITestResult)[pri:0, instance:tests.CamapignUIVerificationTest@6b0c2d26]" name="tearDown" is-config="true" duration-ms="106" started-at="2020-02-18T19:38:13Z" finished-at="2020-02-18T19:38:13Z">
          <params>
            <param index="0">
              <value>
                <![CDATA[[TestResult name=CampaignAndTrackingNumberPage_UI_Verification status=SUCCESS method=CamapignUIVerificationTest.CampaignAndTrackingNumberPage_UI_Verification()[pri:1, instance:tests.CamapignUIVerificationTest@6b0c2d26] output={null}]]]>
              </value>
            </param>
          </params>
          <reporter-output>
          </reporter-output>
        </test-method> <!-- tearDown -->
        <test-method status="PASS" signature="defaultColumnsDisplayed()[pri:2, instance:tests.CamapignUIVerificationTest@6b0c2d26]" name="defaultColumnsDisplayed" duration-ms="8253" started-at="2020-02-18T19:38:13Z" finished-at="2020-02-18T19:38:21Z">
          <reporter-output>
          </reporter-output>
        </test-method> <!-- defaultColumnsDisplayed -->
        <test-method status="PASS" signature="tearDown(org.testng.ITestResult)[pri:0, instance:tests.CamapignUIVerificationTest@6b0c2d26]" name="tearDown" is-config="true" duration-ms="119" started-at="2020-02-18T19:38:21Z" finished-at="2020-02-18T19:38:21Z">
          <params>
            <param index="0">
              <value>
                <![CDATA[[TestResult name=defaultColumnsDisplayed status=SUCCESS method=CamapignUIVerificationTest.defaultColumnsDisplayed()[pri:2, instance:tests.CamapignUIVerificationTest@6b0c2d26] output={null}]]]>
              </value>
            </param>
          </params>
          <reporter-output>
          </reporter-output>
        </test-method> <!-- tearDown -->
        <test-method status="PASS" signature="allColumnsDisplayed()[pri:3, instance:tests.CamapignUIVerificationTest@6b0c2d26]" name="allColumnsDisplayed" duration-ms="68513" started-at="2020-02-18T19:38:21Z" finished-at="2020-02-18T19:39:30Z">
          <reporter-output>
          </reporter-output>
        </test-method> <!-- allColumnsDisplayed -->
        <test-method status="PASS" signature="tearDown(org.testng.ITestResult)[pri:0, instance:tests.CamapignUIVerificationTest@6b0c2d26]" name="tearDown" is-config="true" duration-ms="106" started-at="2020-02-18T19:39:30Z" finished-at="2020-02-18T19:39:30Z">
          <params>
            <param index="0">
              <value>
                <![CDATA[[TestResult name=allColumnsDisplayed status=SUCCESS method=CamapignUIVerificationTest.allColumnsDisplayed()[pri:3, instance:tests.CamapignUIVerificationTest@6b0c2d26] output={null}]]]>
              </value>
            </param>
          </params>
          <reporter-output>
          </reporter-output>
        </test-method> <!-- tearDown -->
        <test-method status="PASS" signature="goToHomePage()[pri:0, instance:tests.CamapignUIVerificationTest@6b0c2d26]" name="goToHomePage" is-config="true" duration-ms="5615" started-at="2020-02-18T19:39:30Z" finished-at="2020-02-18T19:39:35Z">
          <reporter-output>
          </reporter-output>
        </test-method> <!-- goToHomePage -->
        <test-method status="PASS" signature="tearDown()[pri:0, instance:tests.CamapignUIVerificationTest@6b0c2d26]" name="tearDown" is-config="true" duration-ms="889" started-at="2020-02-18T19:44:18Z" finished-at="2020-02-18T19:44:19Z">
          <reporter-output>
          </reporter-output>
        </test-method> <!-- tearDown -->
      </class> <!-- tests.CamapignUIVerificationTest -->
      <class name="tests.TrackingNumberTest">
        <test-method status="PASS" signature="goToCampaignPage()[pri:0, instance:tests.TrackingNumberTest@641147d0]" name="goToCampaignPage" is-config="true" duration-ms="3767" started-at="2020-02-18T19:42:12Z" finished-at="2020-02-18T19:42:16Z">
          <reporter-output>
          </reporter-output>
        </test-method> <!-- goToCampaignPage -->
        <test-method status="PASS" signature="trakingNumberPageUIVerification()[pri:1, instance:tests.TrackingNumberTest@641147d0]" name="trakingNumberPageUIVerification" duration-ms="121965" started-at="2020-02-18T19:42:16Z" finished-at="2020-02-18T19:44:18Z">
          <reporter-output>
          </reporter-output>
        </test-method> <!-- trakingNumberPageUIVerification -->
        <test-method status="PASS" signature="tearDown(org.testng.ITestResult)[pri:0, instance:tests.TrackingNumberTest@641147d0]" name="tearDown" is-config="true" duration-ms="80" started-at="2020-02-18T19:44:18Z" finished-at="2020-02-18T19:44:18Z">
          <params>
            <param index="0">
              <value>
                <![CDATA[[TestResult name=trakingNumberPageUIVerification status=SUCCESS method=TrackingNumberTest.trakingNumberPageUIVerification()[pri:1, instance:tests.TrackingNumberTest@641147d0] output={null}]]]>
              </value>
            </param>
          </params>
          <reporter-output>
          </reporter-output>
        </test-method> <!-- tearDown -->
      </class> <!-- tests.TrackingNumberTest -->
    </test> <!-- chrome test -->
  </suite> <!-- Automation Suite-1 -->
</testng-results>
