<?xml version="1.0" encoding="UTF-8"?>
<testng-results skipped="0" failed="0" total="2" passed="2">
  <reporter-output>
  </reporter-output>
  <suite name="Automation Suite-1" duration-ms="142013" started-at="2020-03-02T15:10:09Z" finished-at="2020-03-02T15:12:31Z">
    <groups>
    </groups>
    <test name="chrome test" duration-ms="142013" started-at="2020-03-02T15:10:09Z" finished-at="2020-03-02T15:12:31Z">
      <class name="tests.TrackingNumberTest">
        <test-method status="PASS" signature="setUp(java.lang.String, java.lang.String)[pri:0, instance:tests.TrackingNumberTest@6b0c2d26]" name="setUp" is-config="true" duration-ms="39904" started-at="2020-03-02T20:40:09Z" finished-at="2020-03-02T20:40:49Z">
          <params>
            <param index="0">
              <value>
                <![CDATA[chrome]]>
              </value>
            </param>
            <param index="1">
              <value>
                <![CDATA[https://stag-6-cmo-1.convirza.com]]>
              </value>
            </param>
          </params>
          <reporter-output>
          </reporter-output>
        </test-method> <!-- setUp -->
        <test-method status="PASS" signature="goToCampaignPage()[pri:0, instance:tests.TrackingNumberTest@6b0c2d26]" name="goToCampaignPage" is-config="true" duration-ms="4226" started-at="2020-03-02T20:40:49Z" finished-at="2020-03-02T20:40:54Z">
          <reporter-output>
          </reporter-output>
        </test-method> <!-- goToCampaignPage -->
        <test-method status="PASS" signature="percentTrakingNumberCreation()[pri:12, instance:tests.TrackingNumberTest@6b0c2d26]" name="percentTrakingNumberCreation" duration-ms="90297" started-at="2020-03-02T20:40:54Z" finished-at="2020-03-02T20:42:24Z">
          <reporter-output>
          </reporter-output>
        </test-method> <!-- percentTrakingNumberCreation -->
        <test-method status="PASS" signature="tearDown(org.testng.ITestResult)[pri:0, instance:tests.TrackingNumberTest@6b0c2d26]" name="tearDown" is-config="true" duration-ms="622" started-at="2020-03-02T20:42:24Z" finished-at="2020-03-02T20:42:25Z">
          <params>
            <param index="0">
              <value>
                <![CDATA[[TestResult name=percentTrakingNumberCreation status=SUCCESS method=TrackingNumberTest.percentTrakingNumberCreation()[pri:12, instance:tests.TrackingNumberTest@6b0c2d26] output={null}]]]>
              </value>
            </param>
          </params>
          <reporter-output>
          </reporter-output>
        </test-method> <!-- tearDown -->
        <test-method status="PASS" signature="percentTrakingNumberDeletion()[pri:13, instance:tests.TrackingNumberTest@6b0c2d26]" name="percentTrakingNumberDeletion" duration-ms="5937" started-at="2020-03-02T20:42:25Z" finished-at="2020-03-02T20:42:30Z">
          <reporter-output>
          </reporter-output>
        </test-method> <!-- percentTrakingNumberDeletion -->
        <test-method status="PASS" signature="tearDown(org.testng.ITestResult)[pri:0, instance:tests.TrackingNumberTest@6b0c2d26]" name="tearDown" is-config="true" duration-ms="109" started-at="2020-03-02T20:42:30Z" finished-at="2020-03-02T20:42:31Z">
          <params>
            <param index="0">
              <value>
                <![CDATA[[TestResult name=percentTrakingNumberDeletion status=SUCCESS method=TrackingNumberTest.percentTrakingNumberDeletion()[pri:13, instance:tests.TrackingNumberTest@6b0c2d26] output={null}]]]>
              </value>
            </param>
          </params>
          <reporter-output>
          </reporter-output>
        </test-method> <!-- tearDown -->
        <test-method status="PASS" signature="cleanUp()[pri:0, instance:tests.TrackingNumberTest@6b0c2d26]" name="cleanUp" is-config="true" duration-ms="0" started-at="2020-03-02T20:42:31Z" finished-at="2020-03-02T20:42:31Z">
          <reporter-output>
          </reporter-output>
        </test-method> <!-- cleanUp -->
        <test-method status="PASS" signature="tearDown()[pri:0, instance:tests.TrackingNumberTest@6b0c2d26]" name="tearDown" is-config="true" duration-ms="887" started-at="2020-03-02T20:42:31Z" finished-at="2020-03-02T20:42:31Z">
          <reporter-output>
          </reporter-output>
        </test-method> <!-- tearDown -->
        <test-method status="PASS" signature="close_connection()[pri:0, instance:tests.TrackingNumberTest@6b0c2d26]" name="close_connection" is-config="true" duration-ms="7577" started-at="2020-03-02T20:42:32Z" finished-at="2020-03-02T20:42:39Z">
          <reporter-output>
          </reporter-output>
        </test-method> <!-- close_connection -->
      </class> <!-- tests.TrackingNumberTest -->
    </test> <!-- chrome test -->
  </suite> <!-- Automation Suite-1 -->
</testng-results>
