<?xml version="1.0" encoding="UTF-8"?>
<testng-results skipped="0" failed="0" total="12" passed="12">
  <reporter-output>
  </reporter-output>
  <suite name="Automation Suite-1" duration-ms="73372" started-at="2020-05-01T13:16:20Z" finished-at="2020-05-01T13:17:34Z">
    <groups>
    </groups>
    <test name="chrome test-1" duration-ms="73372" started-at="2020-05-01T13:16:20Z" finished-at="2020-05-01T13:17:34Z">
      <class name="tests.LoginTest">
        <test-method status="PASS" signature="testSetUp()[pri:0, instance:tests.LoginTest@442675e1]" name="testSetUp" is-config="true" duration-ms="14" started-at="2020-05-01T18:46:20Z" finished-at="2020-05-01T18:46:20Z">
          <reporter-output>
          </reporter-output>
        </test-method> <!-- testSetUp -->
        <test-method status="PASS" signature="setUp(java.lang.String, java.lang.String)[pri:0, instance:tests.LoginTest@442675e1]" name="setUp" is-config="true" duration-ms="47665" started-at="2020-05-01T18:46:20Z" finished-at="2020-05-01T18:47:08Z">
          <params>
            <param index="0">
              <value>
                <![CDATA[chrome]]>
              </value>
            </param>
            <param index="1">
              <value>
                <![CDATA[https://stag-5-cmo-1.convirza.com]]>
              </value>
            </param>
          </params>
          <reporter-output>
          </reporter-output>
        </test-method> <!-- setUp -->
        <test-method status="PASS" signature="login_page_UI_Verification()[pri:1, instance:tests.LoginTest@442675e1]" name="login_page_UI_Verification" duration-ms="1309" started-at="2020-05-01T18:47:08Z" finished-at="2020-05-01T18:47:09Z">
          <reporter-output>
          </reporter-output>
        </test-method> <!-- login_page_UI_Verification -->
        <test-method status="PASS" signature="tearDown(org.testng.ITestResult)[pri:0, instance:tests.LoginTest@442675e1]" name="tearDown" is-config="true" duration-ms="676" started-at="2020-05-01T18:47:09Z" finished-at="2020-05-01T18:47:10Z">
          <params>
            <param index="0">
              <value>
                <![CDATA[[TestResult name=login_page_UI_Verification status=SUCCESS method=LoginTest.login_page_UI_Verification()[pri:1, instance:tests.LoginTest@442675e1] output={null}]]]>
              </value>
            </param>
          </params>
          <reporter-output>
          </reporter-output>
        </test-method> <!-- tearDown -->
        <test-method status="PASS" signature="login_with_invalidate_cred()[pri:2, instance:tests.LoginTest@442675e1]" name="login_with_invalidate_cred" duration-ms="2454" started-at="2020-05-01T18:47:10Z" finished-at="2020-05-01T18:47:12Z">
          <reporter-output>
          </reporter-output>
        </test-method> <!-- login_with_invalidate_cred -->
        <test-method status="PASS" signature="tearDown(org.testng.ITestResult)[pri:0, instance:tests.LoginTest@442675e1]" name="tearDown" is-config="true" duration-ms="106" started-at="2020-05-01T18:47:12Z" finished-at="2020-05-01T18:47:13Z">
          <params>
            <param index="0">
              <value>
                <![CDATA[[TestResult name=login_with_invalidate_cred status=SUCCESS method=LoginTest.login_with_invalidate_cred()[pri:2, instance:tests.LoginTest@442675e1] output={null}]]]>
              </value>
            </param>
          </params>
          <reporter-output>
          </reporter-output>
        </test-method> <!-- tearDown -->
        <test-method status="PASS" signature="login_with_blank_username()[pri:3, instance:tests.LoginTest@442675e1]" name="login_with_blank_username" duration-ms="305" started-at="2020-05-01T18:47:13Z" finished-at="2020-05-01T18:47:13Z">
          <reporter-output>
          </reporter-output>
        </test-method> <!-- login_with_blank_username -->
        <test-method status="PASS" signature="tearDown(org.testng.ITestResult)[pri:0, instance:tests.LoginTest@442675e1]" name="tearDown" is-config="true" duration-ms="87" started-at="2020-05-01T18:47:13Z" finished-at="2020-05-01T18:47:13Z">
          <params>
            <param index="0">
              <value>
                <![CDATA[[TestResult name=login_with_blank_username status=SUCCESS method=LoginTest.login_with_blank_username()[pri:3, instance:tests.LoginTest@442675e1] output={null}]]]>
              </value>
            </param>
          </params>
          <reporter-output>
          </reporter-output>
        </test-method> <!-- tearDown -->
        <test-method status="PASS" signature="login_with_blank_password()[pri:4, instance:tests.LoginTest@442675e1]" name="login_with_blank_password" duration-ms="423" started-at="2020-05-01T18:47:13Z" finished-at="2020-05-01T18:47:13Z">
          <reporter-output>
          </reporter-output>
        </test-method> <!-- login_with_blank_password -->
        <test-method status="PASS" signature="tearDown(org.testng.ITestResult)[pri:0, instance:tests.LoginTest@442675e1]" name="tearDown" is-config="true" duration-ms="81" started-at="2020-05-01T18:47:13Z" finished-at="2020-05-01T18:47:13Z">
          <params>
            <param index="0">
              <value>
                <![CDATA[[TestResult name=login_with_blank_password status=SUCCESS method=LoginTest.login_with_blank_password()[pri:4, instance:tests.LoginTest@442675e1] output={null}]]]>
              </value>
            </param>
          </params>
          <reporter-output>
          </reporter-output>
        </test-method> <!-- tearDown -->
        <test-method status="PASS" signature="login_with_inactive_user()[pri:5, instance:tests.LoginTest@442675e1]" name="login_with_inactive_user" duration-ms="580" started-at="2020-05-01T18:47:13Z" finished-at="2020-05-01T18:47:14Z">
          <reporter-output>
          </reporter-output>
        </test-method> <!-- login_with_inactive_user -->
        <test-method status="PASS" signature="tearDown(org.testng.ITestResult)[pri:0, instance:tests.LoginTest@442675e1]" name="tearDown" is-config="true" duration-ms="67" started-at="2020-05-01T18:47:14Z" finished-at="2020-05-01T18:47:14Z">
          <params>
            <param index="0">
              <value>
                <![CDATA[[TestResult name=login_with_inactive_user status=SUCCESS method=LoginTest.login_with_inactive_user()[pri:5, instance:tests.LoginTest@442675e1] output={null}]]]>
              </value>
            </param>
          </params>
          <reporter-output>
          </reporter-output>
        </test-method> <!-- tearDown -->
        <test-method status="PASS" signature="login_with_deleted_user()[pri:6, instance:tests.LoginTest@442675e1]" name="login_with_deleted_user" duration-ms="574" started-at="2020-05-01T18:47:14Z" finished-at="2020-05-01T18:47:15Z">
          <reporter-output>
          </reporter-output>
        </test-method> <!-- login_with_deleted_user -->
        <test-method status="PASS" signature="tearDown(org.testng.ITestResult)[pri:0, instance:tests.LoginTest@442675e1]" name="tearDown" is-config="true" duration-ms="56" started-at="2020-05-01T18:47:15Z" finished-at="2020-05-01T18:47:15Z">
          <params>
            <param index="0">
              <value>
                <![CDATA[[TestResult name=login_with_deleted_user status=SUCCESS method=LoginTest.login_with_deleted_user()[pri:6, instance:tests.LoginTest@442675e1] output={null}]]]>
              </value>
            </param>
          </params>
          <reporter-output>
          </reporter-output>
        </test-method> <!-- tearDown -->
        <test-method status="PASS" signature="login_with_blank_username_and_password()[pri:7, instance:tests.LoginTest@442675e1]" name="login_with_blank_username_and_password" duration-ms="169" started-at="2020-05-01T18:47:15Z" finished-at="2020-05-01T18:47:15Z">
          <reporter-output>
          </reporter-output>
        </test-method> <!-- login_with_blank_username_and_password -->
        <test-method status="PASS" signature="tearDown(org.testng.ITestResult)[pri:0, instance:tests.LoginTest@442675e1]" name="tearDown" is-config="true" duration-ms="59" started-at="2020-05-01T18:47:15Z" finished-at="2020-05-01T18:47:15Z">
          <params>
            <param index="0">
              <value>
                <![CDATA[[TestResult name=login_with_blank_username_and_password status=SUCCESS method=LoginTest.login_with_blank_username_and_password()[pri:7, instance:tests.LoginTest@442675e1] output={null}]]]>
              </value>
            </param>
          </params>
          <reporter-output>
          </reporter-output>
        </test-method> <!-- tearDown -->
        <test-method status="PASS" signature="UIVerification_forgot_passowrd_page()[pri:8, instance:tests.LoginTest@442675e1]" name="UIVerification_forgot_passowrd_page" duration-ms="2756" started-at="2020-05-01T18:47:15Z" finished-at="2020-05-01T18:47:18Z">
          <reporter-output>
          </reporter-output>
        </test-method> <!-- UIVerification_forgot_passowrd_page -->
        <test-method status="PASS" signature="tearDown(org.testng.ITestResult)[pri:0, instance:tests.LoginTest@442675e1]" name="tearDown" is-config="true" duration-ms="96" started-at="2020-05-01T18:47:18Z" finished-at="2020-05-01T18:47:18Z">
          <params>
            <param index="0">
              <value>
                <![CDATA[[TestResult name=UIVerification_forgot_passowrd_page status=SUCCESS method=LoginTest.UIVerification_forgot_passowrd_page()[pri:8, instance:tests.LoginTest@442675e1] output={null}]]]>
              </value>
            </param>
          </params>
          <reporter-output>
          </reporter-output>
        </test-method> <!-- tearDown -->
        <test-method status="PASS" signature="next_button_with_no_email_ID()[pri:9, instance:tests.LoginTest@442675e1]" name="next_button_with_no_email_ID" duration-ms="843" started-at="2020-05-01T18:47:18Z" finished-at="2020-05-01T18:47:19Z">
          <reporter-output>
          </reporter-output>
        </test-method> <!-- next_button_with_no_email_ID -->
        <test-method status="PASS" signature="tearDown(org.testng.ITestResult)[pri:0, instance:tests.LoginTest@442675e1]" name="tearDown" is-config="true" duration-ms="81" started-at="2020-05-01T18:47:19Z" finished-at="2020-05-01T18:47:19Z">
          <params>
            <param index="0">
              <value>
                <![CDATA[[TestResult name=next_button_with_no_email_ID status=SUCCESS method=LoginTest.next_button_with_no_email_ID()[pri:9, instance:tests.LoginTest@442675e1] output={null}]]]>
              </value>
            </param>
          </params>
          <reporter-output>
          </reporter-output>
        </test-method> <!-- tearDown -->
        <test-method status="PASS" signature="reset_password()[pri:10, instance:tests.LoginTest@442675e1]" name="reset_password" duration-ms="1837" started-at="2020-05-01T18:47:19Z" finished-at="2020-05-01T18:47:21Z">
          <reporter-output>
          </reporter-output>
        </test-method> <!-- reset_password -->
        <test-method status="PASS" signature="tearDown(org.testng.ITestResult)[pri:0, instance:tests.LoginTest@442675e1]" name="tearDown" is-config="true" duration-ms="67" started-at="2020-05-01T18:47:21Z" finished-at="2020-05-01T18:47:21Z">
          <params>
            <param index="0">
              <value>
                <![CDATA[[TestResult name=reset_password status=SUCCESS method=LoginTest.reset_password()[pri:10, instance:tests.LoginTest@442675e1] output={null}]]]>
              </value>
            </param>
          </params>
          <reporter-output>
          </reporter-output>
        </test-method> <!-- tearDown -->
        <test-method status="PASS" signature="rememeber_me_functinonality()[pri:11, instance:tests.LoginTest@442675e1]" name="rememeber_me_functinonality" duration-ms="7165" started-at="2020-05-01T18:47:21Z" finished-at="2020-05-01T18:47:28Z">
          <reporter-output>
          </reporter-output>
        </test-method> <!-- rememeber_me_functinonality -->
        <test-method status="PASS" signature="tearDown(org.testng.ITestResult)[pri:0, instance:tests.LoginTest@442675e1]" name="tearDown" is-config="true" duration-ms="59" started-at="2020-05-01T18:47:28Z" finished-at="2020-05-01T18:47:28Z">
          <params>
            <param index="0">
              <value>
                <![CDATA[[TestResult name=rememeber_me_functinonality status=SUCCESS method=LoginTest.rememeber_me_functinonality()[pri:11, instance:tests.LoginTest@442675e1] output={null}]]]>
              </value>
            </param>
          </params>
          <reporter-output>
          </reporter-output>
        </test-method> <!-- tearDown -->
        <test-method status="PASS" signature="validLogin()[pri:12, instance:tests.LoginTest@442675e1]" name="validLogin" duration-ms="2058" started-at="2020-05-01T18:47:28Z" finished-at="2020-05-01T18:47:30Z">
          <reporter-output>
          </reporter-output>
        </test-method> <!-- validLogin -->
        <test-method status="PASS" signature="tearDown(org.testng.ITestResult)[pri:0, instance:tests.LoginTest@442675e1]" name="tearDown" is-config="true" duration-ms="81" started-at="2020-05-01T18:47:30Z" finished-at="2020-05-01T18:47:30Z">
          <params>
            <param index="0">
              <value>
                <![CDATA[[TestResult name=validLogin status=SUCCESS method=LoginTest.validLogin()[pri:12, instance:tests.LoginTest@442675e1] output={null}]]]>
              </value>
            </param>
          </params>
          <reporter-output>
          </reporter-output>
        </test-method> <!-- tearDown -->
        <test-method status="PASS" signature="tearDown()[pri:0, instance:tests.LoginTest@442675e1]" name="tearDown" is-config="true" duration-ms="3652" started-at="2020-05-01T18:47:30Z" finished-at="2020-05-01T18:47:34Z">
          <reporter-output>
          </reporter-output>
        </test-method> <!-- tearDown -->
        <test-method status="PASS" signature="close_connection()[pri:0, instance:tests.LoginTest@442675e1]" name="close_connection" is-config="true" duration-ms="11933" started-at="2020-05-01T18:47:34Z" finished-at="2020-05-01T18:47:46Z">
          <reporter-output>
          </reporter-output>
        </test-method> <!-- close_connection -->
      </class> <!-- tests.LoginTest -->
    </test> <!-- chrome test-1 -->
  </suite> <!-- Automation Suite-1 -->
</testng-results>
