<?xml version="1.0" encoding="UTF-8"?>
<testng-results skipped="3" failed="0" total="3" passed="0">
  <reporter-output>
  </reporter-output>
  <suite name="Automation Suite-1" duration-ms="228606" started-at="2020-02-27T16:04:53Z" finished-at="2020-02-27T16:08:41Z">
    <groups>
    </groups>
    <test name="chrome test" duration-ms="228606" started-at="2020-02-27T16:04:53Z" finished-at="2020-02-27T16:08:41Z">
      <class name="tests.TrackingNumberTest">
        <test-method status="PASS" signature="setUp(java.lang.String, java.lang.String)[pri:0, instance:tests.TrackingNumberTest@71248c21]" name="setUp" is-config="true" duration-ms="42747" started-at="2020-02-27T21:34:53Z" finished-at="2020-02-27T21:35:36Z">
          <params>
            <param index="0">
              <value>
                <![CDATA[chrome]]>
              </value>
            </param>
            <param index="1">
              <value>
                <![CDATA[https://stag-6-cmo-1.convirza.com]]>
              </value>
            </param>
          </params>
          <reporter-output>
          </reporter-output>
        </test-method> <!-- setUp -->
        <test-method status="FAIL" signature="goToCampaignPage()[pri:0, instance:tests.TrackingNumberTest@71248c21]" name="goToCampaignPage" is-config="true" duration-ms="0" started-at="2020-02-27T21:35:36Z" finished-at="2020-02-27T21:35:36Z">
          <exception class="org.openqa.selenium.TimeoutException">
            <message>
              <![CDATA[Expected condition failed: waiting for visibility of Proxy element for: DefaultElementLocator 'By.xpath: //span[@class='hidden-xs ng-binding' and contains(text(),'Ganesh 5')]' (tried for 60 second(s) with 500 milliseconds interval)]]>
            </message>
            <full-stacktrace>
              <![CDATA[org.openqa.selenium.TimeoutException: Expected condition failed: waiting for visibility of Proxy element for: DefaultElementLocator 'By.xpath: //span[@class='hidden-xs ng-binding' and contains(text(),'Ganesh 5')]' (tried for 60 second(s) with 500 milliseconds interval)
	at org.openqa.selenium.support.ui.WebDriverWait.timeoutException(WebDriverWait.java:81)
	at org.openqa.selenium.support.ui.FluentWait.until(FluentWait.java:271)
	at pom.LoginPage.validLogin(LoginPage.java:372)
	at tests.TrackingNumberTest.goToCampaignPage(TrackingNumberTest.java:37)
	at sun.reflect.NativeMethodAccessorImpl.invoke0(Native Method)
	at sun.reflect.NativeMethodAccessorImpl.invoke(Unknown Source)
	at sun.reflect.DelegatingMethodAccessorImpl.invoke(Unknown Source)
	at java.lang.reflect.Method.invoke(Unknown Source)
	at org.testng.internal.MethodInvocationHelper.invokeMethod(MethodInvocationHelper.java:86)
	at org.testng.internal.Invoker.invokeConfigurationMethod(Invoker.java:514)
	at org.testng.internal.Invoker.invokeConfigurations(Invoker.java:215)
	at org.testng.internal.Invoker.invokeConfigurations(Invoker.java:142)
	at org.testng.internal.TestMethodWorker.invokeBeforeClassMethods(TestMethodWorker.java:178)
	at org.testng.internal.TestMethodWorker.run(TestMethodWorker.java:108)
	at org.testng.TestRunner.privateRun(TestRunner.java:782)
	at org.testng.TestRunner.run(TestRunner.java:632)
	at org.testng.SuiteRunner.runTest(SuiteRunner.java:366)
	at org.testng.SuiteRunner.access$000(SuiteRunner.java:39)
	at org.testng.SuiteRunner$SuiteWorker.run(SuiteRunner.java:400)
	at org.testng.internal.thread.ThreadUtil$2.call(ThreadUtil.java:64)
	at java.util.concurrent.FutureTask.run(Unknown Source)
	at java.util.concurrent.ThreadPoolExecutor.runWorker(Unknown Source)
	at java.util.concurrent.ThreadPoolExecutor$Worker.run(Unknown Source)
	at java.lang.Thread.run(Unknown Source)
Caused by: org.openqa.selenium.NoSuchElementException: no such element: Unable to locate element: {"method":"xpath","selector":"//span[@class='hidden-xs ng-binding' and contains(text(),'Ganesh 5')]"}
  (Session info: chrome=80.0.3987.116)
  (Driver info: chromedriver=2.36.540470 (e522d04694c7ebea4ba8821272dbef4f9b818c91),platform=Windows NT 10.0.18362 x86_64) (WARNING: The server did not provide any stacktrace information)
Command duration or timeout: 0 milliseconds
For documentation on this error, please visit: http://seleniumhq.org/exceptions/no_such_element.html
Build info: version: '3.11.0', revision: 'e59cfb3', time: '2018-03-11T20:26:55.152Z'
System info: host: 'LAPTOP-Q18VUQ5U', ip: '5.5.28.134', os.name: 'Windows 10', os.arch: 'amd64', os.version: '10.0', java.version: '1.8.0_201'
Driver info: org.openqa.selenium.chrome.ChromeDriver
Capabilities {acceptInsecureCerts: false, acceptSslCerts: false, applicationCacheEnabled: false, browserConnectionEnabled: false, browserName: chrome, chrome: {chromedriverVersion: 2.36.540470 (e522d04694c7eb..., userDataDir: C:\Users\PREETI~1\AppData\L...}, cssSelectorsEnabled: true, databaseEnabled: false, handlesAlerts: true, hasTouchScreen: false, javascriptEnabled: true, locationContextEnabled: true, mobileEmulationEnabled: false, nativeEvents: true, networkConnectionEnabled: false, pageLoadStrategy: normal, platform: XP, platformName: XP, rotatable: false, setWindowRect: true, takesHeapSnapshot: true, takesScreenshot: true, unexpectedAlertBehaviour: , unhandledPromptBehavior: , version: 80.0.3987.116, webStorageEnabled: true}
Session ID: 02b1afc3ca1c9f279b87ced23e031c43
*** Element info: {Using=xpath, value=//span[@class='hidden-xs ng-binding' and contains(text(),'Ganesh 5')]}
	at sun.reflect.NativeConstructorAccessorImpl.newInstance0(Native Method)
	at sun.reflect.NativeConstructorAccessorImpl.newInstance(Unknown Source)
	at sun.reflect.DelegatingConstructorAccessorImpl.newInstance(Unknown Source)
	at java.lang.reflect.Constructor.newInstance(Unknown Source)
	at org.openqa.selenium.remote.ErrorHandler.createThrowable(ErrorHandler.java:214)
	at org.openqa.selenium.remote.ErrorHandler.throwIfResponseFailed(ErrorHandler.java:166)
	at org.openqa.selenium.remote.http.JsonHttpResponseCodec.reconstructValue(JsonHttpResponseCodec.java:40)
	at org.openqa.selenium.remote.http.AbstractHttpResponseCodec.decode(AbstractHttpResponseCodec.java:80)
	at org.openqa.selenium.remote.http.AbstractHttpResponseCodec.decode(AbstractHttpResponseCodec.java:44)
	at org.openqa.selenium.remote.HttpCommandExecutor.execute(HttpCommandExecutor.java:158)
	at org.openqa.selenium.remote.service.DriverCommandExecutor.execute(DriverCommandExecutor.java:83)
	at org.openqa.selenium.remote.RemoteWebDriver.execute(RemoteWebDriver.java:545)
	at org.openqa.selenium.remote.RemoteWebDriver.findElement(RemoteWebDriver.java:319)
	at org.openqa.selenium.remote.RemoteWebDriver.findElementByXPath(RemoteWebDriver.java:421)
	at org.openqa.selenium.By$ByXPath.findElement(By.java:361)
	at org.openqa.selenium.remote.RemoteWebDriver.findElement(RemoteWebDriver.java:311)
	at org.openqa.selenium.support.pagefactory.DefaultElementLocator.findElement(DefaultElementLocator.java:69)
	at org.openqa.selenium.support.pagefactory.internal.LocatingElementHandler.invoke(LocatingElementHandler.java:38)
	at com.sun.proxy.$Proxy15.isDisplayed(Unknown Source)
	at org.openqa.selenium.support.ui.ExpectedConditions.elementIfVisible(ExpectedConditions.java:315)
	at org.openqa.selenium.support.ui.ExpectedConditions.access$100(ExpectedConditions.java:44)
	at org.openqa.selenium.support.ui.ExpectedConditions$10.apply(ExpectedConditions.java:301)
	at org.openqa.selenium.support.ui.ExpectedConditions$10.apply(ExpectedConditions.java:298)
	at org.openqa.selenium.support.ui.FluentWait.until(FluentWait.java:248)
	... 22 more
]]>
            </full-stacktrace>
          </exception> <!-- org.openqa.selenium.TimeoutException -->
          <reporter-output>
          </reporter-output>
        </test-method> <!-- goToCampaignPage -->
        <test-method status="SKIP" signature="numberPoolCreation()[pri:4, instance:tests.TrackingNumberTest@71248c21]" name="numberPoolCreation" duration-ms="4" started-at="2020-02-27T21:38:41Z" finished-at="2020-02-27T21:38:41Z">
          <reporter-output>
          </reporter-output>
        </test-method> <!-- numberPoolCreation -->
        <test-method status="SKIP" signature="tearDown(org.testng.ITestResult)[pri:0, instance:tests.TrackingNumberTest@71248c21]" name="tearDown" is-config="true" duration-ms="0" started-at="2020-02-27T21:38:41Z" finished-at="2020-02-27T21:38:41Z">
          <reporter-output>
          </reporter-output>
        </test-method> <!-- tearDown -->
        <test-method status="SKIP" signature="numberPoolUpdation()[pri:5, instance:tests.TrackingNumberTest@71248c21]" name="numberPoolUpdation" duration-ms="3" started-at="2020-02-27T21:38:41Z" finished-at="2020-02-27T21:38:41Z">
          <reporter-output>
          </reporter-output>
        </test-method> <!-- numberPoolUpdation -->
        <test-method status="SKIP" signature="tearDown(org.testng.ITestResult)[pri:0, instance:tests.TrackingNumberTest@71248c21]" name="tearDown" is-config="true" duration-ms="0" started-at="2020-02-27T21:38:41Z" finished-at="2020-02-27T21:38:41Z">
          <reporter-output>
          </reporter-output>
        </test-method> <!-- tearDown -->
        <test-method status="SKIP" signature="numberPoolDeletion()[pri:6, instance:tests.TrackingNumberTest@71248c21]" name="numberPoolDeletion" duration-ms="5" started-at="2020-02-27T21:38:41Z" finished-at="2020-02-27T21:38:41Z">
          <reporter-output>
          </reporter-output>
        </test-method> <!-- numberPoolDeletion -->
        <test-method status="SKIP" signature="tearDown(org.testng.ITestResult)[pri:0, instance:tests.TrackingNumberTest@71248c21]" name="tearDown" is-config="true" duration-ms="0" started-at="2020-02-27T21:38:41Z" finished-at="2020-02-27T21:38:41Z">
          <reporter-output>
          </reporter-output>
        </test-method> <!-- tearDown -->
        <test-method status="SKIP" signature="cleanUp()[pri:0, instance:tests.TrackingNumberTest@71248c21]" name="cleanUp" is-config="true" duration-ms="0" started-at="2020-02-27T21:38:41Z" finished-at="2020-02-27T21:38:41Z">
          <reporter-output>
          </reporter-output>
        </test-method> <!-- cleanUp -->
        <test-method status="SKIP" signature="tearDown()[pri:0, instance:tests.TrackingNumberTest@71248c21]" name="tearDown" is-config="true" duration-ms="0" started-at="2020-02-27T21:38:41Z" finished-at="2020-02-27T21:38:41Z">
          <reporter-output>
          </reporter-output>
        </test-method> <!-- tearDown -->
        <test-method status="SKIP" signature="close_connection()[pri:0, instance:tests.TrackingNumberTest@71248c21]" name="close_connection" is-config="true" duration-ms="0" started-at="2020-02-27T21:38:42Z" finished-at="2020-02-27T21:38:42Z">
          <reporter-output>
          </reporter-output>
        </test-method> <!-- close_connection -->
      </class> <!-- tests.TrackingNumberTest -->
    </test> <!-- chrome test -->
  </suite> <!-- Automation Suite-1 -->
</testng-results>
