<?xml version="1.0" encoding="UTF-8"?>
<testng-results skipped="0" failed="0" total="30" passed="30">
  <reporter-output>
  </reporter-output>
  <suite name="Automation Suite-1" duration-ms="293802" started-at="2020-01-21T08:45:49Z" finished-at="2020-01-21T08:50:43Z">
    <groups>
    </groups>
    <test name="chrome test" duration-ms="293802" started-at="2020-01-21T08:45:49Z" finished-at="2020-01-21T08:50:43Z">
      <class name="tests.LoginTest">
        <test-method status="PASS" signature="setUp(java.lang.String, java.lang.String)[pri:0, instance:tests.LoginTest@6166e06f]" name="setUp" is-config="true" duration-ms="45143" started-at="2020-01-21T14:15:49Z" finished-at="2020-01-21T14:16:34Z">
          <params>
            <param index="0">
              <value>
                <![CDATA[chrome]]>
              </value>
            </param>
            <param index="1">
              <value>
                <![CDATA[https://stag-5-cmo-1.convirza.com]]>
              </value>
            </param>
          </params>
          <reporter-output>
          </reporter-output>
        </test-method> <!-- setUp -->
        <test-method status="PASS" signature="login_page_UI_Verification()[pri:1, instance:tests.LoginTest@6166e06f]" name="login_page_UI_Verification" duration-ms="407" started-at="2020-01-21T14:16:34Z" finished-at="2020-01-21T14:16:35Z">
          <reporter-output>
          </reporter-output>
        </test-method> <!-- login_page_UI_Verification -->
        <test-method status="PASS" signature="tearDown(org.testng.ITestResult)[pri:0, instance:tests.LoginTest@6166e06f]" name="tearDown" is-config="true" duration-ms="624" started-at="2020-01-21T14:16:35Z" finished-at="2020-01-21T14:16:35Z">
          <params>
            <param index="0">
              <value>
                <![CDATA[[TestResult name=login_page_UI_Verification status=SUCCESS method=LoginTest.login_page_UI_Verification()[pri:1, instance:tests.LoginTest@6166e06f] output={null}]]]>
              </value>
            </param>
          </params>
          <reporter-output>
          </reporter-output>
        </test-method> <!-- tearDown -->
        <test-method status="PASS" signature="login_with_invalidate_cred()[pri:2, instance:tests.LoginTest@6166e06f]" name="login_with_invalidate_cred" duration-ms="1924" started-at="2020-01-21T14:16:35Z" finished-at="2020-01-21T14:16:37Z">
          <reporter-output>
          </reporter-output>
        </test-method> <!-- login_with_invalidate_cred -->
        <test-method status="PASS" signature="tearDown(org.testng.ITestResult)[pri:0, instance:tests.LoginTest@6166e06f]" name="tearDown" is-config="true" duration-ms="118" started-at="2020-01-21T14:16:37Z" finished-at="2020-01-21T14:16:37Z">
          <params>
            <param index="0">
              <value>
                <![CDATA[[TestResult name=login_with_invalidate_cred status=SUCCESS method=LoginTest.login_with_invalidate_cred()[pri:2, instance:tests.LoginTest@6166e06f] output={null}]]]>
              </value>
            </param>
          </params>
          <reporter-output>
          </reporter-output>
        </test-method> <!-- tearDown -->
        <test-method status="PASS" signature="login_with_blank_username()[pri:3, instance:tests.LoginTest@6166e06f]" name="login_with_blank_username" duration-ms="447" started-at="2020-01-21T14:16:37Z" finished-at="2020-01-21T14:16:38Z">
          <reporter-output>
          </reporter-output>
        </test-method> <!-- login_with_blank_username -->
        <test-method status="PASS" signature="tearDown(org.testng.ITestResult)[pri:0, instance:tests.LoginTest@6166e06f]" name="tearDown" is-config="true" duration-ms="136" started-at="2020-01-21T14:16:38Z" finished-at="2020-01-21T14:16:38Z">
          <params>
            <param index="0">
              <value>
                <![CDATA[[TestResult name=login_with_blank_username status=SUCCESS method=LoginTest.login_with_blank_username()[pri:3, instance:tests.LoginTest@6166e06f] output={null}]]]>
              </value>
            </param>
          </params>
          <reporter-output>
          </reporter-output>
        </test-method> <!-- tearDown -->
        <test-method status="PASS" signature="login_with_blank_password()[pri:4, instance:tests.LoginTest@6166e06f]" name="login_with_blank_password" duration-ms="535" started-at="2020-01-21T14:16:38Z" finished-at="2020-01-21T14:16:38Z">
          <reporter-output>
          </reporter-output>
        </test-method> <!-- login_with_blank_password -->
        <test-method status="PASS" signature="tearDown(org.testng.ITestResult)[pri:0, instance:tests.LoginTest@6166e06f]" name="tearDown" is-config="true" duration-ms="130" started-at="2020-01-21T14:16:38Z" finished-at="2020-01-21T14:16:38Z">
          <params>
            <param index="0">
              <value>
                <![CDATA[[TestResult name=login_with_blank_password status=SUCCESS method=LoginTest.login_with_blank_password()[pri:4, instance:tests.LoginTest@6166e06f] output={null}]]]>
              </value>
            </param>
          </params>
          <reporter-output>
          </reporter-output>
        </test-method> <!-- tearDown -->
        <test-method status="PASS" signature="login_with_inactive_user()[pri:5, instance:tests.LoginTest@6166e06f]" name="login_with_inactive_user" duration-ms="552" started-at="2020-01-21T14:16:38Z" finished-at="2020-01-21T14:16:39Z">
          <reporter-output>
          </reporter-output>
        </test-method> <!-- login_with_inactive_user -->
        <test-method status="PASS" signature="tearDown(org.testng.ITestResult)[pri:0, instance:tests.LoginTest@6166e06f]" name="tearDown" is-config="true" duration-ms="103" started-at="2020-01-21T14:16:39Z" finished-at="2020-01-21T14:16:39Z">
          <params>
            <param index="0">
              <value>
                <![CDATA[[TestResult name=login_with_inactive_user status=SUCCESS method=LoginTest.login_with_inactive_user()[pri:5, instance:tests.LoginTest@6166e06f] output={null}]]]>
              </value>
            </param>
          </params>
          <reporter-output>
          </reporter-output>
        </test-method> <!-- tearDown -->
        <test-method status="PASS" signature="login_with_deleted_user()[pri:6, instance:tests.LoginTest@6166e06f]" name="login_with_deleted_user" duration-ms="649" started-at="2020-01-21T14:16:39Z" finished-at="2020-01-21T14:16:40Z">
          <reporter-output>
          </reporter-output>
        </test-method> <!-- login_with_deleted_user -->
        <test-method status="PASS" signature="tearDown(org.testng.ITestResult)[pri:0, instance:tests.LoginTest@6166e06f]" name="tearDown" is-config="true" duration-ms="92" started-at="2020-01-21T14:16:40Z" finished-at="2020-01-21T14:16:40Z">
          <params>
            <param index="0">
              <value>
                <![CDATA[[TestResult name=login_with_deleted_user status=SUCCESS method=LoginTest.login_with_deleted_user()[pri:6, instance:tests.LoginTest@6166e06f] output={null}]]]>
              </value>
            </param>
          </params>
          <reporter-output>
          </reporter-output>
        </test-method> <!-- tearDown -->
        <test-method status="PASS" signature="login_with_blank_username_and_password()[pri:7, instance:tests.LoginTest@6166e06f]" name="login_with_blank_username_and_password" duration-ms="169" started-at="2020-01-21T14:16:40Z" finished-at="2020-01-21T14:16:40Z">
          <reporter-output>
          </reporter-output>
        </test-method> <!-- login_with_blank_username_and_password -->
        <test-method status="PASS" signature="tearDown(org.testng.ITestResult)[pri:0, instance:tests.LoginTest@6166e06f]" name="tearDown" is-config="true" duration-ms="95" started-at="2020-01-21T14:16:40Z" finished-at="2020-01-21T14:16:40Z">
          <params>
            <param index="0">
              <value>
                <![CDATA[[TestResult name=login_with_blank_username_and_password status=SUCCESS method=LoginTest.login_with_blank_username_and_password()[pri:7, instance:tests.LoginTest@6166e06f] output={null}]]]>
              </value>
            </param>
          </params>
          <reporter-output>
          </reporter-output>
        </test-method> <!-- tearDown -->
        <test-method status="PASS" signature="UIVerification_forgot_passowrd_page()[pri:8, instance:tests.LoginTest@6166e06f]" name="UIVerification_forgot_passowrd_page" duration-ms="3253" started-at="2020-01-21T14:16:40Z" finished-at="2020-01-21T14:16:43Z">
          <reporter-output>
          </reporter-output>
        </test-method> <!-- UIVerification_forgot_passowrd_page -->
        <test-method status="PASS" signature="tearDown(org.testng.ITestResult)[pri:0, instance:tests.LoginTest@6166e06f]" name="tearDown" is-config="true" duration-ms="82" started-at="2020-01-21T14:16:43Z" finished-at="2020-01-21T14:16:43Z">
          <params>
            <param index="0">
              <value>
                <![CDATA[[TestResult name=UIVerification_forgot_passowrd_page status=SUCCESS method=LoginTest.UIVerification_forgot_passowrd_page()[pri:8, instance:tests.LoginTest@6166e06f] output={null}]]]>
              </value>
            </param>
          </params>
          <reporter-output>
          </reporter-output>
        </test-method> <!-- tearDown -->
        <test-method status="PASS" signature="next_button_with_no_email_ID()[pri:9, instance:tests.LoginTest@6166e06f]" name="next_button_with_no_email_ID" duration-ms="310" started-at="2020-01-21T14:16:43Z" finished-at="2020-01-21T14:16:44Z">
          <reporter-output>
          </reporter-output>
        </test-method> <!-- next_button_with_no_email_ID -->
        <test-method status="PASS" signature="tearDown(org.testng.ITestResult)[pri:0, instance:tests.LoginTest@6166e06f]" name="tearDown" is-config="true" duration-ms="90" started-at="2020-01-21T14:16:44Z" finished-at="2020-01-21T14:16:44Z">
          <params>
            <param index="0">
              <value>
                <![CDATA[[TestResult name=next_button_with_no_email_ID status=SUCCESS method=LoginTest.next_button_with_no_email_ID()[pri:9, instance:tests.LoginTest@6166e06f] output={null}]]]>
              </value>
            </param>
          </params>
          <reporter-output>
          </reporter-output>
        </test-method> <!-- tearDown -->
        <test-method status="PASS" signature="reset_password()[pri:10, instance:tests.LoginTest@6166e06f]" name="reset_password" duration-ms="1143" started-at="2020-01-21T14:16:44Z" finished-at="2020-01-21T14:16:45Z">
          <reporter-output>
          </reporter-output>
        </test-method> <!-- reset_password -->
        <test-method status="PASS" signature="tearDown(org.testng.ITestResult)[pri:0, instance:tests.LoginTest@6166e06f]" name="tearDown" is-config="true" duration-ms="104" started-at="2020-01-21T14:16:45Z" finished-at="2020-01-21T14:16:45Z">
          <params>
            <param index="0">
              <value>
                <![CDATA[[TestResult name=reset_password status=SUCCESS method=LoginTest.reset_password()[pri:10, instance:tests.LoginTest@6166e06f] output={null}]]]>
              </value>
            </param>
          </params>
          <reporter-output>
          </reporter-output>
        </test-method> <!-- tearDown -->
        <test-method status="PASS" signature="rememeber_me_functinonality()[pri:11, instance:tests.LoginTest@6166e06f]" name="rememeber_me_functinonality" duration-ms="6267" started-at="2020-01-21T14:16:45Z" finished-at="2020-01-21T14:16:51Z">
          <reporter-output>
          </reporter-output>
        </test-method> <!-- rememeber_me_functinonality -->
        <test-method status="PASS" signature="tearDown(org.testng.ITestResult)[pri:0, instance:tests.LoginTest@6166e06f]" name="tearDown" is-config="true" duration-ms="74" started-at="2020-01-21T14:16:51Z" finished-at="2020-01-21T14:16:52Z">
          <params>
            <param index="0">
              <value>
                <![CDATA[[TestResult name=rememeber_me_functinonality status=SUCCESS method=LoginTest.rememeber_me_functinonality()[pri:11, instance:tests.LoginTest@6166e06f] output={null}]]]>
              </value>
            </param>
          </params>
          <reporter-output>
          </reporter-output>
        </test-method> <!-- tearDown -->
        <test-method status="PASS" signature="validLogin()[pri:12, instance:tests.LoginTest@6166e06f]" name="validLogin" duration-ms="1684" started-at="2020-01-21T14:16:52Z" finished-at="2020-01-21T14:16:53Z">
          <reporter-output>
          </reporter-output>
        </test-method> <!-- validLogin -->
        <test-method status="PASS" signature="tearDown(org.testng.ITestResult)[pri:0, instance:tests.LoginTest@6166e06f]" name="tearDown" is-config="true" duration-ms="85" started-at="2020-01-21T14:16:53Z" finished-at="2020-01-21T14:16:53Z">
          <params>
            <param index="0">
              <value>
                <![CDATA[[TestResult name=validLogin status=SUCCESS method=LoginTest.validLogin()[pri:12, instance:tests.LoginTest@6166e06f] output={null}]]]>
              </value>
            </param>
          </params>
          <reporter-output>
          </reporter-output>
        </test-method> <!-- tearDown -->
        <test-method status="PASS" signature="tearDown()[pri:0, instance:tests.LoginTest@6166e06f]" name="tearDown" is-config="true" duration-ms="4236" started-at="2020-01-21T14:16:53Z" finished-at="2020-01-21T14:16:58Z">
          <reporter-output>
          </reporter-output>
        </test-method> <!-- tearDown -->
        <test-method status="PASS" signature="close_connection()[pri:0, instance:tests.LoginTest@6166e06f]" name="close_connection" is-config="true" duration-ms="7623" started-at="2020-01-21T14:20:43Z" finished-at="2020-01-21T14:20:51Z">
          <reporter-output>
          </reporter-output>
        </test-method> <!-- close_connection -->
      </class> <!-- tests.LoginTest -->
      <class name="tests.CampaignTests">
        <test-method status="PASS" signature="goToCampaignPage()[pri:0, instance:tests.CampaignTests@6b0c2d26]" name="goToCampaignPage" is-config="true" duration-ms="1017" started-at="2020-01-21T14:18:05Z" finished-at="2020-01-21T14:18:06Z">
          <reporter-output>
          </reporter-output>
        </test-method> <!-- goToCampaignPage -->
        <test-method status="PASS" signature="campaignBuilderPage_UI_Verification()[pri:1, instance:tests.CampaignTests@6b0c2d26]" name="campaignBuilderPage_UI_Verification" duration-ms="7131" started-at="2020-01-21T14:18:06Z" finished-at="2020-01-21T14:18:13Z">
          <reporter-output>
          </reporter-output>
        </test-method> <!-- campaignBuilderPage_UI_Verification -->
        <test-method status="PASS" signature="tearDown(org.testng.ITestResult)[pri:0, instance:tests.CampaignTests@6b0c2d26]" name="tearDown" is-config="true" duration-ms="119" started-at="2020-01-21T14:18:13Z" finished-at="2020-01-21T14:18:14Z">
          <params>
            <param index="0">
              <value>
                <![CDATA[[TestResult name=campaignBuilderPage_UI_Verification status=SUCCESS method=CampaignTests.campaignBuilderPage_UI_Verification()[pri:1, instance:tests.CampaignTests@6b0c2d26] output={null}]]]>
              </value>
            </param>
          </params>
          <reporter-output>
          </reporter-output>
        </test-method> <!-- tearDown -->
        <test-method status="PASS" signature="defaultCampaignOwnerValidation()[pri:2, instance:tests.CampaignTests@6b0c2d26]" name="defaultCampaignOwnerValidation" duration-ms="5586" started-at="2020-01-21T14:18:14Z" finished-at="2020-01-21T14:18:19Z">
          <reporter-output>
          </reporter-output>
        </test-method> <!-- defaultCampaignOwnerValidation -->
        <test-method status="PASS" signature="tearDown(org.testng.ITestResult)[pri:0, instance:tests.CampaignTests@6b0c2d26]" name="tearDown" is-config="true" duration-ms="137" started-at="2020-01-21T14:18:19Z" finished-at="2020-01-21T14:18:19Z">
          <params>
            <param index="0">
              <value>
                <![CDATA[[TestResult name=defaultCampaignOwnerValidation status=SUCCESS method=CampaignTests.defaultCampaignOwnerValidation()[pri:2, instance:tests.CampaignTests@6b0c2d26] output={null}]]]>
              </value>
            </param>
          </params>
          <reporter-output>
          </reporter-output>
        </test-method> <!-- tearDown -->
        <test-method status="PASS" signature="campaign_Creation_Without_externalID()[pri:3, instance:tests.CampaignTests@6b0c2d26]" name="campaign_Creation_Without_externalID" duration-ms="13531" started-at="2020-01-21T14:18:19Z" finished-at="2020-01-21T14:18:33Z">
          <reporter-output>
          </reporter-output>
        </test-method> <!-- campaign_Creation_Without_externalID -->
        <test-method status="PASS" signature="tearDown(org.testng.ITestResult)[pri:0, instance:tests.CampaignTests@6b0c2d26]" name="tearDown" is-config="true" duration-ms="99" started-at="2020-01-21T14:18:33Z" finished-at="2020-01-21T14:18:33Z">
          <params>
            <param index="0">
              <value>
                <![CDATA[[TestResult name=campaign_Creation_Without_externalID status=SUCCESS method=CampaignTests.campaign_Creation_Without_externalID()[pri:3, instance:tests.CampaignTests@6b0c2d26] output={null}]]]>
              </value>
            </param>
          </params>
          <reporter-output>
          </reporter-output>
        </test-method> <!-- tearDown -->
        <test-method status="PASS" signature="campaign_updation_Without_externalID()[pri:4, instance:tests.CampaignTests@6b0c2d26]" name="campaign_updation_Without_externalID" duration-ms="13175" started-at="2020-01-21T14:18:33Z" finished-at="2020-01-21T14:18:46Z">
          <reporter-output>
          </reporter-output>
        </test-method> <!-- campaign_updation_Without_externalID -->
        <test-method status="PASS" signature="tearDown(org.testng.ITestResult)[pri:0, instance:tests.CampaignTests@6b0c2d26]" name="tearDown" is-config="true" duration-ms="80" started-at="2020-01-21T14:18:46Z" finished-at="2020-01-21T14:18:46Z">
          <params>
            <param index="0">
              <value>
                <![CDATA[[TestResult name=campaign_updation_Without_externalID status=SUCCESS method=CampaignTests.campaign_updation_Without_externalID()[pri:4, instance:tests.CampaignTests@6b0c2d26] output={null}]]]>
              </value>
            </param>
          </params>
          <reporter-output>
          </reporter-output>
        </test-method> <!-- tearDown -->
        <test-method status="PASS" signature="campaign_deletion_Without_externalID()[pri:5, instance:tests.CampaignTests@6b0c2d26]" name="campaign_deletion_Without_externalID" duration-ms="5618" started-at="2020-01-21T14:18:46Z" finished-at="2020-01-21T14:18:52Z">
          <reporter-output>
          </reporter-output>
        </test-method> <!-- campaign_deletion_Without_externalID -->
        <test-method status="PASS" signature="tearDown(org.testng.ITestResult)[pri:0, instance:tests.CampaignTests@6b0c2d26]" name="tearDown" is-config="true" duration-ms="71" started-at="2020-01-21T14:18:52Z" finished-at="2020-01-21T14:18:52Z">
          <params>
            <param index="0">
              <value>
                <![CDATA[[TestResult name=campaign_deletion_Without_externalID status=SUCCESS method=CampaignTests.campaign_deletion_Without_externalID()[pri:5, instance:tests.CampaignTests@6b0c2d26] output={null}]]]>
              </value>
            </param>
          </params>
          <reporter-output>
          </reporter-output>
        </test-method> <!-- tearDown -->
        <test-method status="PASS" signature="campaign_Creation_With_externalID()[pri:6, instance:tests.CampaignTests@6b0c2d26]" name="campaign_Creation_With_externalID" duration-ms="13400" started-at="2020-01-21T14:18:52Z" finished-at="2020-01-21T14:19:05Z">
          <reporter-output>
          </reporter-output>
        </test-method> <!-- campaign_Creation_With_externalID -->
        <test-method status="PASS" signature="tearDown(org.testng.ITestResult)[pri:0, instance:tests.CampaignTests@6b0c2d26]" name="tearDown" is-config="true" duration-ms="76" started-at="2020-01-21T14:19:05Z" finished-at="2020-01-21T14:19:05Z">
          <params>
            <param index="0">
              <value>
                <![CDATA[[TestResult name=campaign_Creation_With_externalID status=SUCCESS method=CampaignTests.campaign_Creation_With_externalID()[pri:6, instance:tests.CampaignTests@6b0c2d26] output={null}]]]>
              </value>
            </param>
          </params>
          <reporter-output>
          </reporter-output>
        </test-method> <!-- tearDown -->
        <test-method status="PASS" signature="campaign_updation_With_externalID()[pri:7, instance:tests.CampaignTests@6b0c2d26]" name="campaign_updation_With_externalID" duration-ms="13579" started-at="2020-01-21T14:19:05Z" finished-at="2020-01-21T14:19:19Z">
          <reporter-output>
          </reporter-output>
        </test-method> <!-- campaign_updation_With_externalID -->
        <test-method status="PASS" signature="tearDown(org.testng.ITestResult)[pri:0, instance:tests.CampaignTests@6b0c2d26]" name="tearDown" is-config="true" duration-ms="70" started-at="2020-01-21T14:19:19Z" finished-at="2020-01-21T14:19:19Z">
          <params>
            <param index="0">
              <value>
                <![CDATA[[TestResult name=campaign_updation_With_externalID status=SUCCESS method=CampaignTests.campaign_updation_With_externalID()[pri:7, instance:tests.CampaignTests@6b0c2d26] output={null}]]]>
              </value>
            </param>
          </params>
          <reporter-output>
          </reporter-output>
        </test-method> <!-- tearDown -->
        <test-method status="PASS" signature="campaign_deletion_With_externalID()[pri:8, instance:tests.CampaignTests@6b0c2d26]" name="campaign_deletion_With_externalID" duration-ms="5492" started-at="2020-01-21T14:19:19Z" finished-at="2020-01-21T14:19:25Z">
          <reporter-output>
          </reporter-output>
        </test-method> <!-- campaign_deletion_With_externalID -->
        <test-method status="PASS" signature="tearDown(org.testng.ITestResult)[pri:0, instance:tests.CampaignTests@6b0c2d26]" name="tearDown" is-config="true" duration-ms="76" started-at="2020-01-21T14:19:25Z" finished-at="2020-01-21T14:19:25Z">
          <params>
            <param index="0">
              <value>
                <![CDATA[[TestResult name=campaign_deletion_With_externalID status=SUCCESS method=CampaignTests.campaign_deletion_With_externalID()[pri:8, instance:tests.CampaignTests@6b0c2d26] output={null}]]]>
              </value>
            </param>
          </params>
          <reporter-output>
          </reporter-output>
        </test-method> <!-- tearDown -->
        <test-method status="PASS" signature="createCampaignWithFutureStartDateAndNeverEndDate()[pri:9, instance:tests.CampaignTests@6b0c2d26]" name="createCampaignWithFutureStartDateAndNeverEndDate" duration-ms="13200" started-at="2020-01-21T14:19:25Z" finished-at="2020-01-21T14:19:38Z">
          <reporter-output>
          </reporter-output>
        </test-method> <!-- createCampaignWithFutureStartDateAndNeverEndDate -->
        <test-method status="PASS" signature="tearDown(org.testng.ITestResult)[pri:0, instance:tests.CampaignTests@6b0c2d26]" name="tearDown" is-config="true" duration-ms="79" started-at="2020-01-21T14:19:38Z" finished-at="2020-01-21T14:19:38Z">
          <params>
            <param index="0">
              <value>
                <![CDATA[[TestResult name=createCampaignWithFutureStartDateAndNeverEndDate status=SUCCESS method=CampaignTests.createCampaignWithFutureStartDateAndNeverEndDate()[pri:9, instance:tests.CampaignTests@6b0c2d26] output={null}]]]>
              </value>
            </param>
          </params>
          <reporter-output>
          </reporter-output>
        </test-method> <!-- tearDown -->
        <test-method status="PASS" signature="updateCampaignWithFutureStartDateAndNeverEndDate()[pri:10, instance:tests.CampaignTests@6b0c2d26]" name="updateCampaignWithFutureStartDateAndNeverEndDate" duration-ms="14526" started-at="2020-01-21T14:19:38Z" finished-at="2020-01-21T14:19:52Z">
          <reporter-output>
          </reporter-output>
        </test-method> <!-- updateCampaignWithFutureStartDateAndNeverEndDate -->
        <test-method status="PASS" signature="tearDown(org.testng.ITestResult)[pri:0, instance:tests.CampaignTests@6b0c2d26]" name="tearDown" is-config="true" duration-ms="91" started-at="2020-01-21T14:19:52Z" finished-at="2020-01-21T14:19:53Z">
          <params>
            <param index="0">
              <value>
                <![CDATA[[TestResult name=updateCampaignWithFutureStartDateAndNeverEndDate status=SUCCESS method=CampaignTests.updateCampaignWithFutureStartDateAndNeverEndDate()[pri:10, instance:tests.CampaignTests@6b0c2d26] output={null}]]]>
              </value>
            </param>
          </params>
          <reporter-output>
          </reporter-output>
        </test-method> <!-- tearDown -->
        <test-method status="PASS" signature="campaign_deletion_With_futureStartDate()[pri:11, instance:tests.CampaignTests@6b0c2d26]" name="campaign_deletion_With_futureStartDate" duration-ms="5795" started-at="2020-01-21T14:19:53Z" finished-at="2020-01-21T14:19:58Z">
          <reporter-output>
          </reporter-output>
        </test-method> <!-- campaign_deletion_With_futureStartDate -->
        <test-method status="PASS" signature="tearDown(org.testng.ITestResult)[pri:0, instance:tests.CampaignTests@6b0c2d26]" name="tearDown" is-config="true" duration-ms="65" started-at="2020-01-21T14:19:58Z" finished-at="2020-01-21T14:19:58Z">
          <params>
            <param index="0">
              <value>
                <![CDATA[[TestResult name=campaign_deletion_With_futureStartDate status=SUCCESS method=CampaignTests.campaign_deletion_With_futureStartDate()[pri:11, instance:tests.CampaignTests@6b0c2d26] output={null}]]]>
              </value>
            </param>
          </params>
          <reporter-output>
          </reporter-output>
        </test-method> <!-- tearDown -->
        <test-method status="PASS" signature="createCampaignWithFutureStartDateAndFutureEndDate()[pri:12, instance:tests.CampaignTests@6b0c2d26]" name="createCampaignWithFutureStartDateAndFutureEndDate" duration-ms="14527" started-at="2020-01-21T14:19:58Z" finished-at="2020-01-21T14:20:13Z">
          <reporter-output>
          </reporter-output>
        </test-method> <!-- createCampaignWithFutureStartDateAndFutureEndDate -->
        <test-method status="PASS" signature="tearDown(org.testng.ITestResult)[pri:0, instance:tests.CampaignTests@6b0c2d26]" name="tearDown" is-config="true" duration-ms="79" started-at="2020-01-21T14:20:13Z" finished-at="2020-01-21T14:20:13Z">
          <params>
            <param index="0">
              <value>
                <![CDATA[[TestResult name=createCampaignWithFutureStartDateAndFutureEndDate status=SUCCESS method=CampaignTests.createCampaignWithFutureStartDateAndFutureEndDate()[pri:12, instance:tests.CampaignTests@6b0c2d26] output={null}]]]>
              </value>
            </param>
          </params>
          <reporter-output>
          </reporter-output>
        </test-method> <!-- tearDown -->
        <test-method status="PASS" signature="updateCampaignWithFutureStartDateAndFutureEndDate()[pri:13, instance:tests.CampaignTests@6b0c2d26]" name="updateCampaignWithFutureStartDateAndFutureEndDate" duration-ms="15124" started-at="2020-01-21T14:20:13Z" finished-at="2020-01-21T14:20:28Z">
          <reporter-output>
          </reporter-output>
        </test-method> <!-- updateCampaignWithFutureStartDateAndFutureEndDate -->
        <test-method status="PASS" signature="tearDown(org.testng.ITestResult)[pri:0, instance:tests.CampaignTests@6b0c2d26]" name="tearDown" is-config="true" duration-ms="72" started-at="2020-01-21T14:20:28Z" finished-at="2020-01-21T14:20:28Z">
          <params>
            <param index="0">
              <value>
                <![CDATA[[TestResult name=updateCampaignWithFutureStartDateAndFutureEndDate status=SUCCESS method=CampaignTests.updateCampaignWithFutureStartDateAndFutureEndDate()[pri:13, instance:tests.CampaignTests@6b0c2d26] output={null}]]]>
              </value>
            </param>
          </params>
          <reporter-output>
          </reporter-output>
        </test-method> <!-- tearDown -->
        <test-method status="PASS" signature="campaign_deletion_With_futureStartDateAndFutureEndDate()[pri:14, instance:tests.CampaignTests@6b0c2d26]" name="campaign_deletion_With_futureStartDateAndFutureEndDate" duration-ms="5823" started-at="2020-01-21T14:20:28Z" finished-at="2020-01-21T14:20:34Z">
          <reporter-output>
          </reporter-output>
        </test-method> <!-- campaign_deletion_With_futureStartDateAndFutureEndDate -->
        <test-method status="PASS" signature="tearDown(org.testng.ITestResult)[pri:0, instance:tests.CampaignTests@6b0c2d26]" name="tearDown" is-config="true" duration-ms="58" started-at="2020-01-21T14:20:34Z" finished-at="2020-01-21T14:20:34Z">
          <params>
            <param index="0">
              <value>
                <![CDATA[[TestResult name=campaign_deletion_With_futureStartDateAndFutureEndDate status=SUCCESS method=CampaignTests.campaign_deletion_With_futureStartDateAndFutureEndDate()[pri:14, instance:tests.CampaignTests@6b0c2d26] output={null}]]]>
              </value>
            </param>
          </params>
          <reporter-output>
          </reporter-output>
        </test-method> <!-- tearDown -->
        <test-method status="PASS" signature="createCampaignWithPastTime()[pri:15, instance:tests.CampaignTests@6b0c2d26]" name="createCampaignWithPastTime" duration-ms="6980" started-at="2020-01-21T14:20:34Z" finished-at="2020-01-21T14:20:41Z">
          <reporter-output>
          </reporter-output>
        </test-method> <!-- createCampaignWithPastTime -->
        <test-method status="PASS" signature="tearDown(org.testng.ITestResult)[pri:0, instance:tests.CampaignTests@6b0c2d26]" name="tearDown" is-config="true" duration-ms="66" started-at="2020-01-21T14:20:41Z" finished-at="2020-01-21T14:20:41Z">
          <params>
            <param index="0">
              <value>
                <![CDATA[[TestResult name=createCampaignWithPastTime status=SUCCESS method=CampaignTests.createCampaignWithPastTime()[pri:15, instance:tests.CampaignTests@6b0c2d26] output={null}]]]>
              </value>
            </param>
          </params>
          <reporter-output>
          </reporter-output>
        </test-method> <!-- tearDown -->
        <test-method status="PASS" signature="goToHomePage()[pri:0, instance:tests.CampaignTests@6b0c2d26]" name="goToHomePage" is-config="true" duration-ms="650" started-at="2020-01-21T14:20:41Z" finished-at="2020-01-21T14:20:42Z">
          <reporter-output>
          </reporter-output>
        </test-method> <!-- goToHomePage -->
      </class> <!-- tests.CampaignTests -->
      <class name="tests.HomeTest">
        <test-method status="PASS" signature="validLogin()[pri:0, instance:tests.HomeTest@49e202ad]" name="validLogin" is-config="true" duration-ms="1616" started-at="2020-01-21T14:16:58Z" finished-at="2020-01-21T14:16:59Z">
          <reporter-output>
          </reporter-output>
        </test-method> <!-- validLogin -->
        <test-method status="PASS" signature="ui_verification()[pri:1, instance:tests.HomeTest@49e202ad]" name="ui_verification" duration-ms="45114" started-at="2020-01-21T14:16:59Z" finished-at="2020-01-21T14:17:44Z">
          <reporter-output>
          </reporter-output>
        </test-method> <!-- ui_verification -->
        <test-method status="PASS" signature="tearDown(org.testng.ITestResult)[pri:0, instance:tests.HomeTest@49e202ad]" name="tearDown" is-config="true" duration-ms="77" started-at="2020-01-21T14:17:44Z" finished-at="2020-01-21T14:17:44Z">
          <params>
            <param index="0">
              <value>
                <![CDATA[[TestResult name=ui_verification status=SUCCESS method=HomeTest.ui_verification()[pri:1, instance:tests.HomeTest@49e202ad] output={null}]]]>
              </value>
            </param>
          </params>
          <reporter-output>
          </reporter-output>
        </test-method> <!-- tearDown -->
        <test-method status="PASS" signature="tiles_count_verification_UI()[pri:2, instance:tests.HomeTest@49e202ad]" name="tiles_count_verification_UI" duration-ms="7801" started-at="2020-01-21T14:17:44Z" finished-at="2020-01-21T14:17:52Z">
          <reporter-output>
          </reporter-output>
        </test-method> <!-- tiles_count_verification_UI -->
        <test-method status="PASS" signature="tearDown(org.testng.ITestResult)[pri:0, instance:tests.HomeTest@49e202ad]" name="tearDown" is-config="true" duration-ms="115" started-at="2020-01-21T14:17:52Z" finished-at="2020-01-21T14:17:52Z">
          <params>
            <param index="0">
              <value>
                <![CDATA[[TestResult name=tiles_count_verification_UI status=SUCCESS method=HomeTest.tiles_count_verification_UI()[pri:2, instance:tests.HomeTest@49e202ad] output={null}]]]>
              </value>
            </param>
          </params>
          <reporter-output>
          </reporter-output>
        </test-method> <!-- tearDown -->
        <test-method status="PASS" signature="tearDown()[pri:0, instance:tests.HomeTest@49e202ad]" name="tearDown" is-config="true" duration-ms="1045" started-at="2020-01-21T14:20:42Z" finished-at="2020-01-21T14:20:43Z">
          <reporter-output>
          </reporter-output>
        </test-method> <!-- tearDown -->
      </class> <!-- tests.HomeTest -->
      <class name="tests.CamapignUIVerificationTest">
        <test-method status="PASS" signature="goToCampaignPage()[pri:0, instance:tests.CamapignUIVerificationTest@1c72da34]" name="goToCampaignPage" is-config="true" duration-ms="1636" started-at="2020-01-21T14:17:52Z" finished-at="2020-01-21T14:17:54Z">
          <reporter-output>
          </reporter-output>
        </test-method> <!-- goToCampaignPage -->
        <test-method status="PASS" signature="CampaignAndTrackingNumberPage_UI_Verification()[pri:1, instance:tests.CamapignUIVerificationTest@1c72da34]" name="CampaignAndTrackingNumberPage_UI_Verification" duration-ms="10704" started-at="2020-01-21T14:17:54Z" finished-at="2020-01-21T14:18:05Z">
          <reporter-output>
          </reporter-output>
        </test-method> <!-- CampaignAndTrackingNumberPage_UI_Verification -->
        <test-method status="PASS" signature="tearDown(org.testng.ITestResult)[pri:0, instance:tests.CamapignUIVerificationTest@1c72da34]" name="tearDown" is-config="true" duration-ms="140" started-at="2020-01-21T14:18:05Z" finished-at="2020-01-21T14:18:05Z">
          <params>
            <param index="0">
              <value>
                <![CDATA[[TestResult name=CampaignAndTrackingNumberPage_UI_Verification status=SUCCESS method=CamapignUIVerificationTest.CampaignAndTrackingNumberPage_UI_Verification()[pri:1, instance:tests.CamapignUIVerificationTest@1c72da34] output={null}]]]>
              </value>
            </param>
          </params>
          <reporter-output>
          </reporter-output>
        </test-method> <!-- tearDown -->
        <test-method status="PASS" signature="goToHomePage()[pri:0, instance:tests.CamapignUIVerificationTest@1c72da34]" name="goToHomePage" is-config="true" duration-ms="623" started-at="2020-01-21T14:18:05Z" finished-at="2020-01-21T14:18:05Z">
          <reporter-output>
          </reporter-output>
        </test-method> <!-- goToHomePage -->
      </class> <!-- tests.CamapignUIVerificationTest -->
    </test> <!-- chrome test -->
  </suite> <!-- Automation Suite-1 -->
</testng-results>
