<?xml version="1.0" encoding="UTF-8"?>
<testng-results skipped="0" failed="0" total="3" passed="3">
  <reporter-output>
  </reporter-output>
  <suite name="Automation Suite-1" duration-ms="255208" started-at="2020-02-26T07:40:47Z" finished-at="2020-02-26T07:45:02Z">
    <groups>
    </groups>
    <test name="chrome test" duration-ms="255208" started-at="2020-02-26T07:40:47Z" finished-at="2020-02-26T07:45:02Z">
      <class name="tests.TrackingNumberTest">
        <test-method status="PASS" signature="setUp(java.lang.String, java.lang.String)[pri:0, instance:tests.TrackingNumberTest@453da22c]" name="setUp" is-config="true" duration-ms="60963" started-at="2020-02-26T13:10:47Z" finished-at="2020-02-26T13:11:48Z">
          <params>
            <param index="0">
              <value>
                <![CDATA[chrome]]>
              </value>
            </param>
            <param index="1">
              <value>
                <![CDATA[https://stag-6-cmo-1.convirza.com]]>
              </value>
            </param>
          </params>
          <reporter-output>
          </reporter-output>
        </test-method> <!-- setUp -->
        <test-method status="PASS" signature="goToCampaignPage()[pri:0, instance:tests.TrackingNumberTest@453da22c]" name="goToCampaignPage" is-config="true" duration-ms="7278" started-at="2020-02-26T13:11:48Z" finished-at="2020-02-26T13:11:55Z">
          <reporter-output>
          </reporter-output>
        </test-method> <!-- goToCampaignPage -->
        <test-method status="PASS" signature="reserveNumberCreation()[pri:4, instance:tests.TrackingNumberTest@453da22c]" name="reserveNumberCreation" duration-ms="162106" started-at="2020-02-26T13:11:55Z" finished-at="2020-02-26T13:14:37Z">
          <reporter-output>
          </reporter-output>
        </test-method> <!-- reserveNumberCreation -->
        <test-method status="PASS" signature="tearDown(org.testng.ITestResult)[pri:0, instance:tests.TrackingNumberTest@453da22c]" name="tearDown" is-config="true" duration-ms="563" started-at="2020-02-26T13:14:37Z" finished-at="2020-02-26T13:14:38Z">
          <params>
            <param index="0">
              <value>
                <![CDATA[[TestResult name=reserveNumberCreation status=SUCCESS method=TrackingNumberTest.reserveNumberCreation()[pri:4, instance:tests.TrackingNumberTest@453da22c] output={null}]]]>
              </value>
            </param>
          </params>
          <reporter-output>
          </reporter-output>
        </test-method> <!-- tearDown -->
        <test-method status="PASS" signature="reserveNumberUpdation()[pri:5, instance:tests.TrackingNumberTest@453da22c]" name="reserveNumberUpdation" duration-ms="17144" started-at="2020-02-26T13:14:38Z" finished-at="2020-02-26T13:14:55Z">
          <reporter-output>
          </reporter-output>
        </test-method> <!-- reserveNumberUpdation -->
        <test-method status="PASS" signature="tearDown(org.testng.ITestResult)[pri:0, instance:tests.TrackingNumberTest@453da22c]" name="tearDown" is-config="true" duration-ms="117" started-at="2020-02-26T13:14:55Z" finished-at="2020-02-26T13:14:55Z">
          <params>
            <param index="0">
              <value>
                <![CDATA[[TestResult name=reserveNumberUpdation status=SUCCESS method=TrackingNumberTest.reserveNumberUpdation()[pri:5, instance:tests.TrackingNumberTest@453da22c] output={null}]]]>
              </value>
            </param>
          </params>
          <reporter-output>
          </reporter-output>
        </test-method> <!-- tearDown -->
        <test-method status="PASS" signature="reserveNumberDeletion()[pri:6, instance:tests.TrackingNumberTest@453da22c]" name="reserveNumberDeletion" duration-ms="6032" started-at="2020-02-26T13:14:55Z" finished-at="2020-02-26T13:15:01Z">
          <reporter-output>
          </reporter-output>
        </test-method> <!-- reserveNumberDeletion -->
        <test-method status="PASS" signature="tearDown(org.testng.ITestResult)[pri:0, instance:tests.TrackingNumberTest@453da22c]" name="tearDown" is-config="true" duration-ms="98" started-at="2020-02-26T13:15:01Z" finished-at="2020-02-26T13:15:01Z">
          <params>
            <param index="0">
              <value>
                <![CDATA[[TestResult name=reserveNumberDeletion status=SUCCESS method=TrackingNumberTest.reserveNumberDeletion()[pri:6, instance:tests.TrackingNumberTest@453da22c] output={null}]]]>
              </value>
            </param>
          </params>
          <reporter-output>
          </reporter-output>
        </test-method> <!-- tearDown -->
        <test-method status="PASS" signature="tearDown()[pri:0, instance:tests.TrackingNumberTest@453da22c]" name="tearDown" is-config="true" duration-ms="869" started-at="2020-02-26T13:15:01Z" finished-at="2020-02-26T13:15:02Z">
          <reporter-output>
          </reporter-output>
        </test-method> <!-- tearDown -->
        <test-method status="PASS" signature="close_connection()[pri:0, instance:tests.TrackingNumberTest@453da22c]" name="close_connection" is-config="true" duration-ms="6891" started-at="2020-02-26T13:15:02Z" finished-at="2020-02-26T13:15:09Z">
          <reporter-output>
          </reporter-output>
        </test-method> <!-- close_connection -->
      </class> <!-- tests.TrackingNumberTest -->
    </test> <!-- chrome test -->
  </suite> <!-- Automation Suite-1 -->
</testng-results>
