<?xml version="1.0" encoding="UTF-8"?>
<testng-results skipped="0" failed="0" ignored="0" total="1" passed="1">
  <reporter-output>
  </reporter-output>
  <suite name="Automation Suite-1" duration-ms="203223" started-at="2020-01-15T06:13:54Z" finished-at="2020-01-15T06:17:17Z">
    <groups>
    </groups>
    <test name="chrome test" duration-ms="203223" started-at="2020-01-15T06:13:54Z" finished-at="2020-01-15T06:17:17Z">
      <class name="tests.HomeTest">
        <test-method status="PASS" signature="setUp(java.lang.String, java.lang.String)[pri:0, instance:tests.HomeTest@7bb58ca3]" name="setUp" is-config="true" duration-ms="184252" started-at="2020-01-15T06:13:54Z" finished-at="2020-01-15T06:16:59Z">
          <params>
            <param index="0">
              <value>
                <![CDATA[chrome]]>
              </value>
            </param>
            <param index="1">
              <value>
                <![CDATA[https://stag-5-cmo-1.convirza.com]]>
              </value>
            </param>
          </params>
          <reporter-output>
          </reporter-output>
        </test-method> <!-- setUp -->
        <test-method status="PASS" signature="validLogin()[pri:0, instance:tests.HomeTest@7bb58ca3]" name="validLogin" is-config="true" duration-ms="5603" started-at="2020-01-15T06:16:59Z" finished-at="2020-01-15T06:17:04Z">
          <reporter-output>
          </reporter-output>
        </test-method> <!-- validLogin -->
        <test-method status="PASS" signature="ui_verification()[pri:1, instance:tests.HomeTest@7bb58ca3]" name="ui_verification" duration-ms="12118" started-at="2020-01-15T06:17:04Z" finished-at="2020-01-15T06:17:16Z">
          <reporter-output>
          </reporter-output>
        </test-method> <!-- ui_verification -->
        <test-method status="PASS" signature="tearDown(org.testng.ITestResult)[pri:0, instance:tests.HomeTest@7bb58ca3]" name="tearDown" is-config="true" duration-ms="486" started-at="2020-01-15T06:17:16Z" finished-at="2020-01-15T06:17:17Z">
          <params>
            <param index="0">
              <value>
                <![CDATA[[TestResult name=ui_verification status=SUCCESS method=HomeTest.ui_verification()[pri:1, instance:tests.HomeTest@7bb58ca3] output={null}]]]>
              </value>
            </param>
          </params>
          <reporter-output>
          </reporter-output>
        </test-method> <!-- tearDown -->
        <test-method status="PASS" signature="tearDown()[pri:0, instance:tests.HomeTest@7bb58ca3]" name="tearDown" is-config="true" duration-ms="725" started-at="2020-01-15T06:17:17Z" finished-at="2020-01-15T06:17:17Z">
          <reporter-output>
          </reporter-output>
        </test-method> <!-- tearDown -->
        <test-method status="PASS" signature="close_connection()[pri:0, instance:tests.HomeTest@7bb58ca3]" name="close_connection" is-config="true" duration-ms="12289" started-at="2020-01-15T06:17:18Z" finished-at="2020-01-15T06:17:30Z">
          <reporter-output>
          </reporter-output>
        </test-method> <!-- close_connection -->
      </class> <!-- tests.HomeTest -->
    </test> <!-- chrome test -->
  </suite> <!-- Automation Suite-1 -->
</testng-results>
