<?xml version="1.0" encoding="UTF-8"?>
<testng-results skipped="0" failed="0" total="4" passed="4">
  <reporter-output>
  </reporter-output>
  <suite name="Automation Suite-1" duration-ms="157098" started-at="2020-02-12T10:47:59Z" finished-at="2020-02-12T10:50:36Z">
    <groups>
    </groups>
    <test name="chrome test" duration-ms="157098" started-at="2020-02-12T10:47:59Z" finished-at="2020-02-12T10:50:36Z">
      <class name="tests.CamapignUIVerificationTest">
        <test-method status="PASS" signature="setUp(java.lang.String, java.lang.String)[pri:0, instance:tests.CamapignUIVerificationTest@16267862]" name="setUp" is-config="true" duration-ms="43173" started-at="2020-02-12T16:17:59Z" finished-at="2020-02-12T16:18:42Z">
          <params>
            <param index="0">
              <value>
                <![CDATA[chrome]]>
              </value>
            </param>
            <param index="1">
              <value>
                <![CDATA[https://stag-5-cmo-1.convirza.com]]>
              </value>
            </param>
          </params>
          <reporter-output>
          </reporter-output>
        </test-method> <!-- setUp -->
        <test-method status="PASS" signature="goToCampaignPage()[pri:0, instance:tests.CamapignUIVerificationTest@16267862]" name="goToCampaignPage" is-config="true" duration-ms="4488" started-at="2020-02-12T16:18:42Z" finished-at="2020-02-12T16:18:47Z">
          <reporter-output>
          </reporter-output>
        </test-method> <!-- goToCampaignPage -->
        <test-method status="PASS" signature="CampaignAndTrackingNumberPage_UI_Verification()[pri:1, instance:tests.CamapignUIVerificationTest@16267862]" name="CampaignAndTrackingNumberPage_UI_Verification" duration-ms="9537" started-at="2020-02-12T16:18:47Z" finished-at="2020-02-12T16:18:56Z">
          <reporter-output>
          </reporter-output>
        </test-method> <!-- CampaignAndTrackingNumberPage_UI_Verification -->
        <test-method status="PASS" signature="tearDown(org.testng.ITestResult)[pri:0, instance:tests.CamapignUIVerificationTest@16267862]" name="tearDown" is-config="true" duration-ms="426" started-at="2020-02-12T16:18:56Z" finished-at="2020-02-12T16:18:57Z">
          <params>
            <param index="0">
              <value>
                <![CDATA[[TestResult name=CampaignAndTrackingNumberPage_UI_Verification status=SUCCESS method=CamapignUIVerificationTest.CampaignAndTrackingNumberPage_UI_Verification()[pri:1, instance:tests.CamapignUIVerificationTest@16267862] output={null}]]]>
              </value>
            </param>
          </params>
          <reporter-output>
          </reporter-output>
        </test-method> <!-- tearDown -->
        <test-method status="PASS" signature="defaultColumnsDisplayed()[pri:2, instance:tests.CamapignUIVerificationTest@16267862]" name="defaultColumnsDisplayed" duration-ms="9479" started-at="2020-02-12T16:18:57Z" finished-at="2020-02-12T16:19:06Z">
          <reporter-output>
          </reporter-output>
        </test-method> <!-- defaultColumnsDisplayed -->
        <test-method status="PASS" signature="tearDown(org.testng.ITestResult)[pri:0, instance:tests.CamapignUIVerificationTest@16267862]" name="tearDown" is-config="true" duration-ms="192" started-at="2020-02-12T16:19:06Z" finished-at="2020-02-12T16:19:06Z">
          <params>
            <param index="0">
              <value>
                <![CDATA[[TestResult name=defaultColumnsDisplayed status=SUCCESS method=CamapignUIVerificationTest.defaultColumnsDisplayed()[pri:2, instance:tests.CamapignUIVerificationTest@16267862] output={null}]]]>
              </value>
            </param>
          </params>
          <reporter-output>
          </reporter-output>
        </test-method> <!-- tearDown -->
        <test-method status="PASS" signature="defaultTrackingNumberColumnLabels()[pri:2, instance:tests.CamapignUIVerificationTest@16267862]" name="defaultTrackingNumberColumnLabels" duration-ms="15328" started-at="2020-02-12T16:19:06Z" finished-at="2020-02-12T16:19:22Z">
          <reporter-output>
          </reporter-output>
        </test-method> <!-- defaultTrackingNumberColumnLabels -->
        <test-method status="PASS" signature="tearDown(org.testng.ITestResult)[pri:0, instance:tests.CamapignUIVerificationTest@16267862]" name="tearDown" is-config="true" duration-ms="144" started-at="2020-02-12T16:19:22Z" finished-at="2020-02-12T16:19:22Z">
          <params>
            <param index="0">
              <value>
                <![CDATA[[TestResult name=defaultTrackingNumberColumnLabels status=SUCCESS method=CamapignUIVerificationTest.defaultTrackingNumberColumnLabels()[pri:2, instance:tests.CamapignUIVerificationTest@16267862] output={null}]]]>
              </value>
            </param>
          </params>
          <reporter-output>
          </reporter-output>
        </test-method> <!-- tearDown -->
        <test-method status="PASS" signature="allColumnsDisplayed()[pri:3, instance:tests.CamapignUIVerificationTest@16267862]" name="allColumnsDisplayed" duration-ms="72584" started-at="2020-02-12T16:19:22Z" finished-at="2020-02-12T16:20:34Z">
          <reporter-output>
          </reporter-output>
        </test-method> <!-- allColumnsDisplayed -->
        <test-method status="PASS" signature="tearDown(org.testng.ITestResult)[pri:0, instance:tests.CamapignUIVerificationTest@16267862]" name="tearDown" is-config="true" duration-ms="104" started-at="2020-02-12T16:20:34Z" finished-at="2020-02-12T16:20:34Z">
          <params>
            <param index="0">
              <value>
                <![CDATA[[TestResult name=allColumnsDisplayed status=SUCCESS method=CamapignUIVerificationTest.allColumnsDisplayed()[pri:3, instance:tests.CamapignUIVerificationTest@16267862] output={null}]]]>
              </value>
            </param>
          </params>
          <reporter-output>
          </reporter-output>
        </test-method> <!-- tearDown -->
        <test-method status="PASS" signature="goToHomePage()[pri:0, instance:tests.CamapignUIVerificationTest@16267862]" name="goToHomePage" is-config="true" duration-ms="813" started-at="2020-02-12T16:20:34Z" finished-at="2020-02-12T16:20:35Z">
          <reporter-output>
          </reporter-output>
        </test-method> <!-- goToHomePage -->
        <test-method status="PASS" signature="tearDown()[pri:0, instance:tests.CamapignUIVerificationTest@16267862]" name="tearDown" is-config="true" duration-ms="800" started-at="2020-02-12T16:20:35Z" finished-at="2020-02-12T16:20:36Z">
          <reporter-output>
          </reporter-output>
        </test-method> <!-- tearDown -->
        <test-method status="PASS" signature="close_connection()[pri:0, instance:tests.CamapignUIVerificationTest@16267862]" name="close_connection" is-config="true" duration-ms="7243" started-at="2020-02-12T16:20:36Z" finished-at="2020-02-12T16:20:43Z">
          <reporter-output>
          </reporter-output>
        </test-method> <!-- close_connection -->
      </class> <!-- tests.CamapignUIVerificationTest -->
    </test> <!-- chrome test -->
  </suite> <!-- Automation Suite-1 -->
</testng-results>
