<?xml version="1.0" encoding="UTF-8"?>
<testng-results skipped="0" failed="1" total="22" passed="21">
  <reporter-output>
  </reporter-output>
  <suite name="Automation Suite-1" duration-ms="1050366" started-at="2020-03-03T12:19:40Z" finished-at="2020-03-03T12:37:10Z">
    <groups>
    </groups>
    <test name="chrome test" duration-ms="1050366" started-at="2020-03-03T12:19:40Z" finished-at="2020-03-03T12:37:10Z">
      <class name="tests.TrackingNumberTest">
        <test-method status="PASS" signature="setUp(java.lang.String, java.lang.String)[pri:0, instance:tests.TrackingNumberTest@442675e1]" name="setUp" is-config="true" duration-ms="46867" started-at="2020-03-03T17:49:40Z" finished-at="2020-03-03T17:50:26Z">
          <params>
            <param index="0">
              <value>
                <![CDATA[chrome]]>
              </value>
            </param>
            <param index="1">
              <value>
                <![CDATA[https://stag-6-cmo-1.convirza.com]]>
              </value>
            </param>
          </params>
          <reporter-output>
          </reporter-output>
        </test-method> <!-- setUp -->
        <test-method status="PASS" signature="goToCampaignPage()[pri:0, instance:tests.TrackingNumberTest@442675e1]" name="goToCampaignPage" is-config="true" duration-ms="6670" started-at="2020-03-03T17:50:27Z" finished-at="2020-03-03T17:50:33Z">
          <reporter-output>
          </reporter-output>
        </test-method> <!-- goToCampaignPage -->
        <test-method status="PASS" signature="trakingNumberPageUIVerification()[pri:0, instance:tests.TrackingNumberTest@442675e1]" name="trakingNumberPageUIVerification" duration-ms="155993" started-at="2020-03-03T17:50:33Z" finished-at="2020-03-03T17:53:09Z">
          <reporter-output>
          </reporter-output>
        </test-method> <!-- trakingNumberPageUIVerification -->
        <test-method status="PASS" signature="tearDown(org.testng.ITestResult)[pri:0, instance:tests.TrackingNumberTest@442675e1]" name="tearDown" is-config="true" duration-ms="748" started-at="2020-03-03T17:53:09Z" finished-at="2020-03-03T17:53:10Z">
          <params>
            <param index="0">
              <value>
                <![CDATA[[TestResult name=trakingNumberPageUIVerification status=SUCCESS method=TrackingNumberTest.trakingNumberPageUIVerification()[pri:0, instance:tests.TrackingNumberTest@442675e1] output={null}]]]>
              </value>
            </param>
          </params>
          <reporter-output>
          </reporter-output>
        </test-method> <!-- tearDown -->
        <test-method status="PASS" signature="simpleTrakingNumberCreation()[pri:1, instance:tests.TrackingNumberTest@442675e1]" name="simpleTrakingNumberCreation" duration-ms="83666" started-at="2020-03-03T17:53:10Z" finished-at="2020-03-03T17:54:34Z">
          <reporter-output>
          </reporter-output>
        </test-method> <!-- simpleTrakingNumberCreation -->
        <test-method status="PASS" signature="tearDown(org.testng.ITestResult)[pri:0, instance:tests.TrackingNumberTest@442675e1]" name="tearDown" is-config="true" duration-ms="206" started-at="2020-03-03T17:54:34Z" finished-at="2020-03-03T17:54:34Z">
          <params>
            <param index="0">
              <value>
                <![CDATA[[TestResult name=simpleTrakingNumberCreation status=SUCCESS method=TrackingNumberTest.simpleTrakingNumberCreation()[pri:1, instance:tests.TrackingNumberTest@442675e1] output={null}]]]>
              </value>
            </param>
          </params>
          <reporter-output>
          </reporter-output>
        </test-method> <!-- tearDown -->
        <test-method status="PASS" signature="simpleTrakingNumberUpdation()[pri:2, instance:tests.TrackingNumberTest@442675e1]" name="simpleTrakingNumberUpdation" duration-ms="8192" started-at="2020-03-03T17:54:34Z" finished-at="2020-03-03T17:54:42Z">
          <reporter-output>
          </reporter-output>
        </test-method> <!-- simpleTrakingNumberUpdation -->
        <test-method status="PASS" signature="tearDown(org.testng.ITestResult)[pri:0, instance:tests.TrackingNumberTest@442675e1]" name="tearDown" is-config="true" duration-ms="147" started-at="2020-03-03T17:54:42Z" finished-at="2020-03-03T17:54:42Z">
          <params>
            <param index="0">
              <value>
                <![CDATA[[TestResult name=simpleTrakingNumberUpdation status=SUCCESS method=TrackingNumberTest.simpleTrakingNumberUpdation()[pri:2, instance:tests.TrackingNumberTest@442675e1] output={null}]]]>
              </value>
            </param>
          </params>
          <reporter-output>
          </reporter-output>
        </test-method> <!-- tearDown -->
        <test-method status="PASS" signature="simpleTrakingNumberDeletion()[pri:3, instance:tests.TrackingNumberTest@442675e1]" name="simpleTrakingNumberDeletion" duration-ms="7216" started-at="2020-03-03T17:54:42Z" finished-at="2020-03-03T17:54:49Z">
          <reporter-output>
          </reporter-output>
        </test-method> <!-- simpleTrakingNumberDeletion -->
        <test-method status="PASS" signature="tearDown(org.testng.ITestResult)[pri:0, instance:tests.TrackingNumberTest@442675e1]" name="tearDown" is-config="true" duration-ms="75" started-at="2020-03-03T17:54:49Z" finished-at="2020-03-03T17:54:50Z">
          <params>
            <param index="0">
              <value>
                <![CDATA[[TestResult name=simpleTrakingNumberDeletion status=SUCCESS method=TrackingNumberTest.simpleTrakingNumberDeletion()[pri:3, instance:tests.TrackingNumberTest@442675e1] output={null}]]]>
              </value>
            </param>
          </params>
          <reporter-output>
          </reporter-output>
        </test-method> <!-- tearDown -->
        <test-method status="PASS" signature="numberPoolCreation()[pri:4, instance:tests.TrackingNumberTest@442675e1]" name="numberPoolCreation" duration-ms="93431" started-at="2020-03-03T17:54:50Z" finished-at="2020-03-03T17:56:23Z">
          <reporter-output>
          </reporter-output>
        </test-method> <!-- numberPoolCreation -->
        <test-method status="PASS" signature="tearDown(org.testng.ITestResult)[pri:0, instance:tests.TrackingNumberTest@442675e1]" name="tearDown" is-config="true" duration-ms="68" started-at="2020-03-03T17:56:23Z" finished-at="2020-03-03T17:56:23Z">
          <params>
            <param index="0">
              <value>
                <![CDATA[[TestResult name=numberPoolCreation status=SUCCESS method=TrackingNumberTest.numberPoolCreation()[pri:4, instance:tests.TrackingNumberTest@442675e1] output={null}]]]>
              </value>
            </param>
          </params>
          <reporter-output>
          </reporter-output>
        </test-method> <!-- tearDown -->
        <test-method status="PASS" signature="numberPoolUpdation()[pri:5, instance:tests.TrackingNumberTest@442675e1]" name="numberPoolUpdation" duration-ms="7650" started-at="2020-03-03T17:56:23Z" finished-at="2020-03-03T17:56:31Z">
          <reporter-output>
          </reporter-output>
        </test-method> <!-- numberPoolUpdation -->
        <test-method status="PASS" signature="tearDown(org.testng.ITestResult)[pri:0, instance:tests.TrackingNumberTest@442675e1]" name="tearDown" is-config="true" duration-ms="64" started-at="2020-03-03T17:56:31Z" finished-at="2020-03-03T17:56:31Z">
          <params>
            <param index="0">
              <value>
                <![CDATA[[TestResult name=numberPoolUpdation status=SUCCESS method=TrackingNumberTest.numberPoolUpdation()[pri:5, instance:tests.TrackingNumberTest@442675e1] output={null}]]]>
              </value>
            </param>
          </params>
          <reporter-output>
          </reporter-output>
        </test-method> <!-- tearDown -->
        <test-method status="PASS" signature="numberPoolDeletion()[pri:6, instance:tests.TrackingNumberTest@442675e1]" name="numberPoolDeletion" duration-ms="6900" started-at="2020-03-03T17:56:31Z" finished-at="2020-03-03T17:56:38Z">
          <reporter-output>
          </reporter-output>
        </test-method> <!-- numberPoolDeletion -->
        <test-method status="PASS" signature="tearDown(org.testng.ITestResult)[pri:0, instance:tests.TrackingNumberTest@442675e1]" name="tearDown" is-config="true" duration-ms="87" started-at="2020-03-03T17:56:38Z" finished-at="2020-03-03T17:56:38Z">
          <params>
            <param index="0">
              <value>
                <![CDATA[[TestResult name=numberPoolDeletion status=SUCCESS method=TrackingNumberTest.numberPoolDeletion()[pri:6, instance:tests.TrackingNumberTest@442675e1] output={null}]]]>
              </value>
            </param>
          </params>
          <reporter-output>
          </reporter-output>
        </test-method> <!-- tearDown -->
        <test-method status="PASS" signature="reserveNumberCreation()[pri:7, instance:tests.TrackingNumberTest@442675e1]" name="reserveNumberCreation" duration-ms="23401" started-at="2020-03-03T17:56:38Z" finished-at="2020-03-03T17:57:01Z">
          <reporter-output>
          </reporter-output>
        </test-method> <!-- reserveNumberCreation -->
        <test-method status="PASS" signature="tearDown(org.testng.ITestResult)[pri:0, instance:tests.TrackingNumberTest@442675e1]" name="tearDown" is-config="true" duration-ms="85" started-at="2020-03-03T17:57:01Z" finished-at="2020-03-03T17:57:01Z">
          <params>
            <param index="0">
              <value>
                <![CDATA[[TestResult name=reserveNumberCreation status=SUCCESS method=TrackingNumberTest.reserveNumberCreation()[pri:7, instance:tests.TrackingNumberTest@442675e1] output={null}]]]>
              </value>
            </param>
          </params>
          <reporter-output>
          </reporter-output>
        </test-method> <!-- tearDown -->
        <test-method status="PASS" signature="reserveNumberUpdation()[pri:8, instance:tests.TrackingNumberTest@442675e1]" name="reserveNumberUpdation" duration-ms="7274" started-at="2020-03-03T17:57:01Z" finished-at="2020-03-03T17:57:08Z">
          <reporter-output>
          </reporter-output>
        </test-method> <!-- reserveNumberUpdation -->
        <test-method status="PASS" signature="tearDown(org.testng.ITestResult)[pri:0, instance:tests.TrackingNumberTest@442675e1]" name="tearDown" is-config="true" duration-ms="43" started-at="2020-03-03T17:57:08Z" finished-at="2020-03-03T17:57:09Z">
          <params>
            <param index="0">
              <value>
                <![CDATA[[TestResult name=reserveNumberUpdation status=SUCCESS method=TrackingNumberTest.reserveNumberUpdation()[pri:8, instance:tests.TrackingNumberTest@442675e1] output={null}]]]>
              </value>
            </param>
          </params>
          <reporter-output>
          </reporter-output>
        </test-method> <!-- tearDown -->
        <test-method status="PASS" signature="reserveNumberDeletion()[pri:9, instance:tests.TrackingNumberTest@442675e1]" name="reserveNumberDeletion" duration-ms="6890" started-at="2020-03-03T17:57:09Z" finished-at="2020-03-03T17:57:15Z">
          <reporter-output>
          </reporter-output>
        </test-method> <!-- reserveNumberDeletion -->
        <test-method status="PASS" signature="tearDown(org.testng.ITestResult)[pri:0, instance:tests.TrackingNumberTest@442675e1]" name="tearDown" is-config="true" duration-ms="74" started-at="2020-03-03T17:57:15Z" finished-at="2020-03-03T17:57:15Z">
          <params>
            <param index="0">
              <value>
                <![CDATA[[TestResult name=reserveNumberDeletion status=SUCCESS method=TrackingNumberTest.reserveNumberDeletion()[pri:9, instance:tests.TrackingNumberTest@442675e1] output={null}]]]>
              </value>
            </param>
          </params>
          <reporter-output>
          </reporter-output>
        </test-method> <!-- tearDown -->
        <test-method status="PASS" signature="GeoRouteTrakingNumberCreation()[pri:10, instance:tests.TrackingNumberTest@442675e1]" name="GeoRouteTrakingNumberCreation" duration-ms="84160" started-at="2020-03-03T17:57:15Z" finished-at="2020-03-03T17:58:40Z">
          <reporter-output>
          </reporter-output>
        </test-method> <!-- GeoRouteTrakingNumberCreation -->
        <test-method status="PASS" signature="tearDown(org.testng.ITestResult)[pri:0, instance:tests.TrackingNumberTest@442675e1]" name="tearDown" is-config="true" duration-ms="51" started-at="2020-03-03T17:58:40Z" finished-at="2020-03-03T17:58:40Z">
          <params>
            <param index="0">
              <value>
                <![CDATA[[TestResult name=GeoRouteTrakingNumberCreation status=SUCCESS method=TrackingNumberTest.GeoRouteTrakingNumberCreation()[pri:10, instance:tests.TrackingNumberTest@442675e1] output={null}]]]>
              </value>
            </param>
          </params>
          <reporter-output>
          </reporter-output>
        </test-method> <!-- tearDown -->
        <test-method status="PASS" signature="GeoRouteTrakingNumberDeletion()[pri:11, instance:tests.TrackingNumberTest@442675e1]" name="GeoRouteTrakingNumberDeletion" duration-ms="6406" started-at="2020-03-03T17:58:40Z" finished-at="2020-03-03T17:58:46Z">
          <reporter-output>
          </reporter-output>
        </test-method> <!-- GeoRouteTrakingNumberDeletion -->
        <test-method status="PASS" signature="tearDown(org.testng.ITestResult)[pri:0, instance:tests.TrackingNumberTest@442675e1]" name="tearDown" is-config="true" duration-ms="47" started-at="2020-03-03T17:58:46Z" finished-at="2020-03-03T17:58:46Z">
          <params>
            <param index="0">
              <value>
                <![CDATA[[TestResult name=GeoRouteTrakingNumberDeletion status=SUCCESS method=TrackingNumberTest.GeoRouteTrakingNumberDeletion()[pri:11, instance:tests.TrackingNumberTest@442675e1] output={null}]]]>
              </value>
            </param>
          </params>
          <reporter-output>
          </reporter-output>
        </test-method> <!-- tearDown -->
        <test-method status="PASS" signature="percentTrakingNumberCreation()[pri:12, instance:tests.TrackingNumberTest@442675e1]" name="percentTrakingNumberCreation" duration-ms="84416" started-at="2020-03-03T17:58:46Z" finished-at="2020-03-03T18:00:11Z">
          <reporter-output>
          </reporter-output>
        </test-method> <!-- percentTrakingNumberCreation -->
        <test-method status="PASS" signature="tearDown(org.testng.ITestResult)[pri:0, instance:tests.TrackingNumberTest@442675e1]" name="tearDown" is-config="true" duration-ms="83" started-at="2020-03-03T18:00:11Z" finished-at="2020-03-03T18:00:11Z">
          <params>
            <param index="0">
              <value>
                <![CDATA[[TestResult name=percentTrakingNumberCreation status=SUCCESS method=TrackingNumberTest.percentTrakingNumberCreation()[pri:12, instance:tests.TrackingNumberTest@442675e1] output={null}]]]>
              </value>
            </param>
          </params>
          <reporter-output>
          </reporter-output>
        </test-method> <!-- tearDown -->
        <test-method status="FAIL" signature="percentTrakingNumberDeletion()[pri:13, instance:tests.TrackingNumberTest@442675e1]" name="percentTrakingNumberDeletion" duration-ms="60097" started-at="2020-03-03T18:00:11Z" finished-at="2020-03-03T18:01:11Z">
          <exception class="org.openqa.selenium.NoSuchElementException">
            <message>
              <![CDATA[no such element: Unable to locate element: {"method":"xpath","selector":"//span[contains(text(),'SJ TN-920662879')]//ancestor::tr//div//button[contains(text(),'Delete')]"}
  (Session info: chrome=80.0.3987.116)
  (Driver info: chromedriver=2.36.540470 (e522d04694c7ebea4ba8821272dbef4f9b818c91),platform=Windows NT 10.0.18362 x86_64) (WARNING: The server did not provide any stacktrace information)
Command duration or timeout: 0 milliseconds
For documentation on this error, please visit: http://seleniumhq.org/exceptions/no_such_element.html
Build info: version: '3.11.0', revision: 'e59cfb3', time: '2018-03-11T20:26:55.152Z'
System info: host: 'LAPTOP-Q18VUQ5U', ip: '5.5.29.110', os.name: 'Windows 10', os.arch: 'amd64', os.version: '10.0', java.version: '1.8.0_201'
Driver info: org.openqa.selenium.chrome.ChromeDriver
Capabilities {acceptInsecureCerts: false, acceptSslCerts: false, applicationCacheEnabled: false, browserConnectionEnabled: false, browserName: chrome, chrome: {chromedriverVersion: 2.36.540470 (e522d04694c7eb..., userDataDir: C:\Users\PREETI~1\AppData\L...}, cssSelectorsEnabled: true, databaseEnabled: false, handlesAlerts: true, hasTouchScreen: false, javascriptEnabled: true, locationContextEnabled: true, mobileEmulationEnabled: false, nativeEvents: true, networkConnectionEnabled: false, pageLoadStrategy: normal, platform: XP, platformName: XP, rotatable: false, setWindowRect: true, takesHeapSnapshot: true, takesScreenshot: true, unexpectedAlertBehaviour: , unhandledPromptBehavior: , version: 80.0.3987.116, webStorageEnabled: true}
Session ID: 1bf13381e94f8808989f031f19c9556b
*** Element info: {Using=xpath, value=//span[contains(text(),'SJ TN-920662879')]//ancestor::tr//div//button[contains(text(),'Delete')]}]]>
            </message>
            <full-stacktrace>
              <![CDATA[org.openqa.selenium.NoSuchElementException: no such element: Unable to locate element: {"method":"xpath","selector":"//span[contains(text(),'SJ TN-920662879')]//ancestor::tr//div//button[contains(text(),'Delete')]"}
  (Session info: chrome=80.0.3987.116)
  (Driver info: chromedriver=2.36.540470 (e522d04694c7ebea4ba8821272dbef4f9b818c91),platform=Windows NT 10.0.18362 x86_64) (WARNING: The server did not provide any stacktrace information)
Command duration or timeout: 0 milliseconds
For documentation on this error, please visit: http://seleniumhq.org/exceptions/no_such_element.html
Build info: version: '3.11.0', revision: 'e59cfb3', time: '2018-03-11T20:26:55.152Z'
System info: host: 'LAPTOP-Q18VUQ5U', ip: '5.5.29.110', os.name: 'Windows 10', os.arch: 'amd64', os.version: '10.0', java.version: '1.8.0_201'
Driver info: org.openqa.selenium.chrome.ChromeDriver
Capabilities {acceptInsecureCerts: false, acceptSslCerts: false, applicationCacheEnabled: false, browserConnectionEnabled: false, browserName: chrome, chrome: {chromedriverVersion: 2.36.540470 (e522d04694c7eb..., userDataDir: C:\Users\PREETI~1\AppData\L...}, cssSelectorsEnabled: true, databaseEnabled: false, handlesAlerts: true, hasTouchScreen: false, javascriptEnabled: true, locationContextEnabled: true, mobileEmulationEnabled: false, nativeEvents: true, networkConnectionEnabled: false, pageLoadStrategy: normal, platform: XP, platformName: XP, rotatable: false, setWindowRect: true, takesHeapSnapshot: true, takesScreenshot: true, unexpectedAlertBehaviour: , unhandledPromptBehavior: , version: 80.0.3987.116, webStorageEnabled: true}
Session ID: 1bf13381e94f8808989f031f19c9556b
*** Element info: {Using=xpath, value=//span[contains(text(),'SJ TN-920662879')]//ancestor::tr//div//button[contains(text(),'Delete')]}
	at sun.reflect.NativeConstructorAccessorImpl.newInstance0(Native Method)
	at sun.reflect.NativeConstructorAccessorImpl.newInstance(Unknown Source)
	at sun.reflect.DelegatingConstructorAccessorImpl.newInstance(Unknown Source)
	at java.lang.reflect.Constructor.newInstance(Unknown Source)
	at org.openqa.selenium.remote.ErrorHandler.createThrowable(ErrorHandler.java:214)
	at org.openqa.selenium.remote.ErrorHandler.throwIfResponseFailed(ErrorHandler.java:166)
	at org.openqa.selenium.remote.http.JsonHttpResponseCodec.reconstructValue(JsonHttpResponseCodec.java:40)
	at org.openqa.selenium.remote.http.AbstractHttpResponseCodec.decode(AbstractHttpResponseCodec.java:80)
	at org.openqa.selenium.remote.http.AbstractHttpResponseCodec.decode(AbstractHttpResponseCodec.java:44)
	at org.openqa.selenium.remote.HttpCommandExecutor.execute(HttpCommandExecutor.java:158)
	at org.openqa.selenium.remote.service.DriverCommandExecutor.execute(DriverCommandExecutor.java:83)
	at org.openqa.selenium.remote.RemoteWebDriver.execute(RemoteWebDriver.java:545)
	at org.openqa.selenium.remote.RemoteWebDriver.findElement(RemoteWebDriver.java:319)
	at org.openqa.selenium.remote.RemoteWebDriver.findElementByXPath(RemoteWebDriver.java:421)
	at org.openqa.selenium.By$ByXPath.findElement(By.java:361)
	at org.openqa.selenium.remote.RemoteWebDriver.findElement(RemoteWebDriver.java:311)
	at pom.TrackingNumberBuilderPage.clickAction(TrackingNumberBuilderPage.java:425)
	at tests.TrackingNumberTest.percentTrakingNumberDeletion(TrackingNumberTest.java:278)
	at sun.reflect.NativeMethodAccessorImpl.invoke0(Native Method)
	at sun.reflect.NativeMethodAccessorImpl.invoke(Unknown Source)
	at sun.reflect.DelegatingMethodAccessorImpl.invoke(Unknown Source)
	at java.lang.reflect.Method.invoke(Unknown Source)
	at org.testng.internal.MethodInvocationHelper.invokeMethod(MethodInvocationHelper.java:86)
	at org.testng.internal.Invoker.invokeMethod(Invoker.java:643)
	at org.testng.internal.Invoker.invokeTestMethod(Invoker.java:820)
	at org.testng.internal.Invoker.invokeTestMethods(Invoker.java:1128)
	at org.testng.internal.TestMethodWorker.invokeTestMethods(TestMethodWorker.java:129)
	at org.testng.internal.TestMethodWorker.run(TestMethodWorker.java:112)
	at org.testng.TestRunner.privateRun(TestRunner.java:782)
	at org.testng.TestRunner.run(TestRunner.java:632)
	at org.testng.SuiteRunner.runTest(SuiteRunner.java:366)
	at org.testng.SuiteRunner.access$000(SuiteRunner.java:39)
	at org.testng.SuiteRunner$SuiteWorker.run(SuiteRunner.java:400)
	at org.testng.internal.thread.ThreadUtil$2.call(ThreadUtil.java:64)
	at java.util.concurrent.FutureTask.run(Unknown Source)
	at java.util.concurrent.ThreadPoolExecutor.runWorker(Unknown Source)
	at java.util.concurrent.ThreadPoolExecutor$Worker.run(Unknown Source)
	at java.lang.Thread.run(Unknown Source)
]]>
            </full-stacktrace>
          </exception> <!-- org.openqa.selenium.NoSuchElementException -->
          <reporter-output>
          </reporter-output>
        </test-method> <!-- percentTrakingNumberDeletion -->
        <test-method status="PASS" signature="tearDown(org.testng.ITestResult)[pri:0, instance:tests.TrackingNumberTest@442675e1]" name="tearDown" is-config="true" duration-ms="16163" started-at="2020-03-03T18:01:11Z" finished-at="2020-03-03T18:01:27Z">
          <params>
            <param index="0">
              <value>
                <![CDATA[[TestResult name=percentTrakingNumberDeletion status=FAILURE method=TrackingNumberTest.percentTrakingNumberDeletion()[pri:13, instance:tests.TrackingNumberTest@442675e1] output={null}]]]>
              </value>
            </param>
          </params>
          <reporter-output>
          </reporter-output>
        </test-method> <!-- tearDown -->
        <test-method status="PASS" signature="scheduleTrakingNumberCreation()[pri:14, instance:tests.TrackingNumberTest@442675e1]" name="scheduleTrakingNumberCreation" duration-ms="84637" started-at="2020-03-03T18:01:27Z" finished-at="2020-03-03T18:02:52Z">
          <reporter-output>
          </reporter-output>
        </test-method> <!-- scheduleTrakingNumberCreation -->
        <test-method status="PASS" signature="tearDown(org.testng.ITestResult)[pri:0, instance:tests.TrackingNumberTest@442675e1]" name="tearDown" is-config="true" duration-ms="95" started-at="2020-03-03T18:02:52Z" finished-at="2020-03-03T18:02:52Z">
          <params>
            <param index="0">
              <value>
                <![CDATA[[TestResult name=scheduleTrakingNumberCreation status=SUCCESS method=TrackingNumberTest.scheduleTrakingNumberCreation()[pri:14, instance:tests.TrackingNumberTest@442675e1] output={null}]]]>
              </value>
            </param>
          </params>
          <reporter-output>
          </reporter-output>
        </test-method> <!-- tearDown -->
        <test-method status="PASS" signature="scheduleTrakingNumberDeletion()[pri:15, instance:tests.TrackingNumberTest@442675e1]" name="scheduleTrakingNumberDeletion" duration-ms="6383" started-at="2020-03-03T18:02:52Z" finished-at="2020-03-03T18:02:58Z">
          <reporter-output>
          </reporter-output>
        </test-method> <!-- scheduleTrakingNumberDeletion -->
        <test-method status="PASS" signature="tearDown(org.testng.ITestResult)[pri:0, instance:tests.TrackingNumberTest@442675e1]" name="tearDown" is-config="true" duration-ms="85" started-at="2020-03-03T18:02:58Z" finished-at="2020-03-03T18:02:58Z">
          <params>
            <param index="0">
              <value>
                <![CDATA[[TestResult name=scheduleTrakingNumberDeletion status=SUCCESS method=TrackingNumberTest.scheduleTrakingNumberDeletion()[pri:15, instance:tests.TrackingNumberTest@442675e1] output={null}]]]>
              </value>
            </param>
          </params>
          <reporter-output>
          </reporter-output>
        </test-method> <!-- tearDown -->
        <test-method status="PASS" signature="outboundTrakingNumberCreation()[pri:16, instance:tests.TrackingNumberTest@442675e1]" name="outboundTrakingNumberCreation" duration-ms="76779" started-at="2020-03-03T18:02:58Z" finished-at="2020-03-03T18:04:15Z">
          <reporter-output>
          </reporter-output>
        </test-method> <!-- outboundTrakingNumberCreation -->
        <test-method status="PASS" signature="tearDown(org.testng.ITestResult)[pri:0, instance:tests.TrackingNumberTest@442675e1]" name="tearDown" is-config="true" duration-ms="57" started-at="2020-03-03T18:04:15Z" finished-at="2020-03-03T18:04:15Z">
          <params>
            <param index="0">
              <value>
                <![CDATA[[TestResult name=outboundTrakingNumberCreation status=SUCCESS method=TrackingNumberTest.outboundTrakingNumberCreation()[pri:16, instance:tests.TrackingNumberTest@442675e1] output={null}]]]>
              </value>
            </param>
          </params>
          <reporter-output>
          </reporter-output>
        </test-method> <!-- tearDown -->
        <test-method status="PASS" signature="outboundTrakingNumberDeletion()[pri:17, instance:tests.TrackingNumberTest@442675e1]" name="outboundTrakingNumberDeletion" duration-ms="6649" started-at="2020-03-03T18:04:15Z" finished-at="2020-03-03T18:04:22Z">
          <reporter-output>
          </reporter-output>
        </test-method> <!-- outboundTrakingNumberDeletion -->
        <test-method status="PASS" signature="tearDown(org.testng.ITestResult)[pri:0, instance:tests.TrackingNumberTest@442675e1]" name="tearDown" is-config="true" duration-ms="49" started-at="2020-03-03T18:04:22Z" finished-at="2020-03-03T18:04:22Z">
          <params>
            <param index="0">
              <value>
                <![CDATA[[TestResult name=outboundTrakingNumberDeletion status=SUCCESS method=TrackingNumberTest.outboundTrakingNumberDeletion()[pri:17, instance:tests.TrackingNumberTest@442675e1] output={null}]]]>
              </value>
            </param>
          </params>
          <reporter-output>
          </reporter-output>
        </test-method> <!-- tearDown -->
        <test-method status="PASS" signature="VoicemailTrakingNumberCreation()[pri:18, instance:tests.TrackingNumberTest@442675e1]" name="VoicemailTrakingNumberCreation" duration-ms="76232" started-at="2020-03-03T18:04:22Z" finished-at="2020-03-03T18:05:38Z">
          <reporter-output>
          </reporter-output>
        </test-method> <!-- VoicemailTrakingNumberCreation -->
        <test-method status="PASS" signature="tearDown(org.testng.ITestResult)[pri:0, instance:tests.TrackingNumberTest@442675e1]" name="tearDown" is-config="true" duration-ms="39" started-at="2020-03-03T18:05:38Z" finished-at="2020-03-03T18:05:38Z">
          <params>
            <param index="0">
              <value>
                <![CDATA[[TestResult name=VoicemailTrakingNumberCreation status=SUCCESS method=TrackingNumberTest.VoicemailTrakingNumberCreation()[pri:18, instance:tests.TrackingNumberTest@442675e1] output={null}]]]>
              </value>
            </param>
          </params>
          <reporter-output>
          </reporter-output>
        </test-method> <!-- tearDown -->
        <test-method status="PASS" signature="voicemailTrakingNumberDeletion()[pri:19, instance:tests.TrackingNumberTest@442675e1]" name="voicemailTrakingNumberDeletion" duration-ms="6528" started-at="2020-03-03T18:05:38Z" finished-at="2020-03-03T18:05:44Z">
          <reporter-output>
          </reporter-output>
        </test-method> <!-- voicemailTrakingNumberDeletion -->
        <test-method status="PASS" signature="tearDown(org.testng.ITestResult)[pri:0, instance:tests.TrackingNumberTest@442675e1]" name="tearDown" is-config="true" duration-ms="94" started-at="2020-03-03T18:05:44Z" finished-at="2020-03-03T18:05:45Z">
          <params>
            <param index="0">
              <value>
                <![CDATA[[TestResult name=voicemailTrakingNumberDeletion status=SUCCESS method=TrackingNumberTest.voicemailTrakingNumberDeletion()[pri:19, instance:tests.TrackingNumberTest@442675e1] output={null}]]]>
              </value>
            </param>
          </params>
          <reporter-output>
          </reporter-output>
        </test-method> <!-- tearDown -->
        <test-method status="PASS" signature="HangupTrakingNumberCreation()[pri:20, instance:tests.TrackingNumberTest@442675e1]" name="HangupTrakingNumberCreation" duration-ms="77617" started-at="2020-03-03T18:05:45Z" finished-at="2020-03-03T18:07:02Z">
          <reporter-output>
          </reporter-output>
        </test-method> <!-- HangupTrakingNumberCreation -->
        <test-method status="PASS" signature="tearDown(org.testng.ITestResult)[pri:0, instance:tests.TrackingNumberTest@442675e1]" name="tearDown" is-config="true" duration-ms="73" started-at="2020-03-03T18:07:02Z" finished-at="2020-03-03T18:07:02Z">
          <params>
            <param index="0">
              <value>
                <![CDATA[[TestResult name=HangupTrakingNumberCreation status=SUCCESS method=TrackingNumberTest.HangupTrakingNumberCreation()[pri:20, instance:tests.TrackingNumberTest@442675e1] output={null}]]]>
              </value>
            </param>
          </params>
          <reporter-output>
          </reporter-output>
        </test-method> <!-- tearDown -->
        <test-method status="PASS" signature="HangupTrakingNumberDeletion()[pri:21, instance:tests.TrackingNumberTest@442675e1]" name="HangupTrakingNumberDeletion" duration-ms="6774" started-at="2020-03-03T18:07:02Z" finished-at="2020-03-03T18:07:09Z">
          <reporter-output>
          </reporter-output>
        </test-method> <!-- HangupTrakingNumberDeletion -->
        <test-method status="PASS" signature="tearDown(org.testng.ITestResult)[pri:0, instance:tests.TrackingNumberTest@442675e1]" name="tearDown" is-config="true" duration-ms="72" started-at="2020-03-03T18:07:09Z" finished-at="2020-03-03T18:07:09Z">
          <params>
            <param index="0">
              <value>
                <![CDATA[[TestResult name=HangupTrakingNumberDeletion status=SUCCESS method=TrackingNumberTest.HangupTrakingNumberDeletion()[pri:21, instance:tests.TrackingNumberTest@442675e1] output={null}]]]>
              </value>
            </param>
          </params>
          <reporter-output>
          </reporter-output>
        </test-method> <!-- tearDown -->
        <test-method status="PASS" signature="cleanUp()[pri:0, instance:tests.TrackingNumberTest@442675e1]" name="cleanUp" is-config="true" duration-ms="1" started-at="2020-03-03T18:07:09Z" finished-at="2020-03-03T18:07:09Z">
          <reporter-output>
          </reporter-output>
        </test-method> <!-- cleanUp -->
        <test-method status="PASS" signature="tearDown()[pri:0, instance:tests.TrackingNumberTest@442675e1]" name="tearDown" is-config="true" duration-ms="856" started-at="2020-03-03T18:07:09Z" finished-at="2020-03-03T18:07:10Z">
          <reporter-output>
          </reporter-output>
        </test-method> <!-- tearDown -->
        <test-method status="PASS" signature="close_connection()[pri:0, instance:tests.TrackingNumberTest@442675e1]" name="close_connection" is-config="true" duration-ms="7714" started-at="2020-03-03T18:07:10Z" finished-at="2020-03-03T18:07:18Z">
          <reporter-output>
          </reporter-output>
        </test-method> <!-- close_connection -->
      </class> <!-- tests.TrackingNumberTest -->
    </test> <!-- chrome test -->
  </suite> <!-- Automation Suite-1 -->
</testng-results>
