<?xml version="1.0" encoding="UTF-8"?>
<testng-results skipped="0" failed="0" total="3" passed="3">
  <reporter-output>
  </reporter-output>
  <suite name="Automation Suite-1" duration-ms="149067" started-at="2020-02-12T08:38:19Z" finished-at="2020-02-12T08:40:48Z">
    <groups>
    </groups>
    <test name="chrome test" duration-ms="149067" started-at="2020-02-12T08:38:19Z" finished-at="2020-02-12T08:40:48Z">
      <class name="tests.CamapignUIVerificationTest">
        <test-method status="PASS" signature="setUp(java.lang.String, java.lang.String)[pri:0, instance:tests.CamapignUIVerificationTest@16267862]" name="setUp" is-config="true" duration-ms="51046" started-at="2020-02-12T14:08:19Z" finished-at="2020-02-12T14:09:10Z">
          <params>
            <param index="0">
              <value>
                <![CDATA[chrome]]>
              </value>
            </param>
            <param index="1">
              <value>
                <![CDATA[https://stag-5-cmo-1.convirza.com]]>
              </value>
            </param>
          </params>
          <reporter-output>
          </reporter-output>
        </test-method> <!-- setUp -->
        <test-method status="PASS" signature="goToCampaignPage()[pri:0, instance:tests.CamapignUIVerificationTest@16267862]" name="goToCampaignPage" is-config="true" duration-ms="5134" started-at="2020-02-12T14:09:10Z" finished-at="2020-02-12T14:09:15Z">
          <reporter-output>
          </reporter-output>
        </test-method> <!-- goToCampaignPage -->
        <test-method status="PASS" signature="CampaignAndTrackingNumberPage_UI_Verification()[pri:1, instance:tests.CamapignUIVerificationTest@16267862]" name="CampaignAndTrackingNumberPage_UI_Verification" duration-ms="8854" started-at="2020-02-12T14:09:15Z" finished-at="2020-02-12T14:09:24Z">
          <reporter-output>
          </reporter-output>
        </test-method> <!-- CampaignAndTrackingNumberPage_UI_Verification -->
        <test-method status="PASS" signature="tearDown(org.testng.ITestResult)[pri:0, instance:tests.CamapignUIVerificationTest@16267862]" name="tearDown" is-config="true" duration-ms="623" started-at="2020-02-12T14:09:24Z" finished-at="2020-02-12T14:09:25Z">
          <params>
            <param index="0">
              <value>
                <![CDATA[[TestResult name=CampaignAndTrackingNumberPage_UI_Verification status=SUCCESS method=CamapignUIVerificationTest.CampaignAndTrackingNumberPage_UI_Verification()[pri:1, instance:tests.CamapignUIVerificationTest@16267862] output={null}]]]>
              </value>
            </param>
          </params>
          <reporter-output>
          </reporter-output>
        </test-method> <!-- tearDown -->
        <test-method status="PASS" signature="defaultColumnsDisplayed()[pri:2, instance:tests.CamapignUIVerificationTest@16267862]" name="defaultColumnsDisplayed" duration-ms="10446" started-at="2020-02-12T14:09:25Z" finished-at="2020-02-12T14:09:35Z">
          <reporter-output>
          </reporter-output>
        </test-method> <!-- defaultColumnsDisplayed -->
        <test-method status="PASS" signature="tearDown(org.testng.ITestResult)[pri:0, instance:tests.CamapignUIVerificationTest@16267862]" name="tearDown" is-config="true" duration-ms="239" started-at="2020-02-12T14:09:35Z" finished-at="2020-02-12T14:09:35Z">
          <params>
            <param index="0">
              <value>
                <![CDATA[[TestResult name=defaultColumnsDisplayed status=SUCCESS method=CamapignUIVerificationTest.defaultColumnsDisplayed()[pri:2, instance:tests.CamapignUIVerificationTest@16267862] output={null}]]]>
              </value>
            </param>
          </params>
          <reporter-output>
          </reporter-output>
        </test-method> <!-- tearDown -->
        <test-method status="PASS" signature="allColumnsDisplayed()[pri:3, instance:tests.CamapignUIVerificationTest@16267862]" name="allColumnsDisplayed" duration-ms="71108" started-at="2020-02-12T14:09:35Z" finished-at="2020-02-12T14:10:46Z">
          <reporter-output>
          </reporter-output>
        </test-method> <!-- allColumnsDisplayed -->
        <test-method status="PASS" signature="tearDown(org.testng.ITestResult)[pri:0, instance:tests.CamapignUIVerificationTest@16267862]" name="tearDown" is-config="true" duration-ms="117" started-at="2020-02-12T14:10:46Z" finished-at="2020-02-12T14:10:47Z">
          <params>
            <param index="0">
              <value>
                <![CDATA[[TestResult name=allColumnsDisplayed status=SUCCESS method=CamapignUIVerificationTest.allColumnsDisplayed()[pri:3, instance:tests.CamapignUIVerificationTest@16267862] output={null}]]]>
              </value>
            </param>
          </params>
          <reporter-output>
          </reporter-output>
        </test-method> <!-- tearDown -->
        <test-method status="PASS" signature="goToHomePage()[pri:0, instance:tests.CamapignUIVerificationTest@16267862]" name="goToHomePage" is-config="true" duration-ms="753" started-at="2020-02-12T14:10:47Z" finished-at="2020-02-12T14:10:47Z">
          <reporter-output>
          </reporter-output>
        </test-method> <!-- goToHomePage -->
        <test-method status="PASS" signature="tearDown()[pri:0, instance:tests.CamapignUIVerificationTest@16267862]" name="tearDown" is-config="true" duration-ms="716" started-at="2020-02-12T14:10:47Z" finished-at="2020-02-12T14:10:48Z">
          <reporter-output>
          </reporter-output>
        </test-method> <!-- tearDown -->
        <test-method status="PASS" signature="close_connection()[pri:0, instance:tests.CamapignUIVerificationTest@16267862]" name="close_connection" is-config="true" duration-ms="7054" started-at="2020-02-12T14:10:48Z" finished-at="2020-02-12T14:10:55Z">
          <reporter-output>
          </reporter-output>
        </test-method> <!-- close_connection -->
      </class> <!-- tests.CamapignUIVerificationTest -->
    </test> <!-- chrome test -->
  </suite> <!-- Automation Suite-1 -->
</testng-results>
