<?xml version="1.0" encoding="UTF-8"?>
<testng-results skipped="0" failed="0" total="21" passed="21">
  <reporter-output>
  </reporter-output>
  <suite name="Automation Suite-1" duration-ms="587084" started-at="2020-05-06T11:01:25Z" finished-at="2020-05-06T11:11:12Z">
    <groups>
    </groups>
    <test name="chrome test-1" duration-ms="587084" started-at="2020-05-06T11:01:25Z" finished-at="2020-05-06T11:11:12Z">
      <class name="tests.CallLogsTest">
        <test-method status="PASS" signature="testSetUp()[pri:0, instance:tests.CallLogsTest@1e9e725a]" name="testSetUp" is-config="true" duration-ms="14" started-at="2020-05-06T16:31:25Z" finished-at="2020-05-06T16:31:25Z">
          <reporter-output>
          </reporter-output>
        </test-method> <!-- testSetUp -->
        <test-method status="PASS" signature="setUp(java.lang.String, java.lang.String)[pri:0, instance:tests.CallLogsTest@1e9e725a]" name="setUp" is-config="true" duration-ms="146049" started-at="2020-05-06T16:31:25Z" finished-at="2020-05-06T16:33:51Z">
          <params>
            <param index="0">
              <value>
                <![CDATA[chrome]]>
              </value>
            </param>
            <param index="1">
              <value>
                <![CDATA[https://stag-5-cmo-1.convirza.com]]>
              </value>
            </param>
          </params>
          <reporter-output>
          </reporter-output>
        </test-method> <!-- setUp -->
        <test-method status="PASS" signature="goToLookerReports()[pri:0, instance:tests.CallLogsTest@1e9e725a]" name="goToLookerReports" is-config="true" duration-ms="14190" started-at="2020-05-06T16:33:51Z" finished-at="2020-05-06T16:34:05Z">
          <reporter-output>
          </reporter-output>
        </test-method> <!-- goToLookerReports -->
        <test-method status="PASS" signature="headerLabelVerification()[pri:1, instance:tests.CallLogsTest@1e9e725a]" name="headerLabelVerification" duration-ms="16276" started-at="2020-05-06T16:34:05Z" finished-at="2020-05-06T16:34:21Z">
          <reporter-output>
          </reporter-output>
        </test-method> <!-- headerLabelVerification -->
        <test-method status="PASS" signature="tearDown(org.testng.ITestResult)[pri:0, instance:tests.CallLogsTest@1e9e725a]" name="tearDown" is-config="true" duration-ms="800" started-at="2020-05-06T16:34:21Z" finished-at="2020-05-06T16:34:22Z">
          <params>
            <param index="0">
              <value>
                <![CDATA[[TestResult name=headerLabelVerification status=SUCCESS method=CallLogsTest.headerLabelVerification()[pri:1, instance:tests.CallLogsTest@1e9e725a] output={null}]]]>
              </value>
            </param>
          </params>
          <reporter-output>
          </reporter-output>
        </test-method> <!-- tearDown -->
        <test-method status="PASS" signature="presenceOfTimeZoneVerification()[pri:2, instance:tests.CallLogsTest@1e9e725a]" name="presenceOfTimeZoneVerification" duration-ms="499" started-at="2020-05-06T16:34:22Z" finished-at="2020-05-06T16:34:22Z">
          <reporter-output>
          </reporter-output>
        </test-method> <!-- presenceOfTimeZoneVerification -->
        <test-method status="PASS" signature="tearDown(org.testng.ITestResult)[pri:0, instance:tests.CallLogsTest@1e9e725a]" name="tearDown" is-config="true" duration-ms="127" started-at="2020-05-06T16:34:22Z" finished-at="2020-05-06T16:34:23Z">
          <params>
            <param index="0">
              <value>
                <![CDATA[[TestResult name=presenceOfTimeZoneVerification status=SUCCESS method=CallLogsTest.presenceOfTimeZoneVerification()[pri:2, instance:tests.CallLogsTest@1e9e725a] output={null}]]]>
              </value>
            </param>
          </params>
          <reporter-output>
          </reporter-output>
        </test-method> <!-- tearDown -->
        <test-method status="PASS" signature="presenceOfGearIconVerification()[pri:3, instance:tests.CallLogsTest@1e9e725a]" name="presenceOfGearIconVerification" duration-ms="100" started-at="2020-05-06T16:34:23Z" finished-at="2020-05-06T16:34:23Z">
          <reporter-output>
          </reporter-output>
        </test-method> <!-- presenceOfGearIconVerification -->
        <test-method status="PASS" signature="tearDown(org.testng.ITestResult)[pri:0, instance:tests.CallLogsTest@1e9e725a]" name="tearDown" is-config="true" duration-ms="104" started-at="2020-05-06T16:34:23Z" finished-at="2020-05-06T16:34:23Z">
          <params>
            <param index="0">
              <value>
                <![CDATA[[TestResult name=presenceOfGearIconVerification status=SUCCESS method=CallLogsTest.presenceOfGearIconVerification()[pri:3, instance:tests.CallLogsTest@1e9e725a] output={null}]]]>
              </value>
            </param>
          </params>
          <reporter-output>
          </reporter-output>
        </test-method> <!-- tearDown -->
        <test-method status="PASS" signature="gearIconOptionsVerification()[pri:4, instance:tests.CallLogsTest@1e9e725a]" name="gearIconOptionsVerification" duration-ms="6273" started-at="2020-05-06T16:34:23Z" finished-at="2020-05-06T16:34:29Z">
          <reporter-output>
          </reporter-output>
        </test-method> <!-- gearIconOptionsVerification -->
        <test-method status="PASS" signature="tearDown(org.testng.ITestResult)[pri:0, instance:tests.CallLogsTest@1e9e725a]" name="tearDown" is-config="true" duration-ms="86" started-at="2020-05-06T16:34:29Z" finished-at="2020-05-06T16:34:29Z">
          <params>
            <param index="0">
              <value>
                <![CDATA[[TestResult name=gearIconOptionsVerification status=SUCCESS method=CallLogsTest.gearIconOptionsVerification()[pri:4, instance:tests.CallLogsTest@1e9e725a] output={null}]]]>
              </value>
            </param>
          </params>
          <reporter-output>
          </reporter-output>
        </test-method> <!-- tearDown -->
        <test-method status="PASS" signature="tilesVerification()[pri:5, instance:tests.CallLogsTest@1e9e725a]" name="tilesVerification" duration-ms="16450" started-at="2020-05-06T16:34:29Z" finished-at="2020-05-06T16:34:46Z">
          <reporter-output>
          </reporter-output>
        </test-method> <!-- tilesVerification -->
        <test-method status="PASS" signature="tearDown(org.testng.ITestResult)[pri:0, instance:tests.CallLogsTest@1e9e725a]" name="tearDown" is-config="true" duration-ms="130" started-at="2020-05-06T16:34:46Z" finished-at="2020-05-06T16:34:46Z">
          <params>
            <param index="0">
              <value>
                <![CDATA[[TestResult name=tilesVerification status=SUCCESS method=CallLogsTest.tilesVerification()[pri:5, instance:tests.CallLogsTest@1e9e725a] output={null}]]]>
              </value>
            </param>
          </params>
          <reporter-output>
          </reporter-output>
        </test-method> <!-- tearDown -->
        <test-method status="PASS" signature="totalCallsTileValueVerification()[pri:6, instance:tests.CallLogsTest@1e9e725a]" name="totalCallsTileValueVerification" duration-ms="9839" started-at="2020-05-06T16:34:46Z" finished-at="2020-05-06T16:34:56Z">
          <reporter-output>
          </reporter-output>
        </test-method> <!-- totalCallsTileValueVerification -->
        <test-method status="PASS" signature="tearDown(org.testng.ITestResult)[pri:0, instance:tests.CallLogsTest@1e9e725a]" name="tearDown" is-config="true" duration-ms="52" started-at="2020-05-06T16:34:56Z" finished-at="2020-05-06T16:34:56Z">
          <params>
            <param index="0">
              <value>
                <![CDATA[[TestResult name=totalCallsTileValueVerification status=SUCCESS method=CallLogsTest.totalCallsTileValueVerification()[pri:6, instance:tests.CallLogsTest@1e9e725a] output={null}]]]>
              </value>
            </param>
          </params>
          <reporter-output>
          </reporter-output>
        </test-method> <!-- tearDown -->
        <test-method status="PASS" signature="uniqueCallsTileValueVerification()[pri:7, instance:tests.CallLogsTest@1e9e725a]" name="uniqueCallsTileValueVerification" duration-ms="9894" started-at="2020-05-06T16:34:56Z" finished-at="2020-05-06T16:35:05Z">
          <reporter-output>
          </reporter-output>
        </test-method> <!-- uniqueCallsTileValueVerification -->
        <test-method status="PASS" signature="tearDown(org.testng.ITestResult)[pri:0, instance:tests.CallLogsTest@1e9e725a]" name="tearDown" is-config="true" duration-ms="44" started-at="2020-05-06T16:35:05Z" finished-at="2020-05-06T16:35:06Z">
          <params>
            <param index="0">
              <value>
                <![CDATA[[TestResult name=uniqueCallsTileValueVerification status=SUCCESS method=CallLogsTest.uniqueCallsTileValueVerification()[pri:7, instance:tests.CallLogsTest@1e9e725a] output={null}]]]>
              </value>
            </param>
          </params>
          <reporter-output>
          </reporter-output>
        </test-method> <!-- tearDown -->
        <test-method status="PASS" signature="answeredCallsTileValueVerification()[pri:8, instance:tests.CallLogsTest@1e9e725a]" name="answeredCallsTileValueVerification" duration-ms="6565" started-at="2020-05-06T16:35:06Z" finished-at="2020-05-06T16:35:12Z">
          <reporter-output>
          </reporter-output>
        </test-method> <!-- answeredCallsTileValueVerification -->
        <test-method status="PASS" signature="tearDown(org.testng.ITestResult)[pri:0, instance:tests.CallLogsTest@1e9e725a]" name="tearDown" is-config="true" duration-ms="47" started-at="2020-05-06T16:35:12Z" finished-at="2020-05-06T16:35:12Z">
          <params>
            <param index="0">
              <value>
                <![CDATA[[TestResult name=answeredCallsTileValueVerification status=SUCCESS method=CallLogsTest.answeredCallsTileValueVerification()[pri:8, instance:tests.CallLogsTest@1e9e725a] output={null}]]]>
              </value>
            </param>
          </params>
          <reporter-output>
          </reporter-output>
        </test-method> <!-- tearDown -->
        <test-method status="PASS" signature="averageCallsDurationTileValueVerification()[pri:9, instance:tests.CallLogsTest@1e9e725a]" name="averageCallsDurationTileValueVerification" duration-ms="8034" started-at="2020-05-06T16:35:12Z" finished-at="2020-05-06T16:35:20Z">
          <reporter-output>
          </reporter-output>
        </test-method> <!-- averageCallsDurationTileValueVerification -->
        <test-method status="PASS" signature="tearDown(org.testng.ITestResult)[pri:0, instance:tests.CallLogsTest@1e9e725a]" name="tearDown" is-config="true" duration-ms="48" started-at="2020-05-06T16:35:20Z" finished-at="2020-05-06T16:35:20Z">
          <params>
            <param index="0">
              <value>
                <![CDATA[[TestResult name=averageCallsDurationTileValueVerification status=SUCCESS method=CallLogsTest.averageCallsDurationTileValueVerification()[pri:9, instance:tests.CallLogsTest@1e9e725a] output={null}]]]>
              </value>
            </param>
          </params>
          <reporter-output>
          </reporter-output>
        </test-method> <!-- tearDown -->
        <test-method status="PASS" signature="totalLeadsTileValueVerification()[pri:10, instance:tests.CallLogsTest@1e9e725a]" name="totalLeadsTileValueVerification" duration-ms="8029" started-at="2020-05-06T16:35:20Z" finished-at="2020-05-06T16:35:28Z">
          <reporter-output>
          </reporter-output>
        </test-method> <!-- totalLeadsTileValueVerification -->
        <test-method status="PASS" signature="tearDown(org.testng.ITestResult)[pri:0, instance:tests.CallLogsTest@1e9e725a]" name="tearDown" is-config="true" duration-ms="39" started-at="2020-05-06T16:35:28Z" finished-at="2020-05-06T16:35:28Z">
          <params>
            <param index="0">
              <value>
                <![CDATA[[TestResult name=totalLeadsTileValueVerification status=SUCCESS method=CallLogsTest.totalLeadsTileValueVerification()[pri:10, instance:tests.CallLogsTest@1e9e725a] output={null}]]]>
              </value>
            </param>
          </params>
          <reporter-output>
          </reporter-output>
        </test-method> <!-- tearDown -->
        <test-method status="PASS" signature="totalConversionTileValueVerification()[pri:11, instance:tests.CallLogsTest@1e9e725a]" name="totalConversionTileValueVerification" duration-ms="8765" started-at="2020-05-06T16:35:28Z" finished-at="2020-05-06T16:35:37Z">
          <reporter-output>
          </reporter-output>
        </test-method> <!-- totalConversionTileValueVerification -->
        <test-method status="PASS" signature="tearDown(org.testng.ITestResult)[pri:0, instance:tests.CallLogsTest@1e9e725a]" name="tearDown" is-config="true" duration-ms="48" started-at="2020-05-06T16:35:37Z" finished-at="2020-05-06T16:35:37Z">
          <params>
            <param index="0">
              <value>
                <![CDATA[[TestResult name=totalConversionTileValueVerification status=SUCCESS method=CallLogsTest.totalConversionTileValueVerification()[pri:11, instance:tests.CallLogsTest@1e9e725a] output={null}]]]>
              </value>
            </param>
          </params>
          <reporter-output>
          </reporter-output>
        </test-method> <!-- tearDown -->
        <test-method status="PASS" signature="presenceOfTotalCallsGraph()[pri:12, instance:tests.CallLogsTest@1e9e725a]" name="presenceOfTotalCallsGraph" duration-ms="139" started-at="2020-05-06T16:35:37Z" finished-at="2020-05-06T16:35:37Z">
          <reporter-output>
          </reporter-output>
        </test-method> <!-- presenceOfTotalCallsGraph -->
        <test-method status="PASS" signature="tearDown(org.testng.ITestResult)[pri:0, instance:tests.CallLogsTest@1e9e725a]" name="tearDown" is-config="true" duration-ms="37" started-at="2020-05-06T16:35:37Z" finished-at="2020-05-06T16:35:37Z">
          <params>
            <param index="0">
              <value>
                <![CDATA[[TestResult name=presenceOfTotalCallsGraph status=SUCCESS method=CallLogsTest.presenceOfTotalCallsGraph()[pri:12, instance:tests.CallLogsTest@1e9e725a] output={null}]]]>
              </value>
            </param>
          </params>
          <reporter-output>
          </reporter-output>
        </test-method> <!-- tearDown -->
        <test-method status="PASS" signature="presenceOfUniqueCallsGraph()[pri:13, instance:tests.CallLogsTest@1e9e725a]" name="presenceOfUniqueCallsGraph" duration-ms="76" started-at="2020-05-06T16:35:37Z" finished-at="2020-05-06T16:35:37Z">
          <reporter-output>
          </reporter-output>
        </test-method> <!-- presenceOfUniqueCallsGraph -->
        <test-method status="PASS" signature="tearDown(org.testng.ITestResult)[pri:0, instance:tests.CallLogsTest@1e9e725a]" name="tearDown" is-config="true" duration-ms="76" started-at="2020-05-06T16:35:37Z" finished-at="2020-05-06T16:35:37Z">
          <params>
            <param index="0">
              <value>
                <![CDATA[[TestResult name=presenceOfUniqueCallsGraph status=SUCCESS method=CallLogsTest.presenceOfUniqueCallsGraph()[pri:13, instance:tests.CallLogsTest@1e9e725a] output={null}]]]>
              </value>
            </param>
          </params>
          <reporter-output>
          </reporter-output>
        </test-method> <!-- tearDown -->
        <test-method status="PASS" signature="tableColumnsTest()[pri:14, instance:tests.CallLogsTest@1e9e725a]" name="tableColumnsTest" duration-ms="25372" started-at="2020-05-06T16:35:37Z" finished-at="2020-05-06T16:36:03Z">
          <reporter-output>
          </reporter-output>
        </test-method> <!-- tableColumnsTest -->
        <test-method status="PASS" signature="tearDown(org.testng.ITestResult)[pri:0, instance:tests.CallLogsTest@1e9e725a]" name="tearDown" is-config="true" duration-ms="45" started-at="2020-05-06T16:36:03Z" finished-at="2020-05-06T16:36:03Z">
          <params>
            <param index="0">
              <value>
                <![CDATA[[TestResult name=tableColumnsTest status=SUCCESS method=CallLogsTest.tableColumnsTest()[pri:14, instance:tests.CallLogsTest@1e9e725a] output={null}]]]>
              </value>
            </param>
          </params>
          <reporter-output>
          </reporter-output>
        </test-method> <!-- tearDown -->
        <test-method status="PASS" signature="filterButtonTest()[pri:15, instance:tests.CallLogsTest@1e9e725a]" name="filterButtonTest" duration-ms="133" started-at="2020-05-06T16:36:03Z" finished-at="2020-05-06T16:36:03Z">
          <reporter-output>
          </reporter-output>
        </test-method> <!-- filterButtonTest -->
        <test-method status="PASS" signature="tearDown(org.testng.ITestResult)[pri:0, instance:tests.CallLogsTest@1e9e725a]" name="tearDown" is-config="true" duration-ms="49" started-at="2020-05-06T16:36:03Z" finished-at="2020-05-06T16:36:03Z">
          <params>
            <param index="0">
              <value>
                <![CDATA[[TestResult name=filterButtonTest status=SUCCESS method=CallLogsTest.filterButtonTest()[pri:15, instance:tests.CallLogsTest@1e9e725a] output={null}]]]>
              </value>
            </param>
          </params>
          <reporter-output>
          </reporter-output>
        </test-method> <!-- tearDown -->
        <test-method status="PASS" signature="filterButtonElementsTest()[pri:16, instance:tests.CallLogsTest@1e9e725a]" name="filterButtonElementsTest" duration-ms="28834" started-at="2020-05-06T16:36:03Z" finished-at="2020-05-06T16:36:32Z">
          <reporter-output>
          </reporter-output>
        </test-method> <!-- filterButtonElementsTest -->
        <test-method status="PASS" signature="tearDown(org.testng.ITestResult)[pri:0, instance:tests.CallLogsTest@1e9e725a]" name="tearDown" is-config="true" duration-ms="60" started-at="2020-05-06T16:36:32Z" finished-at="2020-05-06T16:36:32Z">
          <params>
            <param index="0">
              <value>
                <![CDATA[[TestResult name=filterButtonElementsTest status=SUCCESS method=CallLogsTest.filterButtonElementsTest()[pri:16, instance:tests.CallLogsTest@1e9e725a] output={null}]]]>
              </value>
            </param>
          </params>
          <reporter-output>
          </reporter-output>
        </test-method> <!-- tearDown -->
        <test-method status="PASS" signature="filterFeatureForGroupTest()[pri:17, instance:tests.CallLogsTest@1e9e725a]" name="filterFeatureForGroupTest" duration-ms="73203" started-at="2020-05-06T16:36:32Z" finished-at="2020-05-06T16:37:45Z">
          <reporter-output>
          </reporter-output>
        </test-method> <!-- filterFeatureForGroupTest -->
        <test-method status="PASS" signature="tearDown(org.testng.ITestResult)[pri:0, instance:tests.CallLogsTest@1e9e725a]" name="tearDown" is-config="true" duration-ms="59" started-at="2020-05-06T16:37:45Z" finished-at="2020-05-06T16:37:45Z">
          <params>
            <param index="0">
              <value>
                <![CDATA[[TestResult name=filterFeatureForGroupTest status=SUCCESS method=CallLogsTest.filterFeatureForGroupTest()[pri:17, instance:tests.CallLogsTest@1e9e725a] output={null}]]]>
              </value>
            </param>
          </params>
          <reporter-output>
          </reporter-output>
        </test-method> <!-- tearDown -->
        <test-method status="PASS" signature="filterFeatureForCampaignTest()[pri:18, instance:tests.CallLogsTest@1e9e725a]" name="filterFeatureForCampaignTest" duration-ms="70387" started-at="2020-05-06T16:37:45Z" finished-at="2020-05-06T16:38:56Z">
          <reporter-output>
          </reporter-output>
        </test-method> <!-- filterFeatureForCampaignTest -->
        <test-method status="PASS" signature="tearDown(org.testng.ITestResult)[pri:0, instance:tests.CallLogsTest@1e9e725a]" name="tearDown" is-config="true" duration-ms="47" started-at="2020-05-06T16:38:56Z" finished-at="2020-05-06T16:38:56Z">
          <params>
            <param index="0">
              <value>
                <![CDATA[[TestResult name=filterFeatureForCampaignTest status=SUCCESS method=CallLogsTest.filterFeatureForCampaignTest()[pri:18, instance:tests.CallLogsTest@1e9e725a] output={null}]]]>
              </value>
            </param>
          </params>
          <reporter-output>
          </reporter-output>
        </test-method> <!-- tearDown -->
        <test-method status="PASS" signature="footerNoteTest()[pri:19, instance:tests.CallLogsTest@1e9e725a]" name="footerNoteTest" duration-ms="377" started-at="2020-05-06T16:38:56Z" finished-at="2020-05-06T16:38:56Z">
          <reporter-output>
          </reporter-output>
        </test-method> <!-- footerNoteTest -->
        <test-method status="PASS" signature="tearDown(org.testng.ITestResult)[pri:0, instance:tests.CallLogsTest@1e9e725a]" name="tearDown" is-config="true" duration-ms="39" started-at="2020-05-06T16:38:56Z" finished-at="2020-05-06T16:38:56Z">
          <params>
            <param index="0">
              <value>
                <![CDATA[[TestResult name=footerNoteTest status=SUCCESS method=CallLogsTest.footerNoteTest()[pri:19, instance:tests.CallLogsTest@1e9e725a] output={null}]]]>
              </value>
            </param>
          </params>
          <reporter-output>
          </reporter-output>
        </test-method> <!-- tearDown -->
        <test-method status="PASS" signature="presenceOfDetailedViewTileTest()[pri:20, instance:tests.CallLogsTest@1e9e725a]" name="presenceOfDetailedViewTileTest" duration-ms="2096" started-at="2020-05-06T16:38:56Z" finished-at="2020-05-06T16:38:58Z">
          <reporter-output>
          </reporter-output>
        </test-method> <!-- presenceOfDetailedViewTileTest -->
        <test-method status="PASS" signature="tearDown(org.testng.ITestResult)[pri:0, instance:tests.CallLogsTest@1e9e725a]" name="tearDown" is-config="true" duration-ms="28" started-at="2020-05-06T16:38:58Z" finished-at="2020-05-06T16:38:58Z">
          <params>
            <param index="0">
              <value>
                <![CDATA[[TestResult name=presenceOfDetailedViewTileTest status=SUCCESS method=CallLogsTest.presenceOfDetailedViewTileTest()[pri:20, instance:tests.CallLogsTest@1e9e725a] output={null}]]]>
              </value>
            </param>
          </params>
          <reporter-output>
          </reporter-output>
        </test-method> <!-- tearDown -->
        <test-method status="PASS" signature="detailedViewUIVerificationTest()[pri:21, instance:tests.CallLogsTest@1e9e725a]" name="detailedViewUIVerificationTest" duration-ms="9829" started-at="2020-05-06T16:38:58Z" finished-at="2020-05-06T16:39:08Z">
          <reporter-output>
          </reporter-output>
        </test-method> <!-- detailedViewUIVerificationTest -->
        <test-method status="PASS" signature="tearDown(org.testng.ITestResult)[pri:0, instance:tests.CallLogsTest@1e9e725a]" name="tearDown" is-config="true" duration-ms="39" started-at="2020-05-06T16:39:08Z" finished-at="2020-05-06T16:39:08Z">
          <params>
            <param index="0">
              <value>
                <![CDATA[[TestResult name=detailedViewUIVerificationTest status=SUCCESS method=CallLogsTest.detailedViewUIVerificationTest()[pri:21, instance:tests.CallLogsTest@1e9e725a] output={null}]]]>
              </value>
            </param>
          </params>
          <reporter-output>
          </reporter-output>
        </test-method> <!-- tearDown -->
        <test-method status="FAIL" signature="loggingOut()[pri:0, instance:tests.CallLogsTest@1e9e725a]" name="loggingOut" is-config="true" duration-ms="0" started-at="2020-05-06T16:39:08Z" finished-at="2020-05-06T16:39:08Z">
          <exception class="org.openqa.selenium.TimeoutException">
            <message>
              <![CDATA[Expected condition failed: waiting for visibility of Proxy element for: DefaultElementLocator 'By.xpath: //a[@class='dropdown-toggle username bootstro']//span[@class='hidden-xs ng-binding']' (tried for 60 second(s) with 500 milliseconds interval)]]>
            </message>
            <full-stacktrace>
              <![CDATA[org.openqa.selenium.TimeoutException: Expected condition failed: waiting for visibility of Proxy element for: DefaultElementLocator 'By.xpath: //a[@class='dropdown-toggle username bootstro']//span[@class='hidden-xs ng-binding']' (tried for 60 second(s) with 500 milliseconds interval)
	at org.openqa.selenium.support.ui.WebDriverWait.timeoutException(WebDriverWait.java:81)
	at org.openqa.selenium.support.ui.FluentWait.until(FluentWait.java:271)
	at pom.LoginPage.logOut(LoginPage.java:390)
	at tests.CallLogsTest.loggingOut(CallLogsTest.java:219)
	at sun.reflect.NativeMethodAccessorImpl.invoke0(Native Method)
	at sun.reflect.NativeMethodAccessorImpl.invoke(NativeMethodAccessorImpl.java:62)
	at sun.reflect.DelegatingMethodAccessorImpl.invoke(DelegatingMethodAccessorImpl.java:43)
	at java.lang.reflect.Method.invoke(Method.java:498)
	at org.testng.internal.MethodInvocationHelper.invokeMethod(MethodInvocationHelper.java:86)
	at org.testng.internal.Invoker.invokeConfigurationMethod(Invoker.java:514)
	at org.testng.internal.Invoker.invokeConfigurations(Invoker.java:215)
	at org.testng.internal.Invoker.invokeConfigurations(Invoker.java:142)
	at org.testng.internal.TestMethodWorker.invokeAfterClassMethods(TestMethodWorker.java:232)
	at org.testng.internal.TestMethodWorker.run(TestMethodWorker.java:115)
	at org.testng.TestRunner.privateRun(TestRunner.java:782)
	at org.testng.TestRunner.run(TestRunner.java:632)
	at org.testng.SuiteRunner.runTest(SuiteRunner.java:366)
	at org.testng.SuiteRunner.access$000(SuiteRunner.java:39)
	at org.testng.SuiteRunner$SuiteWorker.run(SuiteRunner.java:400)
	at org.testng.internal.thread.ThreadUtil$2.call(ThreadUtil.java:64)
	at java.util.concurrent.FutureTask.run(FutureTask.java:266)
	at java.util.concurrent.ThreadPoolExecutor.runWorker(ThreadPoolExecutor.java:1149)
	at java.util.concurrent.ThreadPoolExecutor$Worker.run(ThreadPoolExecutor.java:624)
	at java.lang.Thread.run(Thread.java:748)
Caused by: org.openqa.selenium.NoSuchElementException: no such element: Unable to locate element: {"method":"xpath","selector":"//a[@class='dropdown-toggle username bootstro']//span[@class='hidden-xs ng-binding']"}
  (Session info: chrome=81.0.4044.129)
  (Driver info: chromedriver=2.36.540470 (e522d04694c7ebea4ba8821272dbef4f9b818c91),platform=Windows NT 10.0.18362 x86_64) (WARNING: The server did not provide any stacktrace information)
Command duration or timeout: 0 milliseconds
For documentation on this error, please visit: http://seleniumhq.org/exceptions/no_such_element.html
Build info: version: '3.11.0', revision: 'e59cfb3', time: '2018-03-11T20:26:55.152Z'
System info: host: 'LAPTOP-Q18VUQ5U', ip: '5.5.17.172', os.name: 'Windows 10', os.arch: 'amd64', os.version: '10.0', java.version: '1.8.0_152'
Driver info: org.openqa.selenium.chrome.ChromeDriver
Capabilities {acceptInsecureCerts: false, acceptSslCerts: false, applicationCacheEnabled: false, browserConnectionEnabled: false, browserName: chrome, chrome: {chromedriverVersion: 2.36.540470 (e522d04694c7eb..., userDataDir: C:\Users\PREETI~1\AppData\L...}, cssSelectorsEnabled: true, databaseEnabled: false, handlesAlerts: true, hasTouchScreen: false, javascriptEnabled: true, locationContextEnabled: true, mobileEmulationEnabled: false, nativeEvents: true, networkConnectionEnabled: false, pageLoadStrategy: normal, platform: XP, platformName: XP, rotatable: false, setWindowRect: true, takesHeapSnapshot: true, takesScreenshot: true, unexpectedAlertBehaviour: , unhandledPromptBehavior: , version: 81.0.4044.129, webStorageEnabled: true}
Session ID: ca34c70cbb7d2b40e4b237bc4fc3cca2
*** Element info: {Using=xpath, value=//a[@class='dropdown-toggle username bootstro']//span[@class='hidden-xs ng-binding']}
	at sun.reflect.NativeConstructorAccessorImpl.newInstance0(Native Method)
	at sun.reflect.NativeConstructorAccessorImpl.newInstance(NativeConstructorAccessorImpl.java:62)
	at sun.reflect.DelegatingConstructorAccessorImpl.newInstance(DelegatingConstructorAccessorImpl.java:45)
	at java.lang.reflect.Constructor.newInstance(Constructor.java:423)
	at org.openqa.selenium.remote.ErrorHandler.createThrowable(ErrorHandler.java:214)
	at org.openqa.selenium.remote.ErrorHandler.throwIfResponseFailed(ErrorHandler.java:166)
	at org.openqa.selenium.remote.http.JsonHttpResponseCodec.reconstructValue(JsonHttpResponseCodec.java:40)
	at org.openqa.selenium.remote.http.AbstractHttpResponseCodec.decode(AbstractHttpResponseCodec.java:80)
	at org.openqa.selenium.remote.http.AbstractHttpResponseCodec.decode(AbstractHttpResponseCodec.java:44)
	at org.openqa.selenium.remote.HttpCommandExecutor.execute(HttpCommandExecutor.java:158)
	at org.openqa.selenium.remote.service.DriverCommandExecutor.execute(DriverCommandExecutor.java:83)
	at org.openqa.selenium.remote.RemoteWebDriver.execute(RemoteWebDriver.java:545)
	at org.openqa.selenium.remote.RemoteWebDriver.findElement(RemoteWebDriver.java:319)
	at org.openqa.selenium.remote.RemoteWebDriver.findElementByXPath(RemoteWebDriver.java:421)
	at org.openqa.selenium.By$ByXPath.findElement(By.java:361)
	at org.openqa.selenium.remote.RemoteWebDriver.findElement(RemoteWebDriver.java:311)
	at org.openqa.selenium.support.pagefactory.DefaultElementLocator.findElement(DefaultElementLocator.java:69)
	at org.openqa.selenium.support.pagefactory.internal.LocatingElementHandler.invoke(LocatingElementHandler.java:38)
	at com.sun.proxy.$Proxy16.isDisplayed(Unknown Source)
	at org.openqa.selenium.support.ui.ExpectedConditions.elementIfVisible(ExpectedConditions.java:315)
	at org.openqa.selenium.support.ui.ExpectedConditions.access$100(ExpectedConditions.java:44)
	at org.openqa.selenium.support.ui.ExpectedConditions$10.apply(ExpectedConditions.java:301)
	at org.openqa.selenium.support.ui.ExpectedConditions$10.apply(ExpectedConditions.java:298)
	at org.openqa.selenium.support.ui.FluentWait.until(FluentWait.java:248)
	... 22 more
]]>
            </full-stacktrace>
          </exception> <!-- org.openqa.selenium.TimeoutException -->
          <reporter-output>
          </reporter-output>
        </test-method> <!-- loggingOut -->
        <test-method status="SKIP" signature="tearDown()[pri:0, instance:tests.CallLogsTest@1e9e725a]" name="tearDown" is-config="true" duration-ms="0" started-at="2020-05-06T16:41:12Z" finished-at="2020-05-06T16:41:12Z">
          <reporter-output>
          </reporter-output>
        </test-method> <!-- tearDown -->
        <test-method status="SKIP" signature="close_connection()[pri:0, instance:tests.CallLogsTest@1e9e725a]" name="close_connection" is-config="true" duration-ms="0" started-at="2020-05-06T16:41:12Z" finished-at="2020-05-06T16:41:12Z">
          <reporter-output>
          </reporter-output>
        </test-method> <!-- close_connection -->
      </class> <!-- tests.CallLogsTest -->
    </test> <!-- chrome test-1 -->
  </suite> <!-- Automation Suite-1 -->
</testng-results>
