<?xml version="1.0" encoding="UTF-8"?>
<testng-results skipped="0" failed="0" total="1" passed="1">
  <reporter-output>
  </reporter-output>
  <suite name="Automation Suite-1" duration-ms="166659" started-at="2020-03-02T09:51:23Z" finished-at="2020-03-02T09:54:10Z">
    <groups>
    </groups>
    <test name="chrome test" duration-ms="166659" started-at="2020-03-02T09:51:23Z" finished-at="2020-03-02T09:54:10Z">
      <class name="tests.TrackingNumberTest">
        <test-method status="PASS" signature="setUp(java.lang.String, java.lang.String)[pri:0, instance:tests.TrackingNumberTest@6b0c2d26]" name="setUp" is-config="true" duration-ms="43478" started-at="2020-03-02T15:21:23Z" finished-at="2020-03-02T15:22:07Z">
          <params>
            <param index="0">
              <value>
                <![CDATA[chrome]]>
              </value>
            </param>
            <param index="1">
              <value>
                <![CDATA[https://stag-6-cmo-1.convirza.com]]>
              </value>
            </param>
          </params>
          <reporter-output>
          </reporter-output>
        </test-method> <!-- setUp -->
        <test-method status="PASS" signature="goToCampaignPage()[pri:0, instance:tests.TrackingNumberTest@6b0c2d26]" name="goToCampaignPage" is-config="true" duration-ms="4544" started-at="2020-03-02T15:22:07Z" finished-at="2020-03-02T15:22:11Z">
          <reporter-output>
          </reporter-output>
        </test-method> <!-- goToCampaignPage -->
        <test-method status="PASS" signature="trakingNumberPageUIVerification()[pri:1, instance:tests.TrackingNumberTest@6b0c2d26]" name="trakingNumberPageUIVerification" duration-ms="117201" started-at="2020-03-02T15:22:11Z" finished-at="2020-03-02T15:24:09Z">
          <reporter-output>
          </reporter-output>
        </test-method> <!-- trakingNumberPageUIVerification -->
        <test-method status="PASS" signature="tearDown(org.testng.ITestResult)[pri:0, instance:tests.TrackingNumberTest@6b0c2d26]" name="tearDown" is-config="true" duration-ms="516" started-at="2020-03-02T15:24:09Z" finished-at="2020-03-02T15:24:09Z">
          <params>
            <param index="0">
              <value>
                <![CDATA[[TestResult name=trakingNumberPageUIVerification status=SUCCESS method=TrackingNumberTest.trakingNumberPageUIVerification()[pri:1, instance:tests.TrackingNumberTest@6b0c2d26] output={null}]]]>
              </value>
            </param>
          </params>
          <reporter-output>
          </reporter-output>
        </test-method> <!-- tearDown -->
        <test-method status="PASS" signature="cleanUp()[pri:0, instance:tests.TrackingNumberTest@6b0c2d26]" name="cleanUp" is-config="true" duration-ms="0" started-at="2020-03-02T15:24:09Z" finished-at="2020-03-02T15:24:09Z">
          <reporter-output>
          </reporter-output>
        </test-method> <!-- cleanUp -->
        <test-method status="PASS" signature="tearDown()[pri:0, instance:tests.TrackingNumberTest@6b0c2d26]" name="tearDown" is-config="true" duration-ms="885" started-at="2020-03-02T15:24:09Z" finished-at="2020-03-02T15:24:10Z">
          <reporter-output>
          </reporter-output>
        </test-method> <!-- tearDown -->
        <test-method status="PASS" signature="close_connection()[pri:0, instance:tests.TrackingNumberTest@6b0c2d26]" name="close_connection" is-config="true" duration-ms="8308" started-at="2020-03-02T15:24:10Z" finished-at="2020-03-02T15:24:18Z">
          <reporter-output>
          </reporter-output>
        </test-method> <!-- close_connection -->
      </class> <!-- tests.TrackingNumberTest -->
    </test> <!-- chrome test -->
  </suite> <!-- Automation Suite-1 -->
</testng-results>
