<?xml version="1.0" encoding="UTF-8"?>
<testng-results skipped="0" failed="0" ignored="6" total="22" passed="16">
  <reporter-output>
  </reporter-output>
  <suite name="Automation Suite-1" duration-ms="214259" started-at="2019-12-30T13:35:03Z" finished-at="2019-12-30T13:38:37Z">
    <groups>
    </groups>
    <test name="chrome test" duration-ms="214259" started-at="2019-12-30T13:35:03Z" finished-at="2019-12-30T13:38:37Z">
      <class name="tests.LoginTest">
        <test-method status="PASS" signature="setUp(java.lang.String, java.lang.String)[pri:0, instance:tests.LoginTest@4d826d77]" name="setUp" is-config="true" duration-ms="56555" started-at="2019-12-30T13:35:03Z" finished-at="2019-12-30T13:35:59Z">
          <params>
            <param index="0">
              <value>
                <![CDATA[chrome]]>
              </value>
            </param>
            <param index="1">
              <value>
                <![CDATA[https://stag-5-cmo-1.convirza.com]]>
              </value>
            </param>
          </params>
          <reporter-output>
          </reporter-output>
        </test-method> <!-- setUp -->
        <test-method status="PASS" signature="login()[pri:0, instance:tests.LoginTest@4d826d77]" name="login" duration-ms="3436" started-at="2019-12-30T13:35:59Z" finished-at="2019-12-30T13:36:03Z">
          <reporter-output>
          </reporter-output>
        </test-method> <!-- login -->
        <test-method status="PASS" signature="tearDown(org.testng.ITestResult)[pri:0, instance:tests.LoginTest@4d826d77]" name="tearDown" is-config="true" duration-ms="570" started-at="2019-12-30T13:36:03Z" finished-at="2019-12-30T13:36:03Z">
          <params>
            <param index="0">
              <value>
                <![CDATA[[TestResult name=login status=SUCCESS method=LoginTest.login()[pri:0, instance:tests.LoginTest@4d826d77] output={null}]]]>
              </value>
            </param>
          </params>
          <reporter-output>
          </reporter-output>
        </test-method> <!-- tearDown -->
        <test-method status="PASS" signature="tearDown()[pri:0, instance:tests.LoginTest@4d826d77]" name="tearDown" is-config="true" duration-ms="870" started-at="2019-12-30T13:38:36Z" finished-at="2019-12-30T13:38:37Z">
          <reporter-output>
          </reporter-output>
        </test-method> <!-- tearDown -->
        <test-method status="PASS" signature="close_connection()[pri:0, instance:tests.LoginTest@4d826d77]" name="close_connection" is-config="true" duration-ms="6319" started-at="2019-12-30T13:38:37Z" finished-at="2019-12-30T13:38:43Z">
          <reporter-output>
          </reporter-output>
        </test-method> <!-- close_connection -->
      </class> <!-- tests.LoginTest -->
      <class name="tests.CampaignTests">
        <test-method status="PASS" signature="goToCampaignPage()[pri:0, instance:tests.CampaignTests@77e9807f]" name="goToCampaignPage" is-config="true" duration-ms="936" started-at="2019-12-30T13:36:13Z" finished-at="2019-12-30T13:36:14Z">
          <reporter-output>
          </reporter-output>
        </test-method> <!-- goToCampaignPage -->
        <test-method status="PASS" signature="campaignBuilderPage_UI_Verification()[pri:1, instance:tests.CampaignTests@77e9807f]" name="campaignBuilderPage_UI_Verification" duration-ms="5730" started-at="2019-12-30T13:36:14Z" finished-at="2019-12-30T13:36:20Z">
          <reporter-output>
          </reporter-output>
        </test-method> <!-- campaignBuilderPage_UI_Verification -->
        <test-method status="PASS" signature="tearDown(org.testng.ITestResult)[pri:0, instance:tests.CampaignTests@77e9807f]" name="tearDown" is-config="true" duration-ms="110" started-at="2019-12-30T13:36:20Z" finished-at="2019-12-30T13:36:20Z">
          <params>
            <param index="0">
              <value>
                <![CDATA[[TestResult name=campaignBuilderPage_UI_Verification status=SUCCESS method=CampaignTests.campaignBuilderPage_UI_Verification()[pri:1, instance:tests.CampaignTests@77e9807f] output={null}]]]>
              </value>
            </param>
          </params>
          <reporter-output>
          </reporter-output>
        </test-method> <!-- tearDown -->
        <test-method status="PASS" signature="campaign_Creation_Without_externalID()[pri:1, instance:tests.CampaignTests@77e9807f]" name="campaign_Creation_Without_externalID" duration-ms="12255" started-at="2019-12-30T13:36:20Z" finished-at="2019-12-30T13:36:32Z">
          <reporter-output>
          </reporter-output>
        </test-method> <!-- campaign_Creation_Without_externalID -->
        <test-method status="PASS" signature="tearDown(org.testng.ITestResult)[pri:0, instance:tests.CampaignTests@77e9807f]" name="tearDown" is-config="true" duration-ms="102" started-at="2019-12-30T13:36:32Z" finished-at="2019-12-30T13:36:33Z">
          <params>
            <param index="0">
              <value>
                <![CDATA[[TestResult name=campaign_Creation_Without_externalID status=SUCCESS method=CampaignTests.campaign_Creation_Without_externalID()[pri:1, instance:tests.CampaignTests@77e9807f] output={null}]]]>
              </value>
            </param>
          </params>
          <reporter-output>
          </reporter-output>
        </test-method> <!-- tearDown -->
        <test-method status="PASS" signature="campaign_updation_Without_externalID()[pri:2, instance:tests.CampaignTests@77e9807f]" name="campaign_updation_Without_externalID" duration-ms="12559" started-at="2019-12-30T13:36:33Z" finished-at="2019-12-30T13:36:45Z">
          <reporter-output>
          </reporter-output>
        </test-method> <!-- campaign_updation_Without_externalID -->
        <test-method status="PASS" signature="tearDown(org.testng.ITestResult)[pri:0, instance:tests.CampaignTests@77e9807f]" name="tearDown" is-config="true" duration-ms="101" started-at="2019-12-30T13:36:45Z" finished-at="2019-12-30T13:36:45Z">
          <params>
            <param index="0">
              <value>
                <![CDATA[[TestResult name=campaign_updation_Without_externalID status=SUCCESS method=CampaignTests.campaign_updation_Without_externalID()[pri:2, instance:tests.CampaignTests@77e9807f] output={null}]]]>
              </value>
            </param>
          </params>
          <reporter-output>
          </reporter-output>
        </test-method> <!-- tearDown -->
        <test-method status="PASS" signature="campaign_deletion_Without_externalID()[pri:3, instance:tests.CampaignTests@77e9807f]" name="campaign_deletion_Without_externalID" duration-ms="4953" started-at="2019-12-30T13:36:45Z" finished-at="2019-12-30T13:36:50Z">
          <reporter-output>
          </reporter-output>
        </test-method> <!-- campaign_deletion_Without_externalID -->
        <test-method status="PASS" signature="tearDown(org.testng.ITestResult)[pri:0, instance:tests.CampaignTests@77e9807f]" name="tearDown" is-config="true" duration-ms="83" started-at="2019-12-30T13:36:50Z" finished-at="2019-12-30T13:36:50Z">
          <params>
            <param index="0">
              <value>
                <![CDATA[[TestResult name=campaign_deletion_Without_externalID status=SUCCESS method=CampaignTests.campaign_deletion_Without_externalID()[pri:3, instance:tests.CampaignTests@77e9807f] output={null}]]]>
              </value>
            </param>
          </params>
          <reporter-output>
          </reporter-output>
        </test-method> <!-- tearDown -->
        <test-method status="PASS" signature="campaign_Creation_With_externalID()[pri:4, instance:tests.CampaignTests@77e9807f]" name="campaign_Creation_With_externalID" duration-ms="12743" started-at="2019-12-30T13:36:50Z" finished-at="2019-12-30T13:37:03Z">
          <reporter-output>
          </reporter-output>
        </test-method> <!-- campaign_Creation_With_externalID -->
        <test-method status="PASS" signature="tearDown(org.testng.ITestResult)[pri:0, instance:tests.CampaignTests@77e9807f]" name="tearDown" is-config="true" duration-ms="81" started-at="2019-12-30T13:37:03Z" finished-at="2019-12-30T13:37:03Z">
          <params>
            <param index="0">
              <value>
                <![CDATA[[TestResult name=campaign_Creation_With_externalID status=SUCCESS method=CampaignTests.campaign_Creation_With_externalID()[pri:4, instance:tests.CampaignTests@77e9807f] output={null}]]]>
              </value>
            </param>
          </params>
          <reporter-output>
          </reporter-output>
        </test-method> <!-- tearDown -->
        <test-method status="PASS" signature="campaign_updation_With_externalID()[pri:5, instance:tests.CampaignTests@77e9807f]" name="campaign_updation_With_externalID" duration-ms="13424" started-at="2019-12-30T13:37:03Z" finished-at="2019-12-30T13:37:17Z">
          <reporter-output>
          </reporter-output>
        </test-method> <!-- campaign_updation_With_externalID -->
        <test-method status="PASS" signature="tearDown(org.testng.ITestResult)[pri:0, instance:tests.CampaignTests@77e9807f]" name="tearDown" is-config="true" duration-ms="86" started-at="2019-12-30T13:37:17Z" finished-at="2019-12-30T13:37:17Z">
          <params>
            <param index="0">
              <value>
                <![CDATA[[TestResult name=campaign_updation_With_externalID status=SUCCESS method=CampaignTests.campaign_updation_With_externalID()[pri:5, instance:tests.CampaignTests@77e9807f] output={null}]]]>
              </value>
            </param>
          </params>
          <reporter-output>
          </reporter-output>
        </test-method> <!-- tearDown -->
        <test-method status="PASS" signature="campaign_deletion_With_externalID()[pri:6, instance:tests.CampaignTests@77e9807f]" name="campaign_deletion_With_externalID" duration-ms="4840" started-at="2019-12-30T13:37:17Z" finished-at="2019-12-30T13:37:21Z">
          <reporter-output>
          </reporter-output>
        </test-method> <!-- campaign_deletion_With_externalID -->
        <test-method status="PASS" signature="tearDown(org.testng.ITestResult)[pri:0, instance:tests.CampaignTests@77e9807f]" name="tearDown" is-config="true" duration-ms="70" started-at="2019-12-30T13:37:21Z" finished-at="2019-12-30T13:37:22Z">
          <params>
            <param index="0">
              <value>
                <![CDATA[[TestResult name=campaign_deletion_With_externalID status=SUCCESS method=CampaignTests.campaign_deletion_With_externalID()[pri:6, instance:tests.CampaignTests@77e9807f] output={null}]]]>
              </value>
            </param>
          </params>
          <reporter-output>
          </reporter-output>
        </test-method> <!-- tearDown -->
        <test-method status="PASS" signature="createCampaignWithFutureStartDateAndNeverEndDate()[pri:7, instance:tests.CampaignTests@77e9807f]" name="createCampaignWithFutureStartDateAndNeverEndDate" duration-ms="12991" started-at="2019-12-30T13:37:22Z" finished-at="2019-12-30T13:37:34Z">
          <reporter-output>
          </reporter-output>
        </test-method> <!-- createCampaignWithFutureStartDateAndNeverEndDate -->
        <test-method status="PASS" signature="tearDown(org.testng.ITestResult)[pri:0, instance:tests.CampaignTests@77e9807f]" name="tearDown" is-config="true" duration-ms="75" started-at="2019-12-30T13:37:35Z" finished-at="2019-12-30T13:37:35Z">
          <params>
            <param index="0">
              <value>
                <![CDATA[[TestResult name=createCampaignWithFutureStartDateAndNeverEndDate status=SUCCESS method=CampaignTests.createCampaignWithFutureStartDateAndNeverEndDate()[pri:7, instance:tests.CampaignTests@77e9807f] output={null}]]]>
              </value>
            </param>
          </params>
          <reporter-output>
          </reporter-output>
        </test-method> <!-- tearDown -->
        <test-method status="PASS" signature="updateCampaignWithFutureStartDateAndNeverEndDate()[pri:8, instance:tests.CampaignTests@77e9807f]" name="updateCampaignWithFutureStartDateAndNeverEndDate" duration-ms="13799" started-at="2019-12-30T13:37:35Z" finished-at="2019-12-30T13:37:48Z">
          <reporter-output>
          </reporter-output>
        </test-method> <!-- updateCampaignWithFutureStartDateAndNeverEndDate -->
        <test-method status="PASS" signature="tearDown(org.testng.ITestResult)[pri:0, instance:tests.CampaignTests@77e9807f]" name="tearDown" is-config="true" duration-ms="89" started-at="2019-12-30T13:37:48Z" finished-at="2019-12-30T13:37:48Z">
          <params>
            <param index="0">
              <value>
                <![CDATA[[TestResult name=updateCampaignWithFutureStartDateAndNeverEndDate status=SUCCESS method=CampaignTests.updateCampaignWithFutureStartDateAndNeverEndDate()[pri:8, instance:tests.CampaignTests@77e9807f] output={null}]]]>
              </value>
            </param>
          </params>
          <reporter-output>
          </reporter-output>
        </test-method> <!-- tearDown -->
        <test-method status="PASS" signature="campaign_deletion_With_futureStartDate()[pri:9, instance:tests.CampaignTests@77e9807f]" name="campaign_deletion_With_futureStartDate" duration-ms="4843" started-at="2019-12-30T13:37:48Z" finished-at="2019-12-30T13:37:53Z">
          <reporter-output>
          </reporter-output>
        </test-method> <!-- campaign_deletion_With_futureStartDate -->
        <test-method status="PASS" signature="tearDown(org.testng.ITestResult)[pri:0, instance:tests.CampaignTests@77e9807f]" name="tearDown" is-config="true" duration-ms="67" started-at="2019-12-30T13:37:53Z" finished-at="2019-12-30T13:37:53Z">
          <params>
            <param index="0">
              <value>
                <![CDATA[[TestResult name=campaign_deletion_With_futureStartDate status=SUCCESS method=CampaignTests.campaign_deletion_With_futureStartDate()[pri:9, instance:tests.CampaignTests@77e9807f] output={null}]]]>
              </value>
            </param>
          </params>
          <reporter-output>
          </reporter-output>
        </test-method> <!-- tearDown -->
        <test-method status="PASS" signature="createCampaignWithFutureStartDateAndFutureEndDate()[pri:10, instance:tests.CampaignTests@77e9807f]" name="createCampaignWithFutureStartDateAndFutureEndDate" duration-ms="13792" started-at="2019-12-30T13:37:53Z" finished-at="2019-12-30T13:38:07Z">
          <reporter-output>
          </reporter-output>
        </test-method> <!-- createCampaignWithFutureStartDateAndFutureEndDate -->
        <test-method status="PASS" signature="tearDown(org.testng.ITestResult)[pri:0, instance:tests.CampaignTests@77e9807f]" name="tearDown" is-config="true" duration-ms="69" started-at="2019-12-30T13:38:07Z" finished-at="2019-12-30T13:38:07Z">
          <params>
            <param index="0">
              <value>
                <![CDATA[[TestResult name=createCampaignWithFutureStartDateAndFutureEndDate status=SUCCESS method=CampaignTests.createCampaignWithFutureStartDateAndFutureEndDate()[pri:10, instance:tests.CampaignTests@77e9807f] output={null}]]]>
              </value>
            </param>
          </params>
          <reporter-output>
          </reporter-output>
        </test-method> <!-- tearDown -->
        <test-method status="PASS" signature="updateCampaignWithFutureStartDateAndFutureEndDate()[pri:11, instance:tests.CampaignTests@77e9807f]" name="updateCampaignWithFutureStartDateAndFutureEndDate" duration-ms="16497" started-at="2019-12-30T13:38:07Z" finished-at="2019-12-30T13:38:24Z">
          <reporter-output>
          </reporter-output>
        </test-method> <!-- updateCampaignWithFutureStartDateAndFutureEndDate -->
        <test-method status="PASS" signature="tearDown(org.testng.ITestResult)[pri:0, instance:tests.CampaignTests@77e9807f]" name="tearDown" is-config="true" duration-ms="104" started-at="2019-12-30T13:38:24Z" finished-at="2019-12-30T13:38:24Z">
          <params>
            <param index="0">
              <value>
                <![CDATA[[TestResult name=updateCampaignWithFutureStartDateAndFutureEndDate status=SUCCESS method=CampaignTests.updateCampaignWithFutureStartDateAndFutureEndDate()[pri:11, instance:tests.CampaignTests@77e9807f] output={null}]]]>
              </value>
            </param>
          </params>
          <reporter-output>
          </reporter-output>
        </test-method> <!-- tearDown -->
        <test-method status="PASS" signature="campaign_deletion_With_futureStartDateAndFutureEndDate()[pri:12, instance:tests.CampaignTests@77e9807f]" name="campaign_deletion_With_futureStartDateAndFutureEndDate" duration-ms="3768" started-at="2019-12-30T13:38:24Z" finished-at="2019-12-30T13:38:28Z">
          <reporter-output>
          </reporter-output>
        </test-method> <!-- campaign_deletion_With_futureStartDateAndFutureEndDate -->
        <test-method status="PASS" signature="tearDown(org.testng.ITestResult)[pri:0, instance:tests.CampaignTests@77e9807f]" name="tearDown" is-config="true" duration-ms="101" started-at="2019-12-30T13:38:28Z" finished-at="2019-12-30T13:38:28Z">
          <params>
            <param index="0">
              <value>
                <![CDATA[[TestResult name=campaign_deletion_With_futureStartDateAndFutureEndDate status=SUCCESS method=CampaignTests.campaign_deletion_With_futureStartDateAndFutureEndDate()[pri:12, instance:tests.CampaignTests@77e9807f] output={null}]]]>
              </value>
            </param>
          </params>
          <reporter-output>
          </reporter-output>
        </test-method> <!-- tearDown -->
        <test-method status="PASS" signature="createCampaignWithPastTime()[pri:13, instance:tests.CampaignTests@77e9807f]" name="createCampaignWithPastTime" duration-ms="7450" started-at="2019-12-30T13:38:28Z" finished-at="2019-12-30T13:38:35Z">
          <reporter-output>
          </reporter-output>
        </test-method> <!-- createCampaignWithPastTime -->
        <test-method status="PASS" signature="tearDown(org.testng.ITestResult)[pri:0, instance:tests.CampaignTests@77e9807f]" name="tearDown" is-config="true" duration-ms="70" started-at="2019-12-30T13:38:35Z" finished-at="2019-12-30T13:38:35Z">
          <params>
            <param index="0">
              <value>
                <![CDATA[[TestResult name=createCampaignWithPastTime status=SUCCESS method=CampaignTests.createCampaignWithPastTime()[pri:13, instance:tests.CampaignTests@77e9807f] output={null}]]]>
              </value>
            </param>
          </params>
          <reporter-output>
          </reporter-output>
        </test-method> <!-- tearDown -->
        <test-method status="PASS" signature="goToHomePage()[pri:0, instance:tests.CampaignTests@77e9807f]" name="goToHomePage" is-config="true" duration-ms="849" started-at="2019-12-30T13:38:35Z" finished-at="2019-12-30T13:38:36Z">
          <reporter-output>
          </reporter-output>
        </test-method> <!-- goToHomePage -->
      </class> <!-- tests.CampaignTests -->
      <class name="tests.CamapignUIVerificationTest">
        <test-method status="PASS" signature="goToCampaignPage()[pri:0, instance:tests.CamapignUIVerificationTest@61009542]" name="goToCampaignPage" is-config="true" duration-ms="1695" started-at="2019-12-30T13:36:03Z" finished-at="2019-12-30T13:36:05Z">
          <reporter-output>
          </reporter-output>
        </test-method> <!-- goToCampaignPage -->
        <test-method status="PASS" signature="CampaignAndTrackingNumberPage_UI_Verification()[pri:1, instance:tests.CamapignUIVerificationTest@61009542]" name="CampaignAndTrackingNumberPage_UI_Verification" duration-ms="7566" started-at="2019-12-30T13:36:05Z" finished-at="2019-12-30T13:36:13Z">
          <reporter-output>
          </reporter-output>
        </test-method> <!-- CampaignAndTrackingNumberPage_UI_Verification -->
        <test-method status="PASS" signature="tearDown(org.testng.ITestResult)[pri:0, instance:tests.CamapignUIVerificationTest@61009542]" name="tearDown" is-config="true" duration-ms="113" started-at="2019-12-30T13:36:13Z" finished-at="2019-12-30T13:36:13Z">
          <params>
            <param index="0">
              <value>
                <![CDATA[[TestResult name=CampaignAndTrackingNumberPage_UI_Verification status=SUCCESS method=CamapignUIVerificationTest.CampaignAndTrackingNumberPage_UI_Verification()[pri:1, instance:tests.CamapignUIVerificationTest@61009542] output={null}]]]>
              </value>
            </param>
          </params>
          <reporter-output>
          </reporter-output>
        </test-method> <!-- tearDown -->
        <test-method status="PASS" signature="goToHomePage()[pri:0, instance:tests.CamapignUIVerificationTest@61009542]" name="goToHomePage" is-config="true" duration-ms="738" started-at="2019-12-30T13:36:13Z" finished-at="2019-12-30T13:36:13Z">
          <reporter-output>
          </reporter-output>
        </test-method> <!-- goToHomePage -->
      </class> <!-- tests.CamapignUIVerificationTest -->
    </test> <!-- chrome test -->
  </suite> <!-- Automation Suite-1 -->
</testng-results>
