<?xml version="1.0" encoding="UTF-8"?>
<testng-results skipped="0" failed="0" ignored="0" total="12" passed="12">
  <reporter-output>
  </reporter-output>
  <suite name="Automation Suite-1" duration-ms="60807" started-at="2020-01-10T08:35:09Z" finished-at="2020-01-10T08:36:09Z">
    <groups>
    </groups>
    <test name="chrome test" duration-ms="60807" started-at="2020-01-10T08:35:09Z" finished-at="2020-01-10T08:36:09Z">
      <class name="tests.LoginTest">
        <test-method status="PASS" signature="setUp(java.lang.String, java.lang.String)[pri:0, instance:tests.LoginTest@7bb58ca3]" name="setUp" is-config="true" duration-ms="41680" started-at="2020-01-10T08:35:09Z" finished-at="2020-01-10T08:35:50Z">
          <params>
            <param index="0">
              <value>
                <![CDATA[chrome]]>
              </value>
            </param>
            <param index="1">
              <value>
                <![CDATA[https://stag-5-cmo-1.convirza.com]]>
              </value>
            </param>
          </params>
          <reporter-output>
          </reporter-output>
        </test-method> <!-- setUp -->
        <test-method status="PASS" signature="login_page_UI_Verification()[pri:1, instance:tests.LoginTest@7bb58ca3]" name="login_page_UI_Verification" duration-ms="412" started-at="2020-01-10T08:35:50Z" finished-at="2020-01-10T08:35:51Z">
          <reporter-output>
          </reporter-output>
        </test-method> <!-- login_page_UI_Verification -->
        <test-method status="PASS" signature="tearDown(org.testng.ITestResult)[pri:0, instance:tests.LoginTest@7bb58ca3]" name="tearDown" is-config="true" duration-ms="533" started-at="2020-01-10T08:35:51Z" finished-at="2020-01-10T08:35:51Z">
          <params>
            <param index="0">
              <value>
                <![CDATA[[TestResult name=login_page_UI_Verification status=SUCCESS method=LoginTest.login_page_UI_Verification()[pri:1, instance:tests.LoginTest@7bb58ca3] output={null}]]]>
              </value>
            </param>
          </params>
          <reporter-output>
          </reporter-output>
        </test-method> <!-- tearDown -->
        <test-method status="PASS" signature="login_with_invalidate_cred()[pri:2, instance:tests.LoginTest@7bb58ca3]" name="login_with_invalidate_cred" duration-ms="1793" started-at="2020-01-10T08:35:51Z" finished-at="2020-01-10T08:35:53Z">
          <reporter-output>
          </reporter-output>
        </test-method> <!-- login_with_invalidate_cred -->
        <test-method status="PASS" signature="tearDown(org.testng.ITestResult)[pri:0, instance:tests.LoginTest@7bb58ca3]" name="tearDown" is-config="true" duration-ms="107" started-at="2020-01-10T08:35:53Z" finished-at="2020-01-10T08:35:53Z">
          <params>
            <param index="0">
              <value>
                <![CDATA[[TestResult name=login_with_invalidate_cred status=SUCCESS method=LoginTest.login_with_invalidate_cred()[pri:2, instance:tests.LoginTest@7bb58ca3] output={null}]]]>
              </value>
            </param>
          </params>
          <reporter-output>
          </reporter-output>
        </test-method> <!-- tearDown -->
        <test-method status="PASS" signature="login_with_blank_username()[pri:3, instance:tests.LoginTest@7bb58ca3]" name="login_with_blank_username" duration-ms="295" started-at="2020-01-10T08:35:53Z" finished-at="2020-01-10T08:35:53Z">
          <reporter-output>
          </reporter-output>
        </test-method> <!-- login_with_blank_username -->
        <test-method status="PASS" signature="tearDown(org.testng.ITestResult)[pri:0, instance:tests.LoginTest@7bb58ca3]" name="tearDown" is-config="true" duration-ms="109" started-at="2020-01-10T08:35:53Z" finished-at="2020-01-10T08:35:53Z">
          <params>
            <param index="0">
              <value>
                <![CDATA[[TestResult name=login_with_blank_username status=SUCCESS method=LoginTest.login_with_blank_username()[pri:3, instance:tests.LoginTest@7bb58ca3] output={null}]]]>
              </value>
            </param>
          </params>
          <reporter-output>
          </reporter-output>
        </test-method> <!-- tearDown -->
        <test-method status="PASS" signature="login_with_blank_password()[pri:4, instance:tests.LoginTest@7bb58ca3]" name="login_with_blank_password" duration-ms="392" started-at="2020-01-10T08:35:53Z" finished-at="2020-01-10T08:35:54Z">
          <reporter-output>
          </reporter-output>
        </test-method> <!-- login_with_blank_password -->
        <test-method status="PASS" signature="tearDown(org.testng.ITestResult)[pri:0, instance:tests.LoginTest@7bb58ca3]" name="tearDown" is-config="true" duration-ms="95" started-at="2020-01-10T08:35:54Z" finished-at="2020-01-10T08:35:54Z">
          <params>
            <param index="0">
              <value>
                <![CDATA[[TestResult name=login_with_blank_password status=SUCCESS method=LoginTest.login_with_blank_password()[pri:4, instance:tests.LoginTest@7bb58ca3] output={null}]]]>
              </value>
            </param>
          </params>
          <reporter-output>
          </reporter-output>
        </test-method> <!-- tearDown -->
        <test-method status="PASS" signature="login_with_inactive_user()[pri:5, instance:tests.LoginTest@7bb58ca3]" name="login_with_inactive_user" duration-ms="525" started-at="2020-01-10T08:35:54Z" finished-at="2020-01-10T08:35:54Z">
          <reporter-output>
          </reporter-output>
        </test-method> <!-- login_with_inactive_user -->
        <test-method status="PASS" signature="tearDown(org.testng.ITestResult)[pri:0, instance:tests.LoginTest@7bb58ca3]" name="tearDown" is-config="true" duration-ms="105" started-at="2020-01-10T08:35:54Z" finished-at="2020-01-10T08:35:55Z">
          <params>
            <param index="0">
              <value>
                <![CDATA[[TestResult name=login_with_inactive_user status=SUCCESS method=LoginTest.login_with_inactive_user()[pri:5, instance:tests.LoginTest@7bb58ca3] output={null}]]]>
              </value>
            </param>
          </params>
          <reporter-output>
          </reporter-output>
        </test-method> <!-- tearDown -->
        <test-method status="PASS" signature="login_with_deleted_user()[pri:6, instance:tests.LoginTest@7bb58ca3]" name="login_with_deleted_user" duration-ms="613" started-at="2020-01-10T08:35:55Z" finished-at="2020-01-10T08:35:55Z">
          <reporter-output>
          </reporter-output>
        </test-method> <!-- login_with_deleted_user -->
        <test-method status="PASS" signature="tearDown(org.testng.ITestResult)[pri:0, instance:tests.LoginTest@7bb58ca3]" name="tearDown" is-config="true" duration-ms="87" started-at="2020-01-10T08:35:55Z" finished-at="2020-01-10T08:35:55Z">
          <params>
            <param index="0">
              <value>
                <![CDATA[[TestResult name=login_with_deleted_user status=SUCCESS method=LoginTest.login_with_deleted_user()[pri:6, instance:tests.LoginTest@7bb58ca3] output={null}]]]>
              </value>
            </param>
          </params>
          <reporter-output>
          </reporter-output>
        </test-method> <!-- tearDown -->
        <test-method status="PASS" signature="login_with_blank_username_and_password()[pri:7, instance:tests.LoginTest@7bb58ca3]" name="login_with_blank_username_and_password" duration-ms="169" started-at="2020-01-10T08:35:55Z" finished-at="2020-01-10T08:35:55Z">
          <reporter-output>
          </reporter-output>
        </test-method> <!-- login_with_blank_username_and_password -->
        <test-method status="PASS" signature="tearDown(org.testng.ITestResult)[pri:0, instance:tests.LoginTest@7bb58ca3]" name="tearDown" is-config="true" duration-ms="147" started-at="2020-01-10T08:35:55Z" finished-at="2020-01-10T08:35:56Z">
          <params>
            <param index="0">
              <value>
                <![CDATA[[TestResult name=login_with_blank_username_and_password status=SUCCESS method=LoginTest.login_with_blank_username_and_password()[pri:7, instance:tests.LoginTest@7bb58ca3] output={null}]]]>
              </value>
            </param>
          </params>
          <reporter-output>
          </reporter-output>
        </test-method> <!-- tearDown -->
        <test-method status="PASS" signature="UIVerification_forgot_passowrd_page()[pri:8, instance:tests.LoginTest@7bb58ca3]" name="UIVerification_forgot_passowrd_page" duration-ms="3255" started-at="2020-01-10T08:35:56Z" finished-at="2020-01-10T08:35:59Z">
          <reporter-output>
          </reporter-output>
        </test-method> <!-- UIVerification_forgot_passowrd_page -->
        <test-method status="PASS" signature="tearDown(org.testng.ITestResult)[pri:0, instance:tests.LoginTest@7bb58ca3]" name="tearDown" is-config="true" duration-ms="103" started-at="2020-01-10T08:35:59Z" finished-at="2020-01-10T08:35:59Z">
          <params>
            <param index="0">
              <value>
                <![CDATA[[TestResult name=UIVerification_forgot_passowrd_page status=SUCCESS method=LoginTest.UIVerification_forgot_passowrd_page()[pri:8, instance:tests.LoginTest@7bb58ca3] output={null}]]]>
              </value>
            </param>
          </params>
          <reporter-output>
          </reporter-output>
        </test-method> <!-- tearDown -->
        <test-method status="PASS" signature="next_button_with_no_email_ID()[pri:9, instance:tests.LoginTest@7bb58ca3]" name="next_button_with_no_email_ID" duration-ms="338" started-at="2020-01-10T08:35:59Z" finished-at="2020-01-10T08:35:59Z">
          <reporter-output>
          </reporter-output>
        </test-method> <!-- next_button_with_no_email_ID -->
        <test-method status="PASS" signature="tearDown(org.testng.ITestResult)[pri:0, instance:tests.LoginTest@7bb58ca3]" name="tearDown" is-config="true" duration-ms="102" started-at="2020-01-10T08:35:59Z" finished-at="2020-01-10T08:35:59Z">
          <params>
            <param index="0">
              <value>
                <![CDATA[[TestResult name=next_button_with_no_email_ID status=SUCCESS method=LoginTest.next_button_with_no_email_ID()[pri:9, instance:tests.LoginTest@7bb58ca3] output={null}]]]>
              </value>
            </param>
          </params>
          <reporter-output>
          </reporter-output>
        </test-method> <!-- tearDown -->
        <test-method status="PASS" signature="reset_password()[pri:10, instance:tests.LoginTest@7bb58ca3]" name="reset_password" duration-ms="1076" started-at="2020-01-10T08:35:59Z" finished-at="2020-01-10T08:36:00Z">
          <reporter-output>
          </reporter-output>
        </test-method> <!-- reset_password -->
        <test-method status="PASS" signature="tearDown(org.testng.ITestResult)[pri:0, instance:tests.LoginTest@7bb58ca3]" name="tearDown" is-config="true" duration-ms="79" started-at="2020-01-10T08:36:00Z" finished-at="2020-01-10T08:36:01Z">
          <params>
            <param index="0">
              <value>
                <![CDATA[[TestResult name=reset_password status=SUCCESS method=LoginTest.reset_password()[pri:10, instance:tests.LoginTest@7bb58ca3] output={null}]]]>
              </value>
            </param>
          </params>
          <reporter-output>
          </reporter-output>
        </test-method> <!-- tearDown -->
        <test-method status="PASS" signature="rememeber_me_functinonality()[pri:11, instance:tests.LoginTest@7bb58ca3]" name="rememeber_me_functinonality" duration-ms="6136" started-at="2020-01-10T08:36:01Z" finished-at="2020-01-10T08:36:07Z">
          <reporter-output>
          </reporter-output>
        </test-method> <!-- rememeber_me_functinonality -->
        <test-method status="PASS" signature="tearDown(org.testng.ITestResult)[pri:0, instance:tests.LoginTest@7bb58ca3]" name="tearDown" is-config="true" duration-ms="116" started-at="2020-01-10T08:36:07Z" finished-at="2020-01-10T08:36:07Z">
          <params>
            <param index="0">
              <value>
                <![CDATA[[TestResult name=rememeber_me_functinonality status=SUCCESS method=LoginTest.rememeber_me_functinonality()[pri:11, instance:tests.LoginTest@7bb58ca3] output={null}]]]>
              </value>
            </param>
          </params>
          <reporter-output>
          </reporter-output>
        </test-method> <!-- tearDown -->
        <test-method status="PASS" signature="validLogin()[pri:12, instance:tests.LoginTest@7bb58ca3]" name="validLogin" duration-ms="1621" started-at="2020-01-10T08:36:07Z" finished-at="2020-01-10T08:36:08Z">
          <reporter-output>
          </reporter-output>
        </test-method> <!-- validLogin -->
        <test-method status="PASS" signature="tearDown(org.testng.ITestResult)[pri:0, instance:tests.LoginTest@7bb58ca3]" name="tearDown" is-config="true" duration-ms="74" started-at="2020-01-10T08:36:08Z" finished-at="2020-01-10T08:36:09Z">
          <params>
            <param index="0">
              <value>
                <![CDATA[[TestResult name=validLogin status=SUCCESS method=LoginTest.validLogin()[pri:12, instance:tests.LoginTest@7bb58ca3] output={null}]]]>
              </value>
            </param>
          </params>
          <reporter-output>
          </reporter-output>
        </test-method> <!-- tearDown -->
        <test-method status="PASS" signature="tearDown()[pri:0, instance:tests.LoginTest@7bb58ca3]" name="tearDown" is-config="true" duration-ms="796" started-at="2020-01-10T08:36:09Z" finished-at="2020-01-10T08:36:09Z">
          <reporter-output>
          </reporter-output>
        </test-method> <!-- tearDown -->
        <test-method status="PASS" signature="close_connection()[pri:0, instance:tests.LoginTest@7bb58ca3]" name="close_connection" is-config="true" duration-ms="6106" started-at="2020-01-10T08:36:09Z" finished-at="2020-01-10T08:36:16Z">
          <reporter-output>
          </reporter-output>
        </test-method> <!-- close_connection -->
      </class> <!-- tests.LoginTest -->
    </test> <!-- chrome test -->
  </suite> <!-- Automation Suite-1 -->
</testng-results>
