<?xml version="1.0" encoding="UTF-8"?>
<!-- Generated by org.testng.reporters.JUnitXMLReporter -->
<testsuite hostname="LAPTOP-Q18VUQ5U" name="chrome test-1" tests="27" failures="0" timestamp="13 Apr 2020 14:17:37 GMT" time="233.409" errors="0">
  <testcase name="@BeforeTest setUp" time="0.0" classname="tests.GroupActivityReportTest">
    <failure type="org.openqa.selenium.WebDriverException" message="unknown error: Element &amp;lt;button class=&amp;quot;btn btn-default pull-left &amp;quot; id=&amp;quot;addUser&amp;quot; ng-click=&amp;quot;addSubgroup(); resizeWindow();&amp;quot; ng-disabled=&amp;quot;!canAddSub || isReadonly&amp;quot; tabindex=&amp;quot;0&amp;quot; aria-disabled=&amp;quot;false&amp;quot; style=&amp;quot;height: 34px;&amp;quot;&amp;gt;...&amp;lt;/button&amp;gt; is not clickable at point (333, 469). Other element would receive the click: &amp;lt;div class=&amp;quot;subGroupProgressLoader&amp;quot;&amp;gt;...&amp;lt;/div&amp;gt;
  (Session info: chrome=80.0.3987.163)
  (Driver info: chromedriver=2.36.540470 (e522d04694c7ebea4ba8821272dbef4f9b818c91),platform=Windows NT 10.0.18362 x86_64) (WARNING: The server did not provide any stacktrace information)
Command duration or timeout: 0 milliseconds
Build info: version: &amp;apos;3.11.0&amp;apos;, revision: &amp;apos;e59cfb3&amp;apos;, time: &amp;apos;2018-03-11T20:26:55.152Z&amp;apos;
System info: host: &amp;apos;LAPTOP-Q18VUQ5U&amp;apos;, ip: &amp;apos;5.5.26.156&amp;apos;, os.name: &amp;apos;Windows 10&amp;apos;, os.arch: &amp;apos;amd64&amp;apos;, os.version: &amp;apos;10.0&amp;apos;, java.version: &amp;apos;1.8.0_201&amp;apos;
Driver info: org.openqa.selenium.chrome.ChromeDriver
Capabilities {acceptInsecureCerts: false, acceptSslCerts: false, applicationCacheEnabled: false, browserConnectionEnabled: false, browserName: chrome, chrome: {chromedriverVersion: 2.36.540470 (e522d04694c7eb..., userDataDir: C:\Users\PREETI~1\AppData\L...}, cssSelectorsEnabled: true, databaseEnabled: false, handlesAlerts: true, hasTouchScreen: false, javascriptEnabled: true, locationContextEnabled: true, mobileEmulationEnabled: false, nativeEvents: true, networkConnectionEnabled: false, pageLoadStrategy: normal, platform: XP, platformName: XP, rotatable: false, setWindowRect: true, takesHeapSnapshot: true, takesScreenshot: true, unexpectedAlertBehaviour: , unhandledPromptBehavior: , version: 80.0.3987.163, webStorageEnabled: true}
Session ID: 77195c4eca81877aa9631b896094305f">
      <![CDATA[org.openqa.selenium.WebDriverException: unknown error: Element <button class="btn btn-default pull-left " id="addUser" ng-click="addSubgroup(); resizeWindow();" ng-disabled="!canAddSub || isReadonly" tabindex="0" aria-disabled="false" style="height: 34px;">...</button> is not clickable at point (333, 469). Other element would receive the click: <div class="subGroupProgressLoader">...</div>
  (Session info: chrome=80.0.3987.163)
  (Driver info: chromedriver=2.36.540470 (e522d04694c7ebea4ba8821272dbef4f9b818c91),platform=Windows NT 10.0.18362 x86_64) (WARNING: The server did not provide any stacktrace information)
Command duration or timeout: 0 milliseconds
Build info: version: '3.11.0', revision: 'e59cfb3', time: '2018-03-11T20:26:55.152Z'
System info: host: 'LAPTOP-Q18VUQ5U', ip: '5.5.26.156', os.name: 'Windows 10', os.arch: 'amd64', os.version: '10.0', java.version: '1.8.0_201'
Driver info: org.openqa.selenium.chrome.ChromeDriver
Capabilities {acceptInsecureCerts: false, acceptSslCerts: false, applicationCacheEnabled: false, browserConnectionEnabled: false, browserName: chrome, chrome: {chromedriverVersion: 2.36.540470 (e522d04694c7eb..., userDataDir: C:\Users\PREETI~1\AppData\L...}, cssSelectorsEnabled: true, databaseEnabled: false, handlesAlerts: true, hasTouchScreen: false, javascriptEnabled: true, locationContextEnabled: true, mobileEmulationEnabled: false, nativeEvents: true, networkConnectionEnabled: false, pageLoadStrategy: normal, platform: XP, platformName: XP, rotatable: false, setWindowRect: true, takesHeapSnapshot: true, takesScreenshot: true, unexpectedAlertBehaviour: , unhandledPromptBehavior: , version: 80.0.3987.163, webStorageEnabled: true}
Session ID: 77195c4eca81877aa9631b896094305f
	at org.openqa.selenium.remote.ErrorHandler.createThrowable(ErrorHandler.java:214)
	at org.openqa.selenium.remote.ErrorHandler.throwIfResponseFailed(ErrorHandler.java:166)
	at org.openqa.selenium.remote.http.JsonHttpResponseCodec.reconstructValue(JsonHttpResponseCodec.java:40)
	at org.openqa.selenium.remote.http.AbstractHttpResponseCodec.decode(AbstractHttpResponseCodec.java:80)
	at org.openqa.selenium.remote.http.AbstractHttpResponseCodec.decode(AbstractHttpResponseCodec.java:44)
	at org.openqa.selenium.remote.HttpCommandExecutor.execute(HttpCommandExecutor.java:158)
	at org.openqa.selenium.remote.service.DriverCommandExecutor.execute(DriverCommandExecutor.java:83)
	at org.openqa.selenium.remote.RemoteWebDriver.execute(RemoteWebDriver.java:545)
	at org.openqa.selenium.remote.RemoteWebElement.execute(RemoteWebElement.java:279)
	at org.openqa.selenium.remote.RemoteWebElement.click(RemoteWebElement.java:83)
	at org.openqa.selenium.support.pagefactory.internal.LocatingElementHandler.invoke(LocatingElementHandler.java:51)
	at com.sun.proxy.$Proxy15.click(Unknown Source)
	at pom.GroupsAndUserPage.createGroup(GroupsAndUserPage.java:457)
	at testdata.TestDataCreation.createGroup(TestDataCreation.java:41)
	at testdata.TestData.createData(TestData.java:30)
	at tests.TestBase.setUp(TestBase.java:119)
	at java.util.concurrent.FutureTask.run(Unknown Source)
	at java.util.concurrent.ThreadPoolExecutor.runWorker(Unknown Source)
	at java.util.concurrent.ThreadPoolExecutor$Worker.run(Unknown Source)
	at java.lang.Thread.run(Unknown Source)
... Removed 22 stack frames]]>
    </failure>
  </testcase> <!-- @BeforeTest setUp -->
  <testcase name="@BeforeClass goToGroupActivityReportPage" time="0.0" classname="tests.GroupActivityReportTest">
    <skipped/>
  </testcase> <!-- @BeforeClass goToGroupActivityReportPage -->
  <testcase name="@AfterMethod tearDown" time="0.0" classname="tests.GroupActivityReportTest">
    <skipped/>
  </testcase> <!-- @AfterMethod tearDown -->
  <testcase name="@AfterMethod tearDown" time="0.0" classname="tests.GroupActivityReportTest">
    <skipped/>
  </testcase> <!-- @AfterMethod tearDown -->
  <testcase name="@AfterMethod tearDown" time="0.0" classname="tests.GroupActivityReportTest">
    <skipped/>
  </testcase> <!-- @AfterMethod tearDown -->
  <testcase name="@AfterMethod tearDown" time="0.0" classname="tests.GroupActivityReportTest">
    <skipped/>
  </testcase> <!-- @AfterMethod tearDown -->
  <testcase name="@AfterMethod tearDown" time="0.0" classname="tests.GroupActivityReportTest">
    <skipped/>
  </testcase> <!-- @AfterMethod tearDown -->
  <testcase name="@AfterMethod tearDown" time="0.0" classname="tests.GroupActivityReportTest">
    <skipped/>
  </testcase> <!-- @AfterMethod tearDown -->
  <testcase name="@AfterMethod tearDown" time="0.0" classname="tests.GroupActivityReportTest">
    <skipped/>
  </testcase> <!-- @AfterMethod tearDown -->
  <testcase name="@AfterMethod tearDown" time="0.0" classname="tests.GroupActivityReportTest">
    <skipped/>
  </testcase> <!-- @AfterMethod tearDown -->
  <testcase name="@AfterMethod tearDown" time="0.0" classname="tests.GroupActivityReportTest">
    <skipped/>
  </testcase> <!-- @AfterMethod tearDown -->
  <testcase name="@AfterMethod tearDown" time="0.0" classname="tests.GroupActivityReportTest">
    <skipped/>
  </testcase> <!-- @AfterMethod tearDown -->
  <testcase name="@AfterMethod tearDown" time="0.0" classname="tests.GroupActivityReportTest">
    <skipped/>
  </testcase> <!-- @AfterMethod tearDown -->
  <testcase name="@AfterMethod tearDown" time="0.0" classname="tests.GroupActivityReportTest">
    <skipped/>
  </testcase> <!-- @AfterMethod tearDown -->
  <testcase name="@AfterMethod tearDown" time="0.0" classname="tests.GroupActivityReportTest">
    <skipped/>
  </testcase> <!-- @AfterMethod tearDown -->
  <testcase name="@AfterMethod tearDown" time="0.0" classname="tests.GroupActivityReportTest">
    <skipped/>
  </testcase> <!-- @AfterMethod tearDown -->
  <testcase name="@AfterMethod tearDown" time="0.0" classname="tests.GroupActivityReportTest">
    <skipped/>
  </testcase> <!-- @AfterMethod tearDown -->
  <testcase name="@AfterMethod tearDown" time="0.0" classname="tests.GroupActivityReportTest">
    <skipped/>
  </testcase> <!-- @AfterMethod tearDown -->
  <testcase name="@AfterMethod tearDown" time="0.0" classname="tests.GroupActivityReportTest">
    <skipped/>
  </testcase> <!-- @AfterMethod tearDown -->
  <testcase name="@AfterMethod tearDown" time="0.0" classname="tests.GroupActivityReportTest">
    <skipped/>
  </testcase> <!-- @AfterMethod tearDown -->
  <testcase name="@AfterMethod tearDown" time="0.0" classname="tests.GroupActivityReportTest">
    <skipped/>
  </testcase> <!-- @AfterMethod tearDown -->
  <testcase name="@AfterMethod tearDown" time="0.0" classname="tests.GroupActivityReportTest">
    <skipped/>
  </testcase> <!-- @AfterMethod tearDown -->
  <testcase name="@AfterMethod tearDown" time="0.0" classname="tests.GroupActivityReportTest">
    <skipped/>
  </testcase> <!-- @AfterMethod tearDown -->
  <testcase name="@AfterMethod tearDown" time="0.0" classname="tests.GroupActivityReportTest">
    <skipped/>
  </testcase> <!-- @AfterMethod tearDown -->
  <testcase name="@AfterMethod tearDown" time="0.0" classname="tests.GroupActivityReportTest">
    <skipped/>
  </testcase> <!-- @AfterMethod tearDown -->
  <testcase name="@AfterMethod tearDown" time="0.0" classname="tests.GroupActivityReportTest">
    <skipped/>
  </testcase> <!-- @AfterMethod tearDown -->
  <testcase name="@AfterMethod tearDown" time="0.0" classname="tests.GroupActivityReportTest">
    <skipped/>
  </testcase> <!-- @AfterMethod tearDown -->
  <testcase name="@AfterMethod tearDown" time="0.0" classname="tests.GroupActivityReportTest">
    <skipped/>
  </testcase> <!-- @AfterMethod tearDown -->
  <testcase name="@AfterMethod tearDown" time="0.0" classname="tests.GroupActivityReportTest">
    <skipped/>
  </testcase> <!-- @AfterMethod tearDown -->
  <testcase name="@AfterClass logOut" time="0.0" classname="tests.GroupActivityReportTest">
    <skipped/>
  </testcase> <!-- @AfterClass logOut -->
  <testcase name="@AfterTest tearDown" time="0.0" classname="tests.GroupActivityReportTest">
    <skipped/>
  </testcase> <!-- @AfterTest tearDown -->
  <testcase name="uiVerification" time="0.003" classname="tests.GroupActivityReportTest">
    <skipped/>
  </testcase> <!-- uiVerification -->
  <testcase name="dateRangeFilterUIVerification" time="0.002" classname="tests.GroupActivityReportTest">
    <skipped/>
  </testcase> <!-- dateRangeFilterUIVerification -->
  <testcase name="tileCountVerification" time="0.006" classname="tests.GroupActivityReportTest">
    <skipped/>
  </testcase> <!-- tileCountVerification -->
  <testcase name="secondaryGroupingOptions" time="0.003" classname="tests.GroupActivityReportTest">
    <skipped/>
  </testcase> <!-- secondaryGroupingOptions -->
  <testcase name="tableCountVerification" time="0.001" classname="tests.GroupActivityReportTest">
    <skipped/>
  </testcase> <!-- tableCountVerification -->
  <testcase name="paginationToolboxUIVerification" time="0.01" classname="tests.GroupActivityReportTest">
    <skipped/>
  </testcase> <!-- paginationToolboxUIVerification -->
  <testcase name="paginationCountVerification" time="0.001" classname="tests.GroupActivityReportTest">
    <skipped/>
  </testcase> <!-- paginationCountVerification -->
  <testcase name="defaultColumnPickerOptions" time="0.003" classname="tests.GroupActivityReportTest">
    <skipped/>
  </testcase> <!-- defaultColumnPickerOptions -->
  <testcase name="defaultColumnsDisplayed" time="0.002" classname="tests.GroupActivityReportTest">
    <skipped/>
  </testcase> <!-- defaultColumnsDisplayed -->
  <testcase name="allColumnPickerCheckboxesClickable" time="0.001" classname="tests.GroupActivityReportTest">
    <skipped/>
  </testcase> <!-- allColumnPickerCheckboxesClickable -->
  <testcase name="defaultSecondaryGroupingOption" time="0.004" classname="tests.GroupActivityReportTest">
    <skipped/>
  </testcase> <!-- defaultSecondaryGroupingOption -->
  <testcase name="secondaryGroupingFeatureForNone" time="0.002" classname="tests.GroupActivityReportTest">
    <skipped/>
  </testcase> <!-- secondaryGroupingFeatureForNone -->
  <testcase name="secondaryGroupingFeatureForTrackingNumber" time="0.001" classname="tests.GroupActivityReportTest">
    <skipped/>
  </testcase> <!-- secondaryGroupingFeatureForTrackingNumber -->
  <testcase name="secondaryGroupingFeatureForCampaign" time="0.003" classname="tests.GroupActivityReportTest">
    <skipped/>
  </testcase> <!-- secondaryGroupingFeatureForCampaign -->
  <testcase name="secondaryGroupingFeatureForCampaignColumn" time="0.002" classname="tests.GroupActivityReportTest">
    <skipped/>
  </testcase> <!-- secondaryGroupingFeatureForCampaignColumn -->
  <testcase name="secondaryGroupingFeatureForTrackingumberColumn" time="0.001" classname="tests.GroupActivityReportTest">
    <skipped/>
  </testcase> <!-- secondaryGroupingFeatureForTrackingumberColumn -->
  <testcase name="advancedFilterUI" time="0.001" classname="tests.GroupActivityReportTest">
    <skipped/>
  </testcase> <!-- advancedFilterUI -->
  <testcase name="basicFilterForGroupName" time="0.001" classname="tests.GroupActivityReportTest">
    <skipped/>
  </testcase> <!-- basicFilterForGroupName -->
  <testcase name="advancedFilterForGroupName" time="0.001" classname="tests.GroupActivityReportTest">
    <skipped/>
  </testcase> <!-- advancedFilterForGroupName -->
  <testcase name="advancedFilterForAnweredCalls" time="0.003" classname="tests.GroupActivityReportTest">
    <skipped/>
  </testcase> <!-- advancedFilterForAnweredCalls -->
  <testcase name="advancedFilterForCalls" time="0.005" classname="tests.GroupActivityReportTest">
    <skipped/>
  </testcase> <!-- advancedFilterForCalls -->
  <testcase name="advancedFilterForLeads" time="0.001" classname="tests.GroupActivityReportTest">
    <skipped/>
  </testcase> <!-- advancedFilterForLeads -->
  <testcase name="advancedFilterForConversion" time="0.001" classname="tests.GroupActivityReportTest">
    <skipped/>
  </testcase> <!-- advancedFilterForConversion -->
  <testcase name="dateRangeFilterForToday" time="0.001" classname="tests.GroupActivityReportTest">
    <skipped/>
  </testcase> <!-- dateRangeFilterForToday -->
  <testcase name="dateRangeFilterForYesterday" time="0.001" classname="tests.GroupActivityReportTest">
    <skipped/>
  </testcase> <!-- dateRangeFilterForYesterday -->
  <testcase name="dateRangeFilterForLast7Days" time="0.001" classname="tests.GroupActivityReportTest">
    <skipped/>
  </testcase> <!-- dateRangeFilterForLast7Days -->
  <testcase name="dateRangeFilterForLast30Days" time="0.001" classname="tests.GroupActivityReportTest">
    <skipped/>
  </testcase> <!-- dateRangeFilterForLast30Days -->
</testsuite> <!-- chrome test-1 -->
