<?xml version="1.0" encoding="UTF-8"?>
<!-- Generated by org.testng.reporters.JUnitXMLReporter -->
<testsuite hostname="LAPTOP-Q18VUQ5U" name="chrome test-1" tests="27" failures="0" timestamp="13 Apr 2020 11:01:28 GMT" time="265.217" errors="0">
  <testcase name="@BeforeTest setUp" time="0.0" classname="tests.GroupActivityReportTest">
    <failure type="java.lang.NullPointerException">
      <![CDATA[java.lang.NullPointerException
	at pom.TrackingNumberBuilderPage.trackingNumberCreationVerification(TrackingNumberBuilderPage.java:941)
	at pom.TrackingNumberBuilderPage.createSimpleNumber(TrackingNumberBuilderPage.java:1822)
	at testdata.TestDataCreation.createTrackingNumber(TestDataCreation.java:115)
	at testdata.TestData.createData(TestData.java:45)
	at tests.TestBase.setUp(TestBase.java:120)
	at java.util.concurrent.FutureTask.run(Unknown Source)
	at java.util.concurrent.ThreadPoolExecutor.runWorker(Unknown Source)
	at java.util.concurrent.ThreadPoolExecutor$Worker.run(Unknown Source)
	at java.lang.Thread.run(Unknown Source)
... Removed 14 stack frames]]>
    </failure>
  </testcase> <!-- @BeforeTest setUp -->
  <testcase name="@BeforeClass goToGroupActivityReportPage" time="0.0" classname="tests.GroupActivityReportTest">
    <skipped/>
  </testcase> <!-- @BeforeClass goToGroupActivityReportPage -->
  <testcase name="@AfterMethod tearDown" time="0.0" classname="tests.GroupActivityReportTest">
    <skipped/>
  </testcase> <!-- @AfterMethod tearDown -->
  <testcase name="@AfterMethod tearDown" time="0.0" classname="tests.GroupActivityReportTest">
    <skipped/>
  </testcase> <!-- @AfterMethod tearDown -->
  <testcase name="@AfterMethod tearDown" time="0.0" classname="tests.GroupActivityReportTest">
    <skipped/>
  </testcase> <!-- @AfterMethod tearDown -->
  <testcase name="@AfterMethod tearDown" time="0.0" classname="tests.GroupActivityReportTest">
    <skipped/>
  </testcase> <!-- @AfterMethod tearDown -->
  <testcase name="@AfterMethod tearDown" time="0.0" classname="tests.GroupActivityReportTest">
    <skipped/>
  </testcase> <!-- @AfterMethod tearDown -->
  <testcase name="@AfterMethod tearDown" time="0.0" classname="tests.GroupActivityReportTest">
    <skipped/>
  </testcase> <!-- @AfterMethod tearDown -->
  <testcase name="@AfterMethod tearDown" time="0.0" classname="tests.GroupActivityReportTest">
    <skipped/>
  </testcase> <!-- @AfterMethod tearDown -->
  <testcase name="@AfterMethod tearDown" time="0.0" classname="tests.GroupActivityReportTest">
    <skipped/>
  </testcase> <!-- @AfterMethod tearDown -->
  <testcase name="@AfterMethod tearDown" time="0.0" classname="tests.GroupActivityReportTest">
    <skipped/>
  </testcase> <!-- @AfterMethod tearDown -->
  <testcase name="@AfterMethod tearDown" time="0.0" classname="tests.GroupActivityReportTest">
    <skipped/>
  </testcase> <!-- @AfterMethod tearDown -->
  <testcase name="@AfterMethod tearDown" time="0.0" classname="tests.GroupActivityReportTest">
    <skipped/>
  </testcase> <!-- @AfterMethod tearDown -->
  <testcase name="@AfterMethod tearDown" time="0.0" classname="tests.GroupActivityReportTest">
    <skipped/>
  </testcase> <!-- @AfterMethod tearDown -->
  <testcase name="@AfterMethod tearDown" time="0.0" classname="tests.GroupActivityReportTest">
    <skipped/>
  </testcase> <!-- @AfterMethod tearDown -->
  <testcase name="@AfterMethod tearDown" time="0.0" classname="tests.GroupActivityReportTest">
    <skipped/>
  </testcase> <!-- @AfterMethod tearDown -->
  <testcase name="@AfterMethod tearDown" time="0.0" classname="tests.GroupActivityReportTest">
    <skipped/>
  </testcase> <!-- @AfterMethod tearDown -->
  <testcase name="@AfterMethod tearDown" time="0.0" classname="tests.GroupActivityReportTest">
    <skipped/>
  </testcase> <!-- @AfterMethod tearDown -->
  <testcase name="@AfterMethod tearDown" time="0.0" classname="tests.GroupActivityReportTest">
    <skipped/>
  </testcase> <!-- @AfterMethod tearDown -->
  <testcase name="@AfterMethod tearDown" time="0.0" classname="tests.GroupActivityReportTest">
    <skipped/>
  </testcase> <!-- @AfterMethod tearDown -->
  <testcase name="@AfterMethod tearDown" time="0.0" classname="tests.GroupActivityReportTest">
    <skipped/>
  </testcase> <!-- @AfterMethod tearDown -->
  <testcase name="@AfterMethod tearDown" time="0.0" classname="tests.GroupActivityReportTest">
    <skipped/>
  </testcase> <!-- @AfterMethod tearDown -->
  <testcase name="@AfterMethod tearDown" time="0.0" classname="tests.GroupActivityReportTest">
    <skipped/>
  </testcase> <!-- @AfterMethod tearDown -->
  <testcase name="@AfterMethod tearDown" time="0.0" classname="tests.GroupActivityReportTest">
    <skipped/>
  </testcase> <!-- @AfterMethod tearDown -->
  <testcase name="@AfterMethod tearDown" time="0.0" classname="tests.GroupActivityReportTest">
    <skipped/>
  </testcase> <!-- @AfterMethod tearDown -->
  <testcase name="@AfterMethod tearDown" time="0.0" classname="tests.GroupActivityReportTest">
    <skipped/>
  </testcase> <!-- @AfterMethod tearDown -->
  <testcase name="@AfterMethod tearDown" time="0.0" classname="tests.GroupActivityReportTest">
    <skipped/>
  </testcase> <!-- @AfterMethod tearDown -->
  <testcase name="@AfterMethod tearDown" time="0.0" classname="tests.GroupActivityReportTest">
    <skipped/>
  </testcase> <!-- @AfterMethod tearDown -->
  <testcase name="@AfterMethod tearDown" time="0.0" classname="tests.GroupActivityReportTest">
    <skipped/>
  </testcase> <!-- @AfterMethod tearDown -->
  <testcase name="@AfterClass logOut" time="0.0" classname="tests.GroupActivityReportTest">
    <skipped/>
  </testcase> <!-- @AfterClass logOut -->
  <testcase name="@AfterTest tearDown" time="0.0" classname="tests.GroupActivityReportTest">
    <skipped/>
  </testcase> <!-- @AfterTest tearDown -->
  <testcase name="uiVerification" time="0.004" classname="tests.GroupActivityReportTest">
    <skipped/>
  </testcase> <!-- uiVerification -->
  <testcase name="dateRangeFilterUIVerification" time="0.0" classname="tests.GroupActivityReportTest">
    <skipped/>
  </testcase> <!-- dateRangeFilterUIVerification -->
  <testcase name="tileCountVerification" time="0.001" classname="tests.GroupActivityReportTest">
    <skipped/>
  </testcase> <!-- tileCountVerification -->
  <testcase name="secondaryGroupingOptions" time="0.002" classname="tests.GroupActivityReportTest">
    <skipped/>
  </testcase> <!-- secondaryGroupingOptions -->
  <testcase name="tableCountVerification" time="0.004" classname="tests.GroupActivityReportTest">
    <skipped/>
  </testcase> <!-- tableCountVerification -->
  <testcase name="paginationToolboxUIVerification" time="0.005" classname="tests.GroupActivityReportTest">
    <skipped/>
  </testcase> <!-- paginationToolboxUIVerification -->
  <testcase name="paginationCountVerification" time="0.001" classname="tests.GroupActivityReportTest">
    <skipped/>
  </testcase> <!-- paginationCountVerification -->
  <testcase name="defaultColumnPickerOptions" time="0.003" classname="tests.GroupActivityReportTest">
    <skipped/>
  </testcase> <!-- defaultColumnPickerOptions -->
  <testcase name="defaultColumnsDisplayed" time="0.002" classname="tests.GroupActivityReportTest">
    <skipped/>
  </testcase> <!-- defaultColumnsDisplayed -->
  <testcase name="allColumnPickerCheckboxesClickable" time="0.003" classname="tests.GroupActivityReportTest">
    <skipped/>
  </testcase> <!-- allColumnPickerCheckboxesClickable -->
  <testcase name="defaultSecondaryGroupingOption" time="0.0" classname="tests.GroupActivityReportTest">
    <skipped/>
  </testcase> <!-- defaultSecondaryGroupingOption -->
  <testcase name="secondaryGroupingFeatureForNone" time="0.0" classname="tests.GroupActivityReportTest">
    <skipped/>
  </testcase> <!-- secondaryGroupingFeatureForNone -->
  <testcase name="secondaryGroupingFeatureForTrackingNumber" time="0.0" classname="tests.GroupActivityReportTest">
    <skipped/>
  </testcase> <!-- secondaryGroupingFeatureForTrackingNumber -->
  <testcase name="secondaryGroupingFeatureForCampaign" time="0.005" classname="tests.GroupActivityReportTest">
    <skipped/>
  </testcase> <!-- secondaryGroupingFeatureForCampaign -->
  <testcase name="secondaryGroupingFeatureForCampaignColumn" time="0.0" classname="tests.GroupActivityReportTest">
    <skipped/>
  </testcase> <!-- secondaryGroupingFeatureForCampaignColumn -->
  <testcase name="secondaryGroupingFeatureForTrackingumberColumn" time="0.009" classname="tests.GroupActivityReportTest">
    <skipped/>
  </testcase> <!-- secondaryGroupingFeatureForTrackingumberColumn -->
  <testcase name="advancedFilterUI" time="0.001" classname="tests.GroupActivityReportTest">
    <skipped/>
  </testcase> <!-- advancedFilterUI -->
  <testcase name="basicFilterForGroupName" time="0.0" classname="tests.GroupActivityReportTest">
    <skipped/>
  </testcase> <!-- basicFilterForGroupName -->
  <testcase name="advancedFilterForGroupName" time="0.004" classname="tests.GroupActivityReportTest">
    <skipped/>
  </testcase> <!-- advancedFilterForGroupName -->
  <testcase name="advancedFilterForAnweredCalls" time="0.004" classname="tests.GroupActivityReportTest">
    <skipped/>
  </testcase> <!-- advancedFilterForAnweredCalls -->
  <testcase name="advancedFilterForCalls" time="0.0" classname="tests.GroupActivityReportTest">
    <skipped/>
  </testcase> <!-- advancedFilterForCalls -->
  <testcase name="advancedFilterForLeads" time="0.001" classname="tests.GroupActivityReportTest">
    <skipped/>
  </testcase> <!-- advancedFilterForLeads -->
  <testcase name="advancedFilterForConversion" time="0.0" classname="tests.GroupActivityReportTest">
    <skipped/>
  </testcase> <!-- advancedFilterForConversion -->
  <testcase name="dateRangeFilterForToday" time="0.004" classname="tests.GroupActivityReportTest">
    <skipped/>
  </testcase> <!-- dateRangeFilterForToday -->
  <testcase name="dateRangeFilterForYesterday" time="0.004" classname="tests.GroupActivityReportTest">
    <skipped/>
  </testcase> <!-- dateRangeFilterForYesterday -->
  <testcase name="dateRangeFilterForLast7Days" time="0.003" classname="tests.GroupActivityReportTest">
    <skipped/>
  </testcase> <!-- dateRangeFilterForLast7Days -->
  <testcase name="dateRangeFilterForLast30Days" time="0.001" classname="tests.GroupActivityReportTest">
    <skipped/>
  </testcase> <!-- dateRangeFilterForLast30Days -->
</testsuite> <!-- chrome test-1 -->
