<?xml version="1.0" encoding="UTF-8"?>
<!-- Generated by org.testng.reporters.JUnitXMLReporter -->
<testsuite hostname="LAPTOP-Q18VUQ5U" name="chrome test-1" tests="12" failures="0" timestamp="1 May 2020 13:17:34 GMT" time="73.372" errors="0">
  <testcase name="login_page_UI_Verification" time="1.309" classname="tests.LoginTest"/>
  <testcase name="login_with_invalidate_cred" time="2.454" classname="tests.LoginTest"/>
  <testcase name="login_with_blank_username" time="0.305" classname="tests.LoginTest"/>
  <testcase name="login_with_blank_password" time="0.423" classname="tests.LoginTest"/>
  <testcase name="login_with_inactive_user" time="0.58" classname="tests.LoginTest"/>
  <testcase name="login_with_deleted_user" time="0.574" classname="tests.LoginTest"/>
  <testcase name="login_with_blank_username_and_password" time="0.169" classname="tests.LoginTest"/>
  <testcase name="UIVerification_forgot_passowrd_page" time="2.756" classname="tests.LoginTest"/>
  <testcase name="next_button_with_no_email_ID" time="0.843" classname="tests.LoginTest"/>
  <testcase name="reset_password" time="1.837" classname="tests.LoginTest"/>
  <testcase name="rememeber_me_functinonality" time="7.165" classname="tests.LoginTest"/>
  <testcase name="validLogin" time="2.058" classname="tests.LoginTest"/>
</testsuite> <!-- chrome test-1 -->
