<?xml version="1.0" encoding="UTF-8"?>
<!-- Generated by org.testng.reporters.JUnitXMLReporter -->
<testsuite hostname="LAPTOP-Q18VUQ5U" name="chrome test" tests="29" failures="0" timestamp="17 Jan 2020 16:16:01 GMT" time="293.677" errors="0">
  <testcase name="login_page_UI_Verification" time="0.577" classname="tests.LoginTest"/>
  <testcase name="login_with_invalidate_cred" time="2.106" classname="tests.LoginTest"/>
  <testcase name="login_with_blank_username" time="0.317" classname="tests.LoginTest"/>
  <testcase name="login_with_blank_password" time="0.446" classname="tests.LoginTest"/>
  <testcase name="login_with_inactive_user" time="0.552" classname="tests.LoginTest"/>
  <testcase name="login_with_deleted_user" time="0.577" classname="tests.LoginTest"/>
  <testcase name="login_with_blank_username_and_password" time="0.173" classname="tests.LoginTest"/>
  <testcase name="UIVerification_forgot_passowrd_page" time="3.229" classname="tests.LoginTest"/>
  <testcase name="next_button_with_no_email_ID" time="0.465" classname="tests.LoginTest"/>
  <testcase name="reset_password" time="1.163" classname="tests.LoginTest"/>
  <testcase name="rememeber_me_functinonality" time="7.961" classname="tests.LoginTest"/>
  <testcase name="validLogin" time="1.83" classname="tests.LoginTest"/>
  <testcase name="ui_verification" time="44.192" classname="tests.HomeTest"/>
  <testcase name="tiles_count_verification_UI" time="7.313" classname="tests.HomeTest"/>
  <testcase name="CampaignAndTrackingNumberPage_UI_Verification" time="7.436" classname="tests.CamapignUIVerificationTest"/>
  <testcase name="campaignBuilderPage_UI_Verification" time="5.457" classname="tests.CampaignTests"/>
  <testcase name="campaign_Creation_Without_externalID" time="14.137" classname="tests.CampaignTests"/>
  <testcase name="campaign_updation_Without_externalID" time="13.386" classname="tests.CampaignTests"/>
  <testcase name="campaign_deletion_Without_externalID" time="5.324" classname="tests.CampaignTests"/>
  <testcase name="campaign_Creation_With_externalID" time="13.546" classname="tests.CampaignTests"/>
  <testcase name="campaign_updation_With_externalID" time="14.208" classname="tests.CampaignTests"/>
  <testcase name="campaign_deletion_With_externalID" time="5.124" classname="tests.CampaignTests"/>
  <testcase name="createCampaignWithFutureStartDateAndNeverEndDate" time="13.347" classname="tests.CampaignTests"/>
  <testcase name="updateCampaignWithFutureStartDateAndNeverEndDate" time="15.131" classname="tests.CampaignTests"/>
  <testcase name="campaign_deletion_With_futureStartDate" time="5.074" classname="tests.CampaignTests"/>
  <testcase name="createCampaignWithFutureStartDateAndFutureEndDate" time="14.229" classname="tests.CampaignTests"/>
  <testcase name="updateCampaignWithFutureStartDateAndFutureEndDate" time="15.955" classname="tests.CampaignTests"/>
  <testcase name="campaign_deletion_With_futureStartDateAndFutureEndDate" time="5.193" classname="tests.CampaignTests"/>
  <testcase name="createCampaignWithPastTime" time="7.447" classname="tests.CampaignTests"/>
</testsuite> <!-- chrome test -->
