<?xml version="1.0" encoding="UTF-8"?>
<!-- Generated by org.testng.reporters.JUnitXMLReporter -->
<testsuite hostname="LAPTOP-Q18VUQ5U" name="chrome test-1"
	tests="3" failures="0" timestamp="4 May 2020 06:04:05 GMT" time="371.657"
	errors="0">
	<testcase name="filterFeatureForHuntTypeTest" time="73.501"
		classname="tests.CallLogsTest" />
	<testcase name="filterFeatureForGroupTest" time="11.495"
		classname="tests.CallLogsTest" />
	<testcase name="filterFeatureForCampaignTest" time="14.687"
		classname="tests.CallLogsTest" />
</testsuite> <!-- chrome test-1 -->
