<?xml version="1.0" encoding="UTF-8"?>
<!-- Generated by org.testng.reporters.JUnitXMLReporter -->
<testsuite hostname="LAPTOP-Q18VUQ5U" name="chrome test-1" tests="19" failures="0" timestamp="4 May 2020 13:54:24 GMT" time="564.124" errors="0">
  <testcase name="headerLabelVerification" time="1.061" classname="tests.CallLogsTest"/>
  <testcase name="presenceOfTimeZoneVerification" time="0.127" classname="tests.CallLogsTest"/>
  <testcase name="presenceOfGearIconVerification" time="0.869" classname="tests.CallLogsTest"/>
  <testcase name="gearIconOptionsVerification" time="4.222" classname="tests.CallLogsTest"/>
  <testcase name="tilesVerification" time="16.779" classname="tests.CallLogsTest"/>
  <testcase name="totalCallsTileValueVerification" time="6.387" classname="tests.CallLogsTest"/>
  <testcase name="uniqueCallsTileValueVerification" time="6.767" classname="tests.CallLogsTest"/>
  <testcase name="answeredCallsTileValueVerification" time="6.434" classname="tests.CallLogsTest"/>
  <testcase name="averageCallsDurationTileValueVerification" time="6.417" classname="tests.CallLogsTest"/>
  <testcase name="totalLeadsTileValueVerification" time="6.865" classname="tests.CallLogsTest"/>
  <testcase name="totalConversionTileValueVerification" time="6.485" classname="tests.CallLogsTest"/>
  <testcase name="presenceOfTotalCallsGraph" time="0.161" classname="tests.CallLogsTest"/>
  <testcase name="presenceOfUniqueCallsGraph" time="0.12" classname="tests.CallLogsTest"/>
  <testcase name="tableColumnsTest" time="26.294" classname="tests.CallLogsTest"/>
  <testcase name="filterButtonTest" time="0.239" classname="tests.CallLogsTest"/>
  <testcase name="filterButtonElementsTest" time="34.785" classname="tests.CallLogsTest"/>
  <testcase name="filterFeatureForGroupTest" time="75.721" classname="tests.CallLogsTest"/>
  <testcase name="filterFeatureForCampaignTest" time="71.945" classname="tests.CallLogsTest"/>
  <testcase name="footerNoteTest" time="0.238" classname="tests.CallLogsTest"/>
</testsuite> <!-- chrome test-1 -->
