<?xml version="1.0" encoding="UTF-8"?>
<!-- Generated by org.testng.reporters.JUnitXMLReporter -->
<testsuite hostname="LAPTOP-Q18VUQ5U" name="chrome test-1" tests="10" failures="0" timestamp="1 Jul 2020 09:07:57 GMT" time="1093.951" errors="0">
  <testcase name="runButtonVerification" time="0.221" classname="tests.LookerCallerActivityReportTest"/>
  <testcase name="headerLabelVerification" time="0.074" classname="tests.LookerCallerActivityReportTest"/>
  <testcase name="presenceOfGearIconVerification" time="0.077" classname="tests.LookerCallerActivityReportTest"/>
  <testcase name="gearIconOptionsVerification" time="2.602" classname="tests.LookerCallerActivityReportTest"/>
  <testcase name="presenceOfTimeZoneVerification" time="0.074" classname="tests.LookerCallerActivityReportTest"/>
  <testcase name="presenceOfTopCallersTimeLineLabelVerification" time="0.069" classname="tests.LookerCallerActivityReportTest"/>
  <testcase name="presenceOfTopCallersTimeLineGraphVerification" time="0.085" classname="tests.LookerCallerActivityReportTest"/>
  <testcase name="topCallersTimeLineTableColumnVerification" time="10.34" classname="tests.LookerCallerActivityReportTest"/>
  <testcase name="filterButtonTest" time="0.148" classname="tests.LookerCallerActivityReportTest"/>
  <testcase name="filterButtonElementsTest" time="3.566" classname="tests.LookerCallerActivityReportTest"/>
</testsuite> <!-- chrome test-1 -->
