<?xml version="1.0" encoding="UTF-8"?>
<!-- Generated by org.testng.reporters.JUnitXMLReporter -->
<testsuite hostname="LAPTOP-Q18VUQ5U" name="chrome test-1" tests="230" failures="0" timestamp="8 May 2020 09:22:20 GMT" time="319.822" errors="0">
  <testcase name="@BeforeTest setUp" time="0.0" classname="tests.LoginTest">
    <failure type="org.openqa.selenium.TimeoutException" message="timeout
  (Session info: chrome=81.0.4044.129)
  (Driver info: chromedriver=2.36.540470 (e522d04694c7ebea4ba8821272dbef4f9b818c91),platform=Windows NT 10.0.18362 x86_64) (WARNING: The server did not provide any stacktrace information)
Command duration or timeout: 0 milliseconds
Build info: version: &amp;apos;3.11.0&amp;apos;, revision: &amp;apos;e59cfb3&amp;apos;, time: &amp;apos;2018-03-11T20:26:55.152Z&amp;apos;
System info: host: &amp;apos;LAPTOP-Q18VUQ5U&amp;apos;, ip: &amp;apos;5.5.18.77&amp;apos;, os.name: &amp;apos;Windows 10&amp;apos;, os.arch: &amp;apos;amd64&amp;apos;, os.version: &amp;apos;10.0&amp;apos;, java.version: &amp;apos;1.8.0_152&amp;apos;
Driver info: org.openqa.selenium.chrome.ChromeDriver
Capabilities {acceptInsecureCerts: false, acceptSslCerts: false, applicationCacheEnabled: false, browserConnectionEnabled: false, browserName: chrome, chrome: {chromedriverVersion: 2.36.540470 (e522d04694c7eb..., userDataDir: C:\Users\PREETI~1\AppData\L...}, cssSelectorsEnabled: true, databaseEnabled: false, handlesAlerts: true, hasTouchScreen: false, javascriptEnabled: true, locationContextEnabled: true, mobileEmulationEnabled: false, nativeEvents: true, networkConnectionEnabled: false, pageLoadStrategy: normal, platform: XP, platformName: XP, rotatable: false, setWindowRect: true, takesHeapSnapshot: true, takesScreenshot: true, unexpectedAlertBehaviour: , unhandledPromptBehavior: , version: 81.0.4044.129, webStorageEnabled: true}
Session ID: 53fc4b4b05bc83422903d52f2b02cd56">
      <![CDATA[org.openqa.selenium.TimeoutException: timeout
  (Session info: chrome=81.0.4044.129)
  (Driver info: chromedriver=2.36.540470 (e522d04694c7ebea4ba8821272dbef4f9b818c91),platform=Windows NT 10.0.18362 x86_64) (WARNING: The server did not provide any stacktrace information)
Command duration or timeout: 0 milliseconds
Build info: version: '3.11.0', revision: 'e59cfb3', time: '2018-03-11T20:26:55.152Z'
System info: host: 'LAPTOP-Q18VUQ5U', ip: '5.5.18.77', os.name: 'Windows 10', os.arch: 'amd64', os.version: '10.0', java.version: '1.8.0_152'
Driver info: org.openqa.selenium.chrome.ChromeDriver
Capabilities {acceptInsecureCerts: false, acceptSslCerts: false, applicationCacheEnabled: false, browserConnectionEnabled: false, browserName: chrome, chrome: {chromedriverVersion: 2.36.540470 (e522d04694c7eb..., userDataDir: C:\Users\PREETI~1\AppData\L...}, cssSelectorsEnabled: true, databaseEnabled: false, handlesAlerts: true, hasTouchScreen: false, javascriptEnabled: true, locationContextEnabled: true, mobileEmulationEnabled: false, nativeEvents: true, networkConnectionEnabled: false, pageLoadStrategy: normal, platform: XP, platformName: XP, rotatable: false, setWindowRect: true, takesHeapSnapshot: true, takesScreenshot: true, unexpectedAlertBehaviour: , unhandledPromptBehavior: , version: 81.0.4044.129, webStorageEnabled: true}
Session ID: 53fc4b4b05bc83422903d52f2b02cd56
	at org.openqa.selenium.remote.ErrorHandler.createThrowable(ErrorHandler.java:214)
	at org.openqa.selenium.remote.ErrorHandler.throwIfResponseFailed(ErrorHandler.java:166)
	at org.openqa.selenium.remote.http.JsonHttpResponseCodec.reconstructValue(JsonHttpResponseCodec.java:40)
	at org.openqa.selenium.remote.http.AbstractHttpResponseCodec.decode(AbstractHttpResponseCodec.java:80)
	at org.openqa.selenium.remote.http.AbstractHttpResponseCodec.decode(AbstractHttpResponseCodec.java:44)
	at org.openqa.selenium.remote.HttpCommandExecutor.execute(HttpCommandExecutor.java:158)
	at org.openqa.selenium.remote.service.DriverCommandExecutor.execute(DriverCommandExecutor.java:83)
	at org.openqa.selenium.remote.RemoteWebDriver.execute(RemoteWebDriver.java:545)
	at org.openqa.selenium.remote.RemoteWebDriver.get(RemoteWebDriver.java:273)
	at tests.TestBase.setUp(TestBase.java:129)
	at java.util.concurrent.FutureTask.run(FutureTask.java:266)
	at java.util.concurrent.ThreadPoolExecutor.runWorker(ThreadPoolExecutor.java:1149)
	at java.util.concurrent.ThreadPoolExecutor$Worker.run(ThreadPoolExecutor.java:624)
	at java.lang.Thread.run(Thread.java:748)
... Removed 18 stack frames]]>
    </failure>
  </testcase> <!-- @BeforeTest setUp -->
  <testcase name="@AfterMethod tearDown" time="0.0" classname="tests.LoginTest">
    <skipped/>
  </testcase> <!-- @AfterMethod tearDown -->
  <testcase name="@AfterMethod tearDown" time="0.0" classname="tests.LoginTest">
    <skipped/>
  </testcase> <!-- @AfterMethod tearDown -->
  <testcase name="@AfterMethod tearDown" time="0.0" classname="tests.LoginTest">
    <skipped/>
  </testcase> <!-- @AfterMethod tearDown -->
  <testcase name="@AfterMethod tearDown" time="0.0" classname="tests.LoginTest">
    <skipped/>
  </testcase> <!-- @AfterMethod tearDown -->
  <testcase name="@AfterMethod tearDown" time="0.0" classname="tests.LoginTest">
    <skipped/>
  </testcase> <!-- @AfterMethod tearDown -->
  <testcase name="@AfterMethod tearDown" time="0.0" classname="tests.LoginTest">
    <skipped/>
  </testcase> <!-- @AfterMethod tearDown -->
  <testcase name="@AfterMethod tearDown" time="0.0" classname="tests.LoginTest">
    <skipped/>
  </testcase> <!-- @AfterMethod tearDown -->
  <testcase name="@AfterMethod tearDown" time="0.0" classname="tests.LoginTest">
    <skipped/>
  </testcase> <!-- @AfterMethod tearDown -->
  <testcase name="@AfterMethod tearDown" time="0.0" classname="tests.LoginTest">
    <skipped/>
  </testcase> <!-- @AfterMethod tearDown -->
  <testcase name="@AfterMethod tearDown" time="0.0" classname="tests.LoginTest">
    <skipped/>
  </testcase> <!-- @AfterMethod tearDown -->
  <testcase name="@AfterMethod tearDown" time="0.0" classname="tests.LoginTest">
    <skipped/>
  </testcase> <!-- @AfterMethod tearDown -->
  <testcase name="@AfterMethod tearDown" time="0.0" classname="tests.LoginTest">
    <skipped/>
  </testcase> <!-- @AfterMethod tearDown -->
  <testcase name="@AfterClass tearDown" time="0.0" classname="tests.LoginTest">
    <skipped/>
  </testcase> <!-- @AfterClass tearDown -->
  <testcase name="@BeforeClass validLogin" time="0.0" classname="tests.HomeTest">
    <skipped/>
  </testcase> <!-- @BeforeClass validLogin -->
  <testcase name="@AfterMethod tearDown" time="0.0" classname="tests.HomeTest">
    <skipped/>
  </testcase> <!-- @AfterMethod tearDown -->
  <testcase name="@AfterMethod tearDown" time="0.0" classname="tests.HomeTest">
    <skipped/>
  </testcase> <!-- @AfterMethod tearDown -->
  <testcase name="@AfterClass logOut" time="0.0" classname="tests.HomeTest">
    <skipped/>
  </testcase> <!-- @AfterClass logOut -->
  <testcase name="@BeforeClass goToCampaignPage" time="0.0" classname="tests.CamapignUIVerificationTest">
    <skipped/>
  </testcase> <!-- @BeforeClass goToCampaignPage -->
  <testcase name="@AfterMethod tearDown" time="0.0" classname="tests.CamapignUIVerificationTest">
    <skipped/>
  </testcase> <!-- @AfterMethod tearDown -->
  <testcase name="@AfterMethod tearDown" time="0.0" classname="tests.CamapignUIVerificationTest">
    <skipped/>
  </testcase> <!-- @AfterMethod tearDown -->
  <testcase name="@AfterMethod tearDown" time="0.0" classname="tests.CamapignUIVerificationTest">
    <skipped/>
  </testcase> <!-- @AfterMethod tearDown -->
  <testcase name="@AfterClass goToHomePage" time="0.0" classname="tests.CamapignUIVerificationTest">
    <skipped/>
  </testcase> <!-- @AfterClass goToHomePage -->
  <testcase name="@BeforeClass goToCampaignPage" time="0.0" classname="tests.CampaignTests">
    <skipped/>
  </testcase> <!-- @BeforeClass goToCampaignPage -->
  <testcase name="@AfterMethod tearDown" time="0.0" classname="tests.CampaignTests">
    <skipped/>
  </testcase> <!-- @AfterMethod tearDown -->
  <testcase name="@AfterMethod tearDown" time="0.0" classname="tests.CampaignTests">
    <skipped/>
  </testcase> <!-- @AfterMethod tearDown -->
  <testcase name="@AfterMethod tearDown" time="0.0" classname="tests.CampaignTests">
    <skipped/>
  </testcase> <!-- @AfterMethod tearDown -->
  <testcase name="@AfterMethod tearDown" time="0.0" classname="tests.CampaignTests">
    <skipped/>
  </testcase> <!-- @AfterMethod tearDown -->
  <testcase name="@AfterMethod tearDown" time="0.0" classname="tests.CampaignTests">
    <skipped/>
  </testcase> <!-- @AfterMethod tearDown -->
  <testcase name="@AfterMethod tearDown" time="0.0" classname="tests.CampaignTests">
    <skipped/>
  </testcase> <!-- @AfterMethod tearDown -->
  <testcase name="@AfterMethod tearDown" time="0.0" classname="tests.CampaignTests">
    <skipped/>
  </testcase> <!-- @AfterMethod tearDown -->
  <testcase name="@AfterMethod tearDown" time="0.0" classname="tests.CampaignTests">
    <skipped/>
  </testcase> <!-- @AfterMethod tearDown -->
  <testcase name="@AfterMethod tearDown" time="0.0" classname="tests.CampaignTests">
    <skipped/>
  </testcase> <!-- @AfterMethod tearDown -->
  <testcase name="@AfterMethod tearDown" time="0.0" classname="tests.CampaignTests">
    <skipped/>
  </testcase> <!-- @AfterMethod tearDown -->
  <testcase name="@AfterMethod tearDown" time="0.0" classname="tests.CampaignTests">
    <skipped/>
  </testcase> <!-- @AfterMethod tearDown -->
  <testcase name="@AfterMethod tearDown" time="0.0" classname="tests.CampaignTests">
    <skipped/>
  </testcase> <!-- @AfterMethod tearDown -->
  <testcase name="@AfterMethod tearDown" time="0.0" classname="tests.CampaignTests">
    <skipped/>
  </testcase> <!-- @AfterMethod tearDown -->
  <testcase name="@AfterMethod tearDown" time="0.0" classname="tests.CampaignTests">
    <skipped/>
  </testcase> <!-- @AfterMethod tearDown -->
  <testcase name="@AfterMethod tearDown" time="0.0" classname="tests.CampaignTests">
    <skipped/>
  </testcase> <!-- @AfterMethod tearDown -->
  <testcase name="@AfterClass goToHomePage" time="0.0" classname="tests.CampaignTests">
    <skipped/>
  </testcase> <!-- @AfterClass goToHomePage -->
  <testcase name="@BeforeClass goToCampaignPage" time="0.0" classname="tests.TrackingNumberTest">
    <skipped/>
  </testcase> <!-- @BeforeClass goToCampaignPage -->
  <testcase name="@AfterMethod tearDown" time="0.0" classname="tests.TrackingNumberTest">
    <skipped/>
  </testcase> <!-- @AfterMethod tearDown -->
  <testcase name="@AfterMethod tearDown" time="0.0" classname="tests.TrackingNumberTest">
    <skipped/>
  </testcase> <!-- @AfterMethod tearDown -->
  <testcase name="@AfterMethod tearDown" time="0.0" classname="tests.TrackingNumberTest">
    <skipped/>
  </testcase> <!-- @AfterMethod tearDown -->
  <testcase name="@AfterMethod tearDown" time="0.0" classname="tests.TrackingNumberTest">
    <skipped/>
  </testcase> <!-- @AfterMethod tearDown -->
  <testcase name="@AfterMethod tearDown" time="0.0" classname="tests.TrackingNumberTest">
    <skipped/>
  </testcase> <!-- @AfterMethod tearDown -->
  <testcase name="@AfterMethod tearDown" time="0.0" classname="tests.TrackingNumberTest">
    <skipped/>
  </testcase> <!-- @AfterMethod tearDown -->
  <testcase name="@AfterMethod tearDown" time="0.0" classname="tests.TrackingNumberTest">
    <skipped/>
  </testcase> <!-- @AfterMethod tearDown -->
  <testcase name="@AfterMethod tearDown" time="0.0" classname="tests.TrackingNumberTest">
    <skipped/>
  </testcase> <!-- @AfterMethod tearDown -->
  <testcase name="@AfterMethod tearDown" time="0.0" classname="tests.TrackingNumberTest">
    <skipped/>
  </testcase> <!-- @AfterMethod tearDown -->
  <testcase name="@AfterMethod tearDown" time="0.0" classname="tests.TrackingNumberTest">
    <skipped/>
  </testcase> <!-- @AfterMethod tearDown -->
  <testcase name="@AfterMethod tearDown" time="0.0" classname="tests.TrackingNumberTest">
    <skipped/>
  </testcase> <!-- @AfterMethod tearDown -->
  <testcase name="@AfterMethod tearDown" time="0.0" classname="tests.TrackingNumberTest">
    <skipped/>
  </testcase> <!-- @AfterMethod tearDown -->
  <testcase name="@AfterMethod tearDown" time="0.0" classname="tests.TrackingNumberTest">
    <skipped/>
  </testcase> <!-- @AfterMethod tearDown -->
  <testcase name="@AfterMethod tearDown" time="0.0" classname="tests.TrackingNumberTest">
    <skipped/>
  </testcase> <!-- @AfterMethod tearDown -->
  <testcase name="@AfterMethod tearDown" time="0.0" classname="tests.TrackingNumberTest">
    <skipped/>
  </testcase> <!-- @AfterMethod tearDown -->
  <testcase name="@AfterMethod tearDown" time="0.0" classname="tests.TrackingNumberTest">
    <skipped/>
  </testcase> <!-- @AfterMethod tearDown -->
  <testcase name="@AfterMethod tearDown" time="0.0" classname="tests.TrackingNumberTest">
    <skipped/>
  </testcase> <!-- @AfterMethod tearDown -->
  <testcase name="@AfterMethod tearDown" time="0.0" classname="tests.TrackingNumberTest">
    <skipped/>
  </testcase> <!-- @AfterMethod tearDown -->
  <testcase name="@AfterMethod tearDown" time="0.0" classname="tests.TrackingNumberTest">
    <skipped/>
  </testcase> <!-- @AfterMethod tearDown -->
  <testcase name="@AfterMethod tearDown" time="0.0" classname="tests.TrackingNumberTest">
    <skipped/>
  </testcase> <!-- @AfterMethod tearDown -->
  <testcase name="@AfterMethod tearDown" time="0.0" classname="tests.TrackingNumberTest">
    <skipped/>
  </testcase> <!-- @AfterMethod tearDown -->
  <testcase name="@AfterMethod tearDown" time="0.0" classname="tests.TrackingNumberTest">
    <skipped/>
  </testcase> <!-- @AfterMethod tearDown -->
  <testcase name="@AfterMethod tearDown" time="0.0" classname="tests.TrackingNumberTest">
    <skipped/>
  </testcase> <!-- @AfterMethod tearDown -->
  <testcase name="@AfterMethod tearDown" time="0.0" classname="tests.TrackingNumberTest">
    <skipped/>
  </testcase> <!-- @AfterMethod tearDown -->
  <testcase name="@AfterClass cleanUp" time="0.0" classname="tests.TrackingNumberTest">
    <skipped/>
  </testcase> <!-- @AfterClass cleanUp -->
  <testcase name="@BeforeClass goToCallDetailsReportPage" time="0.0" classname="tests.CallDetailReportTest">
    <skipped/>
  </testcase> <!-- @BeforeClass goToCallDetailsReportPage -->
  <testcase name="@AfterMethod tearDown" time="0.0" classname="tests.CallDetailReportTest">
    <skipped/>
  </testcase> <!-- @AfterMethod tearDown -->
  <testcase name="@AfterMethod tearDown" time="0.0" classname="tests.CallDetailReportTest">
    <skipped/>
  </testcase> <!-- @AfterMethod tearDown -->
  <testcase name="@AfterMethod tearDown" time="0.0" classname="tests.CallDetailReportTest">
    <skipped/>
  </testcase> <!-- @AfterMethod tearDown -->
  <testcase name="@AfterMethod tearDown" time="0.0" classname="tests.CallDetailReportTest">
    <skipped/>
  </testcase> <!-- @AfterMethod tearDown -->
  <testcase name="@AfterMethod tearDown" time="0.0" classname="tests.CallDetailReportTest">
    <skipped/>
  </testcase> <!-- @AfterMethod tearDown -->
  <testcase name="@AfterMethod tearDown" time="0.0" classname="tests.CallDetailReportTest">
    <skipped/>
  </testcase> <!-- @AfterMethod tearDown -->
  <testcase name="@AfterMethod tearDown" time="0.0" classname="tests.CallDetailReportTest">
    <skipped/>
  </testcase> <!-- @AfterMethod tearDown -->
  <testcase name="@AfterMethod tearDown" time="0.0" classname="tests.CallDetailReportTest">
    <skipped/>
  </testcase> <!-- @AfterMethod tearDown -->
  <testcase name="@AfterMethod tearDown" time="0.0" classname="tests.CallDetailReportTest">
    <skipped/>
  </testcase> <!-- @AfterMethod tearDown -->
  <testcase name="@AfterMethod tearDown" time="0.0" classname="tests.CallDetailReportTest">
    <skipped/>
  </testcase> <!-- @AfterMethod tearDown -->
  <testcase name="@AfterMethod tearDown" time="0.0" classname="tests.CallDetailReportTest">
    <skipped/>
  </testcase> <!-- @AfterMethod tearDown -->
  <testcase name="@AfterMethod tearDown" time="0.0" classname="tests.CallDetailReportTest">
    <skipped/>
  </testcase> <!-- @AfterMethod tearDown -->
  <testcase name="@AfterMethod tearDown" time="0.0" classname="tests.CallDetailReportTest">
    <skipped/>
  </testcase> <!-- @AfterMethod tearDown -->
  <testcase name="@AfterMethod tearDown" time="0.0" classname="tests.CallDetailReportTest">
    <skipped/>
  </testcase> <!-- @AfterMethod tearDown -->
  <testcase name="@AfterMethod tearDown" time="0.0" classname="tests.CallDetailReportTest">
    <skipped/>
  </testcase> <!-- @AfterMethod tearDown -->
  <testcase name="@AfterMethod tearDown" time="0.0" classname="tests.CallDetailReportTest">
    <skipped/>
  </testcase> <!-- @AfterMethod tearDown -->
  <testcase name="@AfterMethod tearDown" time="0.0" classname="tests.CallDetailReportTest">
    <skipped/>
  </testcase> <!-- @AfterMethod tearDown -->
  <testcase name="@AfterMethod tearDown" time="0.0" classname="tests.CallDetailReportTest">
    <skipped/>
  </testcase> <!-- @AfterMethod tearDown -->
  <testcase name="@AfterMethod tearDown" time="0.0" classname="tests.CallDetailReportTest">
    <skipped/>
  </testcase> <!-- @AfterMethod tearDown -->
  <testcase name="@AfterMethod tearDown" time="0.0" classname="tests.CallDetailReportTest">
    <skipped/>
  </testcase> <!-- @AfterMethod tearDown -->
  <testcase name="@AfterMethod tearDown" time="0.0" classname="tests.CallDetailReportTest">
    <skipped/>
  </testcase> <!-- @AfterMethod tearDown -->
  <testcase name="@AfterMethod tearDown" time="0.0" classname="tests.CallDetailReportTest">
    <skipped/>
  </testcase> <!-- @AfterMethod tearDown -->
  <testcase name="@AfterMethod tearDown" time="0.0" classname="tests.CallDetailReportTest">
    <skipped/>
  </testcase> <!-- @AfterMethod tearDown -->
  <testcase name="@AfterMethod tearDown" time="0.0" classname="tests.CallDetailReportTest">
    <skipped/>
  </testcase> <!-- @AfterMethod tearDown -->
  <testcase name="@AfterMethod tearDown" time="0.0" classname="tests.CallDetailReportTest">
    <skipped/>
  </testcase> <!-- @AfterMethod tearDown -->
  <testcase name="@AfterMethod tearDown" time="0.0" classname="tests.CallDetailReportTest">
    <skipped/>
  </testcase> <!-- @AfterMethod tearDown -->
  <testcase name="@AfterMethod tearDown" time="0.0" classname="tests.CallDetailReportTest">
    <skipped/>
  </testcase> <!-- @AfterMethod tearDown -->
  <testcase name="@AfterMethod tearDown" time="0.0" classname="tests.CallDetailReportTest">
    <skipped/>
  </testcase> <!-- @AfterMethod tearDown -->
  <testcase name="@AfterMethod tearDown" time="0.0" classname="tests.CallDetailReportTest">
    <skipped/>
  </testcase> <!-- @AfterMethod tearDown -->
  <testcase name="@AfterMethod tearDown" time="0.0" classname="tests.CallDetailReportTest">
    <skipped/>
  </testcase> <!-- @AfterMethod tearDown -->
  <testcase name="@AfterClass logOut" time="0.0" classname="tests.CallDetailReportTest">
    <skipped/>
  </testcase> <!-- @AfterClass logOut -->
  <testcase name="@BeforeClass goToTrackingNumberSettingsPage" time="0.0" classname="tests.TrackingNumberSettingsTest">
    <skipped/>
  </testcase> <!-- @BeforeClass goToTrackingNumberSettingsPage -->
  <testcase name="@AfterMethod tearDown" time="0.0" classname="tests.TrackingNumberSettingsTest">
    <skipped/>
  </testcase> <!-- @AfterMethod tearDown -->
  <testcase name="@AfterMethod tearDown" time="0.0" classname="tests.TrackingNumberSettingsTest">
    <skipped/>
  </testcase> <!-- @AfterMethod tearDown -->
  <testcase name="@AfterMethod tearDown" time="0.0" classname="tests.TrackingNumberSettingsTest">
    <skipped/>
  </testcase> <!-- @AfterMethod tearDown -->
  <testcase name="@AfterMethod tearDown" time="0.0" classname="tests.TrackingNumberSettingsTest">
    <skipped/>
  </testcase> <!-- @AfterMethod tearDown -->
  <testcase name="@AfterMethod tearDown" time="0.0" classname="tests.TrackingNumberSettingsTest">
    <skipped/>
  </testcase> <!-- @AfterMethod tearDown -->
  <testcase name="@AfterMethod tearDown" time="0.0" classname="tests.TrackingNumberSettingsTest">
    <skipped/>
  </testcase> <!-- @AfterMethod tearDown -->
  <testcase name="@AfterMethod tearDown" time="0.0" classname="tests.TrackingNumberSettingsTest">
    <skipped/>
  </testcase> <!-- @AfterMethod tearDown -->
  <testcase name="@AfterMethod tearDown" time="0.0" classname="tests.TrackingNumberSettingsTest">
    <skipped/>
  </testcase> <!-- @AfterMethod tearDown -->
  <testcase name="@AfterMethod tearDown" time="0.0" classname="tests.TrackingNumberSettingsTest">
    <skipped/>
  </testcase> <!-- @AfterMethod tearDown -->
  <testcase name="@AfterMethod tearDown" time="0.0" classname="tests.TrackingNumberSettingsTest">
    <skipped/>
  </testcase> <!-- @AfterMethod tearDown -->
  <testcase name="@AfterMethod tearDown" time="0.0" classname="tests.TrackingNumberSettingsTest">
    <skipped/>
  </testcase> <!-- @AfterMethod tearDown -->
  <testcase name="@AfterMethod tearDown" time="0.0" classname="tests.TrackingNumberSettingsTest">
    <skipped/>
  </testcase> <!-- @AfterMethod tearDown -->
  <testcase name="@AfterMethod tearDown" time="0.0" classname="tests.TrackingNumberSettingsTest">
    <skipped/>
  </testcase> <!-- @AfterMethod tearDown -->
  <testcase name="@AfterMethod tearDown" time="0.0" classname="tests.TrackingNumberSettingsTest">
    <skipped/>
  </testcase> <!-- @AfterMethod tearDown -->
  <testcase name="@AfterMethod tearDown" time="0.0" classname="tests.TrackingNumberSettingsTest">
    <skipped/>
  </testcase> <!-- @AfterMethod tearDown -->
  <testcase name="@AfterMethod tearDown" time="0.0" classname="tests.TrackingNumberSettingsTest">
    <skipped/>
  </testcase> <!-- @AfterMethod tearDown -->
  <testcase name="@AfterMethod tearDown" time="0.0" classname="tests.TrackingNumberSettingsTest">
    <skipped/>
  </testcase> <!-- @AfterMethod tearDown -->
  <testcase name="@AfterMethod tearDown" time="0.0" classname="tests.TrackingNumberSettingsTest">
    <skipped/>
  </testcase> <!-- @AfterMethod tearDown -->
  <testcase name="@AfterClass logOut" time="0.0" classname="tests.TrackingNumberSettingsTest">
    <skipped/>
  </testcase> <!-- @AfterClass logOut -->
  <testcase name="@BeforeClass goToGroupActivityReportPage" time="0.0" classname="tests.GroupActivityReportTest">
    <skipped/>
  </testcase> <!-- @BeforeClass goToGroupActivityReportPage -->
  <testcase name="@AfterMethod tearDown" time="0.0" classname="tests.GroupActivityReportTest">
    <skipped/>
  </testcase> <!-- @AfterMethod tearDown -->
  <testcase name="@AfterMethod tearDown" time="0.0" classname="tests.GroupActivityReportTest">
    <skipped/>
  </testcase> <!-- @AfterMethod tearDown -->
  <testcase name="@AfterMethod tearDown" time="0.0" classname="tests.GroupActivityReportTest">
    <skipped/>
  </testcase> <!-- @AfterMethod tearDown -->
  <testcase name="@AfterMethod tearDown" time="0.0" classname="tests.GroupActivityReportTest">
    <skipped/>
  </testcase> <!-- @AfterMethod tearDown -->
  <testcase name="@AfterMethod tearDown" time="0.0" classname="tests.GroupActivityReportTest">
    <skipped/>
  </testcase> <!-- @AfterMethod tearDown -->
  <testcase name="@AfterMethod tearDown" time="0.0" classname="tests.GroupActivityReportTest">
    <skipped/>
  </testcase> <!-- @AfterMethod tearDown -->
  <testcase name="@AfterMethod tearDown" time="0.0" classname="tests.GroupActivityReportTest">
    <skipped/>
  </testcase> <!-- @AfterMethod tearDown -->
  <testcase name="@AfterMethod tearDown" time="0.0" classname="tests.GroupActivityReportTest">
    <skipped/>
  </testcase> <!-- @AfterMethod tearDown -->
  <testcase name="@AfterMethod tearDown" time="0.0" classname="tests.GroupActivityReportTest">
    <skipped/>
  </testcase> <!-- @AfterMethod tearDown -->
  <testcase name="@AfterMethod tearDown" time="0.0" classname="tests.GroupActivityReportTest">
    <skipped/>
  </testcase> <!-- @AfterMethod tearDown -->
  <testcase name="@AfterMethod tearDown" time="0.0" classname="tests.GroupActivityReportTest">
    <skipped/>
  </testcase> <!-- @AfterMethod tearDown -->
  <testcase name="@AfterMethod tearDown" time="0.0" classname="tests.GroupActivityReportTest">
    <skipped/>
  </testcase> <!-- @AfterMethod tearDown -->
  <testcase name="@AfterMethod tearDown" time="0.0" classname="tests.GroupActivityReportTest">
    <skipped/>
  </testcase> <!-- @AfterMethod tearDown -->
  <testcase name="@AfterMethod tearDown" time="0.0" classname="tests.GroupActivityReportTest">
    <skipped/>
  </testcase> <!-- @AfterMethod tearDown -->
  <testcase name="@AfterMethod tearDown" time="0.0" classname="tests.GroupActivityReportTest">
    <skipped/>
  </testcase> <!-- @AfterMethod tearDown -->
  <testcase name="@AfterMethod tearDown" time="0.0" classname="tests.GroupActivityReportTest">
    <skipped/>
  </testcase> <!-- @AfterMethod tearDown -->
  <testcase name="@AfterMethod tearDown" time="0.0" classname="tests.GroupActivityReportTest">
    <skipped/>
  </testcase> <!-- @AfterMethod tearDown -->
  <testcase name="@AfterMethod tearDown" time="0.0" classname="tests.GroupActivityReportTest">
    <skipped/>
  </testcase> <!-- @AfterMethod tearDown -->
  <testcase name="@AfterMethod tearDown" time="0.0" classname="tests.GroupActivityReportTest">
    <skipped/>
  </testcase> <!-- @AfterMethod tearDown -->
  <testcase name="@AfterMethod tearDown" time="0.0" classname="tests.GroupActivityReportTest">
    <skipped/>
  </testcase> <!-- @AfterMethod tearDown -->
  <testcase name="@AfterMethod tearDown" time="0.0" classname="tests.GroupActivityReportTest">
    <skipped/>
  </testcase> <!-- @AfterMethod tearDown -->
  <testcase name="@AfterMethod tearDown" time="0.0" classname="tests.GroupActivityReportTest">
    <skipped/>
  </testcase> <!-- @AfterMethod tearDown -->
  <testcase name="@AfterMethod tearDown" time="0.0" classname="tests.GroupActivityReportTest">
    <skipped/>
  </testcase> <!-- @AfterMethod tearDown -->
  <testcase name="@AfterMethod tearDown" time="0.0" classname="tests.GroupActivityReportTest">
    <skipped/>
  </testcase> <!-- @AfterMethod tearDown -->
  <testcase name="@AfterMethod tearDown" time="0.0" classname="tests.GroupActivityReportTest">
    <skipped/>
  </testcase> <!-- @AfterMethod tearDown -->
  <testcase name="@AfterMethod tearDown" time="0.0" classname="tests.GroupActivityReportTest">
    <skipped/>
  </testcase> <!-- @AfterMethod tearDown -->
  <testcase name="@AfterMethod tearDown" time="0.0" classname="tests.GroupActivityReportTest">
    <skipped/>
  </testcase> <!-- @AfterMethod tearDown -->
  <testcase name="@AfterClass logOut" time="0.0" classname="tests.GroupActivityReportTest">
    <skipped/>
  </testcase> <!-- @AfterClass logOut -->
  <testcase name="@BeforeClass goToLegacyScheduledReportsPage" time="0.0" classname="tests.LegacyScheduledReportTest">
    <skipped/>
  </testcase> <!-- @BeforeClass goToLegacyScheduledReportsPage -->
  <testcase name="@AfterMethod tearDown" time="0.0" classname="tests.LegacyScheduledReportTest">
    <skipped/>
  </testcase> <!-- @AfterMethod tearDown -->
  <testcase name="@AfterMethod tearDown" time="0.0" classname="tests.LegacyScheduledReportTest">
    <skipped/>
  </testcase> <!-- @AfterMethod tearDown -->
  <testcase name="@AfterMethod tearDown" time="0.0" classname="tests.LegacyScheduledReportTest">
    <skipped/>
  </testcase> <!-- @AfterMethod tearDown -->
  <testcase name="@AfterMethod tearDown" time="0.0" classname="tests.LegacyScheduledReportTest">
    <skipped/>
  </testcase> <!-- @AfterMethod tearDown -->
  <testcase name="@AfterMethod tearDown" time="0.0" classname="tests.LegacyScheduledReportTest">
    <skipped/>
  </testcase> <!-- @AfterMethod tearDown -->
  <testcase name="@AfterMethod tearDown" time="0.0" classname="tests.LegacyScheduledReportTest">
    <skipped/>
  </testcase> <!-- @AfterMethod tearDown -->
  <testcase name="@AfterMethod tearDown" time="0.0" classname="tests.LegacyScheduledReportTest">
    <skipped/>
  </testcase> <!-- @AfterMethod tearDown -->
  <testcase name="@AfterMethod tearDown" time="0.0" classname="tests.LegacyScheduledReportTest">
    <skipped/>
  </testcase> <!-- @AfterMethod tearDown -->
  <testcase name="@AfterMethod tearDown" time="0.0" classname="tests.LegacyScheduledReportTest">
    <skipped/>
  </testcase> <!-- @AfterMethod tearDown -->
  <testcase name="@AfterMethod tearDown" time="0.0" classname="tests.LegacyScheduledReportTest">
    <skipped/>
  </testcase> <!-- @AfterMethod tearDown -->
  <testcase name="@AfterMethod tearDown" time="0.0" classname="tests.LegacyScheduledReportTest">
    <skipped/>
  </testcase> <!-- @AfterMethod tearDown -->
  <testcase name="@AfterMethod tearDown" time="0.0" classname="tests.LegacyScheduledReportTest">
    <skipped/>
  </testcase> <!-- @AfterMethod tearDown -->
  <testcase name="@AfterMethod tearDown" time="0.0" classname="tests.LegacyScheduledReportTest">
    <skipped/>
  </testcase> <!-- @AfterMethod tearDown -->
  <testcase name="@AfterMethod tearDown" time="0.0" classname="tests.LegacyScheduledReportTest">
    <skipped/>
  </testcase> <!-- @AfterMethod tearDown -->
  <testcase name="@AfterMethod tearDown" time="0.0" classname="tests.LegacyScheduledReportTest">
    <skipped/>
  </testcase> <!-- @AfterMethod tearDown -->
  <testcase name="@AfterMethod tearDown" time="0.0" classname="tests.LegacyScheduledReportTest">
    <skipped/>
  </testcase> <!-- @AfterMethod tearDown -->
  <testcase name="@AfterMethod tearDown" time="0.0" classname="tests.LegacyScheduledReportTest">
    <skipped/>
  </testcase> <!-- @AfterMethod tearDown -->
  <testcase name="@AfterMethod tearDown" time="0.0" classname="tests.LegacyScheduledReportTest">
    <skipped/>
  </testcase> <!-- @AfterMethod tearDown -->
  <testcase name="@AfterMethod tearDown" time="0.0" classname="tests.LegacyScheduledReportTest">
    <skipped/>
  </testcase> <!-- @AfterMethod tearDown -->
  <testcase name="@AfterMethod tearDown" time="0.0" classname="tests.LegacyScheduledReportTest">
    <skipped/>
  </testcase> <!-- @AfterMethod tearDown -->
  <testcase name="@AfterMethod tearDown" time="0.0" classname="tests.LegacyScheduledReportTest">
    <skipped/>
  </testcase> <!-- @AfterMethod tearDown -->
  <testcase name="@AfterMethod tearDown" time="0.0" classname="tests.LegacyScheduledReportTest">
    <skipped/>
  </testcase> <!-- @AfterMethod tearDown -->
  <testcase name="@AfterMethod tearDown" time="0.0" classname="tests.LegacyScheduledReportTest">
    <skipped/>
  </testcase> <!-- @AfterMethod tearDown -->
  <testcase name="@AfterMethod tearDown" time="0.0" classname="tests.LegacyScheduledReportTest">
    <skipped/>
  </testcase> <!-- @AfterMethod tearDown -->
  <testcase name="@AfterMethod tearDown" time="0.0" classname="tests.LegacyScheduledReportTest">
    <skipped/>
  </testcase> <!-- @AfterMethod tearDown -->
  <testcase name="@AfterMethod tearDown" time="0.0" classname="tests.LegacyScheduledReportTest">
    <skipped/>
  </testcase> <!-- @AfterMethod tearDown -->
  <testcase name="@AfterMethod tearDown" time="0.0" classname="tests.LegacyScheduledReportTest">
    <skipped/>
  </testcase> <!-- @AfterMethod tearDown -->
  <testcase name="@AfterMethod tearDown" time="0.0" classname="tests.LegacyScheduledReportTest">
    <skipped/>
  </testcase> <!-- @AfterMethod tearDown -->
  <testcase name="@AfterMethod tearDown" time="0.0" classname="tests.LegacyScheduledReportTest">
    <skipped/>
  </testcase> <!-- @AfterMethod tearDown -->
  <testcase name="@AfterClass logOut" time="0.0" classname="tests.LegacyScheduledReportTest">
    <skipped/>
  </testcase> <!-- @AfterClass logOut -->
  <testcase name="@BeforeClass goToLookerReports" time="0.0" classname="tests.CallLogsTest">
    <skipped/>
  </testcase> <!-- @BeforeClass goToLookerReports -->
  <testcase name="@AfterMethod tearDown" time="0.0" classname="tests.CallLogsTest">
    <skipped/>
  </testcase> <!-- @AfterMethod tearDown -->
  <testcase name="@AfterMethod tearDown" time="0.0" classname="tests.CallLogsTest">
    <skipped/>
  </testcase> <!-- @AfterMethod tearDown -->
  <testcase name="@AfterMethod tearDown" time="0.0" classname="tests.CallLogsTest">
    <skipped/>
  </testcase> <!-- @AfterMethod tearDown -->
  <testcase name="@AfterMethod tearDown" time="0.0" classname="tests.CallLogsTest">
    <skipped/>
  </testcase> <!-- @AfterMethod tearDown -->
  <testcase name="@AfterMethod tearDown" time="0.0" classname="tests.CallLogsTest">
    <skipped/>
  </testcase> <!-- @AfterMethod tearDown -->
  <testcase name="@AfterMethod tearDown" time="0.0" classname="tests.CallLogsTest">
    <skipped/>
  </testcase> <!-- @AfterMethod tearDown -->
  <testcase name="@AfterMethod tearDown" time="0.0" classname="tests.CallLogsTest">
    <skipped/>
  </testcase> <!-- @AfterMethod tearDown -->
  <testcase name="@AfterMethod tearDown" time="0.0" classname="tests.CallLogsTest">
    <skipped/>
  </testcase> <!-- @AfterMethod tearDown -->
  <testcase name="@AfterMethod tearDown" time="0.0" classname="tests.CallLogsTest">
    <skipped/>
  </testcase> <!-- @AfterMethod tearDown -->
  <testcase name="@AfterMethod tearDown" time="0.0" classname="tests.CallLogsTest">
    <skipped/>
  </testcase> <!-- @AfterMethod tearDown -->
  <testcase name="@AfterMethod tearDown" time="0.0" classname="tests.CallLogsTest">
    <skipped/>
  </testcase> <!-- @AfterMethod tearDown -->
  <testcase name="@AfterMethod tearDown" time="0.0" classname="tests.CallLogsTest">
    <skipped/>
  </testcase> <!-- @AfterMethod tearDown -->
  <testcase name="@AfterMethod tearDown" time="0.0" classname="tests.CallLogsTest">
    <skipped/>
  </testcase> <!-- @AfterMethod tearDown -->
  <testcase name="@AfterMethod tearDown" time="0.0" classname="tests.CallLogsTest">
    <skipped/>
  </testcase> <!-- @AfterMethod tearDown -->
  <testcase name="@AfterMethod tearDown" time="0.0" classname="tests.CallLogsTest">
    <skipped/>
  </testcase> <!-- @AfterMethod tearDown -->
  <testcase name="@AfterMethod tearDown" time="0.0" classname="tests.CallLogsTest">
    <skipped/>
  </testcase> <!-- @AfterMethod tearDown -->
  <testcase name="@AfterMethod tearDown" time="0.0" classname="tests.CallLogsTest">
    <skipped/>
  </testcase> <!-- @AfterMethod tearDown -->
  <testcase name="@AfterMethod tearDown" time="0.0" classname="tests.CallLogsTest">
    <skipped/>
  </testcase> <!-- @AfterMethod tearDown -->
  <testcase name="@AfterMethod tearDown" time="0.0" classname="tests.CallLogsTest">
    <skipped/>
  </testcase> <!-- @AfterMethod tearDown -->
  <testcase name="@AfterMethod tearDown" time="0.0" classname="tests.CallLogsTest">
    <skipped/>
  </testcase> <!-- @AfterMethod tearDown -->
  <testcase name="@AfterMethod tearDown" time="0.0" classname="tests.CallLogsTest">
    <skipped/>
  </testcase> <!-- @AfterMethod tearDown -->
  <testcase name="@AfterMethod tearDown" time="0.0" classname="tests.CallLogsTest">
    <skipped/>
  </testcase> <!-- @AfterMethod tearDown -->
  <testcase name="@AfterClass loggingOut" time="0.0" classname="tests.CallLogsTest">
    <skipped/>
  </testcase> <!-- @AfterClass loggingOut -->
  <testcase name="@BeforeClass goToLookerReports" time="0.0" classname="tests.LookerTrackingNumberSettingsReportTest">
    <skipped/>
  </testcase> <!-- @BeforeClass goToLookerReports -->
  <testcase name="@AfterMethod tearDown" time="0.0" classname="tests.LookerTrackingNumberSettingsReportTest">
    <skipped/>
  </testcase> <!-- @AfterMethod tearDown -->
  <testcase name="@AfterMethod tearDown" time="0.0" classname="tests.LookerTrackingNumberSettingsReportTest">
    <skipped/>
  </testcase> <!-- @AfterMethod tearDown -->
  <testcase name="@AfterMethod tearDown" time="0.0" classname="tests.LookerTrackingNumberSettingsReportTest">
    <skipped/>
  </testcase> <!-- @AfterMethod tearDown -->
  <testcase name="@AfterMethod tearDown" time="0.0" classname="tests.LookerTrackingNumberSettingsReportTest">
    <skipped/>
  </testcase> <!-- @AfterMethod tearDown -->
  <testcase name="@AfterMethod tearDown" time="0.0" classname="tests.LookerTrackingNumberSettingsReportTest">
    <skipped/>
  </testcase> <!-- @AfterMethod tearDown -->
  <testcase name="@AfterMethod tearDown" time="0.0" classname="tests.LookerTrackingNumberSettingsReportTest">
    <skipped/>
  </testcase> <!-- @AfterMethod tearDown -->
  <testcase name="@AfterMethod tearDown" time="0.0" classname="tests.LookerTrackingNumberSettingsReportTest">
    <skipped/>
  </testcase> <!-- @AfterMethod tearDown -->
  <testcase name="@AfterMethod tearDown" time="0.0" classname="tests.LookerTrackingNumberSettingsReportTest">
    <skipped/>
  </testcase> <!-- @AfterMethod tearDown -->
  <testcase name="@AfterMethod tearDown" time="0.0" classname="tests.LookerTrackingNumberSettingsReportTest">
    <skipped/>
  </testcase> <!-- @AfterMethod tearDown -->
  <testcase name="@AfterMethod tearDown" time="0.0" classname="tests.LookerTrackingNumberSettingsReportTest">
    <skipped/>
  </testcase> <!-- @AfterMethod tearDown -->
  <testcase name="@AfterMethod tearDown" time="0.0" classname="tests.LookerTrackingNumberSettingsReportTest">
    <skipped/>
  </testcase> <!-- @AfterMethod tearDown -->
  <testcase name="@AfterMethod tearDown" time="0.0" classname="tests.LookerTrackingNumberSettingsReportTest">
    <skipped/>
  </testcase> <!-- @AfterMethod tearDown -->
  <testcase name="@AfterMethod tearDown" time="0.0" classname="tests.LookerTrackingNumberSettingsReportTest">
    <skipped/>
  </testcase> <!-- @AfterMethod tearDown -->
  <testcase name="@AfterMethod tearDown" time="0.0" classname="tests.LookerTrackingNumberSettingsReportTest">
    <skipped/>
  </testcase> <!-- @AfterMethod tearDown -->
  <testcase name="@AfterMethod tearDown" time="0.0" classname="tests.LookerTrackingNumberSettingsReportTest">
    <skipped/>
  </testcase> <!-- @AfterMethod tearDown -->
  <testcase name="@AfterMethod tearDown" time="0.0" classname="tests.LookerTrackingNumberSettingsReportTest">
    <skipped/>
  </testcase> <!-- @AfterMethod tearDown -->
  <testcase name="@AfterMethod tearDown" time="0.0" classname="tests.LookerTrackingNumberSettingsReportTest">
    <skipped/>
  </testcase> <!-- @AfterMethod tearDown -->
  <testcase name="@AfterMethod tearDown" time="0.0" classname="tests.LookerTrackingNumberSettingsReportTest">
    <skipped/>
  </testcase> <!-- @AfterMethod tearDown -->
  <testcase name="@AfterMethod tearDown" time="0.0" classname="tests.LookerTrackingNumberSettingsReportTest">
    <skipped/>
  </testcase> <!-- @AfterMethod tearDown -->
  <testcase name="@AfterMethod tearDown" time="0.0" classname="tests.LookerTrackingNumberSettingsReportTest">
    <skipped/>
  </testcase> <!-- @AfterMethod tearDown -->
  <testcase name="@AfterMethod tearDown" time="0.0" classname="tests.LookerTrackingNumberSettingsReportTest">
    <skipped/>
  </testcase> <!-- @AfterMethod tearDown -->
  <testcase name="@AfterClass loggingOut" time="0.0" classname="tests.LookerTrackingNumberSettingsReportTest">
    <skipped/>
  </testcase> <!-- @AfterClass loggingOut -->
  <testcase name="@BeforeClass goToLookerReports" time="0.0" classname="tests.CallBackReportTest">
    <skipped/>
  </testcase> <!-- @BeforeClass goToLookerReports -->
  <testcase name="@AfterMethod tearDown" time="0.0" classname="tests.CallBackReportTest">
    <skipped/>
  </testcase> <!-- @AfterMethod tearDown -->
  <testcase name="@AfterMethod tearDown" time="0.0" classname="tests.CallBackReportTest">
    <skipped/>
  </testcase> <!-- @AfterMethod tearDown -->
  <testcase name="@AfterMethod tearDown" time="0.0" classname="tests.CallBackReportTest">
    <skipped/>
  </testcase> <!-- @AfterMethod tearDown -->
  <testcase name="@AfterMethod tearDown" time="0.0" classname="tests.CallBackReportTest">
    <skipped/>
  </testcase> <!-- @AfterMethod tearDown -->
  <testcase name="@AfterMethod tearDown" time="0.0" classname="tests.CallBackReportTest">
    <skipped/>
  </testcase> <!-- @AfterMethod tearDown -->
  <testcase name="@AfterMethod tearDown" time="0.0" classname="tests.CallBackReportTest">
    <skipped/>
  </testcase> <!-- @AfterMethod tearDown -->
  <testcase name="@AfterMethod tearDown" time="0.0" classname="tests.CallBackReportTest">
    <skipped/>
  </testcase> <!-- @AfterMethod tearDown -->
  <testcase name="@AfterMethod tearDown" time="0.0" classname="tests.CallBackReportTest">
    <skipped/>
  </testcase> <!-- @AfterMethod tearDown -->
  <testcase name="@AfterMethod tearDown" time="0.0" classname="tests.CallBackReportTest">
    <skipped/>
  </testcase> <!-- @AfterMethod tearDown -->
  <testcase name="@AfterMethod tearDown" time="0.0" classname="tests.CallBackReportTest">
    <skipped/>
  </testcase> <!-- @AfterMethod tearDown -->
  <testcase name="@AfterMethod tearDown" time="0.0" classname="tests.CallBackReportTest">
    <skipped/>
  </testcase> <!-- @AfterMethod tearDown -->
  <testcase name="@AfterMethod tearDown" time="0.0" classname="tests.CallBackReportTest">
    <skipped/>
  </testcase> <!-- @AfterMethod tearDown -->
  <testcase name="@AfterMethod tearDown" time="0.0" classname="tests.CallBackReportTest">
    <skipped/>
  </testcase> <!-- @AfterMethod tearDown -->
  <testcase name="@AfterMethod tearDown" time="0.0" classname="tests.CallBackReportTest">
    <skipped/>
  </testcase> <!-- @AfterMethod tearDown -->
  <testcase name="@AfterMethod tearDown" time="0.0" classname="tests.CallBackReportTest">
    <skipped/>
  </testcase> <!-- @AfterMethod tearDown -->
  <testcase name="@AfterMethod tearDown" time="0.0" classname="tests.CallBackReportTest">
    <skipped/>
  </testcase> <!-- @AfterMethod tearDown -->
  <testcase name="@AfterMethod tearDown" time="0.0" classname="tests.CallBackReportTest">
    <skipped/>
  </testcase> <!-- @AfterMethod tearDown -->
  <testcase name="@AfterMethod tearDown" time="0.0" classname="tests.CallBackReportTest">
    <skipped/>
  </testcase> <!-- @AfterMethod tearDown -->
  <testcase name="@AfterMethod tearDown" time="0.0" classname="tests.CallBackReportTest">
    <skipped/>
  </testcase> <!-- @AfterMethod tearDown -->
  <testcase name="@AfterMethod tearDown" time="0.0" classname="tests.CallBackReportTest">
    <skipped/>
  </testcase> <!-- @AfterMethod tearDown -->
  <testcase name="@AfterMethod tearDown" time="0.0" classname="tests.CallBackReportTest">
    <skipped/>
  </testcase> <!-- @AfterMethod tearDown -->
  <testcase name="@AfterMethod tearDown" time="0.0" classname="tests.CallBackReportTest">
    <skipped/>
  </testcase> <!-- @AfterMethod tearDown -->
  <testcase name="@AfterMethod tearDown" time="0.0" classname="tests.CallBackReportTest">
    <skipped/>
  </testcase> <!-- @AfterMethod tearDown -->
  <testcase name="@AfterMethod tearDown" time="0.0" classname="tests.CallBackReportTest">
    <skipped/>
  </testcase> <!-- @AfterMethod tearDown -->
  <testcase name="@AfterMethod tearDown" time="0.0" classname="tests.CallBackReportTest">
    <skipped/>
  </testcase> <!-- @AfterMethod tearDown -->
  <testcase name="@AfterMethod tearDown" time="0.0" classname="tests.CallBackReportTest">
    <skipped/>
  </testcase> <!-- @AfterMethod tearDown -->
  <testcase name="@AfterMethod tearDown" time="0.0" classname="tests.CallBackReportTest">
    <skipped/>
  </testcase> <!-- @AfterMethod tearDown -->
  <testcase name="@AfterClass loggingOut" time="0.0" classname="tests.CallBackReportTest">
    <skipped/>
  </testcase> <!-- @AfterClass loggingOut -->
  <testcase name="@AfterTest tearDown" time="0.0" classname="tests.HomeTest">
    <skipped/>
  </testcase> <!-- @AfterTest tearDown -->
  <testcase name="login_page_UI_Verification" time="0.003" classname="tests.LoginTest">
    <skipped/>
  </testcase> <!-- login_page_UI_Verification -->
  <testcase name="login_with_invalidate_cred" time="0.002" classname="tests.LoginTest">
    <skipped/>
  </testcase> <!-- login_with_invalidate_cred -->
  <testcase name="login_with_blank_username" time="0.007" classname="tests.LoginTest">
    <skipped/>
  </testcase> <!-- login_with_blank_username -->
  <testcase name="login_with_blank_password" time="0.002" classname="tests.LoginTest">
    <skipped/>
  </testcase> <!-- login_with_blank_password -->
  <testcase name="login_with_inactive_user" time="0.001" classname="tests.LoginTest">
    <skipped/>
  </testcase> <!-- login_with_inactive_user -->
  <testcase name="login_with_deleted_user" time="0.005" classname="tests.LoginTest">
    <skipped/>
  </testcase> <!-- login_with_deleted_user -->
  <testcase name="login_with_blank_username_and_password" time="0.002" classname="tests.LoginTest">
    <skipped/>
  </testcase> <!-- login_with_blank_username_and_password -->
  <testcase name="UIVerification_forgot_passowrd_page" time="0.001" classname="tests.LoginTest">
    <skipped/>
  </testcase> <!-- UIVerification_forgot_passowrd_page -->
  <testcase name="next_button_with_no_email_ID" time="0.001" classname="tests.LoginTest">
    <skipped/>
  </testcase> <!-- next_button_with_no_email_ID -->
  <testcase name="reset_password" time="0.003" classname="tests.LoginTest">
    <skipped/>
  </testcase> <!-- reset_password -->
  <testcase name="rememeber_me_functinonality" time="0.001" classname="tests.LoginTest">
    <skipped/>
  </testcase> <!-- rememeber_me_functinonality -->
  <testcase name="validLogin" time="0.005" classname="tests.LoginTest">
    <skipped/>
  </testcase> <!-- validLogin -->
  <testcase name="ui_verification" time="0.003" classname="tests.HomeTest">
    <skipped/>
  </testcase> <!-- ui_verification -->
  <testcase name="tiles_count_verification_UI" time="0.008" classname="tests.HomeTest">
    <skipped/>
  </testcase> <!-- tiles_count_verification_UI -->
  <testcase name="CampaignAndTrackingNumberPage_UI_Verification" time="0.003" classname="tests.CamapignUIVerificationTest">
    <skipped/>
  </testcase> <!-- CampaignAndTrackingNumberPage_UI_Verification -->
  <testcase name="defaultColumnsDisplayed" time="0.001" classname="tests.CamapignUIVerificationTest">
    <skipped/>
  </testcase> <!-- defaultColumnsDisplayed -->
  <testcase name="allColumnsDisplayed" time="0.001" classname="tests.CamapignUIVerificationTest">
    <skipped/>
  </testcase> <!-- allColumnsDisplayed -->
  <testcase name="campaignBuilderPage_UI_Verification" time="0.002" classname="tests.CampaignTests">
    <skipped/>
  </testcase> <!-- campaignBuilderPage_UI_Verification -->
  <testcase name="campaignDefaultOwnerValidation" time="0.002" classname="tests.CampaignTests">
    <skipped/>
  </testcase> <!-- campaignDefaultOwnerValidation -->
  <testcase name="campaign_Creation_Without_externalID" time="0.001" classname="tests.CampaignTests">
    <skipped/>
  </testcase> <!-- campaign_Creation_Without_externalID -->
  <testcase name="campaign_updation_Without_externalID" time="0.001" classname="tests.CampaignTests">
    <skipped/>
  </testcase> <!-- campaign_updation_Without_externalID -->
  <testcase name="campaign_deletion_Without_externalID" time="0.001" classname="tests.CampaignTests">
    <skipped/>
  </testcase> <!-- campaign_deletion_Without_externalID -->
  <testcase name="campaign_Creation_With_externalID" time="0.0" classname="tests.CampaignTests">
    <skipped/>
  </testcase> <!-- campaign_Creation_With_externalID -->
  <testcase name="campaign_updation_With_externalID" time="0.002" classname="tests.CampaignTests">
    <skipped/>
  </testcase> <!-- campaign_updation_With_externalID -->
  <testcase name="campaign_deletion_With_externalID" time="0.002" classname="tests.CampaignTests">
    <skipped/>
  </testcase> <!-- campaign_deletion_With_externalID -->
  <testcase name="campaignCreationWithFutureStartDateAndNeverEndDate" time="0.005" classname="tests.CampaignTests">
    <skipped/>
  </testcase> <!-- campaignCreationWithFutureStartDateAndNeverEndDate -->
  <testcase name="campaignUpdationWithFutureStartDateAndNeverEndDate" time="0.003" classname="tests.CampaignTests">
    <skipped/>
  </testcase> <!-- campaignUpdationWithFutureStartDateAndNeverEndDate -->
  <testcase name="campaign_deletion_With_futureStartDate" time="0.001" classname="tests.CampaignTests">
    <skipped/>
  </testcase> <!-- campaign_deletion_With_futureStartDate -->
  <testcase name="campaignCreationWithFutureStartDateAndFutureEndDate" time="0.001" classname="tests.CampaignTests">
    <skipped/>
  </testcase> <!-- campaignCreationWithFutureStartDateAndFutureEndDate -->
  <testcase name="campaignUpdationWithFutureStartDateAndFutureEndDate" time="0.001" classname="tests.CampaignTests">
    <skipped/>
  </testcase> <!-- campaignUpdationWithFutureStartDateAndFutureEndDate -->
  <testcase name="campaign_deletion_With_futureStartDateAndFutureEndDate" time="0.001" classname="tests.CampaignTests">
    <skipped/>
  </testcase> <!-- campaign_deletion_With_futureStartDateAndFutureEndDate -->
  <testcase name="campaignCreationWithPastTime" time="0.0" classname="tests.CampaignTests">
    <skipped/>
  </testcase> <!-- campaignCreationWithPastTime -->
  <testcase name="trakingNumberPageUIVerification" time="0.002" classname="tests.TrackingNumberTest">
    <skipped/>
  </testcase> <!-- trakingNumberPageUIVerification -->
  <testcase name="simpleTrakingNumberCreation" time="0.001" classname="tests.TrackingNumberTest">
    <skipped/>
  </testcase> <!-- simpleTrakingNumberCreation -->
  <testcase name="simpleTrakingNumberUpdation" time="0.001" classname="tests.TrackingNumberTest">
    <skipped/>
  </testcase> <!-- simpleTrakingNumberUpdation -->
  <testcase name="simpleTrakingNumberDeletion" time="0.0" classname="tests.TrackingNumberTest">
    <skipped/>
  </testcase> <!-- simpleTrakingNumberDeletion -->
  <testcase name="numberPoolCreation" time="0.002" classname="tests.TrackingNumberTest">
    <skipped/>
  </testcase> <!-- numberPoolCreation -->
  <testcase name="numberPoolUpdation" time="0.001" classname="tests.TrackingNumberTest">
    <skipped/>
  </testcase> <!-- numberPoolUpdation -->
  <testcase name="numberPoolDeletion" time="0.001" classname="tests.TrackingNumberTest">
    <skipped/>
  </testcase> <!-- numberPoolDeletion -->
  <testcase name="reserveNumberCreation" time="0.001" classname="tests.TrackingNumberTest">
    <skipped/>
  </testcase> <!-- reserveNumberCreation -->
  <testcase name="reserveNumberUpdation" time="0.001" classname="tests.TrackingNumberTest">
    <skipped/>
  </testcase> <!-- reserveNumberUpdation -->
  <testcase name="reserveNumberDeletion" time="0.001" classname="tests.TrackingNumberTest">
    <skipped/>
  </testcase> <!-- reserveNumberDeletion -->
  <testcase name="GeoRouteTrakingNumberCreation" time="0.001" classname="tests.TrackingNumberTest">
    <skipped/>
  </testcase> <!-- GeoRouteTrakingNumberCreation -->
  <testcase name="GeoRouteTrakingNumberDeletion" time="0.001" classname="tests.TrackingNumberTest">
    <skipped/>
  </testcase> <!-- GeoRouteTrakingNumberDeletion -->
  <testcase name="percentTrakingNumberCreation" time="0.0" classname="tests.TrackingNumberTest">
    <skipped/>
  </testcase> <!-- percentTrakingNumberCreation -->
  <testcase name="percentTrakingNumberDeletion" time="0.001" classname="tests.TrackingNumberTest">
    <skipped/>
  </testcase> <!-- percentTrakingNumberDeletion -->
  <testcase name="outboundTrakingNumberCreation" time="0.001" classname="tests.TrackingNumberTest">
    <skipped/>
  </testcase> <!-- outboundTrakingNumberCreation -->
  <testcase name="outboundTrakingNumberDeletion" time="0.0" classname="tests.TrackingNumberTest">
    <skipped/>
  </testcase> <!-- outboundTrakingNumberDeletion -->
  <testcase name="hangupTrakingNumberCreation" time="0.0" classname="tests.TrackingNumberTest">
    <skipped/>
  </testcase> <!-- hangupTrakingNumberCreation -->
  <testcase name="hangupTrakingNumberDeletion" time="0.001" classname="tests.TrackingNumberTest">
    <skipped/>
  </testcase> <!-- hangupTrakingNumberDeletion -->
  <testcase name="voicemailTrakingNumberCreation" time="0.001" classname="tests.TrackingNumberTest">
    <skipped/>
  </testcase> <!-- voicemailTrakingNumberCreation -->
  <testcase name="voicemailTrakingNumberDeletion" time="0.001" classname="tests.TrackingNumberTest">
    <skipped/>
  </testcase> <!-- voicemailTrakingNumberDeletion -->
  <testcase name="scheduleTrakingNumberCreation" time="0.0" classname="tests.TrackingNumberTest">
    <skipped/>
  </testcase> <!-- scheduleTrakingNumberCreation -->
  <testcase name="scheduleTrakingNumberDeletion" time="0.001" classname="tests.TrackingNumberTest">
    <skipped/>
  </testcase> <!-- scheduleTrakingNumberDeletion -->
  <testcase name="IVRCreation" time="0.001" classname="tests.TrackingNumberTest">
    <skipped/>
  </testcase> <!-- IVRCreation -->
  <testcase name="IVRDeletion" time="0.0" classname="tests.TrackingNumberTest">
    <skipped/>
  </testcase> <!-- IVRDeletion -->
  <testcase name="uiVerification" time="0.0" classname="tests.CallDetailReportTest">
    <skipped/>
  </testcase> <!-- uiVerification -->
  <testcase name="paginationUI" time="0.002" classname="tests.CallDetailReportTest">
    <skipped/>
  </testcase> <!-- paginationUI -->
  <testcase name="paginationCount" time="0.002" classname="tests.CallDetailReportTest">
    <skipped/>
  </testcase> <!-- paginationCount -->
  <testcase name="tableCount" time="0.001" classname="tests.CallDetailReportTest">
    <skipped/>
  </testcase> <!-- tableCount -->
  <testcase name="defaultColumnPickerOptions" time="0.001" classname="tests.CallDetailReportTest">
    <skipped/>
  </testcase> <!-- defaultColumnPickerOptions -->
  <testcase name="defaultColumnsDisplayed" time="0.0" classname="tests.CallDetailReportTest">
    <skipped/>
  </testcase> <!-- defaultColumnsDisplayed -->
  <testcase name="allColumnPickerCheckboxesClickable" time="0.001" classname="tests.CallDetailReportTest">
    <skipped/>
  </testcase> <!-- allColumnPickerCheckboxesClickable -->
  <testcase name="columnPickerFeature" time="0.001" classname="tests.CallDetailReportTest">
    <skipped/>
  </testcase> <!-- columnPickerFeature -->
  <testcase name="advancedFilterUI" time="0.001" classname="tests.CallDetailReportTest">
    <skipped/>
  </testcase> <!-- advancedFilterUI -->
  <testcase name="basicFilterForAdSource" time="0.0" classname="tests.CallDetailReportTest">
    <skipped/>
  </testcase> <!-- basicFilterForAdSource -->
  <testcase name="basicFilterForCaller_ID" time="0.0" classname="tests.CallDetailReportTest">
    <skipped/>
  </testcase> <!-- basicFilterForCaller_ID -->
  <testcase name="basicFilterForTrackingNumber" time="0.001" classname="tests.CallDetailReportTest">
    <skipped/>
  </testcase> <!-- basicFilterForTrackingNumber -->
  <testcase name="basicFilterForDuration" time="0.0" classname="tests.CallDetailReportTest">
    <skipped/>
  </testcase> <!-- basicFilterForDuration -->
  <testcase name="basicFilterForGroupName" time="0.003" classname="tests.CallDetailReportTest">
    <skipped/>
  </testcase> <!-- basicFilterForGroupName -->
  <testcase name="basicFilterForDisposition" time="0.001" classname="tests.CallDetailReportTest">
    <skipped/>
  </testcase> <!-- basicFilterForDisposition -->
  <testcase name="advancedFilterForCallerID" time="0.0" classname="tests.CallDetailReportTest">
    <skipped/>
  </testcase> <!-- advancedFilterForCallerID -->
  <testcase name="advancedFilterForDuration" time="0.0" classname="tests.CallDetailReportTest">
    <skipped/>
  </testcase> <!-- advancedFilterForDuration -->
  <testcase name="advancedFilterForGroupName" time="0.0" classname="tests.CallDetailReportTest">
    <skipped/>
  </testcase> <!-- advancedFilterForGroupName -->
  <testcase name="advancedFilterForLineType" time="0.001" classname="tests.CallDetailReportTest">
    <skipped/>
  </testcase> <!-- advancedFilterForLineType -->
  <testcase name="dateRangeFilterForToday" time="0.001" classname="tests.CallDetailReportTest">
    <skipped/>
  </testcase> <!-- dateRangeFilterForToday -->
  <testcase name="dateRangeFilterForYesterday" time="0.0" classname="tests.CallDetailReportTest">
    <skipped/>
  </testcase> <!-- dateRangeFilterForYesterday -->
  <testcase name="dateRangeFilterForLast7days" time="0.001" classname="tests.CallDetailReportTest">
    <skipped/>
  </testcase> <!-- dateRangeFilterForLast7days -->
  <testcase name="dateRangeFilterForLast30days" time="0.0" classname="tests.CallDetailReportTest">
    <skipped/>
  </testcase> <!-- dateRangeFilterForLast30days -->
  <testcase name="audioPlayerOpen" time="0.001" classname="tests.CallDetailReportTest">
    <skipped/>
  </testcase> <!-- audioPlayerOpen -->
  <testcase name="informationTagOpen" time="0.001" classname="tests.CallDetailReportTest">
    <skipped/>
  </testcase> <!-- informationTagOpen -->
  <testcase name="infoSectionUIVerification" time="0.001" classname="tests.CallDetailReportTest">
    <skipped/>
  </testcase> <!-- infoSectionUIVerification -->
  <testcase name="commentSectionUIVerification" time="0.0" classname="tests.CallDetailReportTest">
    <skipped/>
  </testcase> <!-- commentSectionUIVerification -->
  <testcase name="tagSectionUIVerification" time="0.0" classname="tests.CallDetailReportTest">
    <skipped/>
  </testcase> <!-- tagSectionUIVerification -->
  <testcase name="emailCallSectionUIVerification" time="0.0" classname="tests.CallDetailReportTest">
    <skipped/>
  </testcase> <!-- emailCallSectionUIVerification -->
  <testcase name="emailCallFeature" time="0.001" classname="tests.CallDetailReportTest">
    <skipped/>
  </testcase> <!-- emailCallFeature -->
  <testcase name="uiVerification" time="0.001" classname="tests.TrackingNumberSettingsTest">
    <skipped/>
  </testcase> <!-- uiVerification -->
  <testcase name="paginationUIVerification" time="0.001" classname="tests.TrackingNumberSettingsTest">
    <skipped/>
  </testcase> <!-- paginationUIVerification -->
  <testcase name="paginationCount" time="0.0" classname="tests.TrackingNumberSettingsTest">
    <skipped/>
  </testcase> <!-- paginationCount -->
  <testcase name="tableCount" time="0.0" classname="tests.TrackingNumberSettingsTest">
    <skipped/>
  </testcase> <!-- tableCount -->
  <testcase name="defaultColumnPickerOptions" time="0.001" classname="tests.TrackingNumberSettingsTest">
    <skipped/>
  </testcase> <!-- defaultColumnPickerOptions -->
  <testcase name="defaultColumnsDisplayed" time="0.001" classname="tests.TrackingNumberSettingsTest">
    <skipped/>
  </testcase> <!-- defaultColumnsDisplayed -->
  <testcase name="allColumnPickerCheckboxesClickable" time="0.0" classname="tests.TrackingNumberSettingsTest">
    <skipped/>
  </testcase> <!-- allColumnPickerCheckboxesClickable -->
  <testcase name="columnPickerFeature" time="0.0" classname="tests.TrackingNumberSettingsTest">
    <skipped/>
  </testcase> <!-- columnPickerFeature -->
  <testcase name="advancedFilterUI" time="0.0" classname="tests.TrackingNumberSettingsTest">
    <skipped/>
  </testcase> <!-- advancedFilterUI -->
  <testcase name="basicFilterFeatureForTrackingNumber" time="0.0" classname="tests.TrackingNumberSettingsTest">
    <skipped/>
  </testcase> <!-- basicFilterFeatureForTrackingNumber -->
  <testcase name="basicFilterFeatureForType" time="0.0" classname="tests.TrackingNumberSettingsTest">
    <skipped/>
  </testcase> <!-- basicFilterFeatureForType -->
  <testcase name="basicFilterFeatureForGroupName" time="0.001" classname="tests.TrackingNumberSettingsTest">
    <skipped/>
  </testcase> <!-- basicFilterFeatureForGroupName -->
  <testcase name="basicFilterFeatureForAdSource" time="0.001" classname="tests.TrackingNumberSettingsTest">
    <skipped/>
  </testcase> <!-- basicFilterFeatureForAdSource -->
  <testcase name="basicFilterFeatureForCampaignName" time="0.001" classname="tests.TrackingNumberSettingsTest">
    <skipped/>
  </testcase> <!-- basicFilterFeatureForCampaignName -->
  <testcase name="advancedFilterForTrackingNumber" time="0.001" classname="tests.TrackingNumberSettingsTest">
    <skipped/>
  </testcase> <!-- advancedFilterForTrackingNumber -->
  <testcase name="advancedFilterForCampaignName" time="0.0" classname="tests.TrackingNumberSettingsTest">
    <skipped/>
  </testcase> <!-- advancedFilterForCampaignName -->
  <testcase name="advancedFilterForGroupName" time="0.0" classname="tests.TrackingNumberSettingsTest">
    <skipped/>
  </testcase> <!-- advancedFilterForGroupName -->
  <testcase name="advancedFilterForTrackingNumberName" time="0.001" classname="tests.TrackingNumberSettingsTest">
    <skipped/>
  </testcase> <!-- advancedFilterForTrackingNumberName -->
  <testcase name="uiVerification" time="0.0" classname="tests.GroupActivityReportTest">
    <skipped/>
  </testcase> <!-- uiVerification -->
  <testcase name="dateRangeFilterUIVerification" time="0.001" classname="tests.GroupActivityReportTest">
    <skipped/>
  </testcase> <!-- dateRangeFilterUIVerification -->
  <testcase name="tileCountVerification" time="0.0" classname="tests.GroupActivityReportTest">
    <skipped/>
  </testcase> <!-- tileCountVerification -->
  <testcase name="secondaryGroupingOptions" time="0.0" classname="tests.GroupActivityReportTest">
    <skipped/>
  </testcase> <!-- secondaryGroupingOptions -->
  <testcase name="tableCountVerification" time="0.001" classname="tests.GroupActivityReportTest">
    <skipped/>
  </testcase> <!-- tableCountVerification -->
  <testcase name="paginationToolboxUIVerification" time="0.0" classname="tests.GroupActivityReportTest">
    <skipped/>
  </testcase> <!-- paginationToolboxUIVerification -->
  <testcase name="paginationCountVerification" time="0.0" classname="tests.GroupActivityReportTest">
    <skipped/>
  </testcase> <!-- paginationCountVerification -->
  <testcase name="defaultColumnPickerOptions" time="0.0" classname="tests.GroupActivityReportTest">
    <skipped/>
  </testcase> <!-- defaultColumnPickerOptions -->
  <testcase name="defaultColumnsDisplayed" time="0.0" classname="tests.GroupActivityReportTest">
    <skipped/>
  </testcase> <!-- defaultColumnsDisplayed -->
  <testcase name="allColumnPickerCheckboxesClickable" time="0.001" classname="tests.GroupActivityReportTest">
    <skipped/>
  </testcase> <!-- allColumnPickerCheckboxesClickable -->
  <testcase name="defaultSecondaryGroupingOption" time="0.0" classname="tests.GroupActivityReportTest">
    <skipped/>
  </testcase> <!-- defaultSecondaryGroupingOption -->
  <testcase name="secondaryGroupingFeatureForNone" time="0.001" classname="tests.GroupActivityReportTest">
    <skipped/>
  </testcase> <!-- secondaryGroupingFeatureForNone -->
  <testcase name="secondaryGroupingFeatureForTrackingNumber" time="0.0" classname="tests.GroupActivityReportTest">
    <skipped/>
  </testcase> <!-- secondaryGroupingFeatureForTrackingNumber -->
  <testcase name="secondaryGroupingFeatureForCampaign" time="0.001" classname="tests.GroupActivityReportTest">
    <skipped/>
  </testcase> <!-- secondaryGroupingFeatureForCampaign -->
  <testcase name="secondaryGroupingFeatureForCampaignColumn" time="0.001" classname="tests.GroupActivityReportTest">
    <skipped/>
  </testcase> <!-- secondaryGroupingFeatureForCampaignColumn -->
  <testcase name="secondaryGroupingFeatureForTrackingumberColumn" time="0.001" classname="tests.GroupActivityReportTest">
    <skipped/>
  </testcase> <!-- secondaryGroupingFeatureForTrackingumberColumn -->
  <testcase name="advancedFilterUI" time="0.0" classname="tests.GroupActivityReportTest">
    <skipped/>
  </testcase> <!-- advancedFilterUI -->
  <testcase name="basicFilterForGroupName" time="0.0" classname="tests.GroupActivityReportTest">
    <skipped/>
  </testcase> <!-- basicFilterForGroupName -->
  <testcase name="advancedFilterForGroupName" time="0.0" classname="tests.GroupActivityReportTest">
    <skipped/>
  </testcase> <!-- advancedFilterForGroupName -->
  <testcase name="advancedFilterForAnweredCalls" time="0.001" classname="tests.GroupActivityReportTest">
    <skipped/>
  </testcase> <!-- advancedFilterForAnweredCalls -->
  <testcase name="advancedFilterForCalls" time="0.0" classname="tests.GroupActivityReportTest">
    <skipped/>
  </testcase> <!-- advancedFilterForCalls -->
  <testcase name="advancedFilterForLeads" time="0.0" classname="tests.GroupActivityReportTest">
    <skipped/>
  </testcase> <!-- advancedFilterForLeads -->
  <testcase name="advancedFilterForConversion" time="0.0" classname="tests.GroupActivityReportTest">
    <skipped/>
  </testcase> <!-- advancedFilterForConversion -->
  <testcase name="dateRangeFilterForToday" time="0.001" classname="tests.GroupActivityReportTest">
    <skipped/>
  </testcase> <!-- dateRangeFilterForToday -->
  <testcase name="dateRangeFilterForYesterday" time="0.001" classname="tests.GroupActivityReportTest">
    <skipped/>
  </testcase> <!-- dateRangeFilterForYesterday -->
  <testcase name="dateRangeFilterForLast7Days" time="0.001" classname="tests.GroupActivityReportTest">
    <skipped/>
  </testcase> <!-- dateRangeFilterForLast7Days -->
  <testcase name="dateRangeFilterForLast30Days" time="0.0" classname="tests.GroupActivityReportTest">
    <skipped/>
  </testcase> <!-- dateRangeFilterForLast30Days -->
  <testcase name="presenceOfReportLabel" time="0.001" classname="tests.LegacyScheduledReportTest">
    <skipped/>
  </testcase> <!-- presenceOfReportLabel -->
  <testcase name="presenceOfAddScheduleButton" time="0.0" classname="tests.LegacyScheduledReportTest">
    <skipped/>
  </testcase> <!-- presenceOfAddScheduleButton -->
  <testcase name="PresenceOfExportButton" time="0.001" classname="tests.LegacyScheduledReportTest">
    <skipped/>
  </testcase> <!-- PresenceOfExportButton -->
  <testcase name="exportButtonOptions" time="0.001" classname="tests.LegacyScheduledReportTest">
    <skipped/>
  </testcase> <!-- exportButtonOptions -->
  <testcase name="paginationToolboxUIVerification" time="0.001" classname="tests.LegacyScheduledReportTest">
    <skipped/>
  </testcase> <!-- paginationToolboxUIVerification -->
  <testcase name="tableCountVerification" time="0.0" classname="tests.LegacyScheduledReportTest">
    <skipped/>
  </testcase> <!-- tableCountVerification -->
  <testcase name="paginationCountVerification" time="0.0" classname="tests.LegacyScheduledReportTest">
    <skipped/>
  </testcase> <!-- paginationCountVerification -->
  <testcase name="navigateToScheduledReportBuilderPage" time="0.0" classname="tests.LegacyScheduledReportTest">
    <skipped/>
  </testcase> <!-- navigateToScheduledReportBuilderPage -->
  <testcase name="ScheduledReportBuilderPageLabel" time="0.0" classname="tests.LegacyScheduledReportTest">
    <skipped/>
  </testcase> <!-- ScheduledReportBuilderPageLabel -->
  <testcase name="presenceOfListButton" time="0.001" classname="tests.LegacyScheduledReportTest">
    <skipped/>
  </testcase> <!-- presenceOfListButton -->
  <testcase name="reportDetailSectionUIVerification" time="0.0" classname="tests.LegacyScheduledReportTest">
    <skipped/>
  </testcase> <!-- reportDetailSectionUIVerification -->
  <testcase name="defaultReportSelected" time="0.0" classname="tests.LegacyScheduledReportTest">
    <skipped/>
  </testcase> <!-- defaultReportSelected -->
  <testcase name="defaultSecondaryOptionForCallDetailsReport" time="0.0" classname="tests.LegacyScheduledReportTest">
    <skipped/>
  </testcase> <!-- defaultSecondaryOptionForCallDetailsReport -->
  <testcase name="defaultSecondaryOptionForTrackingNumberSettingsReport" time="0.0" classname="tests.LegacyScheduledReportTest">
    <skipped/>
  </testcase> <!-- defaultSecondaryOptionForTrackingNumberSettingsReport -->
  <testcase name="defaultSecondaryOptionForGroupActivityReport" time="0.0" classname="tests.LegacyScheduledReportTest">
    <skipped/>
  </testcase> <!-- defaultSecondaryOptionForGroupActivityReport -->
  <testcase name="secondaryGroupingOptions" time="0.0" classname="tests.LegacyScheduledReportTest">
    <skipped/>
  </testcase> <!-- secondaryGroupingOptions -->
  <testcase name="dateRangeFilterUI" time="0.001" classname="tests.LegacyScheduledReportTest">
    <skipped/>
  </testcase> <!-- dateRangeFilterUI -->
  <testcase name="advanceFilterUI" time="0.0" classname="tests.LegacyScheduledReportTest">
    <skipped/>
  </testcase> <!-- advanceFilterUI -->
  <testcase name="advanceFilterElementsForCallDetailsReport" time="0.001" classname="tests.LegacyScheduledReportTest">
    <skipped/>
  </testcase> <!-- advanceFilterElementsForCallDetailsReport -->
  <testcase name="advanceFilterElementsForTrackingNumberSettingsReport" time="0.001" classname="tests.LegacyScheduledReportTest">
    <skipped/>
  </testcase> <!-- advanceFilterElementsForTrackingNumberSettingsReport -->
  <testcase name="advanceFilterElementsForGroupActivityReport" time="0.0" classname="tests.LegacyScheduledReportTest">
    <skipped/>
  </testcase> <!-- advanceFilterElementsForGroupActivityReport -->
  <testcase name="scheduledReportForCallDetails" time="0.001" classname="tests.LegacyScheduledReportTest">
    <skipped/>
  </testcase> <!-- scheduledReportForCallDetails -->
  <testcase name="scheduledReportForTrackingNumberSettingsReport" time="0.0" classname="tests.LegacyScheduledReportTest">
    <skipped/>
  </testcase> <!-- scheduledReportForTrackingNumberSettingsReport -->
  <testcase name="scheduledReportForGroupActivityReport" time="0.001" classname="tests.LegacyScheduledReportTest">
    <skipped/>
  </testcase> <!-- scheduledReportForGroupActivityReport -->
  <testcase name="addNewScheduleDistributionSectionUIVerificationTest" time="0.001" classname="tests.LegacyScheduledReportTest">
    <skipped/>
  </testcase> <!-- addNewScheduleDistributionSectionUIVerificationTest -->
  <testcase name="addNewScheduleDistributionTest" time="0.0" classname="tests.LegacyScheduledReportTest">
    <skipped/>
  </testcase> <!-- addNewScheduleDistributionTest -->
  <testcase name="editScheduledReportTest" time="0.001" classname="tests.LegacyScheduledReportTest">
    <skipped/>
  </testcase> <!-- editScheduledReportTest -->
  <testcase name="sendNowScheduledReportTest" time="0.001" classname="tests.LegacyScheduledReportTest">
    <skipped/>
  </testcase> <!-- sendNowScheduledReportTest -->
  <testcase name="deleteScheduledReportTest" time="0.0" classname="tests.LegacyScheduledReportTest">
    <skipped/>
  </testcase> <!-- deleteScheduledReportTest -->
  <testcase name="headerLabelVerification" time="0.0" classname="tests.CallLogsTest">
    <skipped/>
  </testcase> <!-- headerLabelVerification -->
  <testcase name="runButtonVerification" time="0.0" classname="tests.CallLogsTest">
    <skipped/>
  </testcase> <!-- runButtonVerification -->
  <testcase name="presenceOfTimeZoneVerification" time="0.001" classname="tests.CallLogsTest">
    <skipped/>
  </testcase> <!-- presenceOfTimeZoneVerification -->
  <testcase name="presenceOfGearIconVerification" time="0.001" classname="tests.CallLogsTest">
    <skipped/>
  </testcase> <!-- presenceOfGearIconVerification -->
  <testcase name="gearIconOptionsVerification" time="0.001" classname="tests.CallLogsTest">
    <skipped/>
  </testcase> <!-- gearIconOptionsVerification -->
  <testcase name="tilesVerification" time="0.0" classname="tests.CallLogsTest">
    <skipped/>
  </testcase> <!-- tilesVerification -->
  <testcase name="totalCallsTileValueVerification" time="0.001" classname="tests.CallLogsTest">
    <skipped/>
  </testcase> <!-- totalCallsTileValueVerification -->
  <testcase name="uniqueCallsTileValueVerification" time="0.0" classname="tests.CallLogsTest">
    <skipped/>
  </testcase> <!-- uniqueCallsTileValueVerification -->
  <testcase name="answeredCallsTileValueVerification" time="0.0" classname="tests.CallLogsTest">
    <skipped/>
  </testcase> <!-- answeredCallsTileValueVerification -->
  <testcase name="averageCallsDurationTileValueVerification" time="0.001" classname="tests.CallLogsTest">
    <skipped/>
  </testcase> <!-- averageCallsDurationTileValueVerification -->
  <testcase name="totalLeadsTileValueVerification" time="0.0" classname="tests.CallLogsTest">
    <skipped/>
  </testcase> <!-- totalLeadsTileValueVerification -->
  <testcase name="totalConversionTileValueVerification" time="0.001" classname="tests.CallLogsTest">
    <skipped/>
  </testcase> <!-- totalConversionTileValueVerification -->
  <testcase name="presenceOfTotalCallsGraph" time="0.0" classname="tests.CallLogsTest">
    <skipped/>
  </testcase> <!-- presenceOfTotalCallsGraph -->
  <testcase name="presenceOfUniqueCallsGraph" time="0.0" classname="tests.CallLogsTest">
    <skipped/>
  </testcase> <!-- presenceOfUniqueCallsGraph -->
  <testcase name="tableColumnsTest" time="0.001" classname="tests.CallLogsTest">
    <skipped/>
  </testcase> <!-- tableColumnsTest -->
  <testcase name="filterButtonTest" time="0.0" classname="tests.CallLogsTest">
    <skipped/>
  </testcase> <!-- filterButtonTest -->
  <testcase name="filterButtonElementsTest" time="0.0" classname="tests.CallLogsTest">
    <skipped/>
  </testcase> <!-- filterButtonElementsTest -->
  <testcase name="filterFeatureForGroupTest" time="0.0" classname="tests.CallLogsTest">
    <skipped/>
  </testcase> <!-- filterFeatureForGroupTest -->
  <testcase name="filterFeatureForCampaignTest" time="0.001" classname="tests.CallLogsTest">
    <skipped/>
  </testcase> <!-- filterFeatureForCampaignTest -->
  <testcase name="footerNoteTest" time="0.0" classname="tests.CallLogsTest">
    <skipped/>
  </testcase> <!-- footerNoteTest -->
  <testcase name="presenceOfDetailedViewTileTest" time="0.0" classname="tests.CallLogsTest">
    <skipped/>
  </testcase> <!-- presenceOfDetailedViewTileTest -->
  <testcase name="detailedViewUIVerificationTest" time="0.0" classname="tests.CallLogsTest">
    <skipped/>
  </testcase> <!-- detailedViewUIVerificationTest -->
  <testcase name="headerLabelVerification" time="0.0" classname="tests.LookerTrackingNumberSettingsReportTest">
    <skipped/>
  </testcase> <!-- headerLabelVerification -->
  <testcase name="runButtonVerification" time="0.001" classname="tests.LookerTrackingNumberSettingsReportTest">
    <skipped/>
  </testcase> <!-- runButtonVerification -->
  <testcase name="presenceOfGearIconVerification" time="0.0" classname="tests.LookerTrackingNumberSettingsReportTest">
    <skipped/>
  </testcase> <!-- presenceOfGearIconVerification -->
  <testcase name="gearIconOptionsVerification" time="0.0" classname="tests.LookerTrackingNumberSettingsReportTest">
    <skipped/>
  </testcase> <!-- gearIconOptionsVerification -->
  <testcase name="presenceOfTimeZoneVerification" time="0.0" classname="tests.LookerTrackingNumberSettingsReportTest">
    <skipped/>
  </testcase> <!-- presenceOfTimeZoneVerification -->
  <testcase name="tilesVerification" time="0.001" classname="tests.LookerTrackingNumberSettingsReportTest">
    <skipped/>
  </testcase> <!-- tilesVerification -->
  <testcase name="activeCampaignCountVerification" time="0.0" classname="tests.LookerTrackingNumberSettingsReportTest">
    <skipped/>
  </testcase> <!-- activeCampaignCountVerification -->
  <testcase name="activeTrackingNumberCountVerification" time="0.0" classname="tests.LookerTrackingNumberSettingsReportTest">
    <skipped/>
  </testcase> <!-- activeTrackingNumberCountVerification -->
  <testcase name="inActiveCampaignCountVerification" time="0.0" classname="tests.LookerTrackingNumberSettingsReportTest">
    <skipped/>
  </testcase> <!-- inActiveCampaignCountVerification -->
  <testcase name="inActiveTrackingNumberCountVerification" time="0.0" classname="tests.LookerTrackingNumberSettingsReportTest">
    <skipped/>
  </testcase> <!-- inActiveTrackingNumberCountVerification -->
  <testcase name="tableColumnsTest" time="0.0" classname="tests.LookerTrackingNumberSettingsReportTest">
    <skipped/>
  </testcase> <!-- tableColumnsTest -->
  <testcase name="filterButtonTest" time="0.0" classname="tests.LookerTrackingNumberSettingsReportTest">
    <skipped/>
  </testcase> <!-- filterButtonTest -->
  <testcase name="filterButtonElementsTest" time="0.001" classname="tests.LookerTrackingNumberSettingsReportTest">
    <skipped/>
  </testcase> <!-- filterButtonElementsTest -->
  <testcase name="filterFeatureForGroupTest" time="0.0" classname="tests.LookerTrackingNumberSettingsReportTest">
    <skipped/>
  </testcase> <!-- filterFeatureForGroupTest -->
  <testcase name="filterFeatureForCampaignTest" time="0.0" classname="tests.LookerTrackingNumberSettingsReportTest">
    <skipped/>
  </testcase> <!-- filterFeatureForCampaignTest -->
  <testcase name="filterFeatureForRingToNumberTest" time="0.0" classname="tests.LookerTrackingNumberSettingsReportTest">
    <skipped/>
  </testcase> <!-- filterFeatureForRingToNumberTest -->
  <testcase name="filterFeatureForTrackingNumberNameTest" time="0.001" classname="tests.LookerTrackingNumberSettingsReportTest">
    <skipped/>
  </testcase> <!-- filterFeatureForTrackingNumberNameTest -->
  <testcase name="filterFeatureForTrackingNumberTest" time="0.0" classname="tests.LookerTrackingNumberSettingsReportTest">
    <skipped/>
  </testcase> <!-- filterFeatureForTrackingNumberTest -->
  <testcase name="filterFeatureForTrackingNumberTypeTest" time="0.0" classname="tests.LookerTrackingNumberSettingsReportTest">
    <skipped/>
  </testcase> <!-- filterFeatureForTrackingNumberTypeTest -->
  <testcase name="presenceOfDetailedViewTileTest" time="0.001" classname="tests.LookerTrackingNumberSettingsReportTest">
    <skipped/>
  </testcase> <!-- presenceOfDetailedViewTileTest -->
  <testcase name="detailedViewUIVerificationTest" time="0.0" classname="tests.LookerTrackingNumberSettingsReportTest">
    <skipped/>
  </testcase> <!-- detailedViewUIVerificationTest -->
  <testcase name="runButtonVerification" time="0.001" classname="tests.CallBackReportTest">
    <skipped/>
  </testcase> <!-- runButtonVerification -->
  <testcase name="headerLabelVerification" time="0.0" classname="tests.CallBackReportTest">
    <skipped/>
  </testcase> <!-- headerLabelVerification -->
  <testcase name="presenceOfGearIconVerification" time="0.0" classname="tests.CallBackReportTest">
    <skipped/>
  </testcase> <!-- presenceOfGearIconVerification -->
  <testcase name="gearIconOptionsVerification" time="0.001" classname="tests.CallBackReportTest">
    <skipped/>
  </testcase> <!-- gearIconOptionsVerification -->
  <testcase name="presenceOfTimeZoneVerification" time="0.0" classname="tests.CallBackReportTest">
    <skipped/>
  </testcase> <!-- presenceOfTimeZoneVerification -->
  <testcase name="tilesVerification" time="0.0" classname="tests.CallBackReportTest">
    <skipped/>
  </testcase> <!-- tilesVerification -->
  <testcase name="toalCallsCountVerification" time="0.0" classname="tests.CallBackReportTest">
    <skipped/>
  </testcase> <!-- toalCallsCountVerification -->
  <testcase name="AnsweredCallsCountVerification" time="0.0" classname="tests.CallBackReportTest">
    <skipped/>
  </testcase> <!-- AnsweredCallsCountVerification -->
  <testcase name="avgCallDurationVerification" time="0.0" classname="tests.CallBackReportTest">
    <skipped/>
  </testcase> <!-- avgCallDurationVerification -->
  <testcase name="missedOppCallsCountVerification" time="0.001" classname="tests.CallBackReportTest">
    <skipped/>
  </testcase> <!-- missedOppCallsCountVerification -->
  <testcase name="taggedAsCallBackCountVerification" time="0.0" classname="tests.CallBackReportTest">
    <skipped/>
  </testcase> <!-- taggedAsCallBackCountVerification -->
  <testcase name="presenceOfMissedOpportunityOverTimeLabelVerification" time="0.0" classname="tests.CallBackReportTest">
    <skipped/>
  </testcase> <!-- presenceOfMissedOpportunityOverTimeLabelVerification -->
  <testcase name="presenceOfMissedOpportunityOverTimeGraphVerification" time="0.0" classname="tests.CallBackReportTest">
    <skipped/>
  </testcase> <!-- presenceOfMissedOpportunityOverTimeGraphVerification -->
  <testcase name="presenceOfMissedOpportunitySummaryLabelVerification" time="0.0" classname="tests.CallBackReportTest">
    <skipped/>
  </testcase> <!-- presenceOfMissedOpportunitySummaryLabelVerification -->
  <testcase name="missedOpportunitySummaryTableColumnVerification" time="0.0" classname="tests.CallBackReportTest">
    <skipped/>
  </testcase> <!-- missedOpportunitySummaryTableColumnVerification -->
  <testcase name="presenceOfTaggedAsCallBackLabelVerification" time="0.0" classname="tests.CallBackReportTest">
    <skipped/>
  </testcase> <!-- presenceOfTaggedAsCallBackLabelVerification -->
  <testcase name="taggedAsCallBackTableColumnVerification" time="0.0" classname="tests.CallBackReportTest">
    <skipped/>
  </testcase> <!-- taggedAsCallBackTableColumnVerification -->
  <testcase name="filterButtonTest" time="0.0" classname="tests.CallBackReportTest">
    <skipped/>
  </testcase> <!-- filterButtonTest -->
  <testcase name="filterButtonElementsTest" time="0.0" classname="tests.CallBackReportTest">
    <skipped/>
  </testcase> <!-- filterButtonElementsTest -->
  <testcase name="filterFeatureForMissedOppGroupTest" time="0.001" classname="tests.CallBackReportTest">
    <skipped/>
  </testcase> <!-- filterFeatureForMissedOppGroupTest -->
  <testcase name="filterFeatureForMissedOppCampaignTest" time="0.0" classname="tests.CallBackReportTest">
    <skipped/>
  </testcase> <!-- filterFeatureForMissedOppCampaignTest -->
  <testcase name="filterFeatureForMissedOppTrackingNumberNameTest" time="0.0" classname="tests.CallBackReportTest">
    <skipped/>
  </testcase> <!-- filterFeatureForMissedOppTrackingNumberNameTest -->
  <testcase name="filterFeatureForMissedOppTrackingNumberTest" time="0.001" classname="tests.CallBackReportTest">
    <skipped/>
  </testcase> <!-- filterFeatureForMissedOppTrackingNumberTest -->
  <testcase name="filterFeatureForTaggedGroupTest" time="0.0" classname="tests.CallBackReportTest">
    <skipped/>
  </testcase> <!-- filterFeatureForTaggedGroupTest -->
  <testcase name="filterFeatureForTaggedCampaignTest" time="0.0" classname="tests.CallBackReportTest">
    <skipped/>
  </testcase> <!-- filterFeatureForTaggedCampaignTest -->
  <testcase name="filterFeatureForTaggedTrackingNumberNameTest" time="0.001" classname="tests.CallBackReportTest">
    <skipped/>
  </testcase> <!-- filterFeatureForTaggedTrackingNumberNameTest -->
  <testcase name="filterFeatureForTaggedTrackingNumberTest" time="0.0" classname="tests.CallBackReportTest">
    <skipped/>
  </testcase> <!-- filterFeatureForTaggedTrackingNumberTest -->
</testsuite> <!-- chrome test-1 -->
