<?xml version="1.0" encoding="UTF-8"?>
<!-- Generated by org.testng.reporters.JUnitXMLReporter -->
<testsuite hostname="LAPTOP-Q18VUQ5U" name="chrome test-1" tests="12" failures="0" timestamp="3 May 2020 08:05:04 GMT" time="278.535" errors="0">
  <testcase name="login_page_UI_Verification" time="2.591" classname="tests.LoginTest"/>
  <testcase name="login_with_invalidate_cred" time="8.444" classname="tests.LoginTest"/>
  <testcase name="login_with_blank_username" time="0.244" classname="tests.LoginTest"/>
  <testcase name="login_with_blank_password" time="0.354" classname="tests.LoginTest"/>
  <testcase name="login_with_inactive_user" time="0.497" classname="tests.LoginTest"/>
  <testcase name="login_with_deleted_user" time="0.525" classname="tests.LoginTest"/>
  <testcase name="login_with_blank_username_and_password" time="0.157" classname="tests.LoginTest"/>
  <testcase name="UIVerification_forgot_passowrd_page" time="3.321" classname="tests.LoginTest"/>
  <testcase name="next_button_with_no_email_ID" time="0.401" classname="tests.LoginTest"/>
  <testcase name="reset_password" time="1.613" classname="tests.LoginTest"/>
  <testcase name="rememeber_me_functinonality" time="9.068" classname="tests.LoginTest"/>
  <testcase name="validLogin" time="1.816" classname="tests.LoginTest"/>
</testsuite> <!-- chrome test-1 -->
