<?xml version="1.0" encoding="UTF-8"?>
<!-- Generated by org.testng.reporters.JUnitXMLReporter -->
<testsuite hostname="LAPTOP-Q18VUQ5U" name="chrome test-1" tests="21" failures="1" timestamp="5 May 2020 06:49:13 GMT" time="470.038" errors="0">
  <testcase name="headerLabelVerification" time="1.615" classname="tests.CallLogsTest"/>
  <testcase name="presenceOfTimeZoneVerification" time="1.32" classname="tests.CallLogsTest"/>
  <testcase name="presenceOfGearIconVerification" time="1.191" classname="tests.CallLogsTest"/>
  <testcase name="gearIconOptionsVerification" time="2.634" classname="tests.CallLogsTest"/>
  <testcase name="tilesVerification" time="16.038" classname="tests.CallLogsTest"/>
  <testcase name="totalCallsTileValueVerification" time="6.424" classname="tests.CallLogsTest"/>
  <testcase name="uniqueCallsTileValueVerification" time="6.287" classname="tests.CallLogsTest"/>
  <testcase name="answeredCallsTileValueVerification" time="6.372" classname="tests.CallLogsTest"/>
  <testcase name="averageCallsDurationTileValueVerification" time="6.298" classname="tests.CallLogsTest"/>
  <testcase name="totalLeadsTileValueVerification" time="6.498" classname="tests.CallLogsTest"/>
  <testcase name="totalConversionTileValueVerification" time="6.279" classname="tests.CallLogsTest"/>
  <testcase name="presenceOfTotalCallsGraph" time="0.137" classname="tests.CallLogsTest"/>
  <testcase name="presenceOfUniqueCallsGraph" time="0.079" classname="tests.CallLogsTest"/>
  <testcase name="tableColumnsTest" time="24.547" classname="tests.CallLogsTest"/>
  <testcase name="filterButtonTest" time="0.182" classname="tests.CallLogsTest"/>
  <testcase name="filterButtonElementsTest" time="25.31" classname="tests.CallLogsTest"/>
  <testcase name="filterFeatureForGroupTest" time="73.476" classname="tests.CallLogsTest"/>
  <testcase name="filterFeatureForCampaignTest" time="70.565" classname="tests.CallLogsTest"/>
  <testcase name="footerNoteTest" time="0.139" classname="tests.CallLogsTest"/>
  <testcase name="presenceOfDetailedViewTileTest" time="2.117" classname="tests.CallLogsTest"/>
  <testcase name="detailedViewUIVerificationTest" time="120.097" classname="tests.CallLogsTest">
    <failure type="org.openqa.selenium.TimeoutException" message="Expected condition failed: waiting for visibility of Proxy element for: DefaultElementLocator &amp;apos;By.xpath: //span[text()=&amp;apos;Detailed View&amp;apos;]//../..//preceding-sibling::div//a&amp;apos; (tried for 60 second(s) with 500 milliseconds interval)">
      <![CDATA[org.openqa.selenium.TimeoutException: Expected condition failed: waiting for visibility of Proxy element for: DefaultElementLocator 'By.xpath: //span[text()='Detailed View']//../..//preceding-sibling::div//a' (tried for 60 second(s) with 500 milliseconds interval)
	at org.openqa.selenium.support.ui.WebDriverWait.timeoutException(WebDriverWait.java:81)
	at org.openqa.selenium.support.ui.FluentWait.until(FluentWait.java:271)
	at pom.CallLogsReportPage.detailedViewUIVerification(CallLogsReportPage.java:441)
	at tests.CallLogsTest.detailedViewUIVerificationTest(CallLogsTest.java:209)
	at java.util.concurrent.FutureTask.run(FutureTask.java:266)
	at java.util.concurrent.ThreadPoolExecutor.runWorker(ThreadPoolExecutor.java:1149)
	at java.util.concurrent.ThreadPoolExecutor$Worker.run(ThreadPoolExecutor.java:624)
	at java.lang.Thread.run(Thread.java:748)
Caused by: org.openqa.selenium.NoSuchElementException: no such element: Unable to locate element: {"method":"xpath","selector":"//span[text()='Detailed View']//../..//preceding-sibling::div//a"}
  (Session info: chrome=81.0.4044.129)
  (Driver info: chromedriver=2.36.540470 (e522d04694c7ebea4ba8821272dbef4f9b818c91),platform=Windows NT 10.0.18362 x86_64) (WARNING: The server did not provide any stacktrace information)
Command duration or timeout: 0 milliseconds
For documentation on this error, please visit: http://seleniumhq.org/exceptions/no_such_element.html
Build info: version: '3.11.0', revision: 'e59cfb3', time: '2018-03-11T20:26:55.152Z'
System info: host: 'LAPTOP-Q18VUQ5U', ip: '5.5.17.108', os.name: 'Windows 10', os.arch: 'amd64', os.version: '10.0', java.version: '1.8.0_152'
Driver info: org.openqa.selenium.chrome.ChromeDriver
Capabilities {acceptInsecureCerts: false, acceptSslCerts: false, applicationCacheEnabled: false, browserConnectionEnabled: false, browserName: chrome, chrome: {chromedriverVersion: 2.36.540470 (e522d04694c7eb..., userDataDir: C:\Users\PREETI~1\AppData\L...}, cssSelectorsEnabled: true, databaseEnabled: false, handlesAlerts: true, hasTouchScreen: false, javascriptEnabled: true, locationContextEnabled: true, mobileEmulationEnabled: false, nativeEvents: true, networkConnectionEnabled: false, pageLoadStrategy: normal, platform: XP, platformName: XP, rotatable: false, setWindowRect: true, takesHeapSnapshot: true, takesScreenshot: true, unexpectedAlertBehaviour: , unhandledPromptBehavior: , version: 81.0.4044.129, webStorageEnabled: true}
Session ID: 494ea19294dfbcc43240fcaa676095b6
*** Element info: {Using=xpath, value=//span[text()='Detailed View']//../..//preceding-sibling::div//a}
	at org.openqa.selenium.remote.ErrorHandler.createThrowable(ErrorHandler.java:214)
	at org.openqa.selenium.remote.ErrorHandler.throwIfResponseFailed(ErrorHandler.java:166)
	at org.openqa.selenium.remote.http.JsonHttpResponseCodec.reconstructValue(JsonHttpResponseCodec.java:40)
	at org.openqa.selenium.remote.http.AbstractHttpResponseCodec.decode(AbstractHttpResponseCodec.java:80)
	at org.openqa.selenium.remote.http.AbstractHttpResponseCodec.decode(AbstractHttpResponseCodec.java:44)
	at org.openqa.selenium.remote.HttpCommandExecutor.execute(HttpCommandExecutor.java:158)
	at org.openqa.selenium.remote.service.DriverCommandExecutor.execute(DriverCommandExecutor.java:83)
	at org.openqa.selenium.remote.RemoteWebDriver.execute(RemoteWebDriver.java:545)
	at org.openqa.selenium.remote.RemoteWebDriver.findElement(RemoteWebDriver.java:319)
	at org.openqa.selenium.remote.RemoteWebDriver.findElementByXPath(RemoteWebDriver.java:421)
	at org.openqa.selenium.By$ByXPath.findElement(By.java:361)
	at org.openqa.selenium.remote.RemoteWebDriver.findElement(RemoteWebDriver.java:311)
	at org.openqa.selenium.support.pagefactory.DefaultElementLocator.findElement(DefaultElementLocator.java:69)
	at org.openqa.selenium.support.pagefactory.internal.LocatingElementHandler.invoke(LocatingElementHandler.java:38)
	at com.sun.proxy.$Proxy16.isDisplayed(Unknown Source)
	at org.openqa.selenium.support.ui.ExpectedConditions.elementIfVisible(ExpectedConditions.java:315)
	at org.openqa.selenium.support.ui.ExpectedConditions.access$100(ExpectedConditions.java:44)
	at org.openqa.selenium.support.ui.ExpectedConditions$10.apply(ExpectedConditions.java:301)
	at org.openqa.selenium.support.ui.ExpectedConditions$10.apply(ExpectedConditions.java:298)
	at org.openqa.selenium.support.ui.FluentWait.until(FluentWait.java:248)
	... 22 more
... Removed 20 stack frames]]>
    </failure>
  </testcase> <!-- detailedViewUIVerificationTest -->
</testsuite> <!-- chrome test-1 -->
