<?xml version="1.0" encoding="UTF-8"?>
<!-- Generated by org.testng.reporters.JUnitXMLReporter -->
<testsuite hostname="LAPTOP-Q18VUQ5U" name="chrome test-1" tests="131" failures="8" timestamp="14 Apr 2020 12:15:41 GMT" time="3423.093" errors="0">
  <testcase name="login_page_UI_Verification" time="0.338" classname="tests.LoginTest"/>
  <testcase name="login_with_invalidate_cred" time="1.165" classname="tests.LoginTest"/>
  <testcase name="login_with_blank_username" time="0.305" classname="tests.LoginTest"/>
  <testcase name="login_with_blank_password" time="0.441" classname="tests.LoginTest"/>
  <testcase name="login_with_inactive_user" time="0.655" classname="tests.LoginTest"/>
  <testcase name="login_with_deleted_user" time="0.679" classname="tests.LoginTest"/>
  <testcase name="login_with_blank_username_and_password" time="0.203" classname="tests.LoginTest"/>
  <testcase name="UIVerification_forgot_passowrd_page" time="2.807" classname="tests.LoginTest"/>
  <testcase name="next_button_with_no_email_ID" time="0.425" classname="tests.LoginTest"/>
  <testcase name="reset_password" time="1.167" classname="tests.LoginTest"/>
  <testcase name="rememeber_me_functinonality" time="5.33" classname="tests.LoginTest"/>
  <testcase name="validLogin" time="1.775" classname="tests.LoginTest"/>
  <testcase name="ui_verification" time="9.14" classname="tests.HomeTest"/>
  <testcase name="tiles_count_verification_UI" time="10.884" classname="tests.HomeTest">
    <failure type="java.lang.AssertionError" message="The following asserts failed:
	total_call_count_from_ui is not matching with db expected [true] but found [false]">
      <![CDATA[java.lang.AssertionError: The following asserts failed:
	total_call_count_from_ui is not matching with db expected [true] but found [false]
	at pom.HomePage.tilesCount(HomePage.java:493)
	at tests.HomeTest.tiles_count_verification_UI(HomeTest.java:55)
	at java.util.concurrent.FutureTask.run(Unknown Source)
	at java.util.concurrent.ThreadPoolExecutor.runWorker(Unknown Source)
	at java.util.concurrent.ThreadPoolExecutor$Worker.run(Unknown Source)
	at java.lang.Thread.run(Unknown Source)
... Removed 17 stack frames]]>
    </failure>
  </testcase> <!-- tiles_count_verification_UI -->
  <testcase name="CampaignAndTrackingNumberPage_UI_Verification" time="9.114" classname="tests.CamapignUIVerificationTest"/>
  <testcase name="defaultColumnsDisplayed" time="9.945" classname="tests.CamapignUIVerificationTest"/>
  <testcase name="allColumnsDisplayed" time="78.012" classname="tests.CamapignUIVerificationTest"/>
  <testcase name="campaignBuilderPage_UI_Verification" time="7.168" classname="tests.CampaignTests"/>
  <testcase name="campaignDefaultOwnerValidation" time="7.423" classname="tests.CampaignTests"/>
  <testcase name="campaign_Creation_Without_externalID" time="8.246" classname="tests.CampaignTests"/>
  <testcase name="campaign_updation_Without_externalID" time="39.25" classname="tests.CampaignTests"/>
  <testcase name="campaign_deletion_Without_externalID" time="6.827" classname="tests.CampaignTests"/>
  <testcase name="campaign_Creation_With_externalID" time="11.473" classname="tests.CampaignTests"/>
  <testcase name="campaign_updation_With_externalID" time="40.623" classname="tests.CampaignTests"/>
  <testcase name="campaign_deletion_With_externalID" time="5.696" classname="tests.CampaignTests"/>
  <testcase name="campaignCreationWithFutureStartDateAndNeverEndDate" time="12.239" classname="tests.CampaignTests"/>
  <testcase name="campaignUpdationWithFutureStartDateAndNeverEndDate" time="41.106" classname="tests.CampaignTests"/>
  <testcase name="campaign_deletion_With_futureStartDate" time="5.58" classname="tests.CampaignTests"/>
  <testcase name="campaignCreationWithFutureStartDateAndFutureEndDate" time="12.532" classname="tests.CampaignTests"/>
  <testcase name="campaignUpdationWithFutureStartDateAndFutureEndDate" time="42.158" classname="tests.CampaignTests"/>
  <testcase name="campaign_deletion_With_futureStartDateAndFutureEndDate" time="5.509" classname="tests.CampaignTests"/>
  <testcase name="campaignCreationWithPastTime" time="8.619" classname="tests.CampaignTests"/>
  <testcase name="trakingNumberPageUIVerification" time="180.724" classname="tests.TrackingNumberTest"/>
  <testcase name="simpleTrakingNumberCreation" time="86.527" classname="tests.TrackingNumberTest"/>
  <testcase name="simpleTrakingNumberUpdation" time="8.266" classname="tests.TrackingNumberTest"/>
  <testcase name="simpleTrakingNumberDeletion" time="7.066" classname="tests.TrackingNumberTest"/>
  <testcase name="numberPoolCreation" time="105.981" classname="tests.TrackingNumberTest"/>
  <testcase name="numberPoolUpdation" time="8.239" classname="tests.TrackingNumberTest"/>
  <testcase name="numberPoolDeletion" time="8.528" classname="tests.TrackingNumberTest"/>
  <testcase name="reserveNumberCreation" time="24.134" classname="tests.TrackingNumberTest"/>
  <testcase name="reserveNumberUpdation" time="7.811" classname="tests.TrackingNumberTest"/>
  <testcase name="reserveNumberDeletion" time="6.797" classname="tests.TrackingNumberTest"/>
  <testcase name="GeoRouteTrakingNumberCreation" time="85.376" classname="tests.TrackingNumberTest"/>
  <testcase name="GeoRouteTrakingNumberDeletion" time="6.848" classname="tests.TrackingNumberTest"/>
  <testcase name="percentTrakingNumberCreation" time="86.188" classname="tests.TrackingNumberTest"/>
  <testcase name="percentTrakingNumberDeletion" time="7.066" classname="tests.TrackingNumberTest"/>
  <testcase name="outboundTrakingNumberCreation" time="78.341" classname="tests.TrackingNumberTest"/>
  <testcase name="outboundTrakingNumberDeletion" time="7.103" classname="tests.TrackingNumberTest"/>
  <testcase name="hangupTrakingNumberCreation" time="77.393" classname="tests.TrackingNumberTest"/>
  <testcase name="hangupTrakingNumberDeletion" time="7.174" classname="tests.TrackingNumberTest"/>
  <testcase name="voicemailTrakingNumberCreation" time="75.529" classname="tests.TrackingNumberTest"/>
  <testcase name="voicemailTrakingNumberDeletion" time="8.756" classname="tests.TrackingNumberTest"/>
  <testcase name="scheduleTrakingNumberCreation" time="86.937" classname="tests.TrackingNumberTest"/>
  <testcase name="scheduleTrakingNumberDeletion" time="7.128" classname="tests.TrackingNumberTest"/>
  <testcase name="IVRCreation" time="470.731" classname="tests.TrackingNumberTest"/>
  <testcase name="IVRDeletion" time="7.361" classname="tests.TrackingNumberTest"/>
  <testcase name="uiVerification" time="6.182" classname="tests.CallDetailReportTest"/>
  <testcase name="paginationUI" time="0.189" classname="tests.CallDetailReportTest"/>
  <testcase name="paginationCount" time="1.187" classname="tests.CallDetailReportTest"/>
  <testcase name="tableCount" time="1.202" classname="tests.CallDetailReportTest"/>
  <testcase name="defaultColumnPickerOptions" time="18.003" classname="tests.CallDetailReportTest"/>
  <testcase name="defaultColumnsDisplayed" time="6.555" classname="tests.CallDetailReportTest"/>
  <testcase name="allColumnPickerCheckboxesClickable" time="2.407" classname="tests.CallDetailReportTest"/>
  <testcase name="columnPickerFeature" time="34.689" classname="tests.CallDetailReportTest"/>
  <testcase name="advancedFilterUI" time="34.03" classname="tests.CallDetailReportTest"/>
  <testcase name="basicFilterForAdSource" time="8.421" classname="tests.CallDetailReportTest"/>
  <testcase name="basicFilterForCaller_ID" time="3.671" classname="tests.CallDetailReportTest"/>
  <testcase name="basicFilterForTrackingNumber" time="5.6" classname="tests.CallDetailReportTest"/>
  <testcase name="basicFilterForDuration" time="9.825" classname="tests.CallDetailReportTest"/>
  <testcase name="basicFilterForGroupName" time="15.705" classname="tests.CallDetailReportTest"/>
  <testcase name="basicFilterForDisposition" time="15.326" classname="tests.CallDetailReportTest"/>
  <testcase name="advancedFilterForCallerID" time="5.238" classname="tests.CallDetailReportTest"/>
  <testcase name="advancedFilterForDuration" time="4.604" classname="tests.CallDetailReportTest"/>
  <testcase name="advancedFilterForGroupName" time="15.209" classname="tests.CallDetailReportTest"/>
  <testcase name="advancedFilterForLineType" time="14.703" classname="tests.CallDetailReportTest"/>
  <testcase name="dateRangeFilterForToday" time="3.043" classname="tests.CallDetailReportTest">
    <failure type="java.lang.NullPointerException">
      <![CDATA[java.lang.NullPointerException
	at pom.CallDetailsReport_Page.dateRangeFilter(CallDetailsReport_Page.java:687)
	at tests.CallDetailReportTest.dateRangeFilterForToday(CallDetailReportTest.java:232)
	at java.util.concurrent.FutureTask.run(Unknown Source)
	at java.util.concurrent.ThreadPoolExecutor.runWorker(Unknown Source)
	at java.util.concurrent.ThreadPoolExecutor$Worker.run(Unknown Source)
	at java.lang.Thread.run(Unknown Source)
... Removed 16 stack frames]]>
    </failure>
  </testcase> <!-- dateRangeFilterForToday -->
  <testcase name="dateRangeFilterForYesterday" time="2.471" classname="tests.CallDetailReportTest">
    <failure type="java.lang.NullPointerException">
      <![CDATA[java.lang.NullPointerException
	at pom.CallDetailsReport_Page.dateRangeFilter(CallDetailsReport_Page.java:687)
	at tests.CallDetailReportTest.dateRangeFilterForYesterday(CallDetailReportTest.java:242)
	at java.util.concurrent.FutureTask.run(Unknown Source)
	at java.util.concurrent.ThreadPoolExecutor.runWorker(Unknown Source)
	at java.util.concurrent.ThreadPoolExecutor$Worker.run(Unknown Source)
	at java.lang.Thread.run(Unknown Source)
... Removed 16 stack frames]]>
    </failure>
  </testcase> <!-- dateRangeFilterForYesterday -->
  <testcase name="dateRangeFilterForLast7days" time="3.958" classname="tests.CallDetailReportTest">
    <failure type="java.lang.NullPointerException">
      <![CDATA[java.lang.NullPointerException
	at pom.CallDetailsReport_Page.dateRangeFilter(CallDetailsReport_Page.java:687)
	at tests.CallDetailReportTest.dateRangeFilterForLast7days(CallDetailReportTest.java:252)
	at java.util.concurrent.FutureTask.run(Unknown Source)
	at java.util.concurrent.ThreadPoolExecutor.runWorker(Unknown Source)
	at java.util.concurrent.ThreadPoolExecutor$Worker.run(Unknown Source)
	at java.lang.Thread.run(Unknown Source)
... Removed 16 stack frames]]>
    </failure>
  </testcase> <!-- dateRangeFilterForLast7days -->
  <testcase name="dateRangeFilterForLast30days" time="7.043" classname="tests.CallDetailReportTest">
    <failure type="java.lang.NullPointerException">
      <![CDATA[java.lang.NullPointerException
	at pom.CallDetailsReport_Page.dateRangeFilter(CallDetailsReport_Page.java:687)
	at tests.CallDetailReportTest.dateRangeFilterForLast30days(CallDetailReportTest.java:262)
	at java.util.concurrent.FutureTask.run(Unknown Source)
	at java.util.concurrent.ThreadPoolExecutor.runWorker(Unknown Source)
	at java.util.concurrent.ThreadPoolExecutor$Worker.run(Unknown Source)
	at java.lang.Thread.run(Unknown Source)
... Removed 16 stack frames]]>
    </failure>
  </testcase> <!-- dateRangeFilterForLast30days -->
  <testcase name="audioPlayerOpen" time="0.6" classname="tests.CallDetailReportTest"/>
  <testcase name="informationTagOpen" time="0.634" classname="tests.CallDetailReportTest"/>
  <testcase name="infoSectionUIVerification" time="1.393" classname="tests.CallDetailReportTest"/>
  <testcase name="commentSectionUIVerification" time="0.811" classname="tests.CallDetailReportTest"/>
  <testcase name="tagSectionUIVerification" time="0.549" classname="tests.CallDetailReportTest"/>
  <testcase name="emailCallSectionUIVerification" time="1.493" classname="tests.CallDetailReportTest"/>
  <testcase name="emailCallFeature" time="5.646" classname="tests.CallDetailReportTest"/>
  <testcase name="uiVerification" time="9.298" classname="tests.TrackingNumberSettingsTest"/>
  <testcase name="paginationUIVerification" time="0.146" classname="tests.TrackingNumberSettingsTest"/>
  <testcase name="paginationCount" time="1.17" classname="tests.TrackingNumberSettingsTest"/>
  <testcase name="tableCount" time="5.111" classname="tests.TrackingNumberSettingsTest"/>
  <testcase name="defaultColumnPickerOptions" time="17.307" classname="tests.TrackingNumberSettingsTest"/>
  <testcase name="defaultColumnsDisplayed" time="10.167" classname="tests.TrackingNumberSettingsTest"/>
  <testcase name="allColumnPickerCheckboxesClickable" time="2.799" classname="tests.TrackingNumberSettingsTest"/>
  <testcase name="columnPickerFeature" time="31.127" classname="tests.TrackingNumberSettingsTest"/>
  <testcase name="advancedFilterUI" time="30.215" classname="tests.TrackingNumberSettingsTest"/>
  <testcase name="basicFilterFeatureForTrackingNumber" time="10.719" classname="tests.TrackingNumberSettingsTest"/>
  <testcase name="basicFilterFeatureForType" time="133.573" classname="tests.TrackingNumberSettingsTest"/>
  <testcase name="basicFilterFeatureForGroupName" time="123.812" classname="tests.TrackingNumberSettingsTest">
    <failure type="org.openqa.selenium.TimeoutException" message="Expected condition failed: waiting for visibility of Proxy element for: DefaultElementLocator &amp;apos;By.xpath: //span[@class=&amp;apos;pull-left ng-binding&amp;apos;][contains(text(),&amp;apos;Showing&amp;apos;)]&amp;apos; (tried for 60 second(s) with 500 milliseconds interval)">
      <![CDATA[org.openqa.selenium.TimeoutException: Expected condition failed: waiting for visibility of Proxy element for: DefaultElementLocator 'By.xpath: //span[@class='pull-left ng-binding'][contains(text(),'Showing')]' (tried for 60 second(s) with 500 milliseconds interval)
	at org.openqa.selenium.support.ui.WebDriverWait.timeoutException(WebDriverWait.java:81)
	at org.openqa.selenium.support.ui.FluentWait.until(FluentWait.java:271)
	at pom.TrackingNumberSettingsReport_Page.basicFilterFeature(TrackingNumberSettingsReport_Page.java:401)
	at tests.TrackingNumberSettingsTest.basicFilterFeatureForGroupName(TrackingNumberSettingsTest.java:151)
	at java.util.concurrent.FutureTask.run(Unknown Source)
	at java.util.concurrent.ThreadPoolExecutor.runWorker(Unknown Source)
	at java.util.concurrent.ThreadPoolExecutor$Worker.run(Unknown Source)
	at java.lang.Thread.run(Unknown Source)
Caused by: org.openqa.selenium.NoSuchElementException: no such element: Unable to locate element: {"method":"xpath","selector":"//span[@class='pull-left ng-binding'][contains(text(),'Showing')]"}
  (Session info: chrome=80.0.3987.163)
  (Driver info: chromedriver=2.36.540470 (e522d04694c7ebea4ba8821272dbef4f9b818c91),platform=Windows NT 10.0.18362 x86_64) (WARNING: The server did not provide any stacktrace information)
Command duration or timeout: 0 milliseconds
For documentation on this error, please visit: http://seleniumhq.org/exceptions/no_such_element.html
Build info: version: '3.11.0', revision: 'e59cfb3', time: '2018-03-11T20:26:55.152Z'
System info: host: 'LAPTOP-Q18VUQ5U', ip: '5.5.26.186', os.name: 'Windows 10', os.arch: 'amd64', os.version: '10.0', java.version: '1.8.0_201'
Driver info: org.openqa.selenium.chrome.ChromeDriver
Capabilities {acceptInsecureCerts: false, acceptSslCerts: false, applicationCacheEnabled: false, browserConnectionEnabled: false, browserName: chrome, chrome: {chromedriverVersion: 2.36.540470 (e522d04694c7eb..., userDataDir: C:\Users\PREETI~1\AppData\L...}, cssSelectorsEnabled: true, databaseEnabled: false, handlesAlerts: true, hasTouchScreen: false, javascriptEnabled: true, locationContextEnabled: true, mobileEmulationEnabled: false, nativeEvents: true, networkConnectionEnabled: false, pageLoadStrategy: normal, platform: XP, platformName: XP, rotatable: false, setWindowRect: true, takesHeapSnapshot: true, takesScreenshot: true, unexpectedAlertBehaviour: , unhandledPromptBehavior: , version: 80.0.3987.163, webStorageEnabled: true}
Session ID: 22d5c50d3fdf84183fc288eb1c239505
*** Element info: {Using=xpath, value=//span[@class='pull-left ng-binding'][contains(text(),'Showing')]}
	at org.openqa.selenium.remote.ErrorHandler.createThrowable(ErrorHandler.java:214)
	at org.openqa.selenium.remote.ErrorHandler.throwIfResponseFailed(ErrorHandler.java:166)
	at org.openqa.selenium.remote.http.JsonHttpResponseCodec.reconstructValue(JsonHttpResponseCodec.java:40)
	at org.openqa.selenium.remote.http.AbstractHttpResponseCodec.decode(AbstractHttpResponseCodec.java:80)
	at org.openqa.selenium.remote.http.AbstractHttpResponseCodec.decode(AbstractHttpResponseCodec.java:44)
	at org.openqa.selenium.remote.HttpCommandExecutor.execute(HttpCommandExecutor.java:158)
	at org.openqa.selenium.remote.service.DriverCommandExecutor.execute(DriverCommandExecutor.java:83)
	at org.openqa.selenium.remote.RemoteWebDriver.execute(RemoteWebDriver.java:545)
	at org.openqa.selenium.remote.RemoteWebDriver.findElement(RemoteWebDriver.java:319)
	at org.openqa.selenium.remote.RemoteWebDriver.findElementByXPath(RemoteWebDriver.java:421)
	at org.openqa.selenium.By$ByXPath.findElement(By.java:361)
	at org.openqa.selenium.remote.RemoteWebDriver.findElement(RemoteWebDriver.java:311)
	at org.openqa.selenium.support.pagefactory.DefaultElementLocator.findElement(DefaultElementLocator.java:69)
	at org.openqa.selenium.support.pagefactory.internal.LocatingElementHandler.invoke(LocatingElementHandler.java:38)
	at com.sun.proxy.$Proxy16.isDisplayed(Unknown Source)
	at org.openqa.selenium.support.ui.ExpectedConditions.elementIfVisible(ExpectedConditions.java:315)
	at org.openqa.selenium.support.ui.ExpectedConditions.access$100(ExpectedConditions.java:44)
	at org.openqa.selenium.support.ui.ExpectedConditions$10.apply(ExpectedConditions.java:301)
	at org.openqa.selenium.support.ui.ExpectedConditions$10.apply(ExpectedConditions.java:298)
	at org.openqa.selenium.support.ui.FluentWait.until(FluentWait.java:248)
	... 22 more
... Removed 20 stack frames]]>
    </failure>
  </testcase> <!-- basicFilterFeatureForGroupName -->
  <testcase name="basicFilterFeatureForAdSource" time="7.741" classname="tests.TrackingNumberSettingsTest"/>
  <testcase name="basicFilterFeatureForCampaignName" time="8.558" classname="tests.TrackingNumberSettingsTest"/>
  <testcase name="advancedFilterForTrackingNumber" time="3.063" classname="tests.TrackingNumberSettingsTest"/>
  <testcase name="advancedFilterForCampaignName" time="7.517" classname="tests.TrackingNumberSettingsTest"/>
  <testcase name="advancedFilterForGroupName" time="122.816" classname="tests.TrackingNumberSettingsTest">
    <failure type="org.openqa.selenium.TimeoutException" message="Expected condition failed: waiting for visibility of Proxy element for: DefaultElementLocator &amp;apos;By.xpath: //span[@class=&amp;apos;pull-left ng-binding&amp;apos;][contains(text(),&amp;apos;Showing&amp;apos;)]&amp;apos; (tried for 60 second(s) with 500 milliseconds interval)">
      <![CDATA[org.openqa.selenium.TimeoutException: Expected condition failed: waiting for visibility of Proxy element for: DefaultElementLocator 'By.xpath: //span[@class='pull-left ng-binding'][contains(text(),'Showing')]' (tried for 60 second(s) with 500 milliseconds interval)
	at org.openqa.selenium.support.ui.WebDriverWait.timeoutException(WebDriverWait.java:81)
	at org.openqa.selenium.support.ui.FluentWait.until(FluentWait.java:271)
	at pom.TrackingNumberSettingsReport_Page.advancedFilterFeature(TrackingNumberSettingsReport_Page.java:466)
	at tests.TrackingNumberSettingsTest.advancedFilterForGroupName(TrackingNumberSettingsTest.java:190)
	at java.util.concurrent.FutureTask.run(Unknown Source)
	at java.util.concurrent.ThreadPoolExecutor.runWorker(Unknown Source)
	at java.util.concurrent.ThreadPoolExecutor$Worker.run(Unknown Source)
	at java.lang.Thread.run(Unknown Source)
Caused by: org.openqa.selenium.NoSuchElementException: no such element: Unable to locate element: {"method":"xpath","selector":"//span[@class='pull-left ng-binding'][contains(text(),'Showing')]"}
  (Session info: chrome=80.0.3987.163)
  (Driver info: chromedriver=2.36.540470 (e522d04694c7ebea4ba8821272dbef4f9b818c91),platform=Windows NT 10.0.18362 x86_64) (WARNING: The server did not provide any stacktrace information)
Command duration or timeout: 0 milliseconds
For documentation on this error, please visit: http://seleniumhq.org/exceptions/no_such_element.html
Build info: version: '3.11.0', revision: 'e59cfb3', time: '2018-03-11T20:26:55.152Z'
System info: host: 'LAPTOP-Q18VUQ5U', ip: '5.5.26.186', os.name: 'Windows 10', os.arch: 'amd64', os.version: '10.0', java.version: '1.8.0_201'
Driver info: org.openqa.selenium.chrome.ChromeDriver
Capabilities {acceptInsecureCerts: false, acceptSslCerts: false, applicationCacheEnabled: false, browserConnectionEnabled: false, browserName: chrome, chrome: {chromedriverVersion: 2.36.540470 (e522d04694c7eb..., userDataDir: C:\Users\PREETI~1\AppData\L...}, cssSelectorsEnabled: true, databaseEnabled: false, handlesAlerts: true, hasTouchScreen: false, javascriptEnabled: true, locationContextEnabled: true, mobileEmulationEnabled: false, nativeEvents: true, networkConnectionEnabled: false, pageLoadStrategy: normal, platform: XP, platformName: XP, rotatable: false, setWindowRect: true, takesHeapSnapshot: true, takesScreenshot: true, unexpectedAlertBehaviour: , unhandledPromptBehavior: , version: 80.0.3987.163, webStorageEnabled: true}
Session ID: 22d5c50d3fdf84183fc288eb1c239505
*** Element info: {Using=xpath, value=//span[@class='pull-left ng-binding'][contains(text(),'Showing')]}
	at org.openqa.selenium.remote.ErrorHandler.createThrowable(ErrorHandler.java:214)
	at org.openqa.selenium.remote.ErrorHandler.throwIfResponseFailed(ErrorHandler.java:166)
	at org.openqa.selenium.remote.http.JsonHttpResponseCodec.reconstructValue(JsonHttpResponseCodec.java:40)
	at org.openqa.selenium.remote.http.AbstractHttpResponseCodec.decode(AbstractHttpResponseCodec.java:80)
	at org.openqa.selenium.remote.http.AbstractHttpResponseCodec.decode(AbstractHttpResponseCodec.java:44)
	at org.openqa.selenium.remote.HttpCommandExecutor.execute(HttpCommandExecutor.java:158)
	at org.openqa.selenium.remote.service.DriverCommandExecutor.execute(DriverCommandExecutor.java:83)
	at org.openqa.selenium.remote.RemoteWebDriver.execute(RemoteWebDriver.java:545)
	at org.openqa.selenium.remote.RemoteWebDriver.findElement(RemoteWebDriver.java:319)
	at org.openqa.selenium.remote.RemoteWebDriver.findElementByXPath(RemoteWebDriver.java:421)
	at org.openqa.selenium.By$ByXPath.findElement(By.java:361)
	at org.openqa.selenium.remote.RemoteWebDriver.findElement(RemoteWebDriver.java:311)
	at org.openqa.selenium.support.pagefactory.DefaultElementLocator.findElement(DefaultElementLocator.java:69)
	at org.openqa.selenium.support.pagefactory.internal.LocatingElementHandler.invoke(LocatingElementHandler.java:38)
	at com.sun.proxy.$Proxy16.isDisplayed(Unknown Source)
	at org.openqa.selenium.support.ui.ExpectedConditions.elementIfVisible(ExpectedConditions.java:315)
	at org.openqa.selenium.support.ui.ExpectedConditions.access$100(ExpectedConditions.java:44)
	at org.openqa.selenium.support.ui.ExpectedConditions$10.apply(ExpectedConditions.java:301)
	at org.openqa.selenium.support.ui.ExpectedConditions$10.apply(ExpectedConditions.java:298)
	at org.openqa.selenium.support.ui.FluentWait.until(FluentWait.java:248)
	... 22 more
... Removed 20 stack frames]]>
    </failure>
  </testcase> <!-- advancedFilterForGroupName -->
  <testcase name="advancedFilterForTrackingNumberName" time="53.857" classname="tests.TrackingNumberSettingsTest"/>
  <testcase name="uiVerification" time="3.716" classname="tests.GroupActivityReportTest"/>
  <testcase name="dateRangeFilterUIVerification" time="2.944" classname="tests.GroupActivityReportTest"/>
  <testcase name="tileCountVerification" time="16.023" classname="tests.GroupActivityReportTest">
    <failure type="java.lang.AssertionError" message="The following asserts failed:
	total_call_count_from_ui is not matching with db expected [true] but found [false]">
      <![CDATA[java.lang.AssertionError: The following asserts failed:
	total_call_count_from_ui is not matching with db expected [true] but found [false]
	at pom.GroupActivityReportsPage.tileCountVerification(GroupActivityReportsPage.java:429)
	at tests.GroupActivityReportTest.tileCountVerification(GroupActivityReportTest.java:66)
	at java.util.concurrent.FutureTask.run(Unknown Source)
	at java.util.concurrent.ThreadPoolExecutor.runWorker(Unknown Source)
	at java.util.concurrent.ThreadPoolExecutor$Worker.run(Unknown Source)
	at java.lang.Thread.run(Unknown Source)
... Removed 17 stack frames]]>
    </failure>
  </testcase> <!-- tileCountVerification -->
  <testcase name="secondaryGroupingOptions" time="0.248" classname="tests.GroupActivityReportTest"/>
  <testcase name="tableCountVerification" time="1.124" classname="tests.GroupActivityReportTest"/>
  <testcase name="paginationToolboxUIVerification" time="0.013" classname="tests.GroupActivityReportTest"/>
  <testcase name="paginationCountVerification" time="0.013" classname="tests.GroupActivityReportTest"/>
  <testcase name="defaultColumnPickerOptions" time="5.144" classname="tests.GroupActivityReportTest"/>
  <testcase name="defaultColumnsDisplayed" time="2.136" classname="tests.GroupActivityReportTest"/>
  <testcase name="allColumnPickerCheckboxesClickable" time="1.186" classname="tests.GroupActivityReportTest"/>
  <testcase name="defaultSecondaryGroupingOption" time="0.09" classname="tests.GroupActivityReportTest"/>
  <testcase name="secondaryGroupingFeatureForNone" time="9.098" classname="tests.GroupActivityReportTest"/>
  <testcase name="secondaryGroupingFeatureForTrackingNumber" time="14.994" classname="tests.GroupActivityReportTest"/>
  <testcase name="secondaryGroupingFeatureForCampaign" time="14.247" classname="tests.GroupActivityReportTest"/>
  <testcase name="secondaryGroupingFeatureForCampaignColumn" time="13.037" classname="tests.GroupActivityReportTest"/>
  <testcase name="secondaryGroupingFeatureForTrackingumberColumn" time="12.857" classname="tests.GroupActivityReportTest"/>
  <testcase name="advancedFilterUI" time="6.663" classname="tests.GroupActivityReportTest"/>
  <testcase name="basicFilterForGroupName" time="8.103" classname="tests.GroupActivityReportTest"/>
  <testcase name="advancedFilterForGroupName" time="3.974" classname="tests.GroupActivityReportTest"/>
  <testcase name="advancedFilterForAnweredCalls" time="9.687" classname="tests.GroupActivityReportTest"/>
  <testcase name="advancedFilterForCalls" time="11.526" classname="tests.GroupActivityReportTest"/>
  <testcase name="advancedFilterForLeads" time="10.494" classname="tests.GroupActivityReportTest"/>
  <testcase name="advancedFilterForConversion" time="10.924" classname="tests.GroupActivityReportTest"/>
  <testcase name="dateRangeFilterForToday" time="2.683" classname="tests.GroupActivityReportTest"/>
  <testcase name="dateRangeFilterForYesterday" time="2.68" classname="tests.GroupActivityReportTest"/>
  <testcase name="dateRangeFilterForLast7Days" time="2.537" classname="tests.GroupActivityReportTest"/>
  <testcase name="dateRangeFilterForLast30Days" time="2.559" classname="tests.GroupActivityReportTest"/>
</testsuite> <!-- chrome test-1 -->
