<?xml version="1.0" encoding="UTF-8"?>
<!-- Generated by org.testng.reporters.JUnitXMLReporter -->
<testsuite hostname="LAPTOP-Q18VUQ5U" name="chrome test" tests="3" failures="0" timestamp="12 Feb 2020 08:40:48 GMT" time="149.067" errors="0">
  <testcase name="CampaignAndTrackingNumberPage_UI_Verification" time="8.854" classname="tests.CamapignUIVerificationTest"/>
  <testcase name="defaultColumnsDisplayed" time="10.446" classname="tests.CamapignUIVerificationTest"/>
  <testcase name="allColumnsDisplayed" time="71.108" classname="tests.CamapignUIVerificationTest"/>
</testsuite> <!-- chrome test -->
