<?xml version="1.0" encoding="UTF-8"?>
<!-- Generated by org.testng.reporters.JUnitXMLReporter -->
<testsuite hostname="LAPTOP-Q18VUQ5U" name="chrome test-1" tests="27" failures="0" timestamp="9 Apr 2020 12:49:33 GMT" time="213.199" errors="0">
  <testcase name="uiVerification" time="3.668" classname="tests.GroupActivityReportTest"/>
  <testcase name="dateRangeFilterUIVerification" time="3.812" classname="tests.GroupActivityReportTest"/>
  <testcase name="tileCountVerification" time="7.467" classname="tests.GroupActivityReportTest"/>
  <testcase name="secondaryGroupingOptions" time="0.417" classname="tests.GroupActivityReportTest"/>
  <testcase name="tableCountVerification" time="1.265" classname="tests.GroupActivityReportTest"/>
  <testcase name="paginationToolboxUIVerification" time="0.025" classname="tests.GroupActivityReportTest"/>
  <testcase name="paginationCountVerification" time="0.028" classname="tests.GroupActivityReportTest"/>
  <testcase name="defaultColumnPickerOptions" time="7.214" classname="tests.GroupActivityReportTest"/>
  <testcase name="defaultColumnsDisplayed" time="2.776" classname="tests.GroupActivityReportTest"/>
  <testcase name="allColumnPickerCheckboxesClickable" time="1.983" classname="tests.GroupActivityReportTest"/>
  <testcase name="defaultSecondaryGroupingOption" time="0.132" classname="tests.GroupActivityReportTest"/>
  <testcase name="secondaryGroupingFeatureForNone" time="9.501" classname="tests.GroupActivityReportTest"/>
  <testcase name="secondaryGroupingFeatureForTrackingNumber" time="17.884" classname="tests.GroupActivityReportTest"/>
  <testcase name="secondaryGroupingFeatureForCampaign" time="14.047" classname="tests.GroupActivityReportTest"/>
  <testcase name="secondaryGroupingFeatureForCampaignColumn" time="11.345" classname="tests.GroupActivityReportTest"/>
  <testcase name="secondaryGroupingFeatureForTrackingumberColumn" time="11.533" classname="tests.GroupActivityReportTest"/>
  <testcase name="advancedFilterUI" time="7.915" classname="tests.GroupActivityReportTest"/>
  <testcase name="basicFilterForGroupName" time="8.532" classname="tests.GroupActivityReportTest"/>
  <testcase name="advancedFilterForGroupName" time="4.182" classname="tests.GroupActivityReportTest"/>
  <testcase name="advancedFilterForAnweredCalls" time="5.3" classname="tests.GroupActivityReportTest"/>
  <testcase name="advancedFilterForCalls" time="6.409" classname="tests.GroupActivityReportTest"/>
  <testcase name="advancedFilterForLeads" time="5.301" classname="tests.GroupActivityReportTest"/>
  <testcase name="advancedFilterForConversion" time="5.697" classname="tests.GroupActivityReportTest"/>
  <testcase name="dateRangeFilterForToday" time="2.399" classname="tests.GroupActivityReportTest"/>
  <testcase name="dateRangeFilterForYesterday" time="2.149" classname="tests.GroupActivityReportTest"/>
  <testcase name="dateRangeFilterForLast7Days" time="2.052" classname="tests.GroupActivityReportTest"/>
  <testcase name="dateRangeFilterForLast30Days" time="2.075" classname="tests.GroupActivityReportTest"/>
</testsuite> <!-- chrome test-1 -->
